2022-04-06 03:54:25 [main] DEBUG org.hibernate.type.BasicTypeRegistry -
				Adding type registration boolean -> org.hibernate.type.BooleanType@7de35070
2022-04-06 03:54:25 [main] DEBUG org.hibernate.type.BasicTypeRegistry -
				Adding type registration boolean -> org.hibernate.type.BooleanType@7de35070
2022-04-06 03:54:25 [main] DEBUG org.hibernate.type.BasicTypeRegistry -
				Adding type registration java.lang.Boolean -> org.hibernate.type.BooleanType@7de35070
2022-04-06 03:54:25 [main] DEBUG org.hibernate.type.BasicTypeRegistry -
				Adding type registration numeric_boolean -> org.hibernate.type.NumericBooleanType@5b44318
2022-04-06 03:54:25 [main] DEBUG org.hibernate.type.BasicTypeRegistry -
				Adding type registration true_false -> org.hibernate.type.TrueFalseType@730bea0
2022-04-06 03:54:25 [main] DEBUG org.hibernate.type.BasicTypeRegistry -
				Adding type registration yes_no -> org.hibernate.type.YesNoType@19d53ab4
2022-04-06 03:54:25 [main] DEBUG org.hibernate.type.BasicTypeRegistry -
				Adding type registration byte -> org.hibernate.type.ByteType@713999c2
2022-04-06 03:54:25 [main] DEBUG org.hibernate.type.BasicTypeRegistry -
				Adding type registration byte -> org.hibernate.type.ByteType@713999c2
2022-04-06 03:54:25 [main] DEBUG org.hibernate.type.BasicTypeRegistry -
				Adding type registration java.lang.Byte -> org.hibernate.type.ByteType@713999c2
2022-04-06 03:54:25 [main] DEBUG org.hibernate.type.BasicTypeRegistry -
				Adding type registration character -> org.hibernate.type.CharacterType@1d2d8846
2022-04-06 03:54:25 [main] DEBUG org.hibernate.type.BasicTypeRegistry -
				Adding type registration char -> org.hibernate.type.CharacterType@1d2d8846
2022-04-06 03:54:25 [main] DEBUG org.hibernate.type.BasicTypeRegistry -
				Adding type registration java.lang.Character -> org.hibernate.type.CharacterType@1d2d8846
2022-04-06 03:54:25 [main] DEBUG org.hibernate.type.BasicTypeRegistry -
				Adding type registration short -> org.hibernate.type.ShortType@5940b14e
2022-04-06 03:54:25 [main] DEBUG org.hibernate.type.BasicTypeRegistry -
				Adding type registration short -> org.hibernate.type.ShortType@5940b14e
2022-04-06 03:54:25 [main] DEBUG org.hibernate.type.BasicTypeRegistry -
				Adding type registration java.lang.Short -> org.hibernate.type.ShortType@5940b14e
2022-04-06 03:54:25 [main] DEBUG org.hibernate.type.BasicTypeRegistry -
				Adding type registration integer -> org.hibernate.type.IntegerType@f2fb225
2022-04-06 03:54:25 [main] DEBUG org.hibernate.type.BasicTypeRegistry -
				Adding type registration int -> org.hibernate.type.IntegerType@f2fb225
2022-04-06 03:54:25 [main] DEBUG org.hibernate.type.BasicTypeRegistry -
				Adding type registration java.lang.Integer -> org.hibernate.type.IntegerType@f2fb225
2022-04-06 03:54:25 [main] DEBUG org.hibernate.type.BasicTypeRegistry -
				Adding type registration long -> org.hibernate.type.LongType@539316bb
2022-04-06 03:54:25 [main] DEBUG org.hibernate.type.BasicTypeRegistry -
				Adding type registration long -> org.hibernate.type.LongType@539316bb
2022-04-06 03:54:25 [main] DEBUG org.hibernate.type.BasicTypeRegistry -
				Adding type registration java.lang.Long -> org.hibernate.type.LongType@539316bb
2022-04-06 03:54:25 [main] DEBUG org.hibernate.type.BasicTypeRegistry -
				Adding type registration float -> org.hibernate.type.FloatType@52bba91a
2022-04-06 03:54:25 [main] DEBUG org.hibernate.type.BasicTypeRegistry -
				Adding type registration float -> org.hibernate.type.FloatType@52bba91a
2022-04-06 03:54:25 [main] DEBUG org.hibernate.type.BasicTypeRegistry -
				Adding type registration java.lang.Float -> org.hibernate.type.FloatType@52bba91a
2022-04-06 03:54:25 [main] DEBUG org.hibernate.type.BasicTypeRegistry -
				Adding type registration double -> org.hibernate.type.DoubleType@1f7e52d1
2022-04-06 03:54:25 [main] DEBUG org.hibernate.type.BasicTypeRegistry -
				Adding type registration double -> org.hibernate.type.DoubleType@1f7e52d1
2022-04-06 03:54:25 [main] DEBUG org.hibernate.type.BasicTypeRegistry -
				Adding type registration java.lang.Double -> org.hibernate.type.DoubleType@1f7e52d1
2022-04-06 03:54:25 [main] DEBUG org.hibernate.type.BasicTypeRegistry -
				Adding type registration big_decimal -> org.hibernate.type.BigDecimalType@4aa22cc2
2022-04-06 03:54:25 [main] DEBUG org.hibernate.type.BasicTypeRegistry -
				Adding type registration java.math.BigDecimal -> org.hibernate.type.BigDecimalType@4aa22cc2
2022-04-06 03:54:25 [main] DEBUG org.hibernate.type.BasicTypeRegistry -
				Adding type registration big_integer -> org.hibernate.type.BigIntegerType@69bc9584
2022-04-06 03:54:25 [main] DEBUG org.hibernate.type.BasicTypeRegistry -
				Adding type registration java.math.BigInteger -> org.hibernate.type.BigIntegerType@69bc9584
2022-04-06 03:54:25 [main] DEBUG org.hibernate.type.BasicTypeRegistry -
				Adding type registration string -> org.hibernate.type.StringType@45984654
2022-04-06 03:54:25 [main] DEBUG org.hibernate.type.BasicTypeRegistry -
				Adding type registration java.lang.String -> org.hibernate.type.StringType@45984654
2022-04-06 03:54:25 [main] DEBUG org.hibernate.type.BasicTypeRegistry -
				Adding type registration nstring -> org.hibernate.type.StringNVarcharType@7308c820
2022-04-06 03:54:25 [main] DEBUG org.hibernate.type.BasicTypeRegistry -
				Adding type registration ncharacter -> org.hibernate.type.CharacterNCharType@5170bc02
2022-04-06 03:54:25 [main] DEBUG org.hibernate.type.BasicTypeRegistry -
				Adding type registration url -> org.hibernate.type.UrlType@14d1737a
2022-04-06 03:54:25 [main] DEBUG org.hibernate.type.BasicTypeRegistry -
				Adding type registration java.net.URL -> org.hibernate.type.UrlType@14d1737a
2022-04-06 03:54:25 [main] DEBUG org.hibernate.type.BasicTypeRegistry -
				Adding type registration Duration -> org.hibernate.type.DurationType@23e2c1ca
2022-04-06 03:54:25 [main] DEBUG org.hibernate.type.BasicTypeRegistry -
				Adding type registration java.time.Duration -> org.hibernate.type.DurationType@23e2c1ca
2022-04-06 03:54:25 [main] DEBUG org.hibernate.type.BasicTypeRegistry -
				Adding type registration Instant -> org.hibernate.type.InstantType@78479f2b
2022-04-06 03:54:25 [main] DEBUG org.hibernate.type.BasicTypeRegistry -
				Adding type registration java.time.Instant -> org.hibernate.type.InstantType@78479f2b
2022-04-06 03:54:25 [main] DEBUG org.hibernate.type.BasicTypeRegistry -
				Adding type registration LocalDateTime -> org.hibernate.type.LocalDateTimeType@7b377a53
2022-04-06 03:54:25 [main] DEBUG org.hibernate.type.BasicTypeRegistry -
				Adding type registration java.time.LocalDateTime -> org.hibernate.type.LocalDateTimeType@7b377a53
2022-04-06 03:54:25 [main] DEBUG org.hibernate.type.BasicTypeRegistry -
				Adding type registration LocalDate -> org.hibernate.type.LocalDateType@27358a19
2022-04-06 03:54:25 [main] DEBUG org.hibernate.type.BasicTypeRegistry -
				Adding type registration java.time.LocalDate -> org.hibernate.type.LocalDateType@27358a19
2022-04-06 03:54:25 [main] DEBUG org.hibernate.type.BasicTypeRegistry -
				Adding type registration LocalTime -> org.hibernate.type.LocalTimeType@305b43ca
2022-04-06 03:54:25 [main] DEBUG org.hibernate.type.BasicTypeRegistry -
				Adding type registration java.time.LocalTime -> org.hibernate.type.LocalTimeType@305b43ca
2022-04-06 03:54:25 [main] DEBUG org.hibernate.type.BasicTypeRegistry -
				Adding type registration OffsetDateTime -> org.hibernate.type.OffsetDateTimeType@5cd8d029
2022-04-06 03:54:25 [main] DEBUG org.hibernate.type.BasicTypeRegistry -
				Adding type registration java.time.OffsetDateTime -> org.hibernate.type.OffsetDateTimeType@5cd8d029
2022-04-06 03:54:25 [main] DEBUG org.hibernate.type.BasicTypeRegistry -
				Adding type registration OffsetTime -> org.hibernate.type.OffsetTimeType@63e4484d
2022-04-06 03:54:25 [main] DEBUG org.hibernate.type.BasicTypeRegistry -
				Adding type registration java.time.OffsetTime -> org.hibernate.type.OffsetTimeType@63e4484d
2022-04-06 03:54:25 [main] DEBUG org.hibernate.type.BasicTypeRegistry -
				Adding type registration ZonedDateTime -> org.hibernate.type.ZonedDateTimeType@7aae1170
2022-04-06 03:54:25 [main] DEBUG org.hibernate.type.BasicTypeRegistry -
				Adding type registration java.time.ZonedDateTime -> org.hibernate.type.ZonedDateTimeType@7aae1170
2022-04-06 03:54:25 [main] DEBUG org.hibernate.type.BasicTypeRegistry -
				Adding type registration date -> org.hibernate.type.DateType@16a6dc21
2022-04-06 03:54:25 [main] DEBUG org.hibernate.type.BasicTypeRegistry -
				Adding type registration java.sql.Date -> org.hibernate.type.DateType@16a6dc21
2022-04-06 03:54:25 [main] DEBUG org.hibernate.type.BasicTypeRegistry -
				Adding type registration time -> org.hibernate.type.TimeType@22da200e
2022-04-06 03:54:25 [main] DEBUG org.hibernate.type.BasicTypeRegistry -
				Adding type registration java.sql.Time -> org.hibernate.type.TimeType@22da200e
2022-04-06 03:54:25 [main] DEBUG org.hibernate.type.BasicTypeRegistry -
				Adding type registration timestamp -> org.hibernate.type.TimestampType@4e50ae56
2022-04-06 03:54:25 [main] DEBUG org.hibernate.type.BasicTypeRegistry -
				Adding type registration java.sql.Timestamp -> org.hibernate.type.TimestampType@4e50ae56
2022-04-06 03:54:25 [main] DEBUG org.hibernate.type.BasicTypeRegistry -
				Adding type registration java.util.Date -> org.hibernate.type.TimestampType@4e50ae56
2022-04-06 03:54:25 [main] DEBUG org.hibernate.type.BasicTypeRegistry -
				Adding type registration dbtimestamp -> org.hibernate.type.DbTimestampType@42730828
2022-04-06 03:54:25 [main] DEBUG org.hibernate.type.BasicTypeRegistry -
				Adding type registration calendar -> org.hibernate.type.CalendarType@4ce267cc
2022-04-06 03:54:25 [main] DEBUG org.hibernate.type.BasicTypeRegistry -
				Adding type registration java.util.Calendar -> org.hibernate.type.CalendarType@4ce267cc
2022-04-06 03:54:25 [main] DEBUG org.hibernate.type.BasicTypeRegistry -
				Adding type registration java.util.GregorianCalendar -> org.hibernate.type.CalendarType@4ce267cc
2022-04-06 03:54:25 [main] DEBUG org.hibernate.type.BasicTypeRegistry -
				Adding type registration calendar_date -> org.hibernate.type.CalendarDateType@74500e4f
2022-04-06 03:54:25 [main] DEBUG org.hibernate.type.BasicTypeRegistry -
				Adding type registration calendar_time -> org.hibernate.type.CalendarTimeType@54a056e4
2022-04-06 03:54:25 [main] DEBUG org.hibernate.type.BasicTypeRegistry -
				Adding type registration locale -> org.hibernate.type.LocaleType@78065fcd
2022-04-06 03:54:25 [main] DEBUG org.hibernate.type.BasicTypeRegistry -
				Adding type registration java.util.Locale -> org.hibernate.type.LocaleType@78065fcd
2022-04-06 03:54:25 [main] DEBUG org.hibernate.type.BasicTypeRegistry -
				Adding type registration currency -> org.hibernate.type.CurrencyType@22ae905f
2022-04-06 03:54:25 [main] DEBUG org.hibernate.type.BasicTypeRegistry -
				Adding type registration java.util.Currency -> org.hibernate.type.CurrencyType@22ae905f
2022-04-06 03:54:25 [main] DEBUG org.hibernate.type.BasicTypeRegistry -
				Adding type registration timezone -> org.hibernate.type.TimeZoneType@72fb989b
2022-04-06 03:54:25 [main] DEBUG org.hibernate.type.BasicTypeRegistry -
				Adding type registration java.util.TimeZone -> org.hibernate.type.TimeZoneType@72fb989b
2022-04-06 03:54:25 [main] DEBUG org.hibernate.type.BasicTypeRegistry -
				Adding type registration class -> org.hibernate.type.ClassType@17134190
2022-04-06 03:54:25 [main] DEBUG org.hibernate.type.BasicTypeRegistry -
				Adding type registration java.lang.Class -> org.hibernate.type.ClassType@17134190
2022-04-06 03:54:25 [main] DEBUG org.hibernate.type.BasicTypeRegistry -
				Adding type registration uuid-binary -> org.hibernate.type.UUIDBinaryType@919086
2022-04-06 03:54:25 [main] DEBUG org.hibernate.type.BasicTypeRegistry -
				Adding type registration java.util.UUID -> org.hibernate.type.UUIDBinaryType@919086
2022-04-06 03:54:25 [main] DEBUG org.hibernate.type.BasicTypeRegistry -
				Adding type registration uuid-char -> org.hibernate.type.UUIDCharType@1182413a
2022-04-06 03:54:25 [main] DEBUG org.hibernate.type.BasicTypeRegistry -
				Adding type registration binary -> org.hibernate.type.BinaryType@6b9697ae
2022-04-06 03:54:25 [main] DEBUG org.hibernate.type.BasicTypeRegistry -
				Adding type registration byte[] -> org.hibernate.type.BinaryType@6b9697ae
2022-04-06 03:54:25 [main] DEBUG org.hibernate.type.BasicTypeRegistry -
				Adding type registration [B -> org.hibernate.type.BinaryType@6b9697ae
2022-04-06 03:54:25 [main] DEBUG org.hibernate.type.BasicTypeRegistry -
				Adding type registration wrapper-binary -> org.hibernate.type.WrapperBinaryType@6a6da47a
2022-04-06 03:54:25 [main] DEBUG org.hibernate.type.BasicTypeRegistry -
				Adding type registration Byte[] -> org.hibernate.type.WrapperBinaryType@6a6da47a
2022-04-06 03:54:25 [main] DEBUG org.hibernate.type.BasicTypeRegistry -
				Adding type registration [Ljava.lang.Byte; -> org.hibernate.type.WrapperBinaryType@6a6da47a
2022-04-06 03:54:25 [main] DEBUG org.hibernate.type.BasicTypeRegistry -
				Adding type registration row_version -> org.hibernate.type.RowVersionType@3babcaed
2022-04-06 03:54:25 [main] DEBUG org.hibernate.type.BasicTypeRegistry -
				Adding type registration image -> org.hibernate.type.ImageType@49ced9c7
2022-04-06 03:54:25 [main] DEBUG org.hibernate.type.BasicTypeRegistry -
				Adding type registration characters -> org.hibernate.type.CharArrayType@5c4f4330
2022-04-06 03:54:25 [main] DEBUG org.hibernate.type.BasicTypeRegistry -
				Adding type registration char[] -> org.hibernate.type.CharArrayType@5c4f4330
2022-04-06 03:54:25 [main] DEBUG org.hibernate.type.BasicTypeRegistry -
				Adding type registration [C -> org.hibernate.type.CharArrayType@5c4f4330
2022-04-06 03:54:25 [main] DEBUG org.hibernate.type.BasicTypeRegistry -
				Adding type registration wrapper-characters -> org.hibernate.type.CharacterArrayType@2cee5365
2022-04-06 03:54:25 [main] DEBUG org.hibernate.type.BasicTypeRegistry -
				Adding type registration [Ljava.lang.Character; -> org.hibernate.type.CharacterArrayType@2cee5365
2022-04-06 03:54:25 [main] DEBUG org.hibernate.type.BasicTypeRegistry -
				Adding type registration Character[] -> org.hibernate.type.CharacterArrayType@2cee5365
2022-04-06 03:54:25 [main] DEBUG org.hibernate.type.BasicTypeRegistry -
				Adding type registration text -> org.hibernate.type.TextType@44da7eb3
2022-04-06 03:54:25 [main] DEBUG org.hibernate.type.BasicTypeRegistry -
				Adding type registration ntext -> org.hibernate.type.NTextType@3b96f8b0
2022-04-06 03:54:25 [main] DEBUG org.hibernate.type.BasicTypeRegistry -
				Adding type registration blob -> org.hibernate.type.BlobType@b75b890
2022-04-06 03:54:25 [main] DEBUG org.hibernate.type.BasicTypeRegistry -
				Adding type registration java.sql.Blob -> org.hibernate.type.BlobType@b75b890
2022-04-06 03:54:25 [main] DEBUG org.hibernate.type.BasicTypeRegistry -
				Adding type registration materialized_blob -> org.hibernate.type.MaterializedBlobType@7c2b6acb
2022-04-06 03:54:25 [main] DEBUG org.hibernate.type.BasicTypeRegistry -
				Adding type registration clob -> org.hibernate.type.ClobType@117b2cc6
2022-04-06 03:54:25 [main] DEBUG org.hibernate.type.BasicTypeRegistry -
				Adding type registration java.sql.Clob -> org.hibernate.type.ClobType@117b2cc6
2022-04-06 03:54:25 [main] DEBUG org.hibernate.type.BasicTypeRegistry -
				Adding type registration nclob -> org.hibernate.type.NClobType@591be8aa
2022-04-06 03:54:25 [main] DEBUG org.hibernate.type.BasicTypeRegistry -
				Adding type registration java.sql.NClob -> org.hibernate.type.NClobType@591be8aa
2022-04-06 03:54:25 [main] DEBUG org.hibernate.type.BasicTypeRegistry -
				Adding type registration materialized_clob -> org.hibernate.type.MaterializedClobType@71b26880
2022-04-06 03:54:25 [main] DEBUG org.hibernate.type.BasicTypeRegistry -
				Adding type registration materialized_nclob -> org.hibernate.type.MaterializedNClobType@516195cf
2022-04-06 03:54:25 [main] DEBUG org.hibernate.type.BasicTypeRegistry -
				Adding type registration serializable -> org.hibernate.type.SerializableType@537ca28e
2022-04-06 03:54:25 [main] DEBUG org.hibernate.type.BasicTypeRegistry -
				Adding type registration object -> org.hibernate.type.ObjectType@496cedbb
2022-04-06 03:54:25 [main] DEBUG org.hibernate.type.BasicTypeRegistry -
				Adding type registration java.lang.Object -> org.hibernate.type.ObjectType@496cedbb
2022-04-06 03:54:25 [main] DEBUG org.hibernate.type.BasicTypeRegistry -
				Adding type registration imm_date -> org.hibernate.type.AdaptedImmutableType@2fba0dac
2022-04-06 03:54:25 [main] DEBUG org.hibernate.type.BasicTypeRegistry -
				Adding type registration imm_time -> org.hibernate.type.AdaptedImmutableType@2b2a4332
2022-04-06 03:54:25 [main] DEBUG org.hibernate.type.BasicTypeRegistry -
				Adding type registration imm_timestamp -> org.hibernate.type.AdaptedImmutableType@2cbe455c
2022-04-06 03:54:25 [main] DEBUG org.hibernate.type.BasicTypeRegistry -
				Adding type registration imm_dbtimestamp -> org.hibernate.type.AdaptedImmutableType@4cb24e2
2022-04-06 03:54:25 [main] DEBUG org.hibernate.type.BasicTypeRegistry -
				Adding type registration imm_calendar -> org.hibernate.type.AdaptedImmutableType@7be38eba
2022-04-06 03:54:25 [main] DEBUG org.hibernate.type.BasicTypeRegistry -
				Adding type registration imm_calendar_date -> org.hibernate.type.AdaptedImmutableType@2296127
2022-04-06 03:54:25 [main] DEBUG org.hibernate.type.BasicTypeRegistry -
				Adding type registration imm_binary -> org.hibernate.type.AdaptedImmutableType@5ce3409b
2022-04-06 03:54:25 [main] DEBUG org.hibernate.type.BasicTypeRegistry -
				Adding type registration imm_serializable -> org.hibernate.type.AdaptedImmutableType@1d283d1
2022-04-06 03:54:26 [main] DEBUG o.h.type.spi.TypeConfiguration$Scope -
				Scoping TypeConfiguration [org.hibernate.type.spi.TypeConfiguration@782e6b40] to MetadataBuildingContext [org.hibernate.boot.internal.MetadataBuildingContextRootImpl@3b65084e]
2022-04-06 03:54:26 [main] DEBUG o.h.type.spi.TypeConfiguration$Scope -
				Scoping TypeConfiguration [org.hibernate.type.spi.TypeConfiguration@782e6b40] to SessionFactoryImpl [org.hibernate.internal.SessionFactoryImpl@7e3d168e]
2022-04-06 03:54:27 [main] TRACE o.h.type.spi.TypeConfiguration$Scope -
				Handling #sessionFactoryCreated from [org.hibernate.internal.SessionFactoryImpl@7e3d168e] for TypeConfiguration
2022-04-06 03:54:27 [main] WARN  o.s.b.a.o.j.JpaBaseConfiguration$JpaWebConfiguration -
				spring.jpa.open-in-view is enabled by default. Therefore, database queries may be performed during view rendering. Explicitly configure spring.jpa.open-in-view to disable this warning
2022-04-06 03:54:29 [main] WARN  o.s.c.l.c.LoadBalancerCacheAutoConfiguration$LoadBalancerCaffeineWarnLogger -
				Spring Cloud LoadBalancer is currently working with the default cache. While this cache implementation is useful for development and tests, it's recommended to use Caffeine cache in production.You can switch to using Caffeine cache, by adding it and org.springframework.cache.caffeine.CaffeineCacheManager to the classpath.
2022-04-06 03:54:34 [main] WARN  c.n.d.s.t.d.RetryableEurekaHttpClient -
				Request execution failed with message: I/O error on GET request for "http://localhost:8761/eureka/apps/": Connect to localhost:8761 [localhost/127.0.0.1, localhost/0:0:0:0:0:0:0:1] failed: Connection refused: connect; nested exception is org.apache.http.conn.HttpHostConnectException: Connect to localhost:8761 [localhost/127.0.0.1, localhost/0:0:0:0:0:0:0:1] failed: Connection refused: connect
2022-04-06 03:54:34 [main] WARN  c.netflix.discovery.DiscoveryClient -
				Using default backup registry implementation which does not do anything.
2022-04-06 03:54:38 [DiscoveryClient-InstanceInfoReplicator-0] WARN  c.n.d.s.t.d.RetryableEurekaHttpClient -
				Request execution failed with message: I/O error on POST request for "http://localhost:8761/eureka/apps/ADMINSERVICE": Connect to localhost:8761 [localhost/127.0.0.1, localhost/0:0:0:0:0:0:0:1] failed: Connection refused: connect; nested exception is org.apache.http.conn.HttpHostConnectException: Connect to localhost:8761 [localhost/127.0.0.1, localhost/0:0:0:0:0:0:0:1] failed: Connection refused: connect
2022-04-06 03:54:38 [DiscoveryClient-InstanceInfoReplicator-0] WARN  c.netflix.discovery.DiscoveryClient -
				DiscoveryClient_ADMINSERVICE/host.docker.internal:AdminService:9092 - registration failed Cannot execute request on any known server
com.netflix.discovery.shared.transport.TransportException: Cannot execute request on any known server
	at com.netflix.discovery.shared.transport.decorator.RetryableEurekaHttpClient.execute(RetryableEurekaHttpClient.java:112)
	at com.netflix.discovery.shared.transport.decorator.EurekaHttpClientDecorator.register(EurekaHttpClientDecorator.java:56)
	at com.netflix.discovery.shared.transport.decorator.EurekaHttpClientDecorator$1.execute(EurekaHttpClientDecorator.java:59)
	at com.netflix.discovery.shared.transport.decorator.SessionedEurekaHttpClient.execute(SessionedEurekaHttpClient.java:77)
	at com.netflix.discovery.shared.transport.decorator.EurekaHttpClientDecorator.register(EurekaHttpClientDecorator.java:56)
	at com.netflix.discovery.DiscoveryClient.register(DiscoveryClient.java:876)
	at com.netflix.discovery.InstanceInfoReplicator.run(InstanceInfoReplicator.java:121)
	at com.netflix.discovery.InstanceInfoReplicator$1.run(InstanceInfoReplicator.java:101)
	at java.base/java.util.concurrent.Executors$RunnableAdapter.call(Executors.java:515)
	at java.base/java.util.concurrent.FutureTask.run(FutureTask.java:264)
	at java.base/java.util.concurrent.ScheduledThreadPoolExecutor$ScheduledFutureTask.run(ScheduledThreadPoolExecutor.java:304)
	at java.base/java.util.concurrent.ThreadPoolExecutor.runWorker(ThreadPoolExecutor.java:1128)
	at java.base/java.util.concurrent.ThreadPoolExecutor$Worker.run(ThreadPoolExecutor.java:628)
	at java.base/java.lang.Thread.run(Thread.java:834)
2022-04-06 03:54:38 [DiscoveryClient-InstanceInfoReplicator-0] WARN  c.n.discovery.InstanceInfoReplicator -
				There was a problem with the instance info replicator
com.netflix.discovery.shared.transport.TransportException: Cannot execute request on any known server
	at com.netflix.discovery.shared.transport.decorator.RetryableEurekaHttpClient.execute(RetryableEurekaHttpClient.java:112)
	at com.netflix.discovery.shared.transport.decorator.EurekaHttpClientDecorator.register(EurekaHttpClientDecorator.java:56)
	at com.netflix.discovery.shared.transport.decorator.EurekaHttpClientDecorator$1.execute(EurekaHttpClientDecorator.java:59)
	at com.netflix.discovery.shared.transport.decorator.SessionedEurekaHttpClient.execute(SessionedEurekaHttpClient.java:77)
	at com.netflix.discovery.shared.transport.decorator.EurekaHttpClientDecorator.register(EurekaHttpClientDecorator.java:56)
	at com.netflix.discovery.DiscoveryClient.register(DiscoveryClient.java:876)
	at com.netflix.discovery.InstanceInfoReplicator.run(InstanceInfoReplicator.java:121)
	at com.netflix.discovery.InstanceInfoReplicator$1.run(InstanceInfoReplicator.java:101)
	at java.base/java.util.concurrent.Executors$RunnableAdapter.call(Executors.java:515)
	at java.base/java.util.concurrent.FutureTask.run(FutureTask.java:264)
	at java.base/java.util.concurrent.ScheduledThreadPoolExecutor$ScheduledFutureTask.run(ScheduledThreadPoolExecutor.java:304)
	at java.base/java.util.concurrent.ThreadPoolExecutor.runWorker(ThreadPoolExecutor.java:1128)
	at java.base/java.util.concurrent.ThreadPoolExecutor$Worker.run(ThreadPoolExecutor.java:628)
	at java.base/java.lang.Thread.run(Thread.java:834)
2022-04-06 03:55:08 [DiscoveryClient-HeartbeatExecutor-0] WARN  c.n.d.s.t.d.RetryableEurekaHttpClient -
				Request execution failed with message: I/O error on PUT request for "http://localhost:8761/eureka/apps/ADMINSERVICE/host.docker.internal:AdminService:9092": Connect to localhost:8761 [localhost/127.0.0.1, localhost/0:0:0:0:0:0:0:1] failed: Connection refused: connect; nested exception is org.apache.http.conn.HttpHostConnectException: Connect to localhost:8761 [localhost/127.0.0.1, localhost/0:0:0:0:0:0:0:1] failed: Connection refused: connect
2022-04-06 03:55:08 [DiscoveryClient-CacheRefreshExecutor-0] WARN  c.n.d.s.t.d.RetryableEurekaHttpClient -
				Request execution failed with message: I/O error on GET request for "http://localhost:8761/eureka/apps/": Connect to localhost:8761 [localhost/127.0.0.1, localhost/0:0:0:0:0:0:0:1] failed: Connection refused: connect; nested exception is org.apache.http.conn.HttpHostConnectException: Connect to localhost:8761 [localhost/127.0.0.1, localhost/0:0:0:0:0:0:0:1] failed: Connection refused: connect
2022-04-06 03:55:08 [DiscoveryClient-HeartbeatExecutor-0] ERROR c.netflix.discovery.DiscoveryClient -
				DiscoveryClient_ADMINSERVICE/host.docker.internal:AdminService:9092 - was unable to send heartbeat!
com.netflix.discovery.shared.transport.TransportException: Cannot execute request on any known server
	at com.netflix.discovery.shared.transport.decorator.RetryableEurekaHttpClient.execute(RetryableEurekaHttpClient.java:112)
	at com.netflix.discovery.shared.transport.decorator.EurekaHttpClientDecorator.sendHeartBeat(EurekaHttpClientDecorator.java:89)
	at com.netflix.discovery.shared.transport.decorator.EurekaHttpClientDecorator$3.execute(EurekaHttpClientDecorator.java:92)
	at com.netflix.discovery.shared.transport.decorator.SessionedEurekaHttpClient.execute(SessionedEurekaHttpClient.java:77)
	at com.netflix.discovery.shared.transport.decorator.EurekaHttpClientDecorator.sendHeartBeat(EurekaHttpClientDecorator.java:89)
	at com.netflix.discovery.DiscoveryClient.renew(DiscoveryClient.java:893)
	at com.netflix.discovery.DiscoveryClient$HeartbeatThread.run(DiscoveryClient.java:1457)
	at java.base/java.util.concurrent.Executors$RunnableAdapter.call(Executors.java:515)
	at java.base/java.util.concurrent.FutureTask.run(FutureTask.java:264)
	at java.base/java.util.concurrent.ThreadPoolExecutor.runWorker(ThreadPoolExecutor.java:1128)
	at java.base/java.util.concurrent.ThreadPoolExecutor$Worker.run(ThreadPoolExecutor.java:628)
	at java.base/java.lang.Thread.run(Thread.java:834)
2022-04-06 03:55:12 [DiscoveryClient-InstanceInfoReplicator-0] WARN  c.n.d.s.t.d.RetryableEurekaHttpClient -
				Request execution failed with message: I/O error on POST request for "http://localhost:8761/eureka/apps/ADMINSERVICE": Connect to localhost:8761 [localhost/127.0.0.1, localhost/0:0:0:0:0:0:0:1] failed: Connection refused: connect; nested exception is org.apache.http.conn.HttpHostConnectException: Connect to localhost:8761 [localhost/127.0.0.1, localhost/0:0:0:0:0:0:0:1] failed: Connection refused: connect
2022-04-06 03:55:12 [DiscoveryClient-InstanceInfoReplicator-0] WARN  c.netflix.discovery.DiscoveryClient -
				DiscoveryClient_ADMINSERVICE/host.docker.internal:AdminService:9092 - registration failed Cannot execute request on any known server
com.netflix.discovery.shared.transport.TransportException: Cannot execute request on any known server
	at com.netflix.discovery.shared.transport.decorator.RetryableEurekaHttpClient.execute(RetryableEurekaHttpClient.java:112)
	at com.netflix.discovery.shared.transport.decorator.EurekaHttpClientDecorator.register(EurekaHttpClientDecorator.java:56)
	at com.netflix.discovery.shared.transport.decorator.EurekaHttpClientDecorator$1.execute(EurekaHttpClientDecorator.java:59)
	at com.netflix.discovery.shared.transport.decorator.SessionedEurekaHttpClient.execute(SessionedEurekaHttpClient.java:77)
	at com.netflix.discovery.shared.transport.decorator.EurekaHttpClientDecorator.register(EurekaHttpClientDecorator.java:56)
	at com.netflix.discovery.DiscoveryClient.register(DiscoveryClient.java:876)
	at com.netflix.discovery.InstanceInfoReplicator.run(InstanceInfoReplicator.java:121)
	at java.base/java.util.concurrent.Executors$RunnableAdapter.call(Executors.java:515)
	at java.base/java.util.concurrent.FutureTask.run(FutureTask.java:264)
	at java.base/java.util.concurrent.ScheduledThreadPoolExecutor$ScheduledFutureTask.run(ScheduledThreadPoolExecutor.java:304)
	at java.base/java.util.concurrent.ThreadPoolExecutor.runWorker(ThreadPoolExecutor.java:1128)
	at java.base/java.util.concurrent.ThreadPoolExecutor$Worker.run(ThreadPoolExecutor.java:628)
	at java.base/java.lang.Thread.run(Thread.java:834)
2022-04-06 03:55:12 [DiscoveryClient-InstanceInfoReplicator-0] WARN  c.n.discovery.InstanceInfoReplicator -
				There was a problem with the instance info replicator
com.netflix.discovery.shared.transport.TransportException: Cannot execute request on any known server
	at com.netflix.discovery.shared.transport.decorator.RetryableEurekaHttpClient.execute(RetryableEurekaHttpClient.java:112)
	at com.netflix.discovery.shared.transport.decorator.EurekaHttpClientDecorator.register(EurekaHttpClientDecorator.java:56)
	at com.netflix.discovery.shared.transport.decorator.EurekaHttpClientDecorator$1.execute(EurekaHttpClientDecorator.java:59)
	at com.netflix.discovery.shared.transport.decorator.SessionedEurekaHttpClient.execute(SessionedEurekaHttpClient.java:77)
	at com.netflix.discovery.shared.transport.decorator.EurekaHttpClientDecorator.register(EurekaHttpClientDecorator.java:56)
	at com.netflix.discovery.DiscoveryClient.register(DiscoveryClient.java:876)
	at com.netflix.discovery.InstanceInfoReplicator.run(InstanceInfoReplicator.java:121)
	at java.base/java.util.concurrent.Executors$RunnableAdapter.call(Executors.java:515)
	at java.base/java.util.concurrent.FutureTask.run(FutureTask.java:264)
	at java.base/java.util.concurrent.ScheduledThreadPoolExecutor$ScheduledFutureTask.run(ScheduledThreadPoolExecutor.java:304)
	at java.base/java.util.concurrent.ThreadPoolExecutor.runWorker(ThreadPoolExecutor.java:1128)
	at java.base/java.util.concurrent.ThreadPoolExecutor$Worker.run(ThreadPoolExecutor.java:628)
	at java.base/java.lang.Thread.run(Thread.java:834)
2022-04-06 03:55:42 [DiscoveryClient-HeartbeatExecutor-0] WARN  c.n.d.s.t.d.RetryableEurekaHttpClient -
				Request execution failed with message: I/O error on PUT request for "http://localhost:8761/eureka/apps/ADMINSERVICE/host.docker.internal:AdminService:9092": Connect to localhost:8761 [localhost/127.0.0.1, localhost/0:0:0:0:0:0:0:1] failed: Connection refused: connect; nested exception is org.apache.http.conn.HttpHostConnectException: Connect to localhost:8761 [localhost/127.0.0.1, localhost/0:0:0:0:0:0:0:1] failed: Connection refused: connect
2022-04-06 03:55:42 [DiscoveryClient-CacheRefreshExecutor-0] WARN  c.n.d.s.t.d.RetryableEurekaHttpClient -
				Request execution failed with message: I/O error on GET request for "http://localhost:8761/eureka/apps/": Connect to localhost:8761 [localhost/127.0.0.1, localhost/0:0:0:0:0:0:0:1] failed: Connection refused: connect; nested exception is org.apache.http.conn.HttpHostConnectException: Connect to localhost:8761 [localhost/127.0.0.1, localhost/0:0:0:0:0:0:0:1] failed: Connection refused: connect
2022-04-06 03:55:42 [DiscoveryClient-HeartbeatExecutor-0] ERROR c.netflix.discovery.DiscoveryClient -
				DiscoveryClient_ADMINSERVICE/host.docker.internal:AdminService:9092 - was unable to send heartbeat!
com.netflix.discovery.shared.transport.TransportException: Cannot execute request on any known server
	at com.netflix.discovery.shared.transport.decorator.RetryableEurekaHttpClient.execute(RetryableEurekaHttpClient.java:112)
	at com.netflix.discovery.shared.transport.decorator.EurekaHttpClientDecorator.sendHeartBeat(EurekaHttpClientDecorator.java:89)
	at com.netflix.discovery.shared.transport.decorator.EurekaHttpClientDecorator$3.execute(EurekaHttpClientDecorator.java:92)
	at com.netflix.discovery.shared.transport.decorator.SessionedEurekaHttpClient.execute(SessionedEurekaHttpClient.java:77)
	at com.netflix.discovery.shared.transport.decorator.EurekaHttpClientDecorator.sendHeartBeat(EurekaHttpClientDecorator.java:89)
	at com.netflix.discovery.DiscoveryClient.renew(DiscoveryClient.java:893)
	at com.netflix.discovery.DiscoveryClient$HeartbeatThread.run(DiscoveryClient.java:1457)
	at java.base/java.util.concurrent.Executors$RunnableAdapter.call(Executors.java:515)
	at java.base/java.util.concurrent.FutureTask.run(FutureTask.java:264)
	at java.base/java.util.concurrent.ThreadPoolExecutor.runWorker(ThreadPoolExecutor.java:1128)
	at java.base/java.util.concurrent.ThreadPoolExecutor$Worker.run(ThreadPoolExecutor.java:628)
	at java.base/java.lang.Thread.run(Thread.java:834)
2022-04-06 03:55:46 [DiscoveryClient-InstanceInfoReplicator-0] WARN  c.n.d.s.t.d.RetryableEurekaHttpClient -
				Request execution failed with message: I/O error on POST request for "http://localhost:8761/eureka/apps/ADMINSERVICE": Connect to localhost:8761 [localhost/127.0.0.1, localhost/0:0:0:0:0:0:0:1] failed: Connection refused: connect; nested exception is org.apache.http.conn.HttpHostConnectException: Connect to localhost:8761 [localhost/127.0.0.1, localhost/0:0:0:0:0:0:0:1] failed: Connection refused: connect
2022-04-06 03:55:46 [DiscoveryClient-InstanceInfoReplicator-0] WARN  c.netflix.discovery.DiscoveryClient -
				DiscoveryClient_ADMINSERVICE/host.docker.internal:AdminService:9092 - registration failed Cannot execute request on any known server
com.netflix.discovery.shared.transport.TransportException: Cannot execute request on any known server
	at com.netflix.discovery.shared.transport.decorator.RetryableEurekaHttpClient.execute(RetryableEurekaHttpClient.java:112)
	at com.netflix.discovery.shared.transport.decorator.EurekaHttpClientDecorator.register(EurekaHttpClientDecorator.java:56)
	at com.netflix.discovery.shared.transport.decorator.EurekaHttpClientDecorator$1.execute(EurekaHttpClientDecorator.java:59)
	at com.netflix.discovery.shared.transport.decorator.SessionedEurekaHttpClient.execute(SessionedEurekaHttpClient.java:77)
	at com.netflix.discovery.shared.transport.decorator.EurekaHttpClientDecorator.register(EurekaHttpClientDecorator.java:56)
	at com.netflix.discovery.DiscoveryClient.register(DiscoveryClient.java:876)
	at com.netflix.discovery.InstanceInfoReplicator.run(InstanceInfoReplicator.java:121)
	at java.base/java.util.concurrent.Executors$RunnableAdapter.call(Executors.java:515)
	at java.base/java.util.concurrent.FutureTask.run(FutureTask.java:264)
	at java.base/java.util.concurrent.ScheduledThreadPoolExecutor$ScheduledFutureTask.run(ScheduledThreadPoolExecutor.java:304)
	at java.base/java.util.concurrent.ThreadPoolExecutor.runWorker(ThreadPoolExecutor.java:1128)
	at java.base/java.util.concurrent.ThreadPoolExecutor$Worker.run(ThreadPoolExecutor.java:628)
	at java.base/java.lang.Thread.run(Thread.java:834)
2022-04-06 03:55:46 [DiscoveryClient-InstanceInfoReplicator-0] WARN  c.n.discovery.InstanceInfoReplicator -
				There was a problem with the instance info replicator
com.netflix.discovery.shared.transport.TransportException: Cannot execute request on any known server
	at com.netflix.discovery.shared.transport.decorator.RetryableEurekaHttpClient.execute(RetryableEurekaHttpClient.java:112)
	at com.netflix.discovery.shared.transport.decorator.EurekaHttpClientDecorator.register(EurekaHttpClientDecorator.java:56)
	at com.netflix.discovery.shared.transport.decorator.EurekaHttpClientDecorator$1.execute(EurekaHttpClientDecorator.java:59)
	at com.netflix.discovery.shared.transport.decorator.SessionedEurekaHttpClient.execute(SessionedEurekaHttpClient.java:77)
	at com.netflix.discovery.shared.transport.decorator.EurekaHttpClientDecorator.register(EurekaHttpClientDecorator.java:56)
	at com.netflix.discovery.DiscoveryClient.register(DiscoveryClient.java:876)
	at com.netflix.discovery.InstanceInfoReplicator.run(InstanceInfoReplicator.java:121)
	at java.base/java.util.concurrent.Executors$RunnableAdapter.call(Executors.java:515)
	at java.base/java.util.concurrent.FutureTask.run(FutureTask.java:264)
	at java.base/java.util.concurrent.ScheduledThreadPoolExecutor$ScheduledFutureTask.run(ScheduledThreadPoolExecutor.java:304)
	at java.base/java.util.concurrent.ThreadPoolExecutor.runWorker(ThreadPoolExecutor.java:1128)
	at java.base/java.util.concurrent.ThreadPoolExecutor$Worker.run(ThreadPoolExecutor.java:628)
	at java.base/java.lang.Thread.run(Thread.java:834)
2022-04-06 03:56:02 [SpringApplicationShutdownHook] TRACE o.h.type.spi.TypeConfiguration$Scope -
				Handling #sessionFactoryClosed from [org.hibernate.internal.SessionFactoryImpl@7e3d168e] for TypeConfiguration
2022-04-06 03:56:02 [SpringApplicationShutdownHook] DEBUG o.h.type.spi.TypeConfiguration$Scope -
				Un-scoping TypeConfiguration [org.hibernate.type.spi.TypeConfiguration$Scope@4f24974c] from SessionFactory [org.hibernate.internal.SessionFactoryImpl@7e3d168e]
2022-04-06 03:56:06 [DiscoveryClient-InstanceInfoReplicator-0] WARN  c.n.d.s.t.d.RetryableEurekaHttpClient -
				Request execution failed with message: I/O error on POST request for "http://localhost:8761/eureka/apps/ADMINSERVICE": Connect to localhost:8761 [localhost/127.0.0.1, localhost/0:0:0:0:0:0:0:1] failed: Connection refused: connect; nested exception is org.apache.http.conn.HttpHostConnectException: Connect to localhost:8761 [localhost/127.0.0.1, localhost/0:0:0:0:0:0:0:1] failed: Connection refused: connect
2022-04-06 03:56:06 [DiscoveryClient-InstanceInfoReplicator-0] WARN  c.netflix.discovery.DiscoveryClient -
				DiscoveryClient_ADMINSERVICE/host.docker.internal:AdminService:9092 - registration failed Cannot execute request on any known server
com.netflix.discovery.shared.transport.TransportException: Cannot execute request on any known server
	at com.netflix.discovery.shared.transport.decorator.RetryableEurekaHttpClient.execute(RetryableEurekaHttpClient.java:112)
	at com.netflix.discovery.shared.transport.decorator.EurekaHttpClientDecorator.register(EurekaHttpClientDecorator.java:56)
	at com.netflix.discovery.shared.transport.decorator.EurekaHttpClientDecorator$1.execute(EurekaHttpClientDecorator.java:59)
	at com.netflix.discovery.shared.transport.decorator.SessionedEurekaHttpClient.execute(SessionedEurekaHttpClient.java:77)
	at com.netflix.discovery.shared.transport.decorator.EurekaHttpClientDecorator.register(EurekaHttpClientDecorator.java:56)
	at com.netflix.discovery.DiscoveryClient.register(DiscoveryClient.java:876)
	at com.netflix.discovery.InstanceInfoReplicator.run(InstanceInfoReplicator.java:121)
	at com.netflix.discovery.InstanceInfoReplicator$1.run(InstanceInfoReplicator.java:101)
	at java.base/java.util.concurrent.Executors$RunnableAdapter.call(Executors.java:515)
	at java.base/java.util.concurrent.FutureTask.run(FutureTask.java:264)
	at java.base/java.util.concurrent.ScheduledThreadPoolExecutor$ScheduledFutureTask.run(ScheduledThreadPoolExecutor.java:304)
	at java.base/java.util.concurrent.ThreadPoolExecutor.runWorker(ThreadPoolExecutor.java:1128)
	at java.base/java.util.concurrent.ThreadPoolExecutor$Worker.run(ThreadPoolExecutor.java:628)
	at java.base/java.lang.Thread.run(Thread.java:834)
2022-04-06 03:56:06 [DiscoveryClient-InstanceInfoReplicator-0] WARN  c.n.discovery.InstanceInfoReplicator -
				There was a problem with the instance info replicator
com.netflix.discovery.shared.transport.TransportException: Cannot execute request on any known server
	at com.netflix.discovery.shared.transport.decorator.RetryableEurekaHttpClient.execute(RetryableEurekaHttpClient.java:112)
	at com.netflix.discovery.shared.transport.decorator.EurekaHttpClientDecorator.register(EurekaHttpClientDecorator.java:56)
	at com.netflix.discovery.shared.transport.decorator.EurekaHttpClientDecorator$1.execute(EurekaHttpClientDecorator.java:59)
	at com.netflix.discovery.shared.transport.decorator.SessionedEurekaHttpClient.execute(SessionedEurekaHttpClient.java:77)
	at com.netflix.discovery.shared.transport.decorator.EurekaHttpClientDecorator.register(EurekaHttpClientDecorator.java:56)
	at com.netflix.discovery.DiscoveryClient.register(DiscoveryClient.java:876)
	at com.netflix.discovery.InstanceInfoReplicator.run(InstanceInfoReplicator.java:121)
	at com.netflix.discovery.InstanceInfoReplicator$1.run(InstanceInfoReplicator.java:101)
	at java.base/java.util.concurrent.Executors$RunnableAdapter.call(Executors.java:515)
	at java.base/java.util.concurrent.FutureTask.run(FutureTask.java:264)
	at java.base/java.util.concurrent.ScheduledThreadPoolExecutor$ScheduledFutureTask.run(ScheduledThreadPoolExecutor.java:304)
	at java.base/java.util.concurrent.ThreadPoolExecutor.runWorker(ThreadPoolExecutor.java:1128)
	at java.base/java.util.concurrent.ThreadPoolExecutor$Worker.run(ThreadPoolExecutor.java:628)
	at java.base/java.lang.Thread.run(Thread.java:834)
2022-04-06 03:56:09 [SpringApplicationShutdownHook] WARN  c.n.d.s.t.d.RetryableEurekaHttpClient -
				Request execution failed with message: I/O error on DELETE request for "http://localhost:8761/eureka/apps/ADMINSERVICE/host.docker.internal:AdminService:9092": Connect to localhost:8761 [localhost/127.0.0.1, localhost/0:0:0:0:0:0:0:1] failed: Connection refused: connect; nested exception is org.apache.http.conn.HttpHostConnectException: Connect to localhost:8761 [localhost/127.0.0.1, localhost/0:0:0:0:0:0:0:1] failed: Connection refused: connect
2022-04-06 03:56:09 [SpringApplicationShutdownHook] ERROR c.netflix.discovery.DiscoveryClient -
				DiscoveryClient_ADMINSERVICE/host.docker.internal:AdminService:9092 - de-registration failedCannot execute request on any known server
com.netflix.discovery.shared.transport.TransportException: Cannot execute request on any known server
	at com.netflix.discovery.shared.transport.decorator.RetryableEurekaHttpClient.execute(RetryableEurekaHttpClient.java:112)
	at com.netflix.discovery.shared.transport.decorator.EurekaHttpClientDecorator.cancel(EurekaHttpClientDecorator.java:71)
	at com.netflix.discovery.shared.transport.decorator.EurekaHttpClientDecorator$2.execute(EurekaHttpClientDecorator.java:74)
	at com.netflix.discovery.shared.transport.decorator.SessionedEurekaHttpClient.execute(SessionedEurekaHttpClient.java:77)
	at com.netflix.discovery.shared.transport.decorator.EurekaHttpClientDecorator.cancel(EurekaHttpClientDecorator.java:71)
	at com.netflix.discovery.DiscoveryClient.unregister(DiscoveryClient.java:972)
	at com.netflix.discovery.DiscoveryClient.shutdown(DiscoveryClient.java:948)
	at java.base/jdk.internal.reflect.NativeMethodAccessorImpl.invoke0(Native Method)
	at java.base/jdk.internal.reflect.NativeMethodAccessorImpl.invoke(NativeMethodAccessorImpl.java:62)
	at java.base/jdk.internal.reflect.DelegatingMethodAccessorImpl.invoke(DelegatingMethodAccessorImpl.java:43)
	at java.base/java.lang.reflect.Method.invoke(Method.java:566)
	at org.springframework.beans.factory.annotation.InitDestroyAnnotationBeanPostProcessor$LifecycleElement.invoke(InitDestroyAnnotationBeanPostProcessor.java:389)
	at org.springframework.beans.factory.annotation.InitDestroyAnnotationBeanPostProcessor$LifecycleMetadata.invokeDestroyMethods(InitDestroyAnnotationBeanPostProcessor.java:347)
	at org.springframework.beans.factory.annotation.InitDestroyAnnotationBeanPostProcessor.postProcessBeforeDestruction(InitDestroyAnnotationBeanPostProcessor.java:177)
	at org.springframework.beans.factory.support.DisposableBeanAdapter.destroy(DisposableBeanAdapter.java:196)
	at org.springframework.beans.factory.support.DisposableBeanAdapter.run(DisposableBeanAdapter.java:189)
	at org.springframework.cloud.context.scope.GenericScope$BeanLifecycleWrapper.destroy(GenericScope.java:390)
	at org.springframework.cloud.context.scope.GenericScope.destroy(GenericScope.java:136)
	at org.springframework.beans.factory.support.DisposableBeanAdapter.destroy(DisposableBeanAdapter.java:212)
	at org.springframework.beans.factory.support.DefaultSingletonBeanRegistry.destroyBean(DefaultSingletonBeanRegistry.java:587)
	at org.springframework.beans.factory.support.DefaultSingletonBeanRegistry.destroySingleton(DefaultSingletonBeanRegistry.java:559)
	at org.springframework.beans.factory.support.DefaultListableBeanFactory.destroySingleton(DefaultListableBeanFactory.java:1161)
	at org.springframework.beans.factory.support.DefaultSingletonBeanRegistry.destroySingletons(DefaultSingletonBeanRegistry.java:520)
	at org.springframework.beans.factory.support.DefaultListableBeanFactory.destroySingletons(DefaultListableBeanFactory.java:1154)
	at org.springframework.context.support.AbstractApplicationContext.destroyBeans(AbstractApplicationContext.java:1106)
	at org.springframework.context.support.AbstractApplicationContext.doClose(AbstractApplicationContext.java:1075)
	at org.springframework.boot.web.servlet.context.ServletWebServerApplicationContext.doClose(ServletWebServerApplicationContext.java:172)
	at org.springframework.context.support.AbstractApplicationContext.close(AbstractApplicationContext.java:1021)
	at org.springframework.boot.SpringApplicationShutdownHook.closeAndWait(SpringApplicationShutdownHook.java:145)
	at java.base/java.lang.Iterable.forEach(Iterable.java:75)
	at org.springframework.boot.SpringApplicationShutdownHook.run(SpringApplicationShutdownHook.java:114)
	at java.base/java.lang.Thread.run(Thread.java:834)
