2022-04-05 00:08:11 [main] DEBUG org.hibernate.type.BasicTypeRegistry -
				Adding type registration boolean -> org.hibernate.type.BooleanType@1b409a79
2022-04-05 00:08:11 [main] DEBUG org.hibernate.type.BasicTypeRegistry -
				Adding type registration boolean -> org.hibernate.type.BooleanType@1b409a79
2022-04-05 00:08:11 [main] DEBUG org.hibernate.type.BasicTypeRegistry -
				Adding type registration java.lang.Boolean -> org.hibernate.type.BooleanType@1b409a79
2022-04-05 00:08:11 [main] DEBUG org.hibernate.type.BasicTypeRegistry -
				Adding type registration numeric_boolean -> org.hibernate.type.NumericBooleanType@1c7cd434
2022-04-05 00:08:11 [main] DEBUG org.hibernate.type.BasicTypeRegistry -
				Adding type registration true_false -> org.hibernate.type.TrueFalseType@1f7e52d1
2022-04-05 00:08:11 [main] DEBUG org.hibernate.type.BasicTypeRegistry -
				Adding type registration yes_no -> org.hibernate.type.YesNoType@314b7945
2022-04-05 00:08:11 [main] DEBUG org.hibernate.type.BasicTypeRegistry -
				Adding type registration byte -> org.hibernate.type.ByteType@69bc9584
2022-04-05 00:08:11 [main] DEBUG org.hibernate.type.BasicTypeRegistry -
				Adding type registration byte -> org.hibernate.type.ByteType@69bc9584
2022-04-05 00:08:11 [main] DEBUG org.hibernate.type.BasicTypeRegistry -
				Adding type registration java.lang.Byte -> org.hibernate.type.ByteType@69bc9584
2022-04-05 00:08:11 [main] DEBUG org.hibernate.type.BasicTypeRegistry -
				Adding type registration character -> org.hibernate.type.CharacterType@45984654
2022-04-05 00:08:11 [main] DEBUG org.hibernate.type.BasicTypeRegistry -
				Adding type registration char -> org.hibernate.type.CharacterType@45984654
2022-04-05 00:08:11 [main] DEBUG org.hibernate.type.BasicTypeRegistry -
				Adding type registration java.lang.Character -> org.hibernate.type.CharacterType@45984654
2022-04-05 00:08:11 [main] DEBUG org.hibernate.type.BasicTypeRegistry -
				Adding type registration short -> org.hibernate.type.ShortType@640c216b
2022-04-05 00:08:11 [main] DEBUG org.hibernate.type.BasicTypeRegistry -
				Adding type registration short -> org.hibernate.type.ShortType@640c216b
2022-04-05 00:08:11 [main] DEBUG org.hibernate.type.BasicTypeRegistry -
				Adding type registration java.lang.Short -> org.hibernate.type.ShortType@640c216b
2022-04-05 00:08:11 [main] DEBUG org.hibernate.type.BasicTypeRegistry -
				Adding type registration integer -> org.hibernate.type.IntegerType@3d40498a
2022-04-05 00:08:11 [main] DEBUG org.hibernate.type.BasicTypeRegistry -
				Adding type registration int -> org.hibernate.type.IntegerType@3d40498a
2022-04-05 00:08:11 [main] DEBUG org.hibernate.type.BasicTypeRegistry -
				Adding type registration java.lang.Integer -> org.hibernate.type.IntegerType@3d40498a
2022-04-05 00:08:11 [main] DEBUG org.hibernate.type.BasicTypeRegistry -
				Adding type registration long -> org.hibernate.type.LongType@1de5cc88
2022-04-05 00:08:11 [main] DEBUG org.hibernate.type.BasicTypeRegistry -
				Adding type registration long -> org.hibernate.type.LongType@1de5cc88
2022-04-05 00:08:11 [main] DEBUG org.hibernate.type.BasicTypeRegistry -
				Adding type registration java.lang.Long -> org.hibernate.type.LongType@1de5cc88
2022-04-05 00:08:11 [main] DEBUG org.hibernate.type.BasicTypeRegistry -
				Adding type registration float -> org.hibernate.type.FloatType@59262a90
2022-04-05 00:08:11 [main] DEBUG org.hibernate.type.BasicTypeRegistry -
				Adding type registration float -> org.hibernate.type.FloatType@59262a90
2022-04-05 00:08:11 [main] DEBUG org.hibernate.type.BasicTypeRegistry -
				Adding type registration java.lang.Float -> org.hibernate.type.FloatType@59262a90
2022-04-05 00:08:11 [main] DEBUG org.hibernate.type.BasicTypeRegistry -
				Adding type registration double -> org.hibernate.type.DoubleType@c212536
2022-04-05 00:08:11 [main] DEBUG org.hibernate.type.BasicTypeRegistry -
				Adding type registration double -> org.hibernate.type.DoubleType@c212536
2022-04-05 00:08:11 [main] DEBUG org.hibernate.type.BasicTypeRegistry -
				Adding type registration java.lang.Double -> org.hibernate.type.DoubleType@c212536
2022-04-05 00:08:11 [main] DEBUG org.hibernate.type.BasicTypeRegistry -
				Adding type registration big_decimal -> org.hibernate.type.BigDecimalType@60928a61
2022-04-05 00:08:11 [main] DEBUG org.hibernate.type.BasicTypeRegistry -
				Adding type registration java.math.BigDecimal -> org.hibernate.type.BigDecimalType@60928a61
2022-04-05 00:08:11 [main] DEBUG org.hibernate.type.BasicTypeRegistry -
				Adding type registration big_integer -> org.hibernate.type.BigIntegerType@7e18ced7
2022-04-05 00:08:11 [main] DEBUG org.hibernate.type.BasicTypeRegistry -
				Adding type registration java.math.BigInteger -> org.hibernate.type.BigIntegerType@7e18ced7
2022-04-05 00:08:11 [main] DEBUG org.hibernate.type.BasicTypeRegistry -
				Adding type registration string -> org.hibernate.type.StringType@221b77d7
2022-04-05 00:08:11 [main] DEBUG org.hibernate.type.BasicTypeRegistry -
				Adding type registration java.lang.String -> org.hibernate.type.StringType@221b77d7
2022-04-05 00:08:11 [main] DEBUG org.hibernate.type.BasicTypeRegistry -
				Adding type registration nstring -> org.hibernate.type.StringNVarcharType@1753475d
2022-04-05 00:08:11 [main] DEBUG org.hibernate.type.BasicTypeRegistry -
				Adding type registration ncharacter -> org.hibernate.type.CharacterNCharType@63e4484d
2022-04-05 00:08:11 [main] DEBUG org.hibernate.type.BasicTypeRegistry -
				Adding type registration url -> org.hibernate.type.UrlType@394a6d2b
2022-04-05 00:08:11 [main] DEBUG org.hibernate.type.BasicTypeRegistry -
				Adding type registration java.net.URL -> org.hibernate.type.UrlType@394a6d2b
2022-04-05 00:08:11 [main] DEBUG org.hibernate.type.BasicTypeRegistry -
				Adding type registration Duration -> org.hibernate.type.DurationType@62735b13
2022-04-05 00:08:11 [main] DEBUG org.hibernate.type.BasicTypeRegistry -
				Adding type registration java.time.Duration -> org.hibernate.type.DurationType@62735b13
2022-04-05 00:08:11 [main] DEBUG org.hibernate.type.BasicTypeRegistry -
				Adding type registration Instant -> org.hibernate.type.InstantType@66a82a13
2022-04-05 00:08:11 [main] DEBUG org.hibernate.type.BasicTypeRegistry -
				Adding type registration java.time.Instant -> org.hibernate.type.InstantType@66a82a13
2022-04-05 00:08:11 [main] DEBUG org.hibernate.type.BasicTypeRegistry -
				Adding type registration LocalDateTime -> org.hibernate.type.LocalDateTimeType@16a6dc21
2022-04-05 00:08:11 [main] DEBUG org.hibernate.type.BasicTypeRegistry -
				Adding type registration java.time.LocalDateTime -> org.hibernate.type.LocalDateTimeType@16a6dc21
2022-04-05 00:08:11 [main] DEBUG org.hibernate.type.BasicTypeRegistry -
				Adding type registration LocalDate -> org.hibernate.type.LocalDateType@1c6e3ff9
2022-04-05 00:08:11 [main] DEBUG org.hibernate.type.BasicTypeRegistry -
				Adding type registration java.time.LocalDate -> org.hibernate.type.LocalDateType@1c6e3ff9
2022-04-05 00:08:11 [main] DEBUG org.hibernate.type.BasicTypeRegistry -
				Adding type registration LocalTime -> org.hibernate.type.LocalTimeType@33f4c769
2022-04-05 00:08:11 [main] DEBUG org.hibernate.type.BasicTypeRegistry -
				Adding type registration java.time.LocalTime -> org.hibernate.type.LocalTimeType@33f4c769
2022-04-05 00:08:11 [main] DEBUG org.hibernate.type.BasicTypeRegistry -
				Adding type registration OffsetDateTime -> org.hibernate.type.OffsetDateTimeType@1c68d0db
2022-04-05 00:08:11 [main] DEBUG org.hibernate.type.BasicTypeRegistry -
				Adding type registration java.time.OffsetDateTime -> org.hibernate.type.OffsetDateTimeType@1c68d0db
2022-04-05 00:08:11 [main] DEBUG org.hibernate.type.BasicTypeRegistry -
				Adding type registration OffsetTime -> org.hibernate.type.OffsetTimeType@609b041c
2022-04-05 00:08:11 [main] DEBUG org.hibernate.type.BasicTypeRegistry -
				Adding type registration java.time.OffsetTime -> org.hibernate.type.OffsetTimeType@609b041c
2022-04-05 00:08:11 [main] DEBUG org.hibernate.type.BasicTypeRegistry -
				Adding type registration ZonedDateTime -> org.hibernate.type.ZonedDateTimeType@7fc7152e
2022-04-05 00:08:11 [main] DEBUG org.hibernate.type.BasicTypeRegistry -
				Adding type registration java.time.ZonedDateTime -> org.hibernate.type.ZonedDateTimeType@7fc7152e
2022-04-05 00:08:11 [main] DEBUG org.hibernate.type.BasicTypeRegistry -
				Adding type registration date -> org.hibernate.type.DateType@3407aa4f
2022-04-05 00:08:11 [main] DEBUG org.hibernate.type.BasicTypeRegistry -
				Adding type registration java.sql.Date -> org.hibernate.type.DateType@3407aa4f
2022-04-05 00:08:11 [main] DEBUG org.hibernate.type.BasicTypeRegistry -
				Adding type registration time -> org.hibernate.type.TimeType@6d4a05f7
2022-04-05 00:08:11 [main] DEBUG org.hibernate.type.BasicTypeRegistry -
				Adding type registration java.sql.Time -> org.hibernate.type.TimeType@6d4a05f7
2022-04-05 00:08:11 [main] DEBUG org.hibernate.type.BasicTypeRegistry -
				Adding type registration timestamp -> org.hibernate.type.TimestampType@17134190
2022-04-05 00:08:11 [main] DEBUG org.hibernate.type.BasicTypeRegistry -
				Adding type registration java.sql.Timestamp -> org.hibernate.type.TimestampType@17134190
2022-04-05 00:08:11 [main] DEBUG org.hibernate.type.BasicTypeRegistry -
				Adding type registration java.util.Date -> org.hibernate.type.TimestampType@17134190
2022-04-05 00:08:11 [main] DEBUG org.hibernate.type.BasicTypeRegistry -
				Adding type registration dbtimestamp -> org.hibernate.type.DbTimestampType@4264beb8
2022-04-05 00:08:11 [main] DEBUG org.hibernate.type.BasicTypeRegistry -
				Adding type registration calendar -> org.hibernate.type.CalendarType@19705650
2022-04-05 00:08:11 [main] DEBUG org.hibernate.type.BasicTypeRegistry -
				Adding type registration java.util.Calendar -> org.hibernate.type.CalendarType@19705650
2022-04-05 00:08:11 [main] DEBUG org.hibernate.type.BasicTypeRegistry -
				Adding type registration java.util.GregorianCalendar -> org.hibernate.type.CalendarType@19705650
2022-04-05 00:08:11 [main] DEBUG org.hibernate.type.BasicTypeRegistry -
				Adding type registration calendar_date -> org.hibernate.type.CalendarDateType@6b9697ae
2022-04-05 00:08:11 [main] DEBUG org.hibernate.type.BasicTypeRegistry -
				Adding type registration calendar_time -> org.hibernate.type.CalendarTimeType@6a6da47a
2022-04-05 00:08:11 [main] DEBUG org.hibernate.type.BasicTypeRegistry -
				Adding type registration locale -> org.hibernate.type.LocaleType@3babcaed
2022-04-05 00:08:11 [main] DEBUG org.hibernate.type.BasicTypeRegistry -
				Adding type registration java.util.Locale -> org.hibernate.type.LocaleType@3babcaed
2022-04-05 00:08:11 [main] DEBUG org.hibernate.type.BasicTypeRegistry -
				Adding type registration currency -> org.hibernate.type.CurrencyType@653a5967
2022-04-05 00:08:11 [main] DEBUG org.hibernate.type.BasicTypeRegistry -
				Adding type registration java.util.Currency -> org.hibernate.type.CurrencyType@653a5967
2022-04-05 00:08:11 [main] DEBUG org.hibernate.type.BasicTypeRegistry -
				Adding type registration timezone -> org.hibernate.type.TimeZoneType@23ea8830
2022-04-05 00:08:11 [main] DEBUG org.hibernate.type.BasicTypeRegistry -
				Adding type registration java.util.TimeZone -> org.hibernate.type.TimeZoneType@23ea8830
2022-04-05 00:08:11 [main] DEBUG org.hibernate.type.BasicTypeRegistry -
				Adding type registration class -> org.hibernate.type.ClassType@1a7163e3
2022-04-05 00:08:11 [main] DEBUG org.hibernate.type.BasicTypeRegistry -
				Adding type registration java.lang.Class -> org.hibernate.type.ClassType@1a7163e3
2022-04-05 00:08:11 [main] DEBUG org.hibernate.type.BasicTypeRegistry -
				Adding type registration uuid-binary -> org.hibernate.type.UUIDBinaryType@1fc0d9b4
2022-04-05 00:08:11 [main] DEBUG org.hibernate.type.BasicTypeRegistry -
				Adding type registration java.util.UUID -> org.hibernate.type.UUIDBinaryType@1fc0d9b4
2022-04-05 00:08:11 [main] DEBUG org.hibernate.type.BasicTypeRegistry -
				Adding type registration uuid-char -> org.hibernate.type.UUIDCharType@4416e18d
2022-04-05 00:08:11 [main] DEBUG org.hibernate.type.BasicTypeRegistry -
				Adding type registration binary -> org.hibernate.type.BinaryType@1a0f349
2022-04-05 00:08:11 [main] DEBUG org.hibernate.type.BasicTypeRegistry -
				Adding type registration byte[] -> org.hibernate.type.BinaryType@1a0f349
2022-04-05 00:08:11 [main] DEBUG org.hibernate.type.BasicTypeRegistry -
				Adding type registration [B -> org.hibernate.type.BinaryType@1a0f349
2022-04-05 00:08:11 [main] DEBUG org.hibernate.type.BasicTypeRegistry -
				Adding type registration wrapper-binary -> org.hibernate.type.WrapperBinaryType@239b98cb
2022-04-05 00:08:11 [main] DEBUG org.hibernate.type.BasicTypeRegistry -
				Adding type registration Byte[] -> org.hibernate.type.WrapperBinaryType@239b98cb
2022-04-05 00:08:11 [main] DEBUG org.hibernate.type.BasicTypeRegistry -
				Adding type registration [Ljava.lang.Byte; -> org.hibernate.type.WrapperBinaryType@239b98cb
2022-04-05 00:08:11 [main] DEBUG org.hibernate.type.BasicTypeRegistry -
				Adding type registration row_version -> org.hibernate.type.RowVersionType@3e151e1f
2022-04-05 00:08:11 [main] DEBUG org.hibernate.type.BasicTypeRegistry -
				Adding type registration image -> org.hibernate.type.ImageType@591be8aa
2022-04-05 00:08:11 [main] DEBUG org.hibernate.type.BasicTypeRegistry -
				Adding type registration characters -> org.hibernate.type.CharArrayType@33751d49
2022-04-05 00:08:11 [main] DEBUG org.hibernate.type.BasicTypeRegistry -
				Adding type registration char[] -> org.hibernate.type.CharArrayType@33751d49
2022-04-05 00:08:11 [main] DEBUG org.hibernate.type.BasicTypeRegistry -
				Adding type registration [C -> org.hibernate.type.CharArrayType@33751d49
2022-04-05 00:08:11 [main] DEBUG org.hibernate.type.BasicTypeRegistry -
				Adding type registration wrapper-characters -> org.hibernate.type.CharacterArrayType@afee63
2022-04-05 00:08:11 [main] DEBUG org.hibernate.type.BasicTypeRegistry -
				Adding type registration [Ljava.lang.Character; -> org.hibernate.type.CharacterArrayType@afee63
2022-04-05 00:08:11 [main] DEBUG org.hibernate.type.BasicTypeRegistry -
				Adding type registration Character[] -> org.hibernate.type.CharacterArrayType@afee63
2022-04-05 00:08:11 [main] DEBUG org.hibernate.type.BasicTypeRegistry -
				Adding type registration text -> org.hibernate.type.TextType@70d3cdbf
2022-04-05 00:08:11 [main] DEBUG org.hibernate.type.BasicTypeRegistry -
				Adding type registration ntext -> org.hibernate.type.NTextType@35e2b89f
2022-04-05 00:08:11 [main] DEBUG org.hibernate.type.BasicTypeRegistry -
				Adding type registration blob -> org.hibernate.type.BlobType@7b1a30e5
2022-04-05 00:08:11 [main] DEBUG org.hibernate.type.BasicTypeRegistry -
				Adding type registration java.sql.Blob -> org.hibernate.type.BlobType@7b1a30e5
2022-04-05 00:08:11 [main] DEBUG org.hibernate.type.BasicTypeRegistry -
				Adding type registration materialized_blob -> org.hibernate.type.MaterializedBlobType@496cedbb
2022-04-05 00:08:11 [main] DEBUG org.hibernate.type.BasicTypeRegistry -
				Adding type registration clob -> org.hibernate.type.ClobType@5ce3409b
2022-04-05 00:08:11 [main] DEBUG org.hibernate.type.BasicTypeRegistry -
				Adding type registration java.sql.Clob -> org.hibernate.type.ClobType@5ce3409b
2022-04-05 00:08:11 [main] DEBUG org.hibernate.type.BasicTypeRegistry -
				Adding type registration nclob -> org.hibernate.type.NClobType@bf2aa32
2022-04-05 00:08:11 [main] DEBUG org.hibernate.type.BasicTypeRegistry -
				Adding type registration java.sql.NClob -> org.hibernate.type.NClobType@bf2aa32
2022-04-05 00:08:11 [main] DEBUG org.hibernate.type.BasicTypeRegistry -
				Adding type registration materialized_clob -> org.hibernate.type.MaterializedClobType@5c5a91b4
2022-04-05 00:08:11 [main] DEBUG org.hibernate.type.BasicTypeRegistry -
				Adding type registration materialized_nclob -> org.hibernate.type.MaterializedNClobType@2ba9f986
2022-04-05 00:08:11 [main] DEBUG org.hibernate.type.BasicTypeRegistry -
				Adding type registration serializable -> org.hibernate.type.SerializableType@77ccded4
2022-04-05 00:08:11 [main] DEBUG org.hibernate.type.BasicTypeRegistry -
				Adding type registration object -> org.hibernate.type.ObjectType@2de3b052
2022-04-05 00:08:11 [main] DEBUG org.hibernate.type.BasicTypeRegistry -
				Adding type registration java.lang.Object -> org.hibernate.type.ObjectType@2de3b052
2022-04-05 00:08:11 [main] DEBUG org.hibernate.type.BasicTypeRegistry -
				Adding type registration imm_date -> org.hibernate.type.AdaptedImmutableType@fe42a09
2022-04-05 00:08:11 [main] DEBUG org.hibernate.type.BasicTypeRegistry -
				Adding type registration imm_time -> org.hibernate.type.AdaptedImmutableType@5458c71e
2022-04-05 00:08:11 [main] DEBUG org.hibernate.type.BasicTypeRegistry -
				Adding type registration imm_timestamp -> org.hibernate.type.AdaptedImmutableType@1ffd0114
2022-04-05 00:08:11 [main] DEBUG org.hibernate.type.BasicTypeRegistry -
				Adding type registration imm_dbtimestamp -> org.hibernate.type.AdaptedImmutableType@b3857e2
2022-04-05 00:08:11 [main] DEBUG org.hibernate.type.BasicTypeRegistry -
				Adding type registration imm_calendar -> org.hibernate.type.AdaptedImmutableType@25a290ee
2022-04-05 00:08:11 [main] DEBUG org.hibernate.type.BasicTypeRegistry -
				Adding type registration imm_calendar_date -> org.hibernate.type.AdaptedImmutableType@37d0d373
2022-04-05 00:08:11 [main] DEBUG org.hibernate.type.BasicTypeRegistry -
				Adding type registration imm_binary -> org.hibernate.type.AdaptedImmutableType@4052913c
2022-04-05 00:08:11 [main] DEBUG org.hibernate.type.BasicTypeRegistry -
				Adding type registration imm_serializable -> org.hibernate.type.AdaptedImmutableType@99c4993
2022-04-05 00:08:11 [main] DEBUG o.h.type.spi.TypeConfiguration$Scope -
				Scoping TypeConfiguration [org.hibernate.type.spi.TypeConfiguration@68d8eb4f] to MetadataBuildingContext [org.hibernate.boot.internal.MetadataBuildingContextRootImpl@64757d56]
2022-04-05 00:08:12 [main] DEBUG o.h.type.spi.TypeConfiguration$Scope -
				Scoping TypeConfiguration [org.hibernate.type.spi.TypeConfiguration@68d8eb4f] to SessionFactoryImpl [org.hibernate.internal.SessionFactoryImpl@50785f86]
2022-04-05 00:08:12 [main] TRACE o.h.type.spi.TypeConfiguration$Scope -
				Handling #sessionFactoryCreated from [org.hibernate.internal.SessionFactoryImpl@50785f86] for TypeConfiguration
2022-04-05 00:08:12 [main] WARN  o.s.b.a.o.j.JpaBaseConfiguration$JpaWebConfiguration -
				spring.jpa.open-in-view is enabled by default. Therefore, database queries may be performed during view rendering. Explicitly configure spring.jpa.open-in-view to disable this warning
2022-04-05 00:08:14 [main] WARN  o.s.c.l.c.LoadBalancerCacheAutoConfiguration$LoadBalancerCaffeineWarnLogger -
				Spring Cloud LoadBalancer is currently working with the default cache. While this cache implementation is useful for development and tests, it's recommended to use Caffeine cache in production.You can switch to using Caffeine cache, by adding it and org.springframework.cache.caffeine.CaffeineCacheManager to the classpath.
2022-04-05 00:11:14 [http-nio-9094-exec-1] DEBUG org.hibernate.SQL -
				select customer0_.user_name as user_nam1_0_, customer0_.email_id as email_id2_0_, customer0_.name as name3_0_, customer0_.password as password4_0_, customer0_.phone_number as phone_nu5_0_ from customer customer0_ where customer0_.user_name=? and customer0_.password=?
2022-04-05 00:11:14 [http-nio-9094-exec-1] TRACE o.h.type.descriptor.sql.BasicBinder -
				binding parameter [1] as [VARCHAR] - [Devesh]
2022-04-05 00:11:14 [http-nio-9094-exec-1] TRACE o.h.type.descriptor.sql.BasicBinder -
				binding parameter [2] as [VARCHAR] - [123]
2022-04-05 00:11:14 [http-nio-9094-exec-1] TRACE o.h.t.descriptor.sql.BasicExtractor -
				extracted value ([user_nam1_0_] : [VARCHAR]) - [Devesh]
2022-04-05 00:11:14 [http-nio-9094-exec-1] TRACE o.h.t.descriptor.sql.BasicExtractor -
				extracted value ([email_id2_0_] : [VARCHAR]) - [Devesh@gmail.ca]
2022-04-05 00:11:14 [http-nio-9094-exec-1] TRACE o.h.t.descriptor.sql.BasicExtractor -
				extracted value ([name3_0_] : [VARCHAR]) - [Devesh K Kumar]
2022-04-05 00:11:14 [http-nio-9094-exec-1] TRACE o.h.t.descriptor.sql.BasicExtractor -
				extracted value ([password4_0_] : [VARCHAR]) - [123]
2022-04-05 00:11:14 [http-nio-9094-exec-1] TRACE o.h.t.descriptor.sql.BasicExtractor -
				extracted value ([phone_nu5_0_] : [INTEGER]) - [1234567899]
2022-04-05 00:11:14 [http-nio-9094-exec-6] DEBUG org.hibernate.SQL -
				select customer0_.user_name as user_nam1_0_0_, customer0_.email_id as email_id2_0_0_, customer0_.name as name3_0_0_, customer0_.password as password4_0_0_, customer0_.phone_number as phone_nu5_0_0_ from customer customer0_ where customer0_.user_name=?
2022-04-05 00:11:14 [http-nio-9094-exec-6] TRACE o.h.type.descriptor.sql.BasicBinder -
				binding parameter [1] as [VARCHAR] - [Devesh]
2022-04-05 00:11:14 [http-nio-9094-exec-6] TRACE o.h.t.descriptor.sql.BasicExtractor -
				extracted value ([email_id2_0_0_] : [VARCHAR]) - [Devesh@gmail.ca]
2022-04-05 00:11:14 [http-nio-9094-exec-6] TRACE o.h.t.descriptor.sql.BasicExtractor -
				extracted value ([name3_0_0_] : [VARCHAR]) - [Devesh K Kumar]
2022-04-05 00:11:14 [http-nio-9094-exec-6] TRACE o.h.t.descriptor.sql.BasicExtractor -
				extracted value ([password4_0_0_] : [VARCHAR]) - [123]
2022-04-05 00:11:14 [http-nio-9094-exec-6] TRACE o.h.t.descriptor.sql.BasicExtractor -
				extracted value ([phone_nu5_0_0_] : [INTEGER]) - [1234567899]
2022-04-05 00:11:16 [http-nio-9094-exec-7] DEBUG org.hibernate.SQL -
				select customer0_.user_name as user_nam1_0_0_, customer0_.email_id as email_id2_0_0_, customer0_.name as name3_0_0_, customer0_.password as password4_0_0_, customer0_.phone_number as phone_nu5_0_0_ from customer customer0_ where customer0_.user_name=?
2022-04-05 00:11:16 [http-nio-9094-exec-7] TRACE o.h.type.descriptor.sql.BasicBinder -
				binding parameter [1] as [VARCHAR] - [Devesh]
2022-04-05 00:11:16 [http-nio-9094-exec-7] TRACE o.h.t.descriptor.sql.BasicExtractor -
				extracted value ([email_id2_0_0_] : [VARCHAR]) - [Devesh@gmail.ca]
2022-04-05 00:11:16 [http-nio-9094-exec-7] TRACE o.h.t.descriptor.sql.BasicExtractor -
				extracted value ([name3_0_0_] : [VARCHAR]) - [Devesh K Kumar]
2022-04-05 00:11:16 [http-nio-9094-exec-7] TRACE o.h.t.descriptor.sql.BasicExtractor -
				extracted value ([password4_0_0_] : [VARCHAR]) - [123]
2022-04-05 00:11:16 [http-nio-9094-exec-7] TRACE o.h.t.descriptor.sql.BasicExtractor -
				extracted value ([phone_nu5_0_0_] : [INTEGER]) - [1234567899]
2022-04-05 01:07:38 [http-nio-9094-exec-5] DEBUG org.hibernate.SQL -
				select customer0_.user_name as user_nam1_0_, customer0_.email_id as email_id2_0_, customer0_.name as name3_0_, customer0_.password as password4_0_, customer0_.phone_number as phone_nu5_0_ from customer customer0_ where customer0_.user_name=? and customer0_.password=?
2022-04-05 01:07:38 [http-nio-9094-exec-5] TRACE o.h.type.descriptor.sql.BasicBinder -
				binding parameter [1] as [VARCHAR] - [Devesh]
2022-04-05 01:07:38 [http-nio-9094-exec-5] TRACE o.h.type.descriptor.sql.BasicBinder -
				binding parameter [2] as [VARCHAR] - [123]
2022-04-05 01:07:38 [http-nio-9094-exec-5] TRACE o.h.t.descriptor.sql.BasicExtractor -
				extracted value ([user_nam1_0_] : [VARCHAR]) - [Devesh]
2022-04-05 01:07:38 [http-nio-9094-exec-5] TRACE o.h.t.descriptor.sql.BasicExtractor -
				extracted value ([email_id2_0_] : [VARCHAR]) - [Devesh@gmail.ca]
2022-04-05 01:07:38 [http-nio-9094-exec-5] TRACE o.h.t.descriptor.sql.BasicExtractor -
				extracted value ([name3_0_] : [VARCHAR]) - [Devesh K Kumar]
2022-04-05 01:07:38 [http-nio-9094-exec-5] TRACE o.h.t.descriptor.sql.BasicExtractor -
				extracted value ([password4_0_] : [VARCHAR]) - [123]
2022-04-05 01:07:38 [http-nio-9094-exec-5] TRACE o.h.t.descriptor.sql.BasicExtractor -
				extracted value ([phone_nu5_0_] : [INTEGER]) - [1234567899]
2022-04-05 01:07:38 [http-nio-9094-exec-8] DEBUG org.hibernate.SQL -
				select customer0_.user_name as user_nam1_0_0_, customer0_.email_id as email_id2_0_0_, customer0_.name as name3_0_0_, customer0_.password as password4_0_0_, customer0_.phone_number as phone_nu5_0_0_ from customer customer0_ where customer0_.user_name=?
2022-04-05 01:07:38 [http-nio-9094-exec-8] TRACE o.h.type.descriptor.sql.BasicBinder -
				binding parameter [1] as [VARCHAR] - [Devesh]
2022-04-05 01:07:38 [http-nio-9094-exec-8] TRACE o.h.t.descriptor.sql.BasicExtractor -
				extracted value ([email_id2_0_0_] : [VARCHAR]) - [Devesh@gmail.ca]
2022-04-05 01:07:38 [http-nio-9094-exec-8] TRACE o.h.t.descriptor.sql.BasicExtractor -
				extracted value ([name3_0_0_] : [VARCHAR]) - [Devesh K Kumar]
2022-04-05 01:07:38 [http-nio-9094-exec-8] TRACE o.h.t.descriptor.sql.BasicExtractor -
				extracted value ([password4_0_0_] : [VARCHAR]) - [123]
2022-04-05 01:07:38 [http-nio-9094-exec-8] TRACE o.h.t.descriptor.sql.BasicExtractor -
				extracted value ([phone_nu5_0_0_] : [INTEGER]) - [1234567899]
2022-04-05 01:07:43 [http-nio-9094-exec-9] DEBUG org.hibernate.SQL -
				select customer0_.user_name as user_nam1_0_0_, customer0_.email_id as email_id2_0_0_, customer0_.name as name3_0_0_, customer0_.password as password4_0_0_, customer0_.phone_number as phone_nu5_0_0_ from customer customer0_ where customer0_.user_name=?
2022-04-05 01:07:43 [http-nio-9094-exec-9] TRACE o.h.type.descriptor.sql.BasicBinder -
				binding parameter [1] as [VARCHAR] - [Devesh]
2022-04-05 01:07:43 [http-nio-9094-exec-9] TRACE o.h.t.descriptor.sql.BasicExtractor -
				extracted value ([email_id2_0_0_] : [VARCHAR]) - [Devesh@gmail.ca]
2022-04-05 01:07:43 [http-nio-9094-exec-9] TRACE o.h.t.descriptor.sql.BasicExtractor -
				extracted value ([name3_0_0_] : [VARCHAR]) - [Devesh K Kumar]
2022-04-05 01:07:43 [http-nio-9094-exec-9] TRACE o.h.t.descriptor.sql.BasicExtractor -
				extracted value ([password4_0_0_] : [VARCHAR]) - [123]
2022-04-05 01:07:43 [http-nio-9094-exec-9] TRACE o.h.t.descriptor.sql.BasicExtractor -
				extracted value ([phone_nu5_0_0_] : [INTEGER]) - [1234567899]
2022-04-05 01:08:16 [http-nio-9094-exec-3] DEBUG org.hibernate.SQL -
				select customer0_.user_name as user_nam1_0_0_, customer0_.email_id as email_id2_0_0_, customer0_.name as name3_0_0_, customer0_.password as password4_0_0_, customer0_.phone_number as phone_nu5_0_0_ from customer customer0_ where customer0_.user_name=?
2022-04-05 01:08:16 [http-nio-9094-exec-3] TRACE o.h.type.descriptor.sql.BasicBinder -
				binding parameter [1] as [VARCHAR] - [Devesh]
2022-04-05 01:08:16 [http-nio-9094-exec-3] TRACE o.h.t.descriptor.sql.BasicExtractor -
				extracted value ([email_id2_0_0_] : [VARCHAR]) - [Devesh@gmail.ca]
2022-04-05 01:08:16 [http-nio-9094-exec-3] TRACE o.h.t.descriptor.sql.BasicExtractor -
				extracted value ([name3_0_0_] : [VARCHAR]) - [Devesh K Kumar]
2022-04-05 01:08:16 [http-nio-9094-exec-3] TRACE o.h.t.descriptor.sql.BasicExtractor -
				extracted value ([password4_0_0_] : [VARCHAR]) - [123]
2022-04-05 01:08:16 [http-nio-9094-exec-3] TRACE o.h.t.descriptor.sql.BasicExtractor -
				extracted value ([phone_nu5_0_0_] : [INTEGER]) - [1234567899]
2022-04-05 01:08:19 [http-nio-9094-exec-1] DEBUG org.hibernate.SQL -
				select customer0_.user_name as user_nam1_0_0_, customer0_.email_id as email_id2_0_0_, customer0_.name as name3_0_0_, customer0_.password as password4_0_0_, customer0_.phone_number as phone_nu5_0_0_ from customer customer0_ where customer0_.user_name=?
2022-04-05 01:08:19 [http-nio-9094-exec-1] TRACE o.h.type.descriptor.sql.BasicBinder -
				binding parameter [1] as [VARCHAR] - [Devesh]
2022-04-05 01:08:19 [http-nio-9094-exec-1] TRACE o.h.t.descriptor.sql.BasicExtractor -
				extracted value ([email_id2_0_0_] : [VARCHAR]) - [Devesh@gmail.ca]
2022-04-05 01:08:19 [http-nio-9094-exec-1] TRACE o.h.t.descriptor.sql.BasicExtractor -
				extracted value ([name3_0_0_] : [VARCHAR]) - [Devesh K Kumar]
2022-04-05 01:08:19 [http-nio-9094-exec-1] TRACE o.h.t.descriptor.sql.BasicExtractor -
				extracted value ([password4_0_0_] : [VARCHAR]) - [123]
2022-04-05 01:08:19 [http-nio-9094-exec-1] TRACE o.h.t.descriptor.sql.BasicExtractor -
				extracted value ([phone_nu5_0_0_] : [INTEGER]) - [1234567899]
2022-04-05 01:08:21 [http-nio-9094-exec-6] DEBUG org.hibernate.SQL -
				select customer0_.user_name as user_nam1_0_0_, customer0_.email_id as email_id2_0_0_, customer0_.name as name3_0_0_, customer0_.password as password4_0_0_, customer0_.phone_number as phone_nu5_0_0_ from customer customer0_ where customer0_.user_name=?
2022-04-05 01:08:21 [http-nio-9094-exec-6] TRACE o.h.type.descriptor.sql.BasicBinder -
				binding parameter [1] as [VARCHAR] - [Devesh]
2022-04-05 01:08:21 [http-nio-9094-exec-6] TRACE o.h.t.descriptor.sql.BasicExtractor -
				extracted value ([email_id2_0_0_] : [VARCHAR]) - [Devesh@gmail.ca]
2022-04-05 01:08:21 [http-nio-9094-exec-6] TRACE o.h.t.descriptor.sql.BasicExtractor -
				extracted value ([name3_0_0_] : [VARCHAR]) - [Devesh K Kumar]
2022-04-05 01:08:21 [http-nio-9094-exec-6] TRACE o.h.t.descriptor.sql.BasicExtractor -
				extracted value ([password4_0_0_] : [VARCHAR]) - [123]
2022-04-05 01:08:21 [http-nio-9094-exec-6] TRACE o.h.t.descriptor.sql.BasicExtractor -
				extracted value ([phone_nu5_0_0_] : [INTEGER]) - [1234567899]
2022-04-05 01:08:34 [http-nio-9094-exec-7] DEBUG org.hibernate.SQL -
				select customer0_.user_name as user_nam1_0_0_, customer0_.email_id as email_id2_0_0_, customer0_.name as name3_0_0_, customer0_.password as password4_0_0_, customer0_.phone_number as phone_nu5_0_0_ from customer customer0_ where customer0_.user_name=?
2022-04-05 01:08:34 [http-nio-9094-exec-7] TRACE o.h.type.descriptor.sql.BasicBinder -
				binding parameter [1] as [VARCHAR] - [Devesh]
2022-04-05 01:08:34 [http-nio-9094-exec-7] TRACE o.h.t.descriptor.sql.BasicExtractor -
				extracted value ([email_id2_0_0_] : [VARCHAR]) - [Devesh@gmail.ca]
2022-04-05 01:08:34 [http-nio-9094-exec-7] TRACE o.h.t.descriptor.sql.BasicExtractor -
				extracted value ([name3_0_0_] : [VARCHAR]) - [Devesh K Kumar]
2022-04-05 01:08:34 [http-nio-9094-exec-7] TRACE o.h.t.descriptor.sql.BasicExtractor -
				extracted value ([password4_0_0_] : [VARCHAR]) - [123]
2022-04-05 01:08:34 [http-nio-9094-exec-7] TRACE o.h.t.descriptor.sql.BasicExtractor -
				extracted value ([phone_nu5_0_0_] : [INTEGER]) - [1234567899]
2022-04-05 01:08:51 [http-nio-9094-exec-4] DEBUG org.hibernate.SQL -
				select customer0_.user_name as user_nam1_0_0_, customer0_.email_id as email_id2_0_0_, customer0_.name as name3_0_0_, customer0_.password as password4_0_0_, customer0_.phone_number as phone_nu5_0_0_ from customer customer0_ where customer0_.user_name=?
2022-04-05 01:08:51 [http-nio-9094-exec-4] TRACE o.h.type.descriptor.sql.BasicBinder -
				binding parameter [1] as [VARCHAR] - [Devesh]
2022-04-05 01:08:51 [http-nio-9094-exec-4] TRACE o.h.t.descriptor.sql.BasicExtractor -
				extracted value ([email_id2_0_0_] : [VARCHAR]) - [Devesh@gmail.ca]
2022-04-05 01:08:51 [http-nio-9094-exec-4] TRACE o.h.t.descriptor.sql.BasicExtractor -
				extracted value ([name3_0_0_] : [VARCHAR]) - [Devesh K Kumar]
2022-04-05 01:08:51 [http-nio-9094-exec-4] TRACE o.h.t.descriptor.sql.BasicExtractor -
				extracted value ([password4_0_0_] : [VARCHAR]) - [123]
2022-04-05 01:08:51 [http-nio-9094-exec-4] TRACE o.h.t.descriptor.sql.BasicExtractor -
				extracted value ([phone_nu5_0_0_] : [INTEGER]) - [1234567899]
2022-04-05 01:09:11 [http-nio-9094-exec-10] DEBUG org.hibernate.SQL -
				select customer0_.user_name as user_nam1_0_0_, customer0_.email_id as email_id2_0_0_, customer0_.name as name3_0_0_, customer0_.password as password4_0_0_, customer0_.phone_number as phone_nu5_0_0_ from customer customer0_ where customer0_.user_name=?
2022-04-05 01:09:11 [http-nio-9094-exec-10] TRACE o.h.type.descriptor.sql.BasicBinder -
				binding parameter [1] as [VARCHAR] - [Devesh]
2022-04-05 01:09:11 [http-nio-9094-exec-10] TRACE o.h.t.descriptor.sql.BasicExtractor -
				extracted value ([email_id2_0_0_] : [VARCHAR]) - [Devesh@gmail.ca]
2022-04-05 01:09:11 [http-nio-9094-exec-10] TRACE o.h.t.descriptor.sql.BasicExtractor -
				extracted value ([name3_0_0_] : [VARCHAR]) - [Devesh K Kumar]
2022-04-05 01:09:11 [http-nio-9094-exec-10] TRACE o.h.t.descriptor.sql.BasicExtractor -
				extracted value ([password4_0_0_] : [VARCHAR]) - [123]
2022-04-05 01:09:11 [http-nio-9094-exec-10] TRACE o.h.t.descriptor.sql.BasicExtractor -
				extracted value ([phone_nu5_0_0_] : [INTEGER]) - [1234567899]
2022-04-05 01:09:43 [http-nio-9094-exec-5] DEBUG org.hibernate.SQL -
				select customer0_.user_name as user_nam1_0_0_, customer0_.email_id as email_id2_0_0_, customer0_.name as name3_0_0_, customer0_.password as password4_0_0_, customer0_.phone_number as phone_nu5_0_0_ from customer customer0_ where customer0_.user_name=?
2022-04-05 01:09:43 [http-nio-9094-exec-5] TRACE o.h.type.descriptor.sql.BasicBinder -
				binding parameter [1] as [VARCHAR] - [Devesh]
2022-04-05 01:09:43 [http-nio-9094-exec-5] TRACE o.h.t.descriptor.sql.BasicExtractor -
				extracted value ([email_id2_0_0_] : [VARCHAR]) - [Devesh@gmail.ca]
2022-04-05 01:09:43 [http-nio-9094-exec-5] TRACE o.h.t.descriptor.sql.BasicExtractor -
				extracted value ([name3_0_0_] : [VARCHAR]) - [Devesh K Kumar]
2022-04-05 01:09:43 [http-nio-9094-exec-5] TRACE o.h.t.descriptor.sql.BasicExtractor -
				extracted value ([password4_0_0_] : [VARCHAR]) - [123]
2022-04-05 01:09:43 [http-nio-9094-exec-5] TRACE o.h.t.descriptor.sql.BasicExtractor -
				extracted value ([phone_nu5_0_0_] : [INTEGER]) - [1234567899]
2022-04-05 01:09:44 [http-nio-9094-exec-2] DEBUG org.hibernate.SQL -
				select customer0_.user_name as user_nam1_0_0_, customer0_.email_id as email_id2_0_0_, customer0_.name as name3_0_0_, customer0_.password as password4_0_0_, customer0_.phone_number as phone_nu5_0_0_ from customer customer0_ where customer0_.user_name=?
2022-04-05 01:09:44 [http-nio-9094-exec-2] TRACE o.h.type.descriptor.sql.BasicBinder -
				binding parameter [1] as [VARCHAR] - [Devesh]
2022-04-05 01:09:44 [http-nio-9094-exec-2] TRACE o.h.t.descriptor.sql.BasicExtractor -
				extracted value ([email_id2_0_0_] : [VARCHAR]) - [Devesh@gmail.ca]
2022-04-05 01:09:44 [http-nio-9094-exec-2] TRACE o.h.t.descriptor.sql.BasicExtractor -
				extracted value ([name3_0_0_] : [VARCHAR]) - [Devesh K Kumar]
2022-04-05 01:09:44 [http-nio-9094-exec-2] TRACE o.h.t.descriptor.sql.BasicExtractor -
				extracted value ([password4_0_0_] : [VARCHAR]) - [123]
2022-04-05 01:09:44 [http-nio-9094-exec-2] TRACE o.h.t.descriptor.sql.BasicExtractor -
				extracted value ([phone_nu5_0_0_] : [INTEGER]) - [1234567899]
2022-04-05 01:09:47 [http-nio-9094-exec-8] DEBUG org.hibernate.SQL -
				select customer0_.user_name as user_nam1_0_0_, customer0_.email_id as email_id2_0_0_, customer0_.name as name3_0_0_, customer0_.password as password4_0_0_, customer0_.phone_number as phone_nu5_0_0_ from customer customer0_ where customer0_.user_name=?
2022-04-05 01:09:47 [http-nio-9094-exec-8] TRACE o.h.type.descriptor.sql.BasicBinder -
				binding parameter [1] as [VARCHAR] - [Devesh]
2022-04-05 01:09:47 [http-nio-9094-exec-8] TRACE o.h.t.descriptor.sql.BasicExtractor -
				extracted value ([email_id2_0_0_] : [VARCHAR]) - [Devesh@gmail.ca]
2022-04-05 01:09:47 [http-nio-9094-exec-8] TRACE o.h.t.descriptor.sql.BasicExtractor -
				extracted value ([name3_0_0_] : [VARCHAR]) - [Devesh K Kumar]
2022-04-05 01:09:47 [http-nio-9094-exec-8] TRACE o.h.t.descriptor.sql.BasicExtractor -
				extracted value ([password4_0_0_] : [VARCHAR]) - [123]
2022-04-05 01:09:47 [http-nio-9094-exec-8] TRACE o.h.t.descriptor.sql.BasicExtractor -
				extracted value ([phone_nu5_0_0_] : [INTEGER]) - [1234567899]
2022-04-05 01:10:13 [http-nio-9094-exec-9] DEBUG org.hibernate.SQL -
				select customer0_.user_name as user_nam1_0_0_, customer0_.email_id as email_id2_0_0_, customer0_.name as name3_0_0_, customer0_.password as password4_0_0_, customer0_.phone_number as phone_nu5_0_0_ from customer customer0_ where customer0_.user_name=?
2022-04-05 01:10:13 [http-nio-9094-exec-9] TRACE o.h.type.descriptor.sql.BasicBinder -
				binding parameter [1] as [VARCHAR] - [Devesh]
2022-04-05 01:10:13 [http-nio-9094-exec-9] TRACE o.h.t.descriptor.sql.BasicExtractor -
				extracted value ([email_id2_0_0_] : [VARCHAR]) - [Devesh@gmail.ca]
2022-04-05 01:10:13 [http-nio-9094-exec-9] TRACE o.h.t.descriptor.sql.BasicExtractor -
				extracted value ([name3_0_0_] : [VARCHAR]) - [Devesh K Kumar]
2022-04-05 01:10:13 [http-nio-9094-exec-9] TRACE o.h.t.descriptor.sql.BasicExtractor -
				extracted value ([password4_0_0_] : [VARCHAR]) - [123]
2022-04-05 01:10:13 [http-nio-9094-exec-9] TRACE o.h.t.descriptor.sql.BasicExtractor -
				extracted value ([phone_nu5_0_0_] : [INTEGER]) - [1234567899]
2022-04-05 01:10:19 [http-nio-9094-exec-3] DEBUG org.hibernate.SQL -
				select customer0_.user_name as user_nam1_0_0_, customer0_.email_id as email_id2_0_0_, customer0_.name as name3_0_0_, customer0_.password as password4_0_0_, customer0_.phone_number as phone_nu5_0_0_ from customer customer0_ where customer0_.user_name=?
2022-04-05 01:10:19 [http-nio-9094-exec-3] TRACE o.h.type.descriptor.sql.BasicBinder -
				binding parameter [1] as [VARCHAR] - [Devesh]
2022-04-05 01:10:19 [http-nio-9094-exec-3] TRACE o.h.t.descriptor.sql.BasicExtractor -
				extracted value ([email_id2_0_0_] : [VARCHAR]) - [Devesh@gmail.ca]
2022-04-05 01:10:19 [http-nio-9094-exec-3] TRACE o.h.t.descriptor.sql.BasicExtractor -
				extracted value ([name3_0_0_] : [VARCHAR]) - [Devesh K Kumar]
2022-04-05 01:10:19 [http-nio-9094-exec-3] TRACE o.h.t.descriptor.sql.BasicExtractor -
				extracted value ([password4_0_0_] : [VARCHAR]) - [123]
2022-04-05 01:10:19 [http-nio-9094-exec-3] TRACE o.h.t.descriptor.sql.BasicExtractor -
				extracted value ([phone_nu5_0_0_] : [INTEGER]) - [1234567899]
2022-04-05 01:11:06 [http-nio-9094-exec-6] DEBUG org.hibernate.SQL -
				select customer0_.user_name as user_nam1_0_, customer0_.email_id as email_id2_0_, customer0_.name as name3_0_, customer0_.password as password4_0_, customer0_.phone_number as phone_nu5_0_ from customer customer0_ where customer0_.phone_number=?
2022-04-05 01:11:06 [http-nio-9094-exec-6] TRACE o.h.type.descriptor.sql.BasicBinder -
				binding parameter [1] as [INTEGER] - [1234567899]
2022-04-05 01:11:06 [http-nio-9094-exec-6] TRACE o.h.t.descriptor.sql.BasicExtractor -
				extracted value ([user_nam1_0_] : [VARCHAR]) - [Devesh]
2022-04-05 01:11:06 [http-nio-9094-exec-6] TRACE o.h.t.descriptor.sql.BasicExtractor -
				extracted value ([email_id2_0_] : [VARCHAR]) - [Devesh@gmail.ca]
2022-04-05 01:11:06 [http-nio-9094-exec-6] TRACE o.h.t.descriptor.sql.BasicExtractor -
				extracted value ([name3_0_] : [VARCHAR]) - [Devesh K Kumar]
2022-04-05 01:11:06 [http-nio-9094-exec-6] TRACE o.h.t.descriptor.sql.BasicExtractor -
				extracted value ([password4_0_] : [VARCHAR]) - [123]
2022-04-05 01:11:06 [http-nio-9094-exec-6] TRACE o.h.t.descriptor.sql.BasicExtractor -
				extracted value ([phone_nu5_0_] : [INTEGER]) - [1234567899]
2022-04-05 01:11:06 [http-nio-9094-exec-7] DEBUG org.hibernate.SQL -
				select customer0_.user_name as user_nam1_0_0_, customer0_.email_id as email_id2_0_0_, customer0_.name as name3_0_0_, customer0_.password as password4_0_0_, customer0_.phone_number as phone_nu5_0_0_ from customer customer0_ where customer0_.user_name=?
2022-04-05 01:11:06 [http-nio-9094-exec-7] TRACE o.h.type.descriptor.sql.BasicBinder -
				binding parameter [1] as [VARCHAR] - [Devesh]
2022-04-05 01:11:06 [http-nio-9094-exec-7] TRACE o.h.t.descriptor.sql.BasicExtractor -
				extracted value ([email_id2_0_0_] : [VARCHAR]) - [Devesh@gmail.ca]
2022-04-05 01:11:06 [http-nio-9094-exec-7] TRACE o.h.t.descriptor.sql.BasicExtractor -
				extracted value ([name3_0_0_] : [VARCHAR]) - [Devesh K Kumar]
2022-04-05 01:11:06 [http-nio-9094-exec-7] TRACE o.h.t.descriptor.sql.BasicExtractor -
				extracted value ([password4_0_0_] : [VARCHAR]) - [123]
2022-04-05 01:11:06 [http-nio-9094-exec-7] TRACE o.h.t.descriptor.sql.BasicExtractor -
				extracted value ([phone_nu5_0_0_] : [INTEGER]) - [1234567899]
2022-04-05 01:11:22 [http-nio-9094-exec-4] DEBUG org.hibernate.SQL -
				select customer0_.user_name as user_nam1_0_0_, customer0_.email_id as email_id2_0_0_, customer0_.name as name3_0_0_, customer0_.password as password4_0_0_, customer0_.phone_number as phone_nu5_0_0_ from customer customer0_ where customer0_.user_name=?
2022-04-05 01:11:22 [http-nio-9094-exec-4] TRACE o.h.type.descriptor.sql.BasicBinder -
				binding parameter [1] as [VARCHAR] - [Devesh]
2022-04-05 01:11:22 [http-nio-9094-exec-4] TRACE o.h.t.descriptor.sql.BasicExtractor -
				extracted value ([email_id2_0_0_] : [VARCHAR]) - [Devesh@gmail.ca]
2022-04-05 01:11:22 [http-nio-9094-exec-4] TRACE o.h.t.descriptor.sql.BasicExtractor -
				extracted value ([name3_0_0_] : [VARCHAR]) - [Devesh K Kumar]
2022-04-05 01:11:22 [http-nio-9094-exec-4] TRACE o.h.t.descriptor.sql.BasicExtractor -
				extracted value ([password4_0_0_] : [VARCHAR]) - [123]
2022-04-05 01:11:22 [http-nio-9094-exec-4] TRACE o.h.t.descriptor.sql.BasicExtractor -
				extracted value ([phone_nu5_0_0_] : [INTEGER]) - [1234567899]
2022-04-05 01:11:25 [http-nio-9094-exec-10] DEBUG org.hibernate.SQL -
				select customer0_.user_name as user_nam1_0_0_, customer0_.email_id as email_id2_0_0_, customer0_.name as name3_0_0_, customer0_.password as password4_0_0_, customer0_.phone_number as phone_nu5_0_0_ from customer customer0_ where customer0_.user_name=?
2022-04-05 01:11:25 [http-nio-9094-exec-10] TRACE o.h.type.descriptor.sql.BasicBinder -
				binding parameter [1] as [VARCHAR] - [Devesh]
2022-04-05 01:11:25 [http-nio-9094-exec-10] TRACE o.h.t.descriptor.sql.BasicExtractor -
				extracted value ([email_id2_0_0_] : [VARCHAR]) - [Devesh@gmail.ca]
2022-04-05 01:11:25 [http-nio-9094-exec-10] TRACE o.h.t.descriptor.sql.BasicExtractor -
				extracted value ([name3_0_0_] : [VARCHAR]) - [Devesh K Kumar]
2022-04-05 01:11:25 [http-nio-9094-exec-10] TRACE o.h.t.descriptor.sql.BasicExtractor -
				extracted value ([password4_0_0_] : [VARCHAR]) - [123]
2022-04-05 01:11:25 [http-nio-9094-exec-10] TRACE o.h.t.descriptor.sql.BasicExtractor -
				extracted value ([phone_nu5_0_0_] : [INTEGER]) - [1234567899]
2022-04-05 01:11:28 [http-nio-9094-exec-5] DEBUG org.hibernate.SQL -
				select customer0_.user_name as user_nam1_0_0_, customer0_.email_id as email_id2_0_0_, customer0_.name as name3_0_0_, customer0_.password as password4_0_0_, customer0_.phone_number as phone_nu5_0_0_ from customer customer0_ where customer0_.user_name=?
2022-04-05 01:11:28 [http-nio-9094-exec-5] TRACE o.h.type.descriptor.sql.BasicBinder -
				binding parameter [1] as [VARCHAR] - [Devesh]
2022-04-05 01:11:28 [http-nio-9094-exec-5] TRACE o.h.t.descriptor.sql.BasicExtractor -
				extracted value ([email_id2_0_0_] : [VARCHAR]) - [Devesh@gmail.ca]
2022-04-05 01:11:28 [http-nio-9094-exec-5] TRACE o.h.t.descriptor.sql.BasicExtractor -
				extracted value ([name3_0_0_] : [VARCHAR]) - [Devesh K Kumar]
2022-04-05 01:11:28 [http-nio-9094-exec-5] TRACE o.h.t.descriptor.sql.BasicExtractor -
				extracted value ([password4_0_0_] : [VARCHAR]) - [123]
2022-04-05 01:11:28 [http-nio-9094-exec-5] TRACE o.h.t.descriptor.sql.BasicExtractor -
				extracted value ([phone_nu5_0_0_] : [INTEGER]) - [1234567899]
2022-04-05 01:11:33 [http-nio-9094-exec-2] DEBUG org.hibernate.SQL -
				select customer0_.user_name as user_nam1_0_0_, customer0_.email_id as email_id2_0_0_, customer0_.name as name3_0_0_, customer0_.password as password4_0_0_, customer0_.phone_number as phone_nu5_0_0_ from customer customer0_ where customer0_.user_name=?
2022-04-05 01:11:33 [http-nio-9094-exec-2] TRACE o.h.type.descriptor.sql.BasicBinder -
				binding parameter [1] as [VARCHAR] - [Devesh]
2022-04-05 01:11:33 [http-nio-9094-exec-2] TRACE o.h.t.descriptor.sql.BasicExtractor -
				extracted value ([email_id2_0_0_] : [VARCHAR]) - [Devesh@gmail.ca]
2022-04-05 01:11:33 [http-nio-9094-exec-2] TRACE o.h.t.descriptor.sql.BasicExtractor -
				extracted value ([name3_0_0_] : [VARCHAR]) - [Devesh K Kumar]
2022-04-05 01:11:33 [http-nio-9094-exec-2] TRACE o.h.t.descriptor.sql.BasicExtractor -
				extracted value ([password4_0_0_] : [VARCHAR]) - [123]
2022-04-05 01:11:33 [http-nio-9094-exec-2] TRACE o.h.t.descriptor.sql.BasicExtractor -
				extracted value ([phone_nu5_0_0_] : [INTEGER]) - [1234567899]
2022-04-05 01:11:45 [http-nio-9094-exec-8] DEBUG org.hibernate.SQL -
				select customer0_.user_name as user_nam1_0_0_, customer0_.email_id as email_id2_0_0_, customer0_.name as name3_0_0_, customer0_.password as password4_0_0_, customer0_.phone_number as phone_nu5_0_0_ from customer customer0_ where customer0_.user_name=?
2022-04-05 01:11:45 [http-nio-9094-exec-8] TRACE o.h.type.descriptor.sql.BasicBinder -
				binding parameter [1] as [VARCHAR] - [Devesh]
2022-04-05 01:11:45 [http-nio-9094-exec-8] TRACE o.h.t.descriptor.sql.BasicExtractor -
				extracted value ([email_id2_0_0_] : [VARCHAR]) - [Devesh@gmail.ca]
2022-04-05 01:11:45 [http-nio-9094-exec-8] TRACE o.h.t.descriptor.sql.BasicExtractor -
				extracted value ([name3_0_0_] : [VARCHAR]) - [Devesh K Kumar]
2022-04-05 01:11:45 [http-nio-9094-exec-8] TRACE o.h.t.descriptor.sql.BasicExtractor -
				extracted value ([password4_0_0_] : [VARCHAR]) - [123]
2022-04-05 01:11:45 [http-nio-9094-exec-8] TRACE o.h.t.descriptor.sql.BasicExtractor -
				extracted value ([phone_nu5_0_0_] : [INTEGER]) - [1234567899]
