2022-04-06 14:01:35 [main] DEBUG org.hibernate.type.BasicTypeRegistry -
				Adding type registration boolean -> org.hibernate.type.BooleanType@1b31af02
2022-04-06 14:01:35 [main] DEBUG org.hibernate.type.BasicTypeRegistry -
				Adding type registration boolean -> org.hibernate.type.BooleanType@1b31af02
2022-04-06 14:01:35 [main] DEBUG org.hibernate.type.BasicTypeRegistry -
				Adding type registration java.lang.Boolean -> org.hibernate.type.BooleanType@1b31af02
2022-04-06 14:01:35 [main] DEBUG org.hibernate.type.BasicTypeRegistry -
				Adding type registration numeric_boolean -> org.hibernate.type.NumericBooleanType@6060146b
2022-04-06 14:01:35 [main] DEBUG org.hibernate.type.BasicTypeRegistry -
				Adding type registration true_false -> org.hibernate.type.TrueFalseType@7a55fb81
2022-04-06 14:01:35 [main] DEBUG org.hibernate.type.BasicTypeRegistry -
				Adding type registration yes_no -> org.hibernate.type.YesNoType@61911947
2022-04-06 14:01:35 [main] DEBUG org.hibernate.type.BasicTypeRegistry -
				Adding type registration byte -> org.hibernate.type.ByteType@762a10b6
2022-04-06 14:01:35 [main] DEBUG org.hibernate.type.BasicTypeRegistry -
				Adding type registration byte -> org.hibernate.type.ByteType@762a10b6
2022-04-06 14:01:35 [main] DEBUG org.hibernate.type.BasicTypeRegistry -
				Adding type registration java.lang.Byte -> org.hibernate.type.ByteType@762a10b6
2022-04-06 14:01:35 [main] DEBUG org.hibernate.type.BasicTypeRegistry -
				Adding type registration character -> org.hibernate.type.CharacterType@240a2619
2022-04-06 14:01:35 [main] DEBUG org.hibernate.type.BasicTypeRegistry -
				Adding type registration char -> org.hibernate.type.CharacterType@240a2619
2022-04-06 14:01:35 [main] DEBUG org.hibernate.type.BasicTypeRegistry -
				Adding type registration java.lang.Character -> org.hibernate.type.CharacterType@240a2619
2022-04-06 14:01:35 [main] DEBUG org.hibernate.type.BasicTypeRegistry -
				Adding type registration short -> org.hibernate.type.ShortType@3070f3e6
2022-04-06 14:01:35 [main] DEBUG org.hibernate.type.BasicTypeRegistry -
				Adding type registration short -> org.hibernate.type.ShortType@3070f3e6
2022-04-06 14:01:35 [main] DEBUG org.hibernate.type.BasicTypeRegistry -
				Adding type registration java.lang.Short -> org.hibernate.type.ShortType@3070f3e6
2022-04-06 14:01:35 [main] DEBUG org.hibernate.type.BasicTypeRegistry -
				Adding type registration integer -> org.hibernate.type.IntegerType@4fc6e776
2022-04-06 14:01:35 [main] DEBUG org.hibernate.type.BasicTypeRegistry -
				Adding type registration int -> org.hibernate.type.IntegerType@4fc6e776
2022-04-06 14:01:35 [main] DEBUG org.hibernate.type.BasicTypeRegistry -
				Adding type registration java.lang.Integer -> org.hibernate.type.IntegerType@4fc6e776
2022-04-06 14:01:35 [main] DEBUG org.hibernate.type.BasicTypeRegistry -
				Adding type registration long -> org.hibernate.type.LongType@32da97fd
2022-04-06 14:01:35 [main] DEBUG org.hibernate.type.BasicTypeRegistry -
				Adding type registration long -> org.hibernate.type.LongType@32da97fd
2022-04-06 14:01:35 [main] DEBUG org.hibernate.type.BasicTypeRegistry -
				Adding type registration java.lang.Long -> org.hibernate.type.LongType@32da97fd
2022-04-06 14:01:35 [main] DEBUG org.hibernate.type.BasicTypeRegistry -
				Adding type registration float -> org.hibernate.type.FloatType@365cef67
2022-04-06 14:01:35 [main] DEBUG org.hibernate.type.BasicTypeRegistry -
				Adding type registration float -> org.hibernate.type.FloatType@365cef67
2022-04-06 14:01:35 [main] DEBUG org.hibernate.type.BasicTypeRegistry -
				Adding type registration java.lang.Float -> org.hibernate.type.FloatType@365cef67
2022-04-06 14:01:35 [main] DEBUG org.hibernate.type.BasicTypeRegistry -
				Adding type registration double -> org.hibernate.type.DoubleType@b7d2d51
2022-04-06 14:01:35 [main] DEBUG org.hibernate.type.BasicTypeRegistry -
				Adding type registration double -> org.hibernate.type.DoubleType@b7d2d51
2022-04-06 14:01:35 [main] DEBUG org.hibernate.type.BasicTypeRegistry -
				Adding type registration java.lang.Double -> org.hibernate.type.DoubleType@b7d2d51
2022-04-06 14:01:35 [main] DEBUG org.hibernate.type.BasicTypeRegistry -
				Adding type registration big_decimal -> org.hibernate.type.BigDecimalType@5d601832
2022-04-06 14:01:35 [main] DEBUG org.hibernate.type.BasicTypeRegistry -
				Adding type registration java.math.BigDecimal -> org.hibernate.type.BigDecimalType@5d601832
2022-04-06 14:01:35 [main] DEBUG org.hibernate.type.BasicTypeRegistry -
				Adding type registration big_integer -> org.hibernate.type.BigIntegerType@6a96d639
2022-04-06 14:01:35 [main] DEBUG org.hibernate.type.BasicTypeRegistry -
				Adding type registration java.math.BigInteger -> org.hibernate.type.BigIntegerType@6a96d639
2022-04-06 14:01:35 [main] DEBUG org.hibernate.type.BasicTypeRegistry -
				Adding type registration string -> org.hibernate.type.StringType@1e120628
2022-04-06 14:01:35 [main] DEBUG org.hibernate.type.BasicTypeRegistry -
				Adding type registration java.lang.String -> org.hibernate.type.StringType@1e120628
2022-04-06 14:01:35 [main] DEBUG org.hibernate.type.BasicTypeRegistry -
				Adding type registration nstring -> org.hibernate.type.StringNVarcharType@2d4fb0d8
2022-04-06 14:01:35 [main] DEBUG org.hibernate.type.BasicTypeRegistry -
				Adding type registration ncharacter -> org.hibernate.type.CharacterNCharType@5b332439
2022-04-06 14:01:35 [main] DEBUG org.hibernate.type.BasicTypeRegistry -
				Adding type registration url -> org.hibernate.type.UrlType@45b7c97f
2022-04-06 14:01:35 [main] DEBUG org.hibernate.type.BasicTypeRegistry -
				Adding type registration java.net.URL -> org.hibernate.type.UrlType@45b7c97f
2022-04-06 14:01:35 [main] DEBUG org.hibernate.type.BasicTypeRegistry -
				Adding type registration Duration -> org.hibernate.type.DurationType@4e5c8ef3
2022-04-06 14:01:35 [main] DEBUG org.hibernate.type.BasicTypeRegistry -
				Adding type registration java.time.Duration -> org.hibernate.type.DurationType@4e5c8ef3
2022-04-06 14:01:35 [main] DEBUG org.hibernate.type.BasicTypeRegistry -
				Adding type registration Instant -> org.hibernate.type.InstantType@6e0d16a4
2022-04-06 14:01:35 [main] DEBUG org.hibernate.type.BasicTypeRegistry -
				Adding type registration java.time.Instant -> org.hibernate.type.InstantType@6e0d16a4
2022-04-06 14:01:35 [main] DEBUG org.hibernate.type.BasicTypeRegistry -
				Adding type registration LocalDateTime -> org.hibernate.type.LocalDateTimeType@54c11750
2022-04-06 14:01:35 [main] DEBUG org.hibernate.type.BasicTypeRegistry -
				Adding type registration java.time.LocalDateTime -> org.hibernate.type.LocalDateTimeType@54c11750
2022-04-06 14:01:35 [main] DEBUG org.hibernate.type.BasicTypeRegistry -
				Adding type registration LocalDate -> org.hibernate.type.LocalDateType@799c8758
2022-04-06 14:01:35 [main] DEBUG org.hibernate.type.BasicTypeRegistry -
				Adding type registration java.time.LocalDate -> org.hibernate.type.LocalDateType@799c8758
2022-04-06 14:01:35 [main] DEBUG org.hibernate.type.BasicTypeRegistry -
				Adding type registration LocalTime -> org.hibernate.type.LocalTimeType@582dcd35
2022-04-06 14:01:35 [main] DEBUG org.hibernate.type.BasicTypeRegistry -
				Adding type registration java.time.LocalTime -> org.hibernate.type.LocalTimeType@582dcd35
2022-04-06 14:01:35 [main] DEBUG org.hibernate.type.BasicTypeRegistry -
				Adding type registration OffsetDateTime -> org.hibernate.type.OffsetDateTimeType@638afcaa
2022-04-06 14:01:35 [main] DEBUG org.hibernate.type.BasicTypeRegistry -
				Adding type registration java.time.OffsetDateTime -> org.hibernate.type.OffsetDateTimeType@638afcaa
2022-04-06 14:01:35 [main] DEBUG org.hibernate.type.BasicTypeRegistry -
				Adding type registration OffsetTime -> org.hibernate.type.OffsetTimeType@64c25a62
2022-04-06 14:01:35 [main] DEBUG org.hibernate.type.BasicTypeRegistry -
				Adding type registration java.time.OffsetTime -> org.hibernate.type.OffsetTimeType@64c25a62
2022-04-06 14:01:35 [main] DEBUG org.hibernate.type.BasicTypeRegistry -
				Adding type registration ZonedDateTime -> org.hibernate.type.ZonedDateTimeType@6a7a1a0d
2022-04-06 14:01:35 [main] DEBUG org.hibernate.type.BasicTypeRegistry -
				Adding type registration java.time.ZonedDateTime -> org.hibernate.type.ZonedDateTimeType@6a7a1a0d
2022-04-06 14:01:35 [main] DEBUG org.hibernate.type.BasicTypeRegistry -
				Adding type registration date -> org.hibernate.type.DateType@4438938e
2022-04-06 14:01:35 [main] DEBUG org.hibernate.type.BasicTypeRegistry -
				Adding type registration java.sql.Date -> org.hibernate.type.DateType@4438938e
2022-04-06 14:01:35 [main] DEBUG org.hibernate.type.BasicTypeRegistry -
				Adding type registration time -> org.hibernate.type.TimeType@474e34e4
2022-04-06 14:01:35 [main] DEBUG org.hibernate.type.BasicTypeRegistry -
				Adding type registration java.sql.Time -> org.hibernate.type.TimeType@474e34e4
2022-04-06 14:01:35 [main] DEBUG org.hibernate.type.BasicTypeRegistry -
				Adding type registration timestamp -> org.hibernate.type.TimestampType@4899799b
2022-04-06 14:01:35 [main] DEBUG org.hibernate.type.BasicTypeRegistry -
				Adding type registration java.sql.Timestamp -> org.hibernate.type.TimestampType@4899799b
2022-04-06 14:01:35 [main] DEBUG org.hibernate.type.BasicTypeRegistry -
				Adding type registration java.util.Date -> org.hibernate.type.TimestampType@4899799b
2022-04-06 14:01:35 [main] DEBUG org.hibernate.type.BasicTypeRegistry -
				Adding type registration dbtimestamp -> org.hibernate.type.DbTimestampType@7fc7152e
2022-04-06 14:01:35 [main] DEBUG org.hibernate.type.BasicTypeRegistry -
				Adding type registration calendar -> org.hibernate.type.CalendarType@13aed42b
2022-04-06 14:01:35 [main] DEBUG org.hibernate.type.BasicTypeRegistry -
				Adding type registration java.util.Calendar -> org.hibernate.type.CalendarType@13aed42b
2022-04-06 14:01:35 [main] DEBUG org.hibernate.type.BasicTypeRegistry -
				Adding type registration java.util.GregorianCalendar -> org.hibernate.type.CalendarType@13aed42b
2022-04-06 14:01:35 [main] DEBUG org.hibernate.type.BasicTypeRegistry -
				Adding type registration calendar_date -> org.hibernate.type.CalendarDateType@10e56da9
2022-04-06 14:01:35 [main] DEBUG org.hibernate.type.BasicTypeRegistry -
				Adding type registration calendar_time -> org.hibernate.type.CalendarTimeType@51d8f2f2
2022-04-06 14:01:35 [main] DEBUG org.hibernate.type.BasicTypeRegistry -
				Adding type registration locale -> org.hibernate.type.LocaleType@524f5ea5
2022-04-06 14:01:35 [main] DEBUG org.hibernate.type.BasicTypeRegistry -
				Adding type registration java.util.Locale -> org.hibernate.type.LocaleType@524f5ea5
2022-04-06 14:01:35 [main] DEBUG org.hibernate.type.BasicTypeRegistry -
				Adding type registration currency -> org.hibernate.type.CurrencyType@647fb583
2022-04-06 14:01:35 [main] DEBUG org.hibernate.type.BasicTypeRegistry -
				Adding type registration java.util.Currency -> org.hibernate.type.CurrencyType@647fb583
2022-04-06 14:01:35 [main] DEBUG org.hibernate.type.BasicTypeRegistry -
				Adding type registration timezone -> org.hibernate.type.TimeZoneType@4d43a1b7
2022-04-06 14:01:35 [main] DEBUG org.hibernate.type.BasicTypeRegistry -
				Adding type registration java.util.TimeZone -> org.hibernate.type.TimeZoneType@4d43a1b7
2022-04-06 14:01:35 [main] DEBUG org.hibernate.type.BasicTypeRegistry -
				Adding type registration class -> org.hibernate.type.ClassType@75ad30c1
2022-04-06 14:01:35 [main] DEBUG org.hibernate.type.BasicTypeRegistry -
				Adding type registration java.lang.Class -> org.hibernate.type.ClassType@75ad30c1
2022-04-06 14:01:35 [main] DEBUG org.hibernate.type.BasicTypeRegistry -
				Adding type registration uuid-binary -> org.hibernate.type.UUIDBinaryType@ad0bb4e
2022-04-06 14:01:35 [main] DEBUG org.hibernate.type.BasicTypeRegistry -
				Adding type registration java.util.UUID -> org.hibernate.type.UUIDBinaryType@ad0bb4e
2022-04-06 14:01:35 [main] DEBUG org.hibernate.type.BasicTypeRegistry -
				Adding type registration uuid-char -> org.hibernate.type.UUIDCharType@7f642bf
2022-04-06 14:01:35 [main] DEBUG org.hibernate.type.BasicTypeRegistry -
				Adding type registration binary -> org.hibernate.type.BinaryType@11c7a0b4
2022-04-06 14:01:35 [main] DEBUG org.hibernate.type.BasicTypeRegistry -
				Adding type registration byte[] -> org.hibernate.type.BinaryType@11c7a0b4
2022-04-06 14:01:35 [main] DEBUG org.hibernate.type.BasicTypeRegistry -
				Adding type registration [B -> org.hibernate.type.BinaryType@11c7a0b4
2022-04-06 14:01:35 [main] DEBUG org.hibernate.type.BasicTypeRegistry -
				Adding type registration wrapper-binary -> org.hibernate.type.WrapperBinaryType@2b9aeedb
2022-04-06 14:01:35 [main] DEBUG org.hibernate.type.BasicTypeRegistry -
				Adding type registration Byte[] -> org.hibernate.type.WrapperBinaryType@2b9aeedb
2022-04-06 14:01:35 [main] DEBUG org.hibernate.type.BasicTypeRegistry -
				Adding type registration [Ljava.lang.Byte; -> org.hibernate.type.WrapperBinaryType@2b9aeedb
2022-04-06 14:01:35 [main] DEBUG org.hibernate.type.BasicTypeRegistry -
				Adding type registration row_version -> org.hibernate.type.RowVersionType@796c68bf
2022-04-06 14:01:35 [main] DEBUG org.hibernate.type.BasicTypeRegistry -
				Adding type registration image -> org.hibernate.type.ImageType@5e69cf07
2022-04-06 14:01:35 [main] DEBUG org.hibernate.type.BasicTypeRegistry -
				Adding type registration characters -> org.hibernate.type.CharArrayType@4e4f4092
2022-04-06 14:01:35 [main] DEBUG org.hibernate.type.BasicTypeRegistry -
				Adding type registration char[] -> org.hibernate.type.CharArrayType@4e4f4092
2022-04-06 14:01:35 [main] DEBUG org.hibernate.type.BasicTypeRegistry -
				Adding type registration [C -> org.hibernate.type.CharArrayType@4e4f4092
2022-04-06 14:01:35 [main] DEBUG org.hibernate.type.BasicTypeRegistry -
				Adding type registration wrapper-characters -> org.hibernate.type.CharacterArrayType@70c491b8
2022-04-06 14:01:35 [main] DEBUG org.hibernate.type.BasicTypeRegistry -
				Adding type registration [Ljava.lang.Character; -> org.hibernate.type.CharacterArrayType@70c491b8
2022-04-06 14:01:35 [main] DEBUG org.hibernate.type.BasicTypeRegistry -
				Adding type registration Character[] -> org.hibernate.type.CharacterArrayType@70c491b8
2022-04-06 14:01:35 [main] DEBUG org.hibernate.type.BasicTypeRegistry -
				Adding type registration text -> org.hibernate.type.TextType@28367da7
2022-04-06 14:01:35 [main] DEBUG org.hibernate.type.BasicTypeRegistry -
				Adding type registration ntext -> org.hibernate.type.NTextType@7a1371
2022-04-06 14:01:35 [main] DEBUG org.hibernate.type.BasicTypeRegistry -
				Adding type registration blob -> org.hibernate.type.BlobType@6b3f4bd8
2022-04-06 14:01:35 [main] DEBUG org.hibernate.type.BasicTypeRegistry -
				Adding type registration java.sql.Blob -> org.hibernate.type.BlobType@6b3f4bd8
2022-04-06 14:01:35 [main] DEBUG org.hibernate.type.BasicTypeRegistry -
				Adding type registration materialized_blob -> org.hibernate.type.MaterializedBlobType@4fe8f2ae
2022-04-06 14:01:35 [main] DEBUG org.hibernate.type.BasicTypeRegistry -
				Adding type registration clob -> org.hibernate.type.ClobType@4eeb14e0
2022-04-06 14:01:35 [main] DEBUG org.hibernate.type.BasicTypeRegistry -
				Adding type registration java.sql.Clob -> org.hibernate.type.ClobType@4eeb14e0
2022-04-06 14:01:35 [main] DEBUG org.hibernate.type.BasicTypeRegistry -
				Adding type registration nclob -> org.hibernate.type.NClobType@72a7aa4f
2022-04-06 14:01:35 [main] DEBUG org.hibernate.type.BasicTypeRegistry -
				Adding type registration java.sql.NClob -> org.hibernate.type.NClobType@72a7aa4f
2022-04-06 14:01:35 [main] DEBUG org.hibernate.type.BasicTypeRegistry -
				Adding type registration materialized_clob -> org.hibernate.type.MaterializedClobType@7ad889be
2022-04-06 14:01:35 [main] DEBUG org.hibernate.type.BasicTypeRegistry -
				Adding type registration materialized_nclob -> org.hibernate.type.MaterializedNClobType@18907af2
2022-04-06 14:01:35 [main] DEBUG org.hibernate.type.BasicTypeRegistry -
				Adding type registration serializable -> org.hibernate.type.SerializableType@1152900
2022-04-06 14:01:35 [main] DEBUG org.hibernate.type.BasicTypeRegistry -
				Adding type registration object -> org.hibernate.type.ObjectType@25218a4d
2022-04-06 14:01:35 [main] DEBUG org.hibernate.type.BasicTypeRegistry -
				Adding type registration java.lang.Object -> org.hibernate.type.ObjectType@25218a4d
2022-04-06 14:01:35 [main] DEBUG org.hibernate.type.BasicTypeRegistry -
				Adding type registration imm_date -> org.hibernate.type.AdaptedImmutableType@426710f0
2022-04-06 14:01:35 [main] DEBUG org.hibernate.type.BasicTypeRegistry -
				Adding type registration imm_time -> org.hibernate.type.AdaptedImmutableType@5c5a91b4
2022-04-06 14:01:35 [main] DEBUG org.hibernate.type.BasicTypeRegistry -
				Adding type registration imm_timestamp -> org.hibernate.type.AdaptedImmutableType@5e37fb82
2022-04-06 14:01:35 [main] DEBUG org.hibernate.type.BasicTypeRegistry -
				Adding type registration imm_dbtimestamp -> org.hibernate.type.AdaptedImmutableType@59ec7020
2022-04-06 14:01:35 [main] DEBUG org.hibernate.type.BasicTypeRegistry -
				Adding type registration imm_calendar -> org.hibernate.type.AdaptedImmutableType@23f60b7d
2022-04-06 14:01:35 [main] DEBUG org.hibernate.type.BasicTypeRegistry -
				Adding type registration imm_calendar_date -> org.hibernate.type.AdaptedImmutableType@2ba9f986
2022-04-06 14:01:35 [main] DEBUG org.hibernate.type.BasicTypeRegistry -
				Adding type registration imm_binary -> org.hibernate.type.AdaptedImmutableType@4aa3fc9a
2022-04-06 14:01:35 [main] DEBUG org.hibernate.type.BasicTypeRegistry -
				Adding type registration imm_serializable -> org.hibernate.type.AdaptedImmutableType@70f4f89e
2022-04-06 14:01:36 [main] DEBUG o.h.type.spi.TypeConfiguration$Scope -
				Scoping TypeConfiguration [org.hibernate.type.spi.TypeConfiguration@305aaedf] to MetadataBuildingContext [org.hibernate.boot.internal.MetadataBuildingContextRootImpl@2a425cf5]
2022-04-06 14:01:36 [main] DEBUG o.h.type.spi.TypeConfiguration$Scope -
				Scoping TypeConfiguration [org.hibernate.type.spi.TypeConfiguration@305aaedf] to SessionFactoryImpl [org.hibernate.internal.SessionFactoryImpl@2e0652ab]
2022-04-06 14:01:36 [main] DEBUG org.hibernate.SQL -
				create table customer (user_name varchar(255) not null, email_id varchar(255), name varchar(255), password varchar(255), phone_number integer not null, primary key (user_name)) engine=InnoDB
2022-04-06 14:01:36 [main] TRACE o.h.type.spi.TypeConfiguration$Scope -
				Handling #sessionFactoryCreated from [org.hibernate.internal.SessionFactoryImpl@2e0652ab] for TypeConfiguration
2022-04-06 14:01:37 [main] WARN  o.s.b.a.o.j.JpaBaseConfiguration$JpaWebConfiguration -
				spring.jpa.open-in-view is enabled by default. Therefore, database queries may be performed during view rendering. Explicitly configure spring.jpa.open-in-view to disable this warning
2022-04-06 14:01:38 [main] WARN  o.s.c.l.c.LoadBalancerCacheAutoConfiguration$LoadBalancerCaffeineWarnLogger -
				Spring Cloud LoadBalancer is currently working with the default cache. While this cache implementation is useful for development and tests, it's recommended to use Caffeine cache in production.You can switch to using Caffeine cache, by adding it and org.springframework.cache.caffeine.CaffeineCacheManager to the classpath.
2022-04-06 14:02:07 [http-nio-9094-exec-1] DEBUG org.hibernate.SQL -
				select customer0_.user_name as user_nam1_0_, customer0_.email_id as email_id2_0_, customer0_.name as name3_0_, customer0_.password as password4_0_, customer0_.phone_number as phone_nu5_0_ from customer customer0_ where customer0_.user_name=? and customer0_.password=?
2022-04-06 14:02:07 [http-nio-9094-exec-1] TRACE o.h.type.descriptor.sql.BasicBinder -
				binding parameter [1] as [VARCHAR] - [laura]
2022-04-06 14:02:07 [http-nio-9094-exec-1] TRACE o.h.type.descriptor.sql.BasicBinder -
				binding parameter [2] as [VARCHAR] - [password]
2022-04-06 14:02:07 [http-nio-9094-exec-1] DEBUG org.hibernate.SQL -
				select customer0_.user_name as user_nam1_0_0_, customer0_.email_id as email_id2_0_0_, customer0_.name as name3_0_0_, customer0_.password as password4_0_0_, customer0_.phone_number as phone_nu5_0_0_ from customer customer0_ where customer0_.user_name=?
2022-04-06 14:02:07 [http-nio-9094-exec-1] TRACE o.h.type.descriptor.sql.BasicBinder -
				binding parameter [1] as [VARCHAR] - [laura]
2022-04-06 14:02:07 [http-nio-9094-exec-1] DEBUG org.hibernate.SQL -
				insert into customer (email_id, name, password, phone_number, user_name) values (?, ?, ?, ?, ?)
2022-04-06 14:02:07 [http-nio-9094-exec-1] TRACE o.h.type.descriptor.sql.BasicBinder -
				binding parameter [1] as [VARCHAR] - [laura@yahoo.com]
2022-04-06 14:02:07 [http-nio-9094-exec-1] TRACE o.h.type.descriptor.sql.BasicBinder -
				binding parameter [2] as [VARCHAR] - [Laura]
2022-04-06 14:02:07 [http-nio-9094-exec-1] TRACE o.h.type.descriptor.sql.BasicBinder -
				binding parameter [3] as [VARCHAR] - [password]
2022-04-06 14:02:07 [http-nio-9094-exec-1] TRACE o.h.type.descriptor.sql.BasicBinder -
				binding parameter [4] as [INTEGER] - [1234567770]
2022-04-06 14:02:07 [http-nio-9094-exec-1] TRACE o.h.type.descriptor.sql.BasicBinder -
				binding parameter [5] as [VARCHAR] - [laura]
2022-04-06 14:04:14 [http-nio-9094-exec-4] DEBUG org.hibernate.SQL -
				select customer0_.user_name as user_nam1_0_, customer0_.email_id as email_id2_0_, customer0_.name as name3_0_, customer0_.password as password4_0_, customer0_.phone_number as phone_nu5_0_ from customer customer0_ where customer0_.user_name=? and customer0_.password=?
2022-04-06 14:04:14 [http-nio-9094-exec-4] TRACE o.h.type.descriptor.sql.BasicBinder -
				binding parameter [1] as [VARCHAR] - [ainz]
2022-04-06 14:04:14 [http-nio-9094-exec-4] TRACE o.h.type.descriptor.sql.BasicBinder -
				binding parameter [2] as [VARCHAR] - [ainz]
2022-04-06 14:04:25 [http-nio-9094-exec-5] DEBUG org.hibernate.SQL -
				select customer0_.user_name as user_nam1_0_, customer0_.email_id as email_id2_0_, customer0_.name as name3_0_, customer0_.password as password4_0_, customer0_.phone_number as phone_nu5_0_ from customer customer0_ where customer0_.user_name=? and customer0_.password=?
2022-04-06 14:04:25 [http-nio-9094-exec-5] TRACE o.h.type.descriptor.sql.BasicBinder -
				binding parameter [1] as [VARCHAR] - [laura]
2022-04-06 14:04:25 [http-nio-9094-exec-5] TRACE o.h.type.descriptor.sql.BasicBinder -
				binding parameter [2] as [VARCHAR] - [password]
2022-04-06 14:04:25 [http-nio-9094-exec-5] TRACE o.h.t.descriptor.sql.BasicExtractor -
				extracted value ([user_nam1_0_] : [VARCHAR]) - [laura]
2022-04-06 14:04:25 [http-nio-9094-exec-5] TRACE o.h.t.descriptor.sql.BasicExtractor -
				extracted value ([email_id2_0_] : [VARCHAR]) - [laura@yahoo.com]
2022-04-06 14:04:25 [http-nio-9094-exec-5] TRACE o.h.t.descriptor.sql.BasicExtractor -
				extracted value ([name3_0_] : [VARCHAR]) - [Laura]
2022-04-06 14:04:25 [http-nio-9094-exec-5] TRACE o.h.t.descriptor.sql.BasicExtractor -
				extracted value ([password4_0_] : [VARCHAR]) - [password]
2022-04-06 14:04:25 [http-nio-9094-exec-5] TRACE o.h.t.descriptor.sql.BasicExtractor -
				extracted value ([phone_nu5_0_] : [INTEGER]) - [1234567770]
2022-04-06 14:04:26 [http-nio-9094-exec-7] DEBUG org.hibernate.SQL -
				select customer0_.user_name as user_nam1_0_0_, customer0_.email_id as email_id2_0_0_, customer0_.name as name3_0_0_, customer0_.password as password4_0_0_, customer0_.phone_number as phone_nu5_0_0_ from customer customer0_ where customer0_.user_name=?
2022-04-06 14:04:26 [http-nio-9094-exec-7] TRACE o.h.type.descriptor.sql.BasicBinder -
				binding parameter [1] as [VARCHAR] - [laura]
2022-04-06 14:04:26 [http-nio-9094-exec-7] TRACE o.h.t.descriptor.sql.BasicExtractor -
				extracted value ([email_id2_0_0_] : [VARCHAR]) - [laura@yahoo.com]
2022-04-06 14:04:26 [http-nio-9094-exec-7] TRACE o.h.t.descriptor.sql.BasicExtractor -
				extracted value ([name3_0_0_] : [VARCHAR]) - [Laura]
2022-04-06 14:04:26 [http-nio-9094-exec-7] TRACE o.h.t.descriptor.sql.BasicExtractor -
				extracted value ([password4_0_0_] : [VARCHAR]) - [password]
2022-04-06 14:04:26 [http-nio-9094-exec-7] TRACE o.h.t.descriptor.sql.BasicExtractor -
				extracted value ([phone_nu5_0_0_] : [INTEGER]) - [1234567770]
2022-04-06 14:04:30 [http-nio-9094-exec-3] DEBUG org.hibernate.SQL -
				select customer0_.user_name as user_nam1_0_0_, customer0_.email_id as email_id2_0_0_, customer0_.name as name3_0_0_, customer0_.password as password4_0_0_, customer0_.phone_number as phone_nu5_0_0_ from customer customer0_ where customer0_.user_name=?
2022-04-06 14:04:30 [http-nio-9094-exec-3] TRACE o.h.type.descriptor.sql.BasicBinder -
				binding parameter [1] as [VARCHAR] - [laura]
2022-04-06 14:04:30 [http-nio-9094-exec-3] TRACE o.h.t.descriptor.sql.BasicExtractor -
				extracted value ([email_id2_0_0_] : [VARCHAR]) - [laura@yahoo.com]
2022-04-06 14:04:30 [http-nio-9094-exec-3] TRACE o.h.t.descriptor.sql.BasicExtractor -
				extracted value ([name3_0_0_] : [VARCHAR]) - [Laura]
2022-04-06 14:04:30 [http-nio-9094-exec-3] TRACE o.h.t.descriptor.sql.BasicExtractor -
				extracted value ([password4_0_0_] : [VARCHAR]) - [password]
2022-04-06 14:04:30 [http-nio-9094-exec-3] TRACE o.h.t.descriptor.sql.BasicExtractor -
				extracted value ([phone_nu5_0_0_] : [INTEGER]) - [1234567770]
2022-04-06 14:04:33 [http-nio-9094-exec-9] DEBUG org.hibernate.SQL -
				select customer0_.user_name as user_nam1_0_0_, customer0_.email_id as email_id2_0_0_, customer0_.name as name3_0_0_, customer0_.password as password4_0_0_, customer0_.phone_number as phone_nu5_0_0_ from customer customer0_ where customer0_.user_name=?
2022-04-06 14:04:33 [http-nio-9094-exec-9] TRACE o.h.type.descriptor.sql.BasicBinder -
				binding parameter [1] as [VARCHAR] - [laura]
2022-04-06 14:04:33 [http-nio-9094-exec-9] TRACE o.h.t.descriptor.sql.BasicExtractor -
				extracted value ([email_id2_0_0_] : [VARCHAR]) - [laura@yahoo.com]
2022-04-06 14:04:33 [http-nio-9094-exec-9] TRACE o.h.t.descriptor.sql.BasicExtractor -
				extracted value ([name3_0_0_] : [VARCHAR]) - [Laura]
2022-04-06 14:04:33 [http-nio-9094-exec-9] TRACE o.h.t.descriptor.sql.BasicExtractor -
				extracted value ([password4_0_0_] : [VARCHAR]) - [password]
2022-04-06 14:04:33 [http-nio-9094-exec-9] TRACE o.h.t.descriptor.sql.BasicExtractor -
				extracted value ([phone_nu5_0_0_] : [INTEGER]) - [1234567770]
2022-04-06 14:04:39 [http-nio-9094-exec-2] DEBUG org.hibernate.SQL -
				select customer0_.user_name as user_nam1_0_0_, customer0_.email_id as email_id2_0_0_, customer0_.name as name3_0_0_, customer0_.password as password4_0_0_, customer0_.phone_number as phone_nu5_0_0_ from customer customer0_ where customer0_.user_name=?
2022-04-06 14:04:39 [http-nio-9094-exec-2] TRACE o.h.type.descriptor.sql.BasicBinder -
				binding parameter [1] as [VARCHAR] - [laura]
2022-04-06 14:04:39 [http-nio-9094-exec-2] TRACE o.h.t.descriptor.sql.BasicExtractor -
				extracted value ([email_id2_0_0_] : [VARCHAR]) - [laura@yahoo.com]
2022-04-06 14:04:39 [http-nio-9094-exec-2] TRACE o.h.t.descriptor.sql.BasicExtractor -
				extracted value ([name3_0_0_] : [VARCHAR]) - [Laura]
2022-04-06 14:04:39 [http-nio-9094-exec-2] TRACE o.h.t.descriptor.sql.BasicExtractor -
				extracted value ([password4_0_0_] : [VARCHAR]) - [password]
2022-04-06 14:04:39 [http-nio-9094-exec-2] TRACE o.h.t.descriptor.sql.BasicExtractor -
				extracted value ([phone_nu5_0_0_] : [INTEGER]) - [1234567770]
2022-04-06 14:04:39 [http-nio-9094-exec-2] DEBUG org.hibernate.SQL -
				delete from customer where user_name=?
2022-04-06 14:04:39 [http-nio-9094-exec-2] TRACE o.h.type.descriptor.sql.BasicBinder -
				binding parameter [1] as [VARCHAR] - [laura]
2022-04-06 14:04:45 [http-nio-9094-exec-1] DEBUG org.hibernate.SQL -
				select customer0_.user_name as user_nam1_0_0_, customer0_.email_id as email_id2_0_0_, customer0_.name as name3_0_0_, customer0_.password as password4_0_0_, customer0_.phone_number as phone_nu5_0_0_ from customer customer0_ where customer0_.user_name=?
2022-04-06 14:04:45 [http-nio-9094-exec-1] TRACE o.h.type.descriptor.sql.BasicBinder -
				binding parameter [1] as [VARCHAR] - [laura]
2022-04-06 14:05:38 [http-nio-9094-exec-4] DEBUG org.hibernate.SQL -
				select customer0_.user_name as user_nam1_0_, customer0_.email_id as email_id2_0_, customer0_.name as name3_0_, customer0_.password as password4_0_, customer0_.phone_number as phone_nu5_0_ from customer customer0_ where customer0_.user_name=? and customer0_.password=?
2022-04-06 14:05:38 [http-nio-9094-exec-4] TRACE o.h.type.descriptor.sql.BasicBinder -
				binding parameter [1] as [VARCHAR] - [laura]
2022-04-06 14:05:38 [http-nio-9094-exec-4] TRACE o.h.type.descriptor.sql.BasicBinder -
				binding parameter [2] as [VARCHAR] - [password]
2022-04-06 14:05:38 [http-nio-9094-exec-4] DEBUG org.hibernate.SQL -
				select customer0_.user_name as user_nam1_0_0_, customer0_.email_id as email_id2_0_0_, customer0_.name as name3_0_0_, customer0_.password as password4_0_0_, customer0_.phone_number as phone_nu5_0_0_ from customer customer0_ where customer0_.user_name=?
2022-04-06 14:05:38 [http-nio-9094-exec-4] TRACE o.h.type.descriptor.sql.BasicBinder -
				binding parameter [1] as [VARCHAR] - [laura]
2022-04-06 14:05:38 [http-nio-9094-exec-4] DEBUG org.hibernate.SQL -
				insert into customer (email_id, name, password, phone_number, user_name) values (?, ?, ?, ?, ?)
2022-04-06 14:05:38 [http-nio-9094-exec-4] TRACE o.h.type.descriptor.sql.BasicBinder -
				binding parameter [1] as [VARCHAR] - [laura@yahoo.com]
2022-04-06 14:05:38 [http-nio-9094-exec-4] TRACE o.h.type.descriptor.sql.BasicBinder -
				binding parameter [2] as [VARCHAR] - [Laura]
2022-04-06 14:05:38 [http-nio-9094-exec-4] TRACE o.h.type.descriptor.sql.BasicBinder -
				binding parameter [3] as [VARCHAR] - [password]
2022-04-06 14:05:38 [http-nio-9094-exec-4] TRACE o.h.type.descriptor.sql.BasicBinder -
				binding parameter [4] as [INTEGER] - [1234567770]
2022-04-06 14:05:38 [http-nio-9094-exec-4] TRACE o.h.type.descriptor.sql.BasicBinder -
				binding parameter [5] as [VARCHAR] - [laura]
2022-04-06 14:06:17 [http-nio-9094-exec-7] DEBUG org.hibernate.SQL -
				select customer0_.user_name as user_nam1_0_, customer0_.email_id as email_id2_0_, customer0_.name as name3_0_, customer0_.password as password4_0_, customer0_.phone_number as phone_nu5_0_ from customer customer0_ where customer0_.phone_number=?
2022-04-06 14:06:17 [http-nio-9094-exec-7] TRACE o.h.type.descriptor.sql.BasicBinder -
				binding parameter [1] as [INTEGER] - [1234567770]
2022-04-06 14:06:17 [http-nio-9094-exec-7] TRACE o.h.t.descriptor.sql.BasicExtractor -
				extracted value ([user_nam1_0_] : [VARCHAR]) - [laura]
2022-04-06 14:06:17 [http-nio-9094-exec-7] TRACE o.h.t.descriptor.sql.BasicExtractor -
				extracted value ([email_id2_0_] : [VARCHAR]) - [laura@yahoo.com]
2022-04-06 14:06:17 [http-nio-9094-exec-7] TRACE o.h.t.descriptor.sql.BasicExtractor -
				extracted value ([name3_0_] : [VARCHAR]) - [Laura]
2022-04-06 14:06:17 [http-nio-9094-exec-7] TRACE o.h.t.descriptor.sql.BasicExtractor -
				extracted value ([password4_0_] : [VARCHAR]) - [password]
2022-04-06 14:06:17 [http-nio-9094-exec-7] TRACE o.h.t.descriptor.sql.BasicExtractor -
				extracted value ([phone_nu5_0_] : [INTEGER]) - [1234567770]
2022-04-06 14:06:17 [http-nio-9094-exec-3] DEBUG org.hibernate.SQL -
				select customer0_.user_name as user_nam1_0_0_, customer0_.email_id as email_id2_0_0_, customer0_.name as name3_0_0_, customer0_.password as password4_0_0_, customer0_.phone_number as phone_nu5_0_0_ from customer customer0_ where customer0_.user_name=?
2022-04-06 14:06:17 [http-nio-9094-exec-3] TRACE o.h.type.descriptor.sql.BasicBinder -
				binding parameter [1] as [VARCHAR] - [laura]
2022-04-06 14:06:17 [http-nio-9094-exec-3] TRACE o.h.t.descriptor.sql.BasicExtractor -
				extracted value ([email_id2_0_0_] : [VARCHAR]) - [laura@yahoo.com]
2022-04-06 14:06:17 [http-nio-9094-exec-3] TRACE o.h.t.descriptor.sql.BasicExtractor -
				extracted value ([name3_0_0_] : [VARCHAR]) - [Laura]
2022-04-06 14:06:17 [http-nio-9094-exec-3] TRACE o.h.t.descriptor.sql.BasicExtractor -
				extracted value ([password4_0_0_] : [VARCHAR]) - [password]
2022-04-06 14:06:17 [http-nio-9094-exec-3] TRACE o.h.t.descriptor.sql.BasicExtractor -
				extracted value ([phone_nu5_0_0_] : [INTEGER]) - [1234567770]
2022-04-06 14:07:12 [http-nio-9094-exec-10] DEBUG org.hibernate.SQL -
				select customer0_.user_name as user_nam1_0_, customer0_.email_id as email_id2_0_, customer0_.name as name3_0_, customer0_.password as password4_0_, customer0_.phone_number as phone_nu5_0_ from customer customer0_ where customer0_.phone_number=?
2022-04-06 14:07:12 [http-nio-9094-exec-10] TRACE o.h.type.descriptor.sql.BasicBinder -
				binding parameter [1] as [INTEGER] - [1234567770]
2022-04-06 14:07:12 [http-nio-9094-exec-10] TRACE o.h.t.descriptor.sql.BasicExtractor -
				extracted value ([user_nam1_0_] : [VARCHAR]) - [laura]
2022-04-06 14:07:12 [http-nio-9094-exec-10] TRACE o.h.t.descriptor.sql.BasicExtractor -
				extracted value ([email_id2_0_] : [VARCHAR]) - [laura@yahoo.com]
2022-04-06 14:07:12 [http-nio-9094-exec-10] TRACE o.h.t.descriptor.sql.BasicExtractor -
				extracted value ([name3_0_] : [VARCHAR]) - [Laura]
2022-04-06 14:07:12 [http-nio-9094-exec-10] TRACE o.h.t.descriptor.sql.BasicExtractor -
				extracted value ([password4_0_] : [VARCHAR]) - [password]
2022-04-06 14:07:12 [http-nio-9094-exec-10] TRACE o.h.t.descriptor.sql.BasicExtractor -
				extracted value ([phone_nu5_0_] : [INTEGER]) - [1234567770]
2022-04-06 14:07:12 [http-nio-9094-exec-2] DEBUG org.hibernate.SQL -
				select customer0_.user_name as user_nam1_0_0_, customer0_.email_id as email_id2_0_0_, customer0_.name as name3_0_0_, customer0_.password as password4_0_0_, customer0_.phone_number as phone_nu5_0_0_ from customer customer0_ where customer0_.user_name=?
2022-04-06 14:07:12 [http-nio-9094-exec-2] TRACE o.h.type.descriptor.sql.BasicBinder -
				binding parameter [1] as [VARCHAR] - [laura]
2022-04-06 14:07:12 [http-nio-9094-exec-2] TRACE o.h.t.descriptor.sql.BasicExtractor -
				extracted value ([email_id2_0_0_] : [VARCHAR]) - [laura@yahoo.com]
2022-04-06 14:07:12 [http-nio-9094-exec-2] TRACE o.h.t.descriptor.sql.BasicExtractor -
				extracted value ([name3_0_0_] : [VARCHAR]) - [Laura]
2022-04-06 14:07:12 [http-nio-9094-exec-2] TRACE o.h.t.descriptor.sql.BasicExtractor -
				extracted value ([password4_0_0_] : [VARCHAR]) - [password]
2022-04-06 14:07:12 [http-nio-9094-exec-2] TRACE o.h.t.descriptor.sql.BasicExtractor -
				extracted value ([phone_nu5_0_0_] : [INTEGER]) - [1234567770]
2022-04-06 14:14:35 [http-nio-9094-exec-8] DEBUG org.hibernate.SQL -
				select customer0_.user_name as user_nam1_0_, customer0_.email_id as email_id2_0_, customer0_.name as name3_0_, customer0_.password as password4_0_, customer0_.phone_number as phone_nu5_0_ from customer customer0_ where customer0_.user_name=? and customer0_.password=?
2022-04-06 14:14:35 [http-nio-9094-exec-8] TRACE o.h.type.descriptor.sql.BasicBinder -
				binding parameter [1] as [VARCHAR] - [rob]
2022-04-06 14:14:35 [http-nio-9094-exec-8] TRACE o.h.type.descriptor.sql.BasicBinder -
				binding parameter [2] as [VARCHAR] - [password]
