2022-03-25 16:21:51 [main] DEBUG org.hibernate.type.BasicTypeRegistry -
				Adding type registration boolean -> org.hibernate.type.BooleanType@4bf03fee
2022-03-25 16:21:51 [main] DEBUG org.hibernate.type.BasicTypeRegistry -
				Adding type registration boolean -> org.hibernate.type.BooleanType@4bf03fee
2022-03-25 16:21:51 [main] DEBUG org.hibernate.type.BasicTypeRegistry -
				Adding type registration java.lang.Boolean -> org.hibernate.type.BooleanType@4bf03fee
2022-03-25 16:21:51 [main] DEBUG org.hibernate.type.BasicTypeRegistry -
				Adding type registration numeric_boolean -> org.hibernate.type.NumericBooleanType@18d47df0
2022-03-25 16:21:51 [main] DEBUG org.hibernate.type.BasicTypeRegistry -
				Adding type registration true_false -> org.hibernate.type.TrueFalseType@4776e209
2022-03-25 16:21:51 [main] DEBUG org.hibernate.type.BasicTypeRegistry -
				Adding type registration yes_no -> org.hibernate.type.YesNoType@22a260ff
2022-03-25 16:21:51 [main] DEBUG org.hibernate.type.BasicTypeRegistry -
				Adding type registration byte -> org.hibernate.type.ByteType@1a7cb3a4
2022-03-25 16:21:51 [main] DEBUG org.hibernate.type.BasicTypeRegistry -
				Adding type registration byte -> org.hibernate.type.ByteType@1a7cb3a4
2022-03-25 16:21:51 [main] DEBUG org.hibernate.type.BasicTypeRegistry -
				Adding type registration java.lang.Byte -> org.hibernate.type.ByteType@1a7cb3a4
2022-03-25 16:21:51 [main] DEBUG org.hibernate.type.BasicTypeRegistry -
				Adding type registration character -> org.hibernate.type.CharacterType@491cafec
2022-03-25 16:21:51 [main] DEBUG org.hibernate.type.BasicTypeRegistry -
				Adding type registration char -> org.hibernate.type.CharacterType@491cafec
2022-03-25 16:21:51 [main] DEBUG org.hibernate.type.BasicTypeRegistry -
				Adding type registration java.lang.Character -> org.hibernate.type.CharacterType@491cafec
2022-03-25 16:21:51 [main] DEBUG org.hibernate.type.BasicTypeRegistry -
				Adding type registration short -> org.hibernate.type.ShortType@76a7fcbd
2022-03-25 16:21:51 [main] DEBUG org.hibernate.type.BasicTypeRegistry -
				Adding type registration short -> org.hibernate.type.ShortType@76a7fcbd
2022-03-25 16:21:51 [main] DEBUG org.hibernate.type.BasicTypeRegistry -
				Adding type registration java.lang.Short -> org.hibernate.type.ShortType@76a7fcbd
2022-03-25 16:21:51 [main] DEBUG org.hibernate.type.BasicTypeRegistry -
				Adding type registration integer -> org.hibernate.type.IntegerType@480cbe2e
2022-03-25 16:21:51 [main] DEBUG org.hibernate.type.BasicTypeRegistry -
				Adding type registration int -> org.hibernate.type.IntegerType@480cbe2e
2022-03-25 16:21:51 [main] DEBUG org.hibernate.type.BasicTypeRegistry -
				Adding type registration java.lang.Integer -> org.hibernate.type.IntegerType@480cbe2e
2022-03-25 16:21:51 [main] DEBUG org.hibernate.type.BasicTypeRegistry -
				Adding type registration long -> org.hibernate.type.LongType@59018eed
2022-03-25 16:21:51 [main] DEBUG org.hibernate.type.BasicTypeRegistry -
				Adding type registration long -> org.hibernate.type.LongType@59018eed
2022-03-25 16:21:51 [main] DEBUG org.hibernate.type.BasicTypeRegistry -
				Adding type registration java.lang.Long -> org.hibernate.type.LongType@59018eed
2022-03-25 16:21:51 [main] DEBUG org.hibernate.type.BasicTypeRegistry -
				Adding type registration float -> org.hibernate.type.FloatType@c4d2c44
2022-03-25 16:21:51 [main] DEBUG org.hibernate.type.BasicTypeRegistry -
				Adding type registration float -> org.hibernate.type.FloatType@c4d2c44
2022-03-25 16:21:51 [main] DEBUG org.hibernate.type.BasicTypeRegistry -
				Adding type registration java.lang.Float -> org.hibernate.type.FloatType@c4d2c44
2022-03-25 16:21:51 [main] DEBUG org.hibernate.type.BasicTypeRegistry -
				Adding type registration double -> org.hibernate.type.DoubleType@4cffd3fd
2022-03-25 16:21:51 [main] DEBUG org.hibernate.type.BasicTypeRegistry -
				Adding type registration double -> org.hibernate.type.DoubleType@4cffd3fd
2022-03-25 16:21:51 [main] DEBUG org.hibernate.type.BasicTypeRegistry -
				Adding type registration java.lang.Double -> org.hibernate.type.DoubleType@4cffd3fd
2022-03-25 16:21:51 [main] DEBUG org.hibernate.type.BasicTypeRegistry -
				Adding type registration big_decimal -> org.hibernate.type.BigDecimalType@7ce29a2d
2022-03-25 16:21:51 [main] DEBUG org.hibernate.type.BasicTypeRegistry -
				Adding type registration java.math.BigDecimal -> org.hibernate.type.BigDecimalType@7ce29a2d
2022-03-25 16:21:51 [main] DEBUG org.hibernate.type.BasicTypeRegistry -
				Adding type registration big_integer -> org.hibernate.type.BigIntegerType@3086f480
2022-03-25 16:21:51 [main] DEBUG org.hibernate.type.BasicTypeRegistry -
				Adding type registration java.math.BigInteger -> org.hibernate.type.BigIntegerType@3086f480
2022-03-25 16:21:51 [main] DEBUG org.hibernate.type.BasicTypeRegistry -
				Adding type registration string -> org.hibernate.type.StringType@4962b41e
2022-03-25 16:21:51 [main] DEBUG org.hibernate.type.BasicTypeRegistry -
				Adding type registration java.lang.String -> org.hibernate.type.StringType@4962b41e
2022-03-25 16:21:51 [main] DEBUG org.hibernate.type.BasicTypeRegistry -
				Adding type registration nstring -> org.hibernate.type.StringNVarcharType@7c11d32
2022-03-25 16:21:51 [main] DEBUG org.hibernate.type.BasicTypeRegistry -
				Adding type registration ncharacter -> org.hibernate.type.CharacterNCharType@707865bd
2022-03-25 16:21:51 [main] DEBUG org.hibernate.type.BasicTypeRegistry -
				Adding type registration url -> org.hibernate.type.UrlType@616a06e3
2022-03-25 16:21:51 [main] DEBUG org.hibernate.type.BasicTypeRegistry -
				Adding type registration java.net.URL -> org.hibernate.type.UrlType@616a06e3
2022-03-25 16:21:51 [main] DEBUG org.hibernate.type.BasicTypeRegistry -
				Adding type registration Duration -> org.hibernate.type.DurationType@57fdb8a4
2022-03-25 16:21:51 [main] DEBUG org.hibernate.type.BasicTypeRegistry -
				Adding type registration java.time.Duration -> org.hibernate.type.DurationType@57fdb8a4
2022-03-25 16:21:51 [main] DEBUG org.hibernate.type.BasicTypeRegistry -
				Adding type registration Instant -> org.hibernate.type.InstantType@21a46ff1
2022-03-25 16:21:51 [main] DEBUG org.hibernate.type.BasicTypeRegistry -
				Adding type registration java.time.Instant -> org.hibernate.type.InstantType@21a46ff1
2022-03-25 16:21:51 [main] DEBUG org.hibernate.type.BasicTypeRegistry -
				Adding type registration LocalDateTime -> org.hibernate.type.LocalDateTimeType@5efe47fd
2022-03-25 16:21:51 [main] DEBUG org.hibernate.type.BasicTypeRegistry -
				Adding type registration java.time.LocalDateTime -> org.hibernate.type.LocalDateTimeType@5efe47fd
2022-03-25 16:21:51 [main] DEBUG org.hibernate.type.BasicTypeRegistry -
				Adding type registration LocalDate -> org.hibernate.type.LocalDateType@27a6fef2
2022-03-25 16:21:51 [main] DEBUG org.hibernate.type.BasicTypeRegistry -
				Adding type registration java.time.LocalDate -> org.hibernate.type.LocalDateType@27a6fef2
2022-03-25 16:21:51 [main] DEBUG org.hibernate.type.BasicTypeRegistry -
				Adding type registration LocalTime -> org.hibernate.type.LocalTimeType@31b0f02
2022-03-25 16:21:51 [main] DEBUG org.hibernate.type.BasicTypeRegistry -
				Adding type registration java.time.LocalTime -> org.hibernate.type.LocalTimeType@31b0f02
2022-03-25 16:21:51 [main] DEBUG org.hibernate.type.BasicTypeRegistry -
				Adding type registration OffsetDateTime -> org.hibernate.type.OffsetDateTimeType@149274cb
2022-03-25 16:21:51 [main] DEBUG org.hibernate.type.BasicTypeRegistry -
				Adding type registration java.time.OffsetDateTime -> org.hibernate.type.OffsetDateTimeType@149274cb
2022-03-25 16:21:51 [main] DEBUG org.hibernate.type.BasicTypeRegistry -
				Adding type registration OffsetTime -> org.hibernate.type.OffsetTimeType@101bdd1c
2022-03-25 16:21:51 [main] DEBUG org.hibernate.type.BasicTypeRegistry -
				Adding type registration java.time.OffsetTime -> org.hibernate.type.OffsetTimeType@101bdd1c
2022-03-25 16:21:51 [main] DEBUG org.hibernate.type.BasicTypeRegistry -
				Adding type registration ZonedDateTime -> org.hibernate.type.ZonedDateTimeType@6e24ce51
2022-03-25 16:21:51 [main] DEBUG org.hibernate.type.BasicTypeRegistry -
				Adding type registration java.time.ZonedDateTime -> org.hibernate.type.ZonedDateTimeType@6e24ce51
2022-03-25 16:21:51 [main] DEBUG org.hibernate.type.BasicTypeRegistry -
				Adding type registration date -> org.hibernate.type.DateType@61037caf
2022-03-25 16:21:51 [main] DEBUG org.hibernate.type.BasicTypeRegistry -
				Adding type registration java.sql.Date -> org.hibernate.type.DateType@61037caf
2022-03-25 16:21:51 [main] DEBUG org.hibernate.type.BasicTypeRegistry -
				Adding type registration time -> org.hibernate.type.TimeType@1cd6b1bd
2022-03-25 16:21:51 [main] DEBUG org.hibernate.type.BasicTypeRegistry -
				Adding type registration java.sql.Time -> org.hibernate.type.TimeType@1cd6b1bd
2022-03-25 16:21:51 [main] DEBUG org.hibernate.type.BasicTypeRegistry -
				Adding type registration timestamp -> org.hibernate.type.TimestampType@67e0fd6d
2022-03-25 16:21:51 [main] DEBUG org.hibernate.type.BasicTypeRegistry -
				Adding type registration java.sql.Timestamp -> org.hibernate.type.TimestampType@67e0fd6d
2022-03-25 16:21:51 [main] DEBUG org.hibernate.type.BasicTypeRegistry -
				Adding type registration java.util.Date -> org.hibernate.type.TimestampType@67e0fd6d
2022-03-25 16:21:51 [main] DEBUG org.hibernate.type.BasicTypeRegistry -
				Adding type registration dbtimestamp -> org.hibernate.type.DbTimestampType@7a388990
2022-03-25 16:21:51 [main] DEBUG org.hibernate.type.BasicTypeRegistry -
				Adding type registration calendar -> org.hibernate.type.CalendarType@402f8592
2022-03-25 16:21:51 [main] DEBUG org.hibernate.type.BasicTypeRegistry -
				Adding type registration java.util.Calendar -> org.hibernate.type.CalendarType@402f8592
2022-03-25 16:21:51 [main] DEBUG org.hibernate.type.BasicTypeRegistry -
				Adding type registration java.util.GregorianCalendar -> org.hibernate.type.CalendarType@402f8592
2022-03-25 16:21:51 [main] DEBUG org.hibernate.type.BasicTypeRegistry -
				Adding type registration calendar_date -> org.hibernate.type.CalendarDateType@101cf747
2022-03-25 16:21:51 [main] DEBUG org.hibernate.type.BasicTypeRegistry -
				Adding type registration calendar_time -> org.hibernate.type.CalendarTimeType@70b6db83
2022-03-25 16:21:51 [main] DEBUG org.hibernate.type.BasicTypeRegistry -
				Adding type registration locale -> org.hibernate.type.LocaleType@370ef50b
2022-03-25 16:21:51 [main] DEBUG org.hibernate.type.BasicTypeRegistry -
				Adding type registration java.util.Locale -> org.hibernate.type.LocaleType@370ef50b
2022-03-25 16:21:51 [main] DEBUG org.hibernate.type.BasicTypeRegistry -
				Adding type registration currency -> org.hibernate.type.CurrencyType@2d313c8c
2022-03-25 16:21:51 [main] DEBUG org.hibernate.type.BasicTypeRegistry -
				Adding type registration java.util.Currency -> org.hibernate.type.CurrencyType@2d313c8c
2022-03-25 16:21:51 [main] DEBUG org.hibernate.type.BasicTypeRegistry -
				Adding type registration timezone -> org.hibernate.type.TimeZoneType@7e52a26b
2022-03-25 16:21:51 [main] DEBUG org.hibernate.type.BasicTypeRegistry -
				Adding type registration java.util.TimeZone -> org.hibernate.type.TimeZoneType@7e52a26b
2022-03-25 16:21:51 [main] DEBUG org.hibernate.type.BasicTypeRegistry -
				Adding type registration class -> org.hibernate.type.ClassType@55846997
2022-03-25 16:21:51 [main] DEBUG org.hibernate.type.BasicTypeRegistry -
				Adding type registration java.lang.Class -> org.hibernate.type.ClassType@55846997
2022-03-25 16:21:51 [main] DEBUG org.hibernate.type.BasicTypeRegistry -
				Adding type registration uuid-binary -> org.hibernate.type.UUIDBinaryType@2afdf6b7
2022-03-25 16:21:51 [main] DEBUG org.hibernate.type.BasicTypeRegistry -
				Adding type registration java.util.UUID -> org.hibernate.type.UUIDBinaryType@2afdf6b7
2022-03-25 16:21:51 [main] DEBUG org.hibernate.type.BasicTypeRegistry -
				Adding type registration uuid-char -> org.hibernate.type.UUIDCharType@1472208d
2022-03-25 16:21:51 [main] DEBUG org.hibernate.type.BasicTypeRegistry -
				Adding type registration binary -> org.hibernate.type.BinaryType@68ea253b
2022-03-25 16:21:51 [main] DEBUG org.hibernate.type.BasicTypeRegistry -
				Adding type registration byte[] -> org.hibernate.type.BinaryType@68ea253b
2022-03-25 16:21:51 [main] DEBUG org.hibernate.type.BasicTypeRegistry -
				Adding type registration [B -> org.hibernate.type.BinaryType@68ea253b
2022-03-25 16:21:51 [main] DEBUG org.hibernate.type.BasicTypeRegistry -
				Adding type registration wrapper-binary -> org.hibernate.type.WrapperBinaryType@28a6e171
2022-03-25 16:21:51 [main] DEBUG org.hibernate.type.BasicTypeRegistry -
				Adding type registration Byte[] -> org.hibernate.type.WrapperBinaryType@28a6e171
2022-03-25 16:21:51 [main] DEBUG org.hibernate.type.BasicTypeRegistry -
				Adding type registration [Ljava.lang.Byte; -> org.hibernate.type.WrapperBinaryType@28a6e171
2022-03-25 16:21:51 [main] DEBUG org.hibernate.type.BasicTypeRegistry -
				Adding type registration row_version -> org.hibernate.type.RowVersionType@696b52bc
2022-03-25 16:21:51 [main] DEBUG org.hibernate.type.BasicTypeRegistry -
				Adding type registration image -> org.hibernate.type.ImageType@740a0d5e
2022-03-25 16:21:51 [main] DEBUG org.hibernate.type.BasicTypeRegistry -
				Adding type registration characters -> org.hibernate.type.CharArrayType@1e30db85
2022-03-25 16:21:51 [main] DEBUG org.hibernate.type.BasicTypeRegistry -
				Adding type registration char[] -> org.hibernate.type.CharArrayType@1e30db85
2022-03-25 16:21:51 [main] DEBUG org.hibernate.type.BasicTypeRegistry -
				Adding type registration [C -> org.hibernate.type.CharArrayType@1e30db85
2022-03-25 16:21:51 [main] DEBUG org.hibernate.type.BasicTypeRegistry -
				Adding type registration wrapper-characters -> org.hibernate.type.CharacterArrayType@78c262ba
2022-03-25 16:21:51 [main] DEBUG org.hibernate.type.BasicTypeRegistry -
				Adding type registration [Ljava.lang.Character; -> org.hibernate.type.CharacterArrayType@78c262ba
2022-03-25 16:21:51 [main] DEBUG org.hibernate.type.BasicTypeRegistry -
				Adding type registration Character[] -> org.hibernate.type.CharacterArrayType@78c262ba
2022-03-25 16:21:51 [main] DEBUG org.hibernate.type.BasicTypeRegistry -
				Adding type registration text -> org.hibernate.type.TextType@64021427
2022-03-25 16:21:51 [main] DEBUG org.hibernate.type.BasicTypeRegistry -
				Adding type registration ntext -> org.hibernate.type.NTextType@296edc75
2022-03-25 16:21:51 [main] DEBUG org.hibernate.type.BasicTypeRegistry -
				Adding type registration blob -> org.hibernate.type.BlobType@209f3887
2022-03-25 16:21:51 [main] DEBUG org.hibernate.type.BasicTypeRegistry -
				Adding type registration java.sql.Blob -> org.hibernate.type.BlobType@209f3887
2022-03-25 16:21:51 [main] DEBUG org.hibernate.type.BasicTypeRegistry -
				Adding type registration materialized_blob -> org.hibernate.type.MaterializedBlobType@4702e7a5
2022-03-25 16:21:51 [main] DEBUG org.hibernate.type.BasicTypeRegistry -
				Adding type registration clob -> org.hibernate.type.ClobType@5d9618f2
2022-03-25 16:21:51 [main] DEBUG org.hibernate.type.BasicTypeRegistry -
				Adding type registration java.sql.Clob -> org.hibernate.type.ClobType@5d9618f2
2022-03-25 16:21:51 [main] DEBUG org.hibernate.type.BasicTypeRegistry -
				Adding type registration nclob -> org.hibernate.type.NClobType@29962b2f
2022-03-25 16:21:51 [main] DEBUG org.hibernate.type.BasicTypeRegistry -
				Adding type registration java.sql.NClob -> org.hibernate.type.NClobType@29962b2f
2022-03-25 16:21:51 [main] DEBUG org.hibernate.type.BasicTypeRegistry -
				Adding type registration materialized_clob -> org.hibernate.type.MaterializedClobType@43a4a9e5
2022-03-25 16:21:51 [main] DEBUG org.hibernate.type.BasicTypeRegistry -
				Adding type registration materialized_nclob -> org.hibernate.type.MaterializedNClobType@11df2829
2022-03-25 16:21:51 [main] DEBUG org.hibernate.type.BasicTypeRegistry -
				Adding type registration serializable -> org.hibernate.type.SerializableType@5c313224
2022-03-25 16:21:52 [main] DEBUG org.hibernate.type.BasicTypeRegistry -
				Adding type registration object -> org.hibernate.type.ObjectType@8fcc534
2022-03-25 16:21:52 [main] DEBUG org.hibernate.type.BasicTypeRegistry -
				Adding type registration java.lang.Object -> org.hibernate.type.ObjectType@8fcc534
2022-03-25 16:21:52 [main] DEBUG org.hibernate.type.BasicTypeRegistry -
				Adding type registration imm_date -> org.hibernate.type.AdaptedImmutableType@58a765ce
2022-03-25 16:21:52 [main] DEBUG org.hibernate.type.BasicTypeRegistry -
				Adding type registration imm_time -> org.hibernate.type.AdaptedImmutableType@4a642e4b
2022-03-25 16:21:52 [main] DEBUG org.hibernate.type.BasicTypeRegistry -
				Adding type registration imm_timestamp -> org.hibernate.type.AdaptedImmutableType@6b162ecc
2022-03-25 16:21:52 [main] DEBUG org.hibernate.type.BasicTypeRegistry -
				Adding type registration imm_dbtimestamp -> org.hibernate.type.AdaptedImmutableType@3b4086c1
2022-03-25 16:21:52 [main] DEBUG org.hibernate.type.BasicTypeRegistry -
				Adding type registration imm_calendar -> org.hibernate.type.AdaptedImmutableType@58aa1d72
2022-03-25 16:21:52 [main] DEBUG org.hibernate.type.BasicTypeRegistry -
				Adding type registration imm_calendar_date -> org.hibernate.type.AdaptedImmutableType@33d7765a
2022-03-25 16:21:52 [main] DEBUG org.hibernate.type.BasicTypeRegistry -
				Adding type registration imm_binary -> org.hibernate.type.AdaptedImmutableType@69ed5ea2
2022-03-25 16:21:52 [main] DEBUG org.hibernate.type.BasicTypeRegistry -
				Adding type registration imm_serializable -> org.hibernate.type.AdaptedImmutableType@56a4abd0
2022-03-25 16:21:52 [main] DEBUG o.h.type.spi.TypeConfiguration$Scope -
				Scoping TypeConfiguration [org.hibernate.type.spi.TypeConfiguration@aca3c85] to MetadataBuildingContext [org.hibernate.boot.internal.MetadataBuildingContextRootImpl@45eab322]
2022-03-25 16:21:52 [main] DEBUG o.h.type.spi.TypeConfiguration$Scope -
				Scoping TypeConfiguration [org.hibernate.type.spi.TypeConfiguration@aca3c85] to SessionFactoryImpl [org.hibernate.internal.SessionFactoryImpl@3316527e]
2022-03-25 16:21:52 [main] TRACE o.h.type.spi.TypeConfiguration$Scope -
				Handling #sessionFactoryCreated from [org.hibernate.internal.SessionFactoryImpl@3316527e] for TypeConfiguration
2022-03-25 16:21:53 [main] DEBUG org.hibernate.SQL -
				select csr0_.csr_id as csr_id1_0_0_, csr0_.is_admin as is_admin2_0_0_, csr0_.is_enabled as is_enabl3_0_0_, csr0_.name as name4_0_0_, csr0_.password as password5_0_0_, csr0_.user_name as user_nam6_0_0_ from csr csr0_ where csr0_.csr_id=?
2022-03-25 16:21:53 [main] TRACE o.h.type.descriptor.sql.BasicBinder -
				binding parameter [1] as [INTEGER] - [1]
2022-03-25 16:21:53 [main] TRACE o.h.t.descriptor.sql.BasicExtractor -
				extracted value ([is_admin2_0_0_] : [BOOLEAN]) - [false]
2022-03-25 16:21:53 [main] TRACE o.h.t.descriptor.sql.BasicExtractor -
				extracted value ([is_enabl3_0_0_] : [BOOLEAN]) - [false]
2022-03-25 16:21:53 [main] TRACE o.h.t.descriptor.sql.BasicExtractor -
				extracted value ([name4_0_0_] : [VARCHAR]) - [ainz]
2022-03-25 16:21:53 [main] TRACE o.h.t.descriptor.sql.BasicExtractor -
				extracted value ([password5_0_0_] : [VARCHAR]) - [ainz]
2022-03-25 16:21:53 [main] TRACE o.h.t.descriptor.sql.BasicExtractor -
				extracted value ([user_nam6_0_0_] : [VARCHAR]) - [ainz]
2022-03-25 16:21:53 [main] DEBUG org.hibernate.SQL -
				update csr set is_admin=?, is_enabled=?, name=?, password=?, user_name=? where csr_id=?
2022-03-25 16:21:53 [main] TRACE o.h.type.descriptor.sql.BasicBinder -
				binding parameter [1] as [BOOLEAN] - [false]
2022-03-25 16:21:53 [main] TRACE o.h.type.descriptor.sql.BasicBinder -
				binding parameter [2] as [BOOLEAN] - [true]
2022-03-25 16:21:53 [main] TRACE o.h.type.descriptor.sql.BasicBinder -
				binding parameter [3] as [VARCHAR] - [Ainz]
2022-03-25 16:21:53 [main] TRACE o.h.type.descriptor.sql.BasicBinder -
				binding parameter [4] as [VARCHAR] - [pass]
2022-03-25 16:21:53 [main] TRACE o.h.type.descriptor.sql.BasicBinder -
				binding parameter [5] as [VARCHAR] - [Dan]
2022-03-25 16:21:53 [main] TRACE o.h.type.descriptor.sql.BasicBinder -
				binding parameter [6] as [INTEGER] - [1]
2022-03-25 16:21:53 [main] DEBUG org.hibernate.SQL -
				select csr0_.csr_id as csr_id1_0_, csr0_.is_admin as is_admin2_0_, csr0_.is_enabled as is_enabl3_0_, csr0_.name as name4_0_, csr0_.password as password5_0_, csr0_.user_name as user_nam6_0_ from csr csr0_
2022-03-25 16:21:53 [main] TRACE o.h.t.descriptor.sql.BasicExtractor -
				extracted value ([csr_id1_0_] : [INTEGER]) - [1]
2022-03-25 16:21:53 [main] DEBUG org.hibernate.SQL -
				select csr0_.csr_id as csr_id1_0_0_, csr0_.is_admin as is_admin2_0_0_, csr0_.is_enabled as is_enabl3_0_0_, csr0_.name as name4_0_0_, csr0_.password as password5_0_0_, csr0_.user_name as user_nam6_0_0_ from csr csr0_ where csr0_.csr_id=?
2022-03-25 16:21:53 [main] TRACE o.h.type.descriptor.sql.BasicBinder -
				binding parameter [1] as [INTEGER] - [1]
2022-03-25 16:21:53 [main] TRACE o.h.t.descriptor.sql.BasicExtractor -
				extracted value ([is_admin2_0_0_] : [BOOLEAN]) - [false]
2022-03-25 16:21:53 [main] TRACE o.h.t.descriptor.sql.BasicExtractor -
				extracted value ([is_enabl3_0_0_] : [BOOLEAN]) - [false]
2022-03-25 16:21:53 [main] TRACE o.h.t.descriptor.sql.BasicExtractor -
				extracted value ([name4_0_0_] : [VARCHAR]) - [ainz]
2022-03-25 16:21:53 [main] TRACE o.h.t.descriptor.sql.BasicExtractor -
				extracted value ([password5_0_0_] : [VARCHAR]) - [ainz]
2022-03-25 16:21:53 [main] TRACE o.h.t.descriptor.sql.BasicExtractor -
				extracted value ([user_nam6_0_0_] : [VARCHAR]) - [ainz]
2022-03-25 16:21:53 [main] DEBUG org.hibernate.SQL -
				delete from csr where csr_id=?
2022-03-25 16:21:53 [main] TRACE o.h.type.descriptor.sql.BasicBinder -
				binding parameter [1] as [INTEGER] - [1]
2022-03-25 16:21:53 [main] DEBUG org.hibernate.SQL -
				select csr0_.csr_id as csr_id1_0_, csr0_.is_admin as is_admin2_0_, csr0_.is_enabled as is_enabl3_0_, csr0_.name as name4_0_, csr0_.password as password5_0_, csr0_.user_name as user_nam6_0_ from csr csr0_
2022-03-25 16:21:53 [main] DEBUG org.hibernate.SQL -
				select csr0_.csr_id as csr_id1_0_0_, csr0_.is_admin as is_admin2_0_0_, csr0_.is_enabled as is_enabl3_0_0_, csr0_.name as name4_0_0_, csr0_.password as password5_0_0_, csr0_.user_name as user_nam6_0_0_ from csr csr0_ where csr0_.csr_id=?
2022-03-25 16:21:53 [main] TRACE o.h.type.descriptor.sql.BasicBinder -
				binding parameter [1] as [INTEGER] - [1]
2022-03-25 16:21:53 [main] TRACE o.h.t.descriptor.sql.BasicExtractor -
				extracted value ([is_admin2_0_0_] : [BOOLEAN]) - [false]
2022-03-25 16:21:53 [main] TRACE o.h.t.descriptor.sql.BasicExtractor -
				extracted value ([is_enabl3_0_0_] : [BOOLEAN]) - [false]
2022-03-25 16:21:53 [main] TRACE o.h.t.descriptor.sql.BasicExtractor -
				extracted value ([name4_0_0_] : [VARCHAR]) - [ainz]
2022-03-25 16:21:53 [main] TRACE o.h.t.descriptor.sql.BasicExtractor -
				extracted value ([password5_0_0_] : [VARCHAR]) - [ainz]
2022-03-25 16:21:53 [main] TRACE o.h.t.descriptor.sql.BasicExtractor -
				extracted value ([user_nam6_0_0_] : [VARCHAR]) - [ainz]
2022-03-25 16:21:53 [main] DEBUG org.hibernate.SQL -
				update csr set is_admin=?, is_enabled=?, name=?, password=?, user_name=? where csr_id=?
2022-03-25 16:21:53 [main] TRACE o.h.type.descriptor.sql.BasicBinder -
				binding parameter [1] as [BOOLEAN] - [false]
2022-03-25 16:21:53 [main] TRACE o.h.type.descriptor.sql.BasicBinder -
				binding parameter [2] as [BOOLEAN] - [true]
2022-03-25 16:21:53 [main] TRACE o.h.type.descriptor.sql.BasicBinder -
				binding parameter [3] as [VARCHAR] - [Ainz]
2022-03-25 16:21:53 [main] TRACE o.h.type.descriptor.sql.BasicBinder -
				binding parameter [4] as [VARCHAR] - [pass]
2022-03-25 16:21:53 [main] TRACE o.h.type.descriptor.sql.BasicBinder -
				binding parameter [5] as [VARCHAR] - [Dan]
2022-03-25 16:21:53 [main] TRACE o.h.type.descriptor.sql.BasicBinder -
				binding parameter [6] as [INTEGER] - [1]
2022-03-25 16:21:53 [main] DEBUG org.hibernate.SQL -
				select csr0_.csr_id as csr_id1_0_, csr0_.is_admin as is_admin2_0_, csr0_.is_enabled as is_enabl3_0_, csr0_.name as name4_0_, csr0_.password as password5_0_, csr0_.user_name as user_nam6_0_ from csr csr0_
2022-03-25 16:21:53 [main] TRACE o.h.t.descriptor.sql.BasicExtractor -
				extracted value ([csr_id1_0_] : [INTEGER]) - [1]
2022-03-25 16:21:53 [SpringApplicationShutdownHook] TRACE o.h.type.spi.TypeConfiguration$Scope -
				Handling #sessionFactoryClosed from [org.hibernate.internal.SessionFactoryImpl@3316527e] for TypeConfiguration
2022-03-25 16:21:53 [SpringApplicationShutdownHook] DEBUG o.h.type.spi.TypeConfiguration$Scope -
				Un-scoping TypeConfiguration [org.hibernate.type.spi.TypeConfiguration$Scope@67f32f8e] from SessionFactory [org.hibernate.internal.SessionFactoryImpl@3316527e]
