2022-04-01 10:08:27 [main] DEBUG org.hibernate.type.BasicTypeRegistry -
				Adding type registration boolean -> org.hibernate.type.BooleanType@56da96b3
2022-04-01 10:08:27 [main] DEBUG org.hibernate.type.BasicTypeRegistry -
				Adding type registration boolean -> org.hibernate.type.BooleanType@56da96b3
2022-04-01 10:08:27 [main] DEBUG org.hibernate.type.BasicTypeRegistry -
				Adding type registration java.lang.Boolean -> org.hibernate.type.BooleanType@56da96b3
2022-04-01 10:08:27 [main] DEBUG org.hibernate.type.BasicTypeRegistry -
				Adding type registration numeric_boolean -> org.hibernate.type.NumericBooleanType@31228d83
2022-04-01 10:08:27 [main] DEBUG org.hibernate.type.BasicTypeRegistry -
				Adding type registration true_false -> org.hibernate.type.TrueFalseType@61a704d3
2022-04-01 10:08:27 [main] DEBUG org.hibernate.type.BasicTypeRegistry -
				Adding type registration yes_no -> org.hibernate.type.YesNoType@2de3b052
2022-04-01 10:08:27 [main] DEBUG org.hibernate.type.BasicTypeRegistry -
				Adding type registration byte -> org.hibernate.type.ByteType@25a290ee
2022-04-01 10:08:27 [main] DEBUG org.hibernate.type.BasicTypeRegistry -
				Adding type registration byte -> org.hibernate.type.ByteType@25a290ee
2022-04-01 10:08:27 [main] DEBUG org.hibernate.type.BasicTypeRegistry -
				Adding type registration java.lang.Byte -> org.hibernate.type.ByteType@25a290ee
2022-04-01 10:08:27 [main] DEBUG org.hibernate.type.BasicTypeRegistry -
				Adding type registration character -> org.hibernate.type.CharacterType@36463b09
2022-04-01 10:08:27 [main] DEBUG org.hibernate.type.BasicTypeRegistry -
				Adding type registration char -> org.hibernate.type.CharacterType@36463b09
2022-04-01 10:08:27 [main] DEBUG org.hibernate.type.BasicTypeRegistry -
				Adding type registration java.lang.Character -> org.hibernate.type.CharacterType@36463b09
2022-04-01 10:08:27 [main] DEBUG org.hibernate.type.BasicTypeRegistry -
				Adding type registration short -> org.hibernate.type.ShortType@54f2df29
2022-04-01 10:08:27 [main] DEBUG org.hibernate.type.BasicTypeRegistry -
				Adding type registration short -> org.hibernate.type.ShortType@54f2df29
2022-04-01 10:08:27 [main] DEBUG org.hibernate.type.BasicTypeRegistry -
				Adding type registration java.lang.Short -> org.hibernate.type.ShortType@54f2df29
2022-04-01 10:08:27 [main] DEBUG org.hibernate.type.BasicTypeRegistry -
				Adding type registration integer -> org.hibernate.type.IntegerType@4c56644f
2022-04-01 10:08:27 [main] DEBUG org.hibernate.type.BasicTypeRegistry -
				Adding type registration int -> org.hibernate.type.IntegerType@4c56644f
2022-04-01 10:08:27 [main] DEBUG org.hibernate.type.BasicTypeRegistry -
				Adding type registration java.lang.Integer -> org.hibernate.type.IntegerType@4c56644f
2022-04-01 10:08:27 [main] DEBUG org.hibernate.type.BasicTypeRegistry -
				Adding type registration long -> org.hibernate.type.LongType@7c5f29c6
2022-04-01 10:08:27 [main] DEBUG org.hibernate.type.BasicTypeRegistry -
				Adding type registration long -> org.hibernate.type.LongType@7c5f29c6
2022-04-01 10:08:27 [main] DEBUG org.hibernate.type.BasicTypeRegistry -
				Adding type registration java.lang.Long -> org.hibernate.type.LongType@7c5f29c6
2022-04-01 10:08:27 [main] DEBUG org.hibernate.type.BasicTypeRegistry -
				Adding type registration float -> org.hibernate.type.FloatType@68fc9167
2022-04-01 10:08:27 [main] DEBUG org.hibernate.type.BasicTypeRegistry -
				Adding type registration float -> org.hibernate.type.FloatType@68fc9167
2022-04-01 10:08:27 [main] DEBUG org.hibernate.type.BasicTypeRegistry -
				Adding type registration java.lang.Float -> org.hibernate.type.FloatType@68fc9167
2022-04-01 10:08:27 [main] DEBUG org.hibernate.type.BasicTypeRegistry -
				Adding type registration double -> org.hibernate.type.DoubleType@3a5e2525
2022-04-01 10:08:27 [main] DEBUG org.hibernate.type.BasicTypeRegistry -
				Adding type registration double -> org.hibernate.type.DoubleType@3a5e2525
2022-04-01 10:08:27 [main] DEBUG org.hibernate.type.BasicTypeRegistry -
				Adding type registration java.lang.Double -> org.hibernate.type.DoubleType@3a5e2525
2022-04-01 10:08:27 [main] DEBUG org.hibernate.type.BasicTypeRegistry -
				Adding type registration big_decimal -> org.hibernate.type.BigDecimalType@bfb93cf
2022-04-01 10:08:27 [main] DEBUG org.hibernate.type.BasicTypeRegistry -
				Adding type registration java.math.BigDecimal -> org.hibernate.type.BigDecimalType@bfb93cf
2022-04-01 10:08:27 [main] DEBUG org.hibernate.type.BasicTypeRegistry -
				Adding type registration big_integer -> org.hibernate.type.BigIntegerType@464ede1f
2022-04-01 10:08:27 [main] DEBUG org.hibernate.type.BasicTypeRegistry -
				Adding type registration java.math.BigInteger -> org.hibernate.type.BigIntegerType@464ede1f
2022-04-01 10:08:27 [main] DEBUG org.hibernate.type.BasicTypeRegistry -
				Adding type registration string -> org.hibernate.type.StringType@b428830
2022-04-01 10:08:27 [main] DEBUG org.hibernate.type.BasicTypeRegistry -
				Adding type registration java.lang.String -> org.hibernate.type.StringType@b428830
2022-04-01 10:08:27 [main] DEBUG org.hibernate.type.BasicTypeRegistry -
				Adding type registration nstring -> org.hibernate.type.StringNVarcharType@7ef8e623
2022-04-01 10:08:27 [main] DEBUG org.hibernate.type.BasicTypeRegistry -
				Adding type registration ncharacter -> org.hibernate.type.CharacterNCharType@50778bde
2022-04-01 10:08:27 [main] DEBUG org.hibernate.type.BasicTypeRegistry -
				Adding type registration url -> org.hibernate.type.UrlType@68d6f48e
2022-04-01 10:08:27 [main] DEBUG org.hibernate.type.BasicTypeRegistry -
				Adding type registration java.net.URL -> org.hibernate.type.UrlType@68d6f48e
2022-04-01 10:08:27 [main] DEBUG org.hibernate.type.BasicTypeRegistry -
				Adding type registration Duration -> org.hibernate.type.DurationType@3c17bd0b
2022-04-01 10:08:27 [main] DEBUG org.hibernate.type.BasicTypeRegistry -
				Adding type registration java.time.Duration -> org.hibernate.type.DurationType@3c17bd0b
2022-04-01 10:08:27 [main] DEBUG org.hibernate.type.BasicTypeRegistry -
				Adding type registration Instant -> org.hibernate.type.InstantType@2ba024cb
2022-04-01 10:08:27 [main] DEBUG org.hibernate.type.BasicTypeRegistry -
				Adding type registration java.time.Instant -> org.hibernate.type.InstantType@2ba024cb
2022-04-01 10:08:27 [main] DEBUG org.hibernate.type.BasicTypeRegistry -
				Adding type registration LocalDateTime -> org.hibernate.type.LocalDateTimeType@505d2bac
2022-04-01 10:08:27 [main] DEBUG org.hibernate.type.BasicTypeRegistry -
				Adding type registration java.time.LocalDateTime -> org.hibernate.type.LocalDateTimeType@505d2bac
2022-04-01 10:08:27 [main] DEBUG org.hibernate.type.BasicTypeRegistry -
				Adding type registration LocalDate -> org.hibernate.type.LocalDateType@45dde6ac
2022-04-01 10:08:27 [main] DEBUG org.hibernate.type.BasicTypeRegistry -
				Adding type registration java.time.LocalDate -> org.hibernate.type.LocalDateType@45dde6ac
2022-04-01 10:08:27 [main] DEBUG org.hibernate.type.BasicTypeRegistry -
				Adding type registration LocalTime -> org.hibernate.type.LocalTimeType@2c8a445b
2022-04-01 10:08:27 [main] DEBUG org.hibernate.type.BasicTypeRegistry -
				Adding type registration java.time.LocalTime -> org.hibernate.type.LocalTimeType@2c8a445b
2022-04-01 10:08:27 [main] DEBUG org.hibernate.type.BasicTypeRegistry -
				Adding type registration OffsetDateTime -> org.hibernate.type.OffsetDateTimeType@11e834ad
2022-04-01 10:08:27 [main] DEBUG org.hibernate.type.BasicTypeRegistry -
				Adding type registration java.time.OffsetDateTime -> org.hibernate.type.OffsetDateTimeType@11e834ad
2022-04-01 10:08:27 [main] DEBUG org.hibernate.type.BasicTypeRegistry -
				Adding type registration OffsetTime -> org.hibernate.type.OffsetTimeType@bb6f3f7
2022-04-01 10:08:27 [main] DEBUG org.hibernate.type.BasicTypeRegistry -
				Adding type registration java.time.OffsetTime -> org.hibernate.type.OffsetTimeType@bb6f3f7
2022-04-01 10:08:27 [main] DEBUG org.hibernate.type.BasicTypeRegistry -
				Adding type registration ZonedDateTime -> org.hibernate.type.ZonedDateTimeType@64f32e9e
2022-04-01 10:08:27 [main] DEBUG org.hibernate.type.BasicTypeRegistry -
				Adding type registration java.time.ZonedDateTime -> org.hibernate.type.ZonedDateTimeType@64f32e9e
2022-04-01 10:08:27 [main] DEBUG org.hibernate.type.BasicTypeRegistry -
				Adding type registration date -> org.hibernate.type.DateType@4a6a6a69
2022-04-01 10:08:27 [main] DEBUG org.hibernate.type.BasicTypeRegistry -
				Adding type registration java.sql.Date -> org.hibernate.type.DateType@4a6a6a69
2022-04-01 10:08:27 [main] DEBUG org.hibernate.type.BasicTypeRegistry -
				Adding type registration time -> org.hibernate.type.TimeType@559d19c
2022-04-01 10:08:27 [main] DEBUG org.hibernate.type.BasicTypeRegistry -
				Adding type registration java.sql.Time -> org.hibernate.type.TimeType@559d19c
2022-04-01 10:08:27 [main] DEBUG org.hibernate.type.BasicTypeRegistry -
				Adding type registration timestamp -> org.hibernate.type.TimestampType@20b54cfe
2022-04-01 10:08:27 [main] DEBUG org.hibernate.type.BasicTypeRegistry -
				Adding type registration java.sql.Timestamp -> org.hibernate.type.TimestampType@20b54cfe
2022-04-01 10:08:27 [main] DEBUG org.hibernate.type.BasicTypeRegistry -
				Adding type registration java.util.Date -> org.hibernate.type.TimestampType@20b54cfe
2022-04-01 10:08:27 [main] DEBUG org.hibernate.type.BasicTypeRegistry -
				Adding type registration dbtimestamp -> org.hibernate.type.DbTimestampType@283a8ad6
2022-04-01 10:08:27 [main] DEBUG org.hibernate.type.BasicTypeRegistry -
				Adding type registration calendar -> org.hibernate.type.CalendarType@451816fd
2022-04-01 10:08:27 [main] DEBUG org.hibernate.type.BasicTypeRegistry -
				Adding type registration java.util.Calendar -> org.hibernate.type.CalendarType@451816fd
2022-04-01 10:08:27 [main] DEBUG org.hibernate.type.BasicTypeRegistry -
				Adding type registration java.util.GregorianCalendar -> org.hibernate.type.CalendarType@451816fd
2022-04-01 10:08:27 [main] DEBUG org.hibernate.type.BasicTypeRegistry -
				Adding type registration calendar_date -> org.hibernate.type.CalendarDateType@7493d937
2022-04-01 10:08:27 [main] DEBUG org.hibernate.type.BasicTypeRegistry -
				Adding type registration calendar_time -> org.hibernate.type.CalendarTimeType@2475fba3
2022-04-01 10:08:27 [main] DEBUG org.hibernate.type.BasicTypeRegistry -
				Adding type registration locale -> org.hibernate.type.LocaleType@4e94669c
2022-04-01 10:08:27 [main] DEBUG org.hibernate.type.BasicTypeRegistry -
				Adding type registration java.util.Locale -> org.hibernate.type.LocaleType@4e94669c
2022-04-01 10:08:27 [main] DEBUG org.hibernate.type.BasicTypeRegistry -
				Adding type registration currency -> org.hibernate.type.CurrencyType@2fb082ff
2022-04-01 10:08:27 [main] DEBUG org.hibernate.type.BasicTypeRegistry -
				Adding type registration java.util.Currency -> org.hibernate.type.CurrencyType@2fb082ff
2022-04-01 10:08:27 [main] DEBUG org.hibernate.type.BasicTypeRegistry -
				Adding type registration timezone -> org.hibernate.type.TimeZoneType@15586843
2022-04-01 10:08:27 [main] DEBUG org.hibernate.type.BasicTypeRegistry -
				Adding type registration java.util.TimeZone -> org.hibernate.type.TimeZoneType@15586843
2022-04-01 10:08:27 [main] DEBUG org.hibernate.type.BasicTypeRegistry -
				Adding type registration class -> org.hibernate.type.ClassType@749baa0c
2022-04-01 10:08:27 [main] DEBUG org.hibernate.type.BasicTypeRegistry -
				Adding type registration java.lang.Class -> org.hibernate.type.ClassType@749baa0c
2022-04-01 10:08:27 [main] DEBUG org.hibernate.type.BasicTypeRegistry -
				Adding type registration uuid-binary -> org.hibernate.type.UUIDBinaryType@2084e65a
2022-04-01 10:08:27 [main] DEBUG org.hibernate.type.BasicTypeRegistry -
				Adding type registration java.util.UUID -> org.hibernate.type.UUIDBinaryType@2084e65a
2022-04-01 10:08:27 [main] DEBUG org.hibernate.type.BasicTypeRegistry -
				Adding type registration uuid-char -> org.hibernate.type.UUIDCharType@7b7068d8
2022-04-01 10:08:27 [main] DEBUG org.hibernate.type.BasicTypeRegistry -
				Adding type registration binary -> org.hibernate.type.BinaryType@46d1b59
2022-04-01 10:08:27 [main] DEBUG org.hibernate.type.BasicTypeRegistry -
				Adding type registration byte[] -> org.hibernate.type.BinaryType@46d1b59
2022-04-01 10:08:27 [main] DEBUG org.hibernate.type.BasicTypeRegistry -
				Adding type registration [B -> org.hibernate.type.BinaryType@46d1b59
2022-04-01 10:08:27 [main] DEBUG org.hibernate.type.BasicTypeRegistry -
				Adding type registration wrapper-binary -> org.hibernate.type.WrapperBinaryType@49cb5030
2022-04-01 10:08:27 [main] DEBUG org.hibernate.type.BasicTypeRegistry -
				Adding type registration Byte[] -> org.hibernate.type.WrapperBinaryType@49cb5030
2022-04-01 10:08:27 [main] DEBUG org.hibernate.type.BasicTypeRegistry -
				Adding type registration [Ljava.lang.Byte; -> org.hibernate.type.WrapperBinaryType@49cb5030
2022-04-01 10:08:27 [main] DEBUG org.hibernate.type.BasicTypeRegistry -
				Adding type registration row_version -> org.hibernate.type.RowVersionType@561d88ee
2022-04-01 10:08:27 [main] DEBUG org.hibernate.type.BasicTypeRegistry -
				Adding type registration image -> org.hibernate.type.ImageType@44384b4a
2022-04-01 10:08:27 [main] DEBUG org.hibernate.type.BasicTypeRegistry -
				Adding type registration characters -> org.hibernate.type.CharArrayType@2ab9e43e
2022-04-01 10:08:27 [main] DEBUG org.hibernate.type.BasicTypeRegistry -
				Adding type registration char[] -> org.hibernate.type.CharArrayType@2ab9e43e
2022-04-01 10:08:27 [main] DEBUG org.hibernate.type.BasicTypeRegistry -
				Adding type registration [C -> org.hibernate.type.CharArrayType@2ab9e43e
2022-04-01 10:08:27 [main] DEBUG org.hibernate.type.BasicTypeRegistry -
				Adding type registration wrapper-characters -> org.hibernate.type.CharacterArrayType@5a06904
2022-04-01 10:08:27 [main] DEBUG org.hibernate.type.BasicTypeRegistry -
				Adding type registration [Ljava.lang.Character; -> org.hibernate.type.CharacterArrayType@5a06904
2022-04-01 10:08:27 [main] DEBUG org.hibernate.type.BasicTypeRegistry -
				Adding type registration Character[] -> org.hibernate.type.CharacterArrayType@5a06904
2022-04-01 10:08:27 [main] DEBUG org.hibernate.type.BasicTypeRegistry -
				Adding type registration text -> org.hibernate.type.TextType@786a3477
2022-04-01 10:08:27 [main] DEBUG org.hibernate.type.BasicTypeRegistry -
				Adding type registration ntext -> org.hibernate.type.NTextType@7f8c3646
2022-04-01 10:08:27 [main] DEBUG org.hibernate.type.BasicTypeRegistry -
				Adding type registration blob -> org.hibernate.type.BlobType@4536a715
2022-04-01 10:08:27 [main] DEBUG org.hibernate.type.BasicTypeRegistry -
				Adding type registration java.sql.Blob -> org.hibernate.type.BlobType@4536a715
2022-04-01 10:08:27 [main] DEBUG org.hibernate.type.BasicTypeRegistry -
				Adding type registration materialized_blob -> org.hibernate.type.MaterializedBlobType@4522d793
2022-04-01 10:08:27 [main] DEBUG org.hibernate.type.BasicTypeRegistry -
				Adding type registration clob -> org.hibernate.type.ClobType@32dcfeea
2022-04-01 10:08:27 [main] DEBUG org.hibernate.type.BasicTypeRegistry -
				Adding type registration java.sql.Clob -> org.hibernate.type.ClobType@32dcfeea
2022-04-01 10:08:27 [main] DEBUG org.hibernate.type.BasicTypeRegistry -
				Adding type registration nclob -> org.hibernate.type.NClobType@4cd7d5e1
2022-04-01 10:08:27 [main] DEBUG org.hibernate.type.BasicTypeRegistry -
				Adding type registration java.sql.NClob -> org.hibernate.type.NClobType@4cd7d5e1
2022-04-01 10:08:27 [main] DEBUG org.hibernate.type.BasicTypeRegistry -
				Adding type registration materialized_clob -> org.hibernate.type.MaterializedClobType@71e2c6d8
2022-04-01 10:08:27 [main] DEBUG org.hibernate.type.BasicTypeRegistry -
				Adding type registration materialized_nclob -> org.hibernate.type.MaterializedNClobType@106cd9c8
2022-04-01 10:08:27 [main] DEBUG org.hibernate.type.BasicTypeRegistry -
				Adding type registration serializable -> org.hibernate.type.SerializableType@4ab66127
2022-04-01 10:08:27 [main] DEBUG org.hibernate.type.BasicTypeRegistry -
				Adding type registration object -> org.hibernate.type.ObjectType@7afbf2a0
2022-04-01 10:08:27 [main] DEBUG org.hibernate.type.BasicTypeRegistry -
				Adding type registration java.lang.Object -> org.hibernate.type.ObjectType@7afbf2a0
2022-04-01 10:08:27 [main] DEBUG org.hibernate.type.BasicTypeRegistry -
				Adding type registration imm_date -> org.hibernate.type.AdaptedImmutableType@5e0f2c82
2022-04-01 10:08:27 [main] DEBUG org.hibernate.type.BasicTypeRegistry -
				Adding type registration imm_time -> org.hibernate.type.AdaptedImmutableType@98637a2
2022-04-01 10:08:27 [main] DEBUG org.hibernate.type.BasicTypeRegistry -
				Adding type registration imm_timestamp -> org.hibernate.type.AdaptedImmutableType@4afd65fd
2022-04-01 10:08:27 [main] DEBUG org.hibernate.type.BasicTypeRegistry -
				Adding type registration imm_dbtimestamp -> org.hibernate.type.AdaptedImmutableType@141aba65
2022-04-01 10:08:27 [main] DEBUG org.hibernate.type.BasicTypeRegistry -
				Adding type registration imm_calendar -> org.hibernate.type.AdaptedImmutableType@3356ff58
2022-04-01 10:08:27 [main] DEBUG org.hibernate.type.BasicTypeRegistry -
				Adding type registration imm_calendar_date -> org.hibernate.type.AdaptedImmutableType@b55f5b7
2022-04-01 10:08:27 [main] DEBUG org.hibernate.type.BasicTypeRegistry -
				Adding type registration imm_binary -> org.hibernate.type.AdaptedImmutableType@2aa6bbad
2022-04-01 10:08:27 [main] DEBUG org.hibernate.type.BasicTypeRegistry -
				Adding type registration imm_serializable -> org.hibernate.type.AdaptedImmutableType@6b2ef50e
2022-04-01 10:08:28 [main] DEBUG o.h.type.spi.TypeConfiguration$Scope -
				Scoping TypeConfiguration [org.hibernate.type.spi.TypeConfiguration@500ec769] to MetadataBuildingContext [org.hibernate.boot.internal.MetadataBuildingContextRootImpl@37806be6]
2022-04-01 10:08:29 [main] DEBUG o.h.type.spi.TypeConfiguration$Scope -
				Scoping TypeConfiguration [org.hibernate.type.spi.TypeConfiguration@500ec769] to SessionFactoryImpl [org.hibernate.internal.SessionFactoryImpl@4e51eda7]
2022-04-01 10:08:30 [main] TRACE o.h.type.spi.TypeConfiguration$Scope -
				Handling #sessionFactoryCreated from [org.hibernate.internal.SessionFactoryImpl@4e51eda7] for TypeConfiguration
2022-04-01 10:08:32 [main] WARN  o.s.b.a.o.j.JpaBaseConfiguration$JpaWebConfiguration -
				spring.jpa.open-in-view is enabled by default. Therefore, database queries may be performed during view rendering. Explicitly configure spring.jpa.open-in-view to disable this warning
2022-04-01 10:08:36 [main] WARN  o.s.c.l.c.LoadBalancerCacheAutoConfiguration$LoadBalancerCaffeineWarnLogger -
				Spring Cloud LoadBalancer is currently working with the default cache. While this cache implementation is useful for development and tests, it's recommended to use Caffeine cache in production.You can switch to using Caffeine cache, by adding it and org.springframework.cache.caffeine.CaffeineCacheManager to the classpath.
2022-04-01 10:08:38 [http-nio-9092-exec-1] DEBUG org.hibernate.SQL -
				select csr0_.csr_id as csr_id1_0_, csr0_.details as details2_0_, csr0_.email as email3_0_, csr0_.is_admin as is_admin4_0_, csr0_.is_enabled as is_enabl5_0_, csr0_.name as name6_0_, csr0_.password as password7_0_, csr0_.phone_no as phone_no8_0_, csr0_.user_name as user_nam9_0_ from csr csr0_
2022-04-01 10:08:38 [http-nio-9092-exec-1] TRACE o.h.t.descriptor.sql.BasicExtractor -
				extracted value ([csr_id1_0_] : [INTEGER]) - [1]
2022-04-01 10:08:38 [http-nio-9092-exec-1] TRACE o.h.t.descriptor.sql.BasicExtractor -
				extracted value ([details2_0_] : [VARCHAR]) - [null]
2022-04-01 10:08:38 [http-nio-9092-exec-1] TRACE o.h.t.descriptor.sql.BasicExtractor -
				extracted value ([email3_0_] : [VARCHAR]) - [dan@yahoo.com]
2022-04-01 10:08:38 [http-nio-9092-exec-1] TRACE o.h.t.descriptor.sql.BasicExtractor -
				extracted value ([is_admin4_0_] : [BOOLEAN]) - [false]
2022-04-01 10:08:38 [http-nio-9092-exec-1] TRACE o.h.t.descriptor.sql.BasicExtractor -
				extracted value ([is_enabl5_0_] : [BOOLEAN]) - [false]
2022-04-01 10:08:38 [http-nio-9092-exec-1] TRACE o.h.t.descriptor.sql.BasicExtractor -
				extracted value ([name6_0_] : [VARCHAR]) - [ainz]
2022-04-01 10:08:38 [http-nio-9092-exec-1] TRACE o.h.t.descriptor.sql.BasicExtractor -
				extracted value ([password7_0_] : [VARCHAR]) - [ainz]
2022-04-01 10:08:38 [http-nio-9092-exec-1] TRACE o.h.t.descriptor.sql.BasicExtractor -
				extracted value ([phone_no8_0_] : [INTEGER]) - [87654321]
2022-04-01 10:08:38 [http-nio-9092-exec-1] TRACE o.h.t.descriptor.sql.BasicExtractor -
				extracted value ([user_nam9_0_] : [VARCHAR]) - [ainz]
2022-04-01 10:08:38 [http-nio-9092-exec-1] TRACE o.h.t.descriptor.sql.BasicExtractor -
				extracted value ([csr_id1_0_] : [INTEGER]) - [2]
2022-04-01 10:08:38 [http-nio-9092-exec-1] TRACE o.h.t.descriptor.sql.BasicExtractor -
				extracted value ([details2_0_] : [VARCHAR]) - []
2022-04-01 10:08:38 [http-nio-9092-exec-1] TRACE o.h.t.descriptor.sql.BasicExtractor -
				extracted value ([email3_0_] : [VARCHAR]) - [dan@yahoo.com]
2022-04-01 10:08:38 [http-nio-9092-exec-1] TRACE o.h.t.descriptor.sql.BasicExtractor -
				extracted value ([is_admin4_0_] : [BOOLEAN]) - [true]
2022-04-01 10:08:38 [http-nio-9092-exec-1] TRACE o.h.t.descriptor.sql.BasicExtractor -
				extracted value ([is_enabl5_0_] : [BOOLEAN]) - [true]
2022-04-01 10:08:38 [http-nio-9092-exec-1] TRACE o.h.t.descriptor.sql.BasicExtractor -
				extracted value ([name6_0_] : [VARCHAR]) - [ainz]
2022-04-01 10:08:38 [http-nio-9092-exec-1] TRACE o.h.t.descriptor.sql.BasicExtractor -
				extracted value ([password7_0_] : [VARCHAR]) - [ainz]
2022-04-01 10:08:38 [http-nio-9092-exec-1] TRACE o.h.t.descriptor.sql.BasicExtractor -
				extracted value ([phone_no8_0_] : [INTEGER]) - [87654321]
2022-04-01 10:08:38 [http-nio-9092-exec-1] TRACE o.h.t.descriptor.sql.BasicExtractor -
				extracted value ([user_nam9_0_] : [VARCHAR]) - [ainz]
2022-04-01 10:08:50 [http-nio-9092-exec-4] DEBUG org.hibernate.SQL -
				select csr0_.csr_id as csr_id1_0_0_, csr0_.details as details2_0_0_, csr0_.email as email3_0_0_, csr0_.is_admin as is_admin4_0_0_, csr0_.is_enabled as is_enabl5_0_0_, csr0_.name as name6_0_0_, csr0_.password as password7_0_0_, csr0_.phone_no as phone_no8_0_0_, csr0_.user_name as user_nam9_0_0_ from csr csr0_ where csr0_.csr_id=?
2022-04-01 10:08:50 [http-nio-9092-exec-4] TRACE o.h.type.descriptor.sql.BasicBinder -
				binding parameter [1] as [INTEGER] - [1]
2022-04-01 10:08:50 [http-nio-9092-exec-4] TRACE o.h.t.descriptor.sql.BasicExtractor -
				extracted value ([details2_0_0_] : [VARCHAR]) - [null]
2022-04-01 10:08:50 [http-nio-9092-exec-4] TRACE o.h.t.descriptor.sql.BasicExtractor -
				extracted value ([email3_0_0_] : [VARCHAR]) - [dan@yahoo.com]
2022-04-01 10:08:50 [http-nio-9092-exec-4] TRACE o.h.t.descriptor.sql.BasicExtractor -
				extracted value ([is_admin4_0_0_] : [BOOLEAN]) - [false]
2022-04-01 10:08:50 [http-nio-9092-exec-4] TRACE o.h.t.descriptor.sql.BasicExtractor -
				extracted value ([is_enabl5_0_0_] : [BOOLEAN]) - [false]
2022-04-01 10:08:50 [http-nio-9092-exec-4] TRACE o.h.t.descriptor.sql.BasicExtractor -
				extracted value ([name6_0_0_] : [VARCHAR]) - [ainz]
2022-04-01 10:08:50 [http-nio-9092-exec-4] TRACE o.h.t.descriptor.sql.BasicExtractor -
				extracted value ([password7_0_0_] : [VARCHAR]) - [ainz]
2022-04-01 10:08:50 [http-nio-9092-exec-4] TRACE o.h.t.descriptor.sql.BasicExtractor -
				extracted value ([phone_no8_0_0_] : [INTEGER]) - [87654321]
2022-04-01 10:08:50 [http-nio-9092-exec-4] TRACE o.h.t.descriptor.sql.BasicExtractor -
				extracted value ([user_nam9_0_0_] : [VARCHAR]) - [ainz]
2022-04-01 10:08:56 [http-nio-9092-exec-3] DEBUG org.hibernate.SQL -
				select csr0_.csr_id as csr_id1_0_, csr0_.details as details2_0_, csr0_.email as email3_0_, csr0_.is_admin as is_admin4_0_, csr0_.is_enabled as is_enabl5_0_, csr0_.name as name6_0_, csr0_.password as password7_0_, csr0_.phone_no as phone_no8_0_, csr0_.user_name as user_nam9_0_ from csr csr0_
2022-04-01 10:08:56 [http-nio-9092-exec-3] TRACE o.h.t.descriptor.sql.BasicExtractor -
				extracted value ([csr_id1_0_] : [INTEGER]) - [1]
2022-04-01 10:08:56 [http-nio-9092-exec-3] TRACE o.h.t.descriptor.sql.BasicExtractor -
				extracted value ([details2_0_] : [VARCHAR]) - [null]
2022-04-01 10:08:56 [http-nio-9092-exec-3] TRACE o.h.t.descriptor.sql.BasicExtractor -
				extracted value ([email3_0_] : [VARCHAR]) - [dan@yahoo.com]
2022-04-01 10:08:56 [http-nio-9092-exec-3] TRACE o.h.t.descriptor.sql.BasicExtractor -
				extracted value ([is_admin4_0_] : [BOOLEAN]) - [false]
2022-04-01 10:08:56 [http-nio-9092-exec-3] TRACE o.h.t.descriptor.sql.BasicExtractor -
				extracted value ([is_enabl5_0_] : [BOOLEAN]) - [false]
2022-04-01 10:08:56 [http-nio-9092-exec-3] TRACE o.h.t.descriptor.sql.BasicExtractor -
				extracted value ([name6_0_] : [VARCHAR]) - [ainz]
2022-04-01 10:08:56 [http-nio-9092-exec-3] TRACE o.h.t.descriptor.sql.BasicExtractor -
				extracted value ([password7_0_] : [VARCHAR]) - [ainz]
2022-04-01 10:08:56 [http-nio-9092-exec-3] TRACE o.h.t.descriptor.sql.BasicExtractor -
				extracted value ([phone_no8_0_] : [INTEGER]) - [87654321]
2022-04-01 10:08:56 [http-nio-9092-exec-3] TRACE o.h.t.descriptor.sql.BasicExtractor -
				extracted value ([user_nam9_0_] : [VARCHAR]) - [ainz]
2022-04-01 10:08:56 [http-nio-9092-exec-3] TRACE o.h.t.descriptor.sql.BasicExtractor -
				extracted value ([csr_id1_0_] : [INTEGER]) - [2]
2022-04-01 10:08:56 [http-nio-9092-exec-3] TRACE o.h.t.descriptor.sql.BasicExtractor -
				extracted value ([details2_0_] : [VARCHAR]) - []
2022-04-01 10:08:56 [http-nio-9092-exec-3] TRACE o.h.t.descriptor.sql.BasicExtractor -
				extracted value ([email3_0_] : [VARCHAR]) - [dan@yahoo.com]
2022-04-01 10:08:56 [http-nio-9092-exec-3] TRACE o.h.t.descriptor.sql.BasicExtractor -
				extracted value ([is_admin4_0_] : [BOOLEAN]) - [true]
2022-04-01 10:08:56 [http-nio-9092-exec-3] TRACE o.h.t.descriptor.sql.BasicExtractor -
				extracted value ([is_enabl5_0_] : [BOOLEAN]) - [true]
2022-04-01 10:08:56 [http-nio-9092-exec-3] TRACE o.h.t.descriptor.sql.BasicExtractor -
				extracted value ([name6_0_] : [VARCHAR]) - [ainz]
2022-04-01 10:08:56 [http-nio-9092-exec-3] TRACE o.h.t.descriptor.sql.BasicExtractor -
				extracted value ([password7_0_] : [VARCHAR]) - [ainz]
2022-04-01 10:08:56 [http-nio-9092-exec-3] TRACE o.h.t.descriptor.sql.BasicExtractor -
				extracted value ([phone_no8_0_] : [INTEGER]) - [87654321]
2022-04-01 10:08:56 [http-nio-9092-exec-3] TRACE o.h.t.descriptor.sql.BasicExtractor -
				extracted value ([user_nam9_0_] : [VARCHAR]) - [ainz]
2022-04-01 10:08:59 [http-nio-9092-exec-6] DEBUG org.hibernate.SQL -
				select csr0_.csr_id as csr_id1_0_0_, csr0_.details as details2_0_0_, csr0_.email as email3_0_0_, csr0_.is_admin as is_admin4_0_0_, csr0_.is_enabled as is_enabl5_0_0_, csr0_.name as name6_0_0_, csr0_.password as password7_0_0_, csr0_.phone_no as phone_no8_0_0_, csr0_.user_name as user_nam9_0_0_ from csr csr0_ where csr0_.csr_id=?
2022-04-01 10:08:59 [http-nio-9092-exec-6] TRACE o.h.type.descriptor.sql.BasicBinder -
				binding parameter [1] as [INTEGER] - [2]
2022-04-01 10:08:59 [http-nio-9092-exec-6] TRACE o.h.t.descriptor.sql.BasicExtractor -
				extracted value ([details2_0_0_] : [VARCHAR]) - []
2022-04-01 10:08:59 [http-nio-9092-exec-6] TRACE o.h.t.descriptor.sql.BasicExtractor -
				extracted value ([email3_0_0_] : [VARCHAR]) - [dan@yahoo.com]
2022-04-01 10:08:59 [http-nio-9092-exec-6] TRACE o.h.t.descriptor.sql.BasicExtractor -
				extracted value ([is_admin4_0_0_] : [BOOLEAN]) - [true]
2022-04-01 10:08:59 [http-nio-9092-exec-6] TRACE o.h.t.descriptor.sql.BasicExtractor -
				extracted value ([is_enabl5_0_0_] : [BOOLEAN]) - [true]
2022-04-01 10:08:59 [http-nio-9092-exec-6] TRACE o.h.t.descriptor.sql.BasicExtractor -
				extracted value ([name6_0_0_] : [VARCHAR]) - [ainz]
2022-04-01 10:08:59 [http-nio-9092-exec-6] TRACE o.h.t.descriptor.sql.BasicExtractor -
				extracted value ([password7_0_0_] : [VARCHAR]) - [ainz]
2022-04-01 10:08:59 [http-nio-9092-exec-6] TRACE o.h.t.descriptor.sql.BasicExtractor -
				extracted value ([phone_no8_0_0_] : [INTEGER]) - [87654321]
2022-04-01 10:08:59 [http-nio-9092-exec-6] TRACE o.h.t.descriptor.sql.BasicExtractor -
				extracted value ([user_nam9_0_0_] : [VARCHAR]) - [ainz]
2022-04-01 10:09:00 [http-nio-9092-exec-7] DEBUG org.hibernate.SQL -
				select csr0_.csr_id as csr_id1_0_, csr0_.details as details2_0_, csr0_.email as email3_0_, csr0_.is_admin as is_admin4_0_, csr0_.is_enabled as is_enabl5_0_, csr0_.name as name6_0_, csr0_.password as password7_0_, csr0_.phone_no as phone_no8_0_, csr0_.user_name as user_nam9_0_ from csr csr0_
2022-04-01 10:09:00 [http-nio-9092-exec-7] TRACE o.h.t.descriptor.sql.BasicExtractor -
				extracted value ([csr_id1_0_] : [INTEGER]) - [1]
2022-04-01 10:09:00 [http-nio-9092-exec-7] TRACE o.h.t.descriptor.sql.BasicExtractor -
				extracted value ([details2_0_] : [VARCHAR]) - [null]
2022-04-01 10:09:00 [http-nio-9092-exec-7] TRACE o.h.t.descriptor.sql.BasicExtractor -
				extracted value ([email3_0_] : [VARCHAR]) - [dan@yahoo.com]
2022-04-01 10:09:00 [http-nio-9092-exec-7] TRACE o.h.t.descriptor.sql.BasicExtractor -
				extracted value ([is_admin4_0_] : [BOOLEAN]) - [false]
2022-04-01 10:09:00 [http-nio-9092-exec-7] TRACE o.h.t.descriptor.sql.BasicExtractor -
				extracted value ([is_enabl5_0_] : [BOOLEAN]) - [false]
2022-04-01 10:09:00 [http-nio-9092-exec-7] TRACE o.h.t.descriptor.sql.BasicExtractor -
				extracted value ([name6_0_] : [VARCHAR]) - [ainz]
2022-04-01 10:09:00 [http-nio-9092-exec-7] TRACE o.h.t.descriptor.sql.BasicExtractor -
				extracted value ([password7_0_] : [VARCHAR]) - [ainz]
2022-04-01 10:09:00 [http-nio-9092-exec-7] TRACE o.h.t.descriptor.sql.BasicExtractor -
				extracted value ([phone_no8_0_] : [INTEGER]) - [87654321]
2022-04-01 10:09:00 [http-nio-9092-exec-7] TRACE o.h.t.descriptor.sql.BasicExtractor -
				extracted value ([user_nam9_0_] : [VARCHAR]) - [ainz]
2022-04-01 10:09:00 [http-nio-9092-exec-7] TRACE o.h.t.descriptor.sql.BasicExtractor -
				extracted value ([csr_id1_0_] : [INTEGER]) - [2]
2022-04-01 10:09:00 [http-nio-9092-exec-7] TRACE o.h.t.descriptor.sql.BasicExtractor -
				extracted value ([details2_0_] : [VARCHAR]) - []
2022-04-01 10:09:00 [http-nio-9092-exec-7] TRACE o.h.t.descriptor.sql.BasicExtractor -
				extracted value ([email3_0_] : [VARCHAR]) - [dan@yahoo.com]
2022-04-01 10:09:00 [http-nio-9092-exec-7] TRACE o.h.t.descriptor.sql.BasicExtractor -
				extracted value ([is_admin4_0_] : [BOOLEAN]) - [true]
2022-04-01 10:09:00 [http-nio-9092-exec-7] TRACE o.h.t.descriptor.sql.BasicExtractor -
				extracted value ([is_enabl5_0_] : [BOOLEAN]) - [true]
2022-04-01 10:09:00 [http-nio-9092-exec-7] TRACE o.h.t.descriptor.sql.BasicExtractor -
				extracted value ([name6_0_] : [VARCHAR]) - [ainz]
2022-04-01 10:09:00 [http-nio-9092-exec-7] TRACE o.h.t.descriptor.sql.BasicExtractor -
				extracted value ([password7_0_] : [VARCHAR]) - [ainz]
2022-04-01 10:09:00 [http-nio-9092-exec-7] TRACE o.h.t.descriptor.sql.BasicExtractor -
				extracted value ([phone_no8_0_] : [INTEGER]) - [87654321]
2022-04-01 10:09:00 [http-nio-9092-exec-7] TRACE o.h.t.descriptor.sql.BasicExtractor -
				extracted value ([user_nam9_0_] : [VARCHAR]) - [ainz]
2022-04-01 10:09:04 [http-nio-9092-exec-9] DEBUG org.hibernate.SQL -
				select csr0_.csr_id as csr_id1_0_0_, csr0_.details as details2_0_0_, csr0_.email as email3_0_0_, csr0_.is_admin as is_admin4_0_0_, csr0_.is_enabled as is_enabl5_0_0_, csr0_.name as name6_0_0_, csr0_.password as password7_0_0_, csr0_.phone_no as phone_no8_0_0_, csr0_.user_name as user_nam9_0_0_ from csr csr0_ where csr0_.csr_id=?
2022-04-01 10:09:04 [http-nio-9092-exec-9] TRACE o.h.type.descriptor.sql.BasicBinder -
				binding parameter [1] as [INTEGER] - [2]
2022-04-01 10:09:04 [http-nio-9092-exec-9] TRACE o.h.t.descriptor.sql.BasicExtractor -
				extracted value ([details2_0_0_] : [VARCHAR]) - []
2022-04-01 10:09:04 [http-nio-9092-exec-9] TRACE o.h.t.descriptor.sql.BasicExtractor -
				extracted value ([email3_0_0_] : [VARCHAR]) - [dan@yahoo.com]
2022-04-01 10:09:04 [http-nio-9092-exec-9] TRACE o.h.t.descriptor.sql.BasicExtractor -
				extracted value ([is_admin4_0_0_] : [BOOLEAN]) - [true]
2022-04-01 10:09:04 [http-nio-9092-exec-9] TRACE o.h.t.descriptor.sql.BasicExtractor -
				extracted value ([is_enabl5_0_0_] : [BOOLEAN]) - [true]
2022-04-01 10:09:04 [http-nio-9092-exec-9] TRACE o.h.t.descriptor.sql.BasicExtractor -
				extracted value ([name6_0_0_] : [VARCHAR]) - [ainz]
2022-04-01 10:09:04 [http-nio-9092-exec-9] TRACE o.h.t.descriptor.sql.BasicExtractor -
				extracted value ([password7_0_0_] : [VARCHAR]) - [ainz]
2022-04-01 10:09:04 [http-nio-9092-exec-9] TRACE o.h.t.descriptor.sql.BasicExtractor -
				extracted value ([phone_no8_0_0_] : [INTEGER]) - [87654321]
2022-04-01 10:09:04 [http-nio-9092-exec-9] TRACE o.h.t.descriptor.sql.BasicExtractor -
				extracted value ([user_nam9_0_0_] : [VARCHAR]) - [ainz]
2022-04-01 10:09:04 [http-nio-9092-exec-9] DEBUG org.hibernate.SQL -
				delete from csr where csr_id=?
2022-04-01 10:09:04 [http-nio-9092-exec-9] TRACE o.h.type.descriptor.sql.BasicBinder -
				binding parameter [1] as [INTEGER] - [2]
2022-04-01 10:09:05 [http-nio-9092-exec-10] DEBUG org.hibernate.SQL -
				select csr0_.csr_id as csr_id1_0_, csr0_.details as details2_0_, csr0_.email as email3_0_, csr0_.is_admin as is_admin4_0_, csr0_.is_enabled as is_enabl5_0_, csr0_.name as name6_0_, csr0_.password as password7_0_, csr0_.phone_no as phone_no8_0_, csr0_.user_name as user_nam9_0_ from csr csr0_
2022-04-01 10:09:05 [http-nio-9092-exec-10] TRACE o.h.t.descriptor.sql.BasicExtractor -
				extracted value ([csr_id1_0_] : [INTEGER]) - [1]
2022-04-01 10:09:05 [http-nio-9092-exec-10] TRACE o.h.t.descriptor.sql.BasicExtractor -
				extracted value ([details2_0_] : [VARCHAR]) - [null]
2022-04-01 10:09:05 [http-nio-9092-exec-10] TRACE o.h.t.descriptor.sql.BasicExtractor -
				extracted value ([email3_0_] : [VARCHAR]) - [dan@yahoo.com]
2022-04-01 10:09:05 [http-nio-9092-exec-10] TRACE o.h.t.descriptor.sql.BasicExtractor -
				extracted value ([is_admin4_0_] : [BOOLEAN]) - [false]
2022-04-01 10:09:05 [http-nio-9092-exec-10] TRACE o.h.t.descriptor.sql.BasicExtractor -
				extracted value ([is_enabl5_0_] : [BOOLEAN]) - [false]
2022-04-01 10:09:05 [http-nio-9092-exec-10] TRACE o.h.t.descriptor.sql.BasicExtractor -
				extracted value ([name6_0_] : [VARCHAR]) - [ainz]
2022-04-01 10:09:05 [http-nio-9092-exec-10] TRACE o.h.t.descriptor.sql.BasicExtractor -
				extracted value ([password7_0_] : [VARCHAR]) - [ainz]
2022-04-01 10:09:05 [http-nio-9092-exec-10] TRACE o.h.t.descriptor.sql.BasicExtractor -
				extracted value ([phone_no8_0_] : [INTEGER]) - [87654321]
2022-04-01 10:09:05 [http-nio-9092-exec-10] TRACE o.h.t.descriptor.sql.BasicExtractor -
				extracted value ([user_nam9_0_] : [VARCHAR]) - [ainz]
2022-04-01 10:14:37 [http-nio-9092-exec-3] DEBUG org.hibernate.SQL -
				select count(*) as col_0_0_ from csr csr0_ where csr0_.csr_id=?
2022-04-01 10:14:37 [http-nio-9092-exec-3] TRACE o.h.type.descriptor.sql.BasicBinder -
				binding parameter [1] as [INTEGER] - [3]
2022-04-01 10:14:37 [http-nio-9092-exec-3] TRACE o.h.t.descriptor.sql.BasicExtractor -
				extracted value ([col_0_0_] : [BIGINT]) - [0]
2022-04-01 10:14:37 [http-nio-9092-exec-3] DEBUG org.hibernate.SQL -
				select csr0_.csr_id as csr_id1_0_0_, csr0_.details as details2_0_0_, csr0_.email as email3_0_0_, csr0_.is_admin as is_admin4_0_0_, csr0_.is_enabled as is_enabl5_0_0_, csr0_.name as name6_0_0_, csr0_.password as password7_0_0_, csr0_.phone_no as phone_no8_0_0_, csr0_.user_name as user_nam9_0_0_ from csr csr0_ where csr0_.csr_id=?
2022-04-01 10:14:37 [http-nio-9092-exec-3] TRACE o.h.type.descriptor.sql.BasicBinder -
				binding parameter [1] as [INTEGER] - [3]
2022-04-01 10:14:37 [http-nio-9092-exec-3] DEBUG org.hibernate.SQL -
				insert into csr (details, email, is_admin, is_enabled, name, password, phone_no, user_name, csr_id) values (?, ?, ?, ?, ?, ?, ?, ?, ?)
2022-04-01 10:14:37 [http-nio-9092-exec-3] TRACE o.h.type.descriptor.sql.BasicBinder -
				binding parameter [1] as [VARCHAR] - []
2022-04-01 10:14:37 [http-nio-9092-exec-3] TRACE o.h.type.descriptor.sql.BasicBinder -
				binding parameter [2] as [VARCHAR] - [decesh@yahoo.com]
2022-04-01 10:14:37 [http-nio-9092-exec-3] TRACE o.h.type.descriptor.sql.BasicBinder -
				binding parameter [3] as [BOOLEAN] - [false]
2022-04-01 10:14:37 [http-nio-9092-exec-3] TRACE o.h.type.descriptor.sql.BasicBinder -
				binding parameter [4] as [BOOLEAN] - [true]
2022-04-01 10:14:37 [http-nio-9092-exec-3] TRACE o.h.type.descriptor.sql.BasicBinder -
				binding parameter [5] as [VARCHAR] - [devesh]
2022-04-01 10:14:37 [http-nio-9092-exec-3] TRACE o.h.type.descriptor.sql.BasicBinder -
				binding parameter [6] as [VARCHAR] - [pmkaebtpm]
2022-04-01 10:14:37 [http-nio-9092-exec-3] TRACE o.h.type.descriptor.sql.BasicBinder -
				binding parameter [7] as [INTEGER] - [1234567890]
2022-04-01 10:14:37 [http-nio-9092-exec-3] TRACE o.h.type.descriptor.sql.BasicBinder -
				binding parameter [8] as [VARCHAR] - [desh234]
2022-04-01 10:14:37 [http-nio-9092-exec-3] TRACE o.h.type.descriptor.sql.BasicBinder -
				binding parameter [9] as [INTEGER] - [3]
2022-04-01 10:14:50 [http-nio-9092-exec-5] DEBUG org.hibernate.SQL -
				select csr0_.csr_id as csr_id1_0_, csr0_.details as details2_0_, csr0_.email as email3_0_, csr0_.is_admin as is_admin4_0_, csr0_.is_enabled as is_enabl5_0_, csr0_.name as name6_0_, csr0_.password as password7_0_, csr0_.phone_no as phone_no8_0_, csr0_.user_name as user_nam9_0_ from csr csr0_
2022-04-01 10:14:50 [http-nio-9092-exec-5] TRACE o.h.t.descriptor.sql.BasicExtractor -
				extracted value ([csr_id1_0_] : [INTEGER]) - [1]
2022-04-01 10:14:50 [http-nio-9092-exec-5] TRACE o.h.t.descriptor.sql.BasicExtractor -
				extracted value ([details2_0_] : [VARCHAR]) - [null]
2022-04-01 10:14:50 [http-nio-9092-exec-5] TRACE o.h.t.descriptor.sql.BasicExtractor -
				extracted value ([email3_0_] : [VARCHAR]) - [dan@yahoo.com]
2022-04-01 10:14:50 [http-nio-9092-exec-5] TRACE o.h.t.descriptor.sql.BasicExtractor -
				extracted value ([is_admin4_0_] : [BOOLEAN]) - [false]
2022-04-01 10:14:50 [http-nio-9092-exec-5] TRACE o.h.t.descriptor.sql.BasicExtractor -
				extracted value ([is_enabl5_0_] : [BOOLEAN]) - [false]
2022-04-01 10:14:50 [http-nio-9092-exec-5] TRACE o.h.t.descriptor.sql.BasicExtractor -
				extracted value ([name6_0_] : [VARCHAR]) - [ainz]
2022-04-01 10:14:50 [http-nio-9092-exec-5] TRACE o.h.t.descriptor.sql.BasicExtractor -
				extracted value ([password7_0_] : [VARCHAR]) - [ainz]
2022-04-01 10:14:50 [http-nio-9092-exec-5] TRACE o.h.t.descriptor.sql.BasicExtractor -
				extracted value ([phone_no8_0_] : [INTEGER]) - [87654321]
2022-04-01 10:14:50 [http-nio-9092-exec-5] TRACE o.h.t.descriptor.sql.BasicExtractor -
				extracted value ([user_nam9_0_] : [VARCHAR]) - [ainz]
2022-04-01 10:14:50 [http-nio-9092-exec-5] TRACE o.h.t.descriptor.sql.BasicExtractor -
				extracted value ([csr_id1_0_] : [INTEGER]) - [3]
2022-04-01 10:14:50 [http-nio-9092-exec-5] TRACE o.h.t.descriptor.sql.BasicExtractor -
				extracted value ([details2_0_] : [VARCHAR]) - []
2022-04-01 10:14:50 [http-nio-9092-exec-5] TRACE o.h.t.descriptor.sql.BasicExtractor -
				extracted value ([email3_0_] : [VARCHAR]) - [decesh@yahoo.com]
2022-04-01 10:14:50 [http-nio-9092-exec-5] TRACE o.h.t.descriptor.sql.BasicExtractor -
				extracted value ([is_admin4_0_] : [BOOLEAN]) - [false]
2022-04-01 10:14:50 [http-nio-9092-exec-5] TRACE o.h.t.descriptor.sql.BasicExtractor -
				extracted value ([is_enabl5_0_] : [BOOLEAN]) - [true]
2022-04-01 10:14:50 [http-nio-9092-exec-5] TRACE o.h.t.descriptor.sql.BasicExtractor -
				extracted value ([name6_0_] : [VARCHAR]) - [devesh]
2022-04-01 10:14:50 [http-nio-9092-exec-5] TRACE o.h.t.descriptor.sql.BasicExtractor -
				extracted value ([password7_0_] : [VARCHAR]) - [pmkaebtpm]
2022-04-01 10:14:50 [http-nio-9092-exec-5] TRACE o.h.t.descriptor.sql.BasicExtractor -
				extracted value ([phone_no8_0_] : [INTEGER]) - [1234567890]
2022-04-01 10:14:50 [http-nio-9092-exec-5] TRACE o.h.t.descriptor.sql.BasicExtractor -
				extracted value ([user_nam9_0_] : [VARCHAR]) - [desh234]
2022-04-01 10:21:58 [http-nio-9092-exec-7] DEBUG org.hibernate.SQL -
				select csr0_.csr_id as csr_id1_0_, csr0_.details as details2_0_, csr0_.email as email3_0_, csr0_.is_admin as is_admin4_0_, csr0_.is_enabled as is_enabl5_0_, csr0_.name as name6_0_, csr0_.password as password7_0_, csr0_.phone_no as phone_no8_0_, csr0_.user_name as user_nam9_0_ from csr csr0_
2022-04-01 10:21:58 [http-nio-9092-exec-7] TRACE o.h.t.descriptor.sql.BasicExtractor -
				extracted value ([csr_id1_0_] : [INTEGER]) - [1]
2022-04-01 10:21:58 [http-nio-9092-exec-7] TRACE o.h.t.descriptor.sql.BasicExtractor -
				extracted value ([details2_0_] : [VARCHAR]) - [null]
2022-04-01 10:21:58 [http-nio-9092-exec-7] TRACE o.h.t.descriptor.sql.BasicExtractor -
				extracted value ([email3_0_] : [VARCHAR]) - [dan@yahoo.com]
2022-04-01 10:21:58 [http-nio-9092-exec-7] TRACE o.h.t.descriptor.sql.BasicExtractor -
				extracted value ([is_admin4_0_] : [BOOLEAN]) - [false]
2022-04-01 10:21:58 [http-nio-9092-exec-7] TRACE o.h.t.descriptor.sql.BasicExtractor -
				extracted value ([is_enabl5_0_] : [BOOLEAN]) - [false]
2022-04-01 10:21:58 [http-nio-9092-exec-7] TRACE o.h.t.descriptor.sql.BasicExtractor -
				extracted value ([name6_0_] : [VARCHAR]) - [ainz]
2022-04-01 10:21:58 [http-nio-9092-exec-7] TRACE o.h.t.descriptor.sql.BasicExtractor -
				extracted value ([password7_0_] : [VARCHAR]) - [ainz]
2022-04-01 10:21:58 [http-nio-9092-exec-7] TRACE o.h.t.descriptor.sql.BasicExtractor -
				extracted value ([phone_no8_0_] : [INTEGER]) - [87654321]
2022-04-01 10:21:58 [http-nio-9092-exec-7] TRACE o.h.t.descriptor.sql.BasicExtractor -
				extracted value ([user_nam9_0_] : [VARCHAR]) - [ainz]
2022-04-01 10:21:58 [http-nio-9092-exec-7] TRACE o.h.t.descriptor.sql.BasicExtractor -
				extracted value ([csr_id1_0_] : [INTEGER]) - [3]
2022-04-01 10:21:58 [http-nio-9092-exec-7] TRACE o.h.t.descriptor.sql.BasicExtractor -
				extracted value ([details2_0_] : [VARCHAR]) - []
2022-04-01 10:21:58 [http-nio-9092-exec-7] TRACE o.h.t.descriptor.sql.BasicExtractor -
				extracted value ([email3_0_] : [VARCHAR]) - [decesh@yahoo.com]
2022-04-01 10:21:58 [http-nio-9092-exec-7] TRACE o.h.t.descriptor.sql.BasicExtractor -
				extracted value ([is_admin4_0_] : [BOOLEAN]) - [false]
2022-04-01 10:21:58 [http-nio-9092-exec-7] TRACE o.h.t.descriptor.sql.BasicExtractor -
				extracted value ([is_enabl5_0_] : [BOOLEAN]) - [true]
2022-04-01 10:21:58 [http-nio-9092-exec-7] TRACE o.h.t.descriptor.sql.BasicExtractor -
				extracted value ([name6_0_] : [VARCHAR]) - [devesh]
2022-04-01 10:21:58 [http-nio-9092-exec-7] TRACE o.h.t.descriptor.sql.BasicExtractor -
				extracted value ([password7_0_] : [VARCHAR]) - [pmkaebtpm]
2022-04-01 10:21:58 [http-nio-9092-exec-7] TRACE o.h.t.descriptor.sql.BasicExtractor -
				extracted value ([phone_no8_0_] : [INTEGER]) - [1234567890]
2022-04-01 10:21:58 [http-nio-9092-exec-7] TRACE o.h.t.descriptor.sql.BasicExtractor -
				extracted value ([user_nam9_0_] : [VARCHAR]) - [desh234]
2022-04-01 10:22:00 [http-nio-9092-exec-8] DEBUG org.hibernate.SQL -
				select csr0_.csr_id as csr_id1_0_0_, csr0_.details as details2_0_0_, csr0_.email as email3_0_0_, csr0_.is_admin as is_admin4_0_0_, csr0_.is_enabled as is_enabl5_0_0_, csr0_.name as name6_0_0_, csr0_.password as password7_0_0_, csr0_.phone_no as phone_no8_0_0_, csr0_.user_name as user_nam9_0_0_ from csr csr0_ where csr0_.csr_id=?
2022-04-01 10:22:00 [http-nio-9092-exec-8] TRACE o.h.type.descriptor.sql.BasicBinder -
				binding parameter [1] as [INTEGER] - [1]
2022-04-01 10:22:00 [http-nio-9092-exec-8] TRACE o.h.t.descriptor.sql.BasicExtractor -
				extracted value ([details2_0_0_] : [VARCHAR]) - [null]
2022-04-01 10:22:00 [http-nio-9092-exec-8] TRACE o.h.t.descriptor.sql.BasicExtractor -
				extracted value ([email3_0_0_] : [VARCHAR]) - [dan@yahoo.com]
2022-04-01 10:22:00 [http-nio-9092-exec-8] TRACE o.h.t.descriptor.sql.BasicExtractor -
				extracted value ([is_admin4_0_0_] : [BOOLEAN]) - [false]
2022-04-01 10:22:00 [http-nio-9092-exec-8] TRACE o.h.t.descriptor.sql.BasicExtractor -
				extracted value ([is_enabl5_0_0_] : [BOOLEAN]) - [false]
2022-04-01 10:22:00 [http-nio-9092-exec-8] TRACE o.h.t.descriptor.sql.BasicExtractor -
				extracted value ([name6_0_0_] : [VARCHAR]) - [ainz]
2022-04-01 10:22:00 [http-nio-9092-exec-8] TRACE o.h.t.descriptor.sql.BasicExtractor -
				extracted value ([password7_0_0_] : [VARCHAR]) - [ainz]
2022-04-01 10:22:00 [http-nio-9092-exec-8] TRACE o.h.t.descriptor.sql.BasicExtractor -
				extracted value ([phone_no8_0_0_] : [INTEGER]) - [87654321]
2022-04-01 10:22:00 [http-nio-9092-exec-8] TRACE o.h.t.descriptor.sql.BasicExtractor -
				extracted value ([user_nam9_0_0_] : [VARCHAR]) - [ainz]
2022-04-01 10:22:13 [http-nio-9092-exec-9] DEBUG org.hibernate.SQL -
				select csr0_.csr_id as csr_id1_0_, csr0_.details as details2_0_, csr0_.email as email3_0_, csr0_.is_admin as is_admin4_0_, csr0_.is_enabled as is_enabl5_0_, csr0_.name as name6_0_, csr0_.password as password7_0_, csr0_.phone_no as phone_no8_0_, csr0_.user_name as user_nam9_0_ from csr csr0_
2022-04-01 10:22:13 [http-nio-9092-exec-9] TRACE o.h.t.descriptor.sql.BasicExtractor -
				extracted value ([csr_id1_0_] : [INTEGER]) - [1]
2022-04-01 10:22:13 [http-nio-9092-exec-9] TRACE o.h.t.descriptor.sql.BasicExtractor -
				extracted value ([details2_0_] : [VARCHAR]) - [null]
2022-04-01 10:22:13 [http-nio-9092-exec-9] TRACE o.h.t.descriptor.sql.BasicExtractor -
				extracted value ([email3_0_] : [VARCHAR]) - [dan@yahoo.com]
2022-04-01 10:22:13 [http-nio-9092-exec-9] TRACE o.h.t.descriptor.sql.BasicExtractor -
				extracted value ([is_admin4_0_] : [BOOLEAN]) - [false]
2022-04-01 10:22:13 [http-nio-9092-exec-9] TRACE o.h.t.descriptor.sql.BasicExtractor -
				extracted value ([is_enabl5_0_] : [BOOLEAN]) - [false]
2022-04-01 10:22:13 [http-nio-9092-exec-9] TRACE o.h.t.descriptor.sql.BasicExtractor -
				extracted value ([name6_0_] : [VARCHAR]) - [ainz]
2022-04-01 10:22:13 [http-nio-9092-exec-9] TRACE o.h.t.descriptor.sql.BasicExtractor -
				extracted value ([password7_0_] : [VARCHAR]) - [ainz]
2022-04-01 10:22:13 [http-nio-9092-exec-9] TRACE o.h.t.descriptor.sql.BasicExtractor -
				extracted value ([phone_no8_0_] : [INTEGER]) - [87654321]
2022-04-01 10:22:13 [http-nio-9092-exec-9] TRACE o.h.t.descriptor.sql.BasicExtractor -
				extracted value ([user_nam9_0_] : [VARCHAR]) - [ainz]
2022-04-01 10:22:13 [http-nio-9092-exec-9] TRACE o.h.t.descriptor.sql.BasicExtractor -
				extracted value ([csr_id1_0_] : [INTEGER]) - [3]
2022-04-01 10:22:13 [http-nio-9092-exec-9] TRACE o.h.t.descriptor.sql.BasicExtractor -
				extracted value ([details2_0_] : [VARCHAR]) - []
2022-04-01 10:22:13 [http-nio-9092-exec-9] TRACE o.h.t.descriptor.sql.BasicExtractor -
				extracted value ([email3_0_] : [VARCHAR]) - [decesh@yahoo.com]
2022-04-01 10:22:13 [http-nio-9092-exec-9] TRACE o.h.t.descriptor.sql.BasicExtractor -
				extracted value ([is_admin4_0_] : [BOOLEAN]) - [false]
2022-04-01 10:22:13 [http-nio-9092-exec-9] TRACE o.h.t.descriptor.sql.BasicExtractor -
				extracted value ([is_enabl5_0_] : [BOOLEAN]) - [true]
2022-04-01 10:22:13 [http-nio-9092-exec-9] TRACE o.h.t.descriptor.sql.BasicExtractor -
				extracted value ([name6_0_] : [VARCHAR]) - [devesh]
2022-04-01 10:22:13 [http-nio-9092-exec-9] TRACE o.h.t.descriptor.sql.BasicExtractor -
				extracted value ([password7_0_] : [VARCHAR]) - [pmkaebtpm]
2022-04-01 10:22:13 [http-nio-9092-exec-9] TRACE o.h.t.descriptor.sql.BasicExtractor -
				extracted value ([phone_no8_0_] : [INTEGER]) - [1234567890]
2022-04-01 10:22:13 [http-nio-9092-exec-9] TRACE o.h.t.descriptor.sql.BasicExtractor -
				extracted value ([user_nam9_0_] : [VARCHAR]) - [desh234]
