2022-03-25 15:53:14 [main] DEBUG org.hibernate.type.BasicTypeRegistry -
				Adding type registration boolean -> org.hibernate.type.BooleanType@256a0d95
2022-03-25 15:53:14 [main] DEBUG org.hibernate.type.BasicTypeRegistry -
				Adding type registration boolean -> org.hibernate.type.BooleanType@256a0d95
2022-03-25 15:53:14 [main] DEBUG org.hibernate.type.BasicTypeRegistry -
				Adding type registration java.lang.Boolean -> org.hibernate.type.BooleanType@256a0d95
2022-03-25 15:53:14 [main] DEBUG org.hibernate.type.BasicTypeRegistry -
				Adding type registration numeric_boolean -> org.hibernate.type.NumericBooleanType@4b41587d
2022-03-25 15:53:14 [main] DEBUG org.hibernate.type.BasicTypeRegistry -
				Adding type registration true_false -> org.hibernate.type.TrueFalseType@697a0948
2022-03-25 15:53:14 [main] DEBUG org.hibernate.type.BasicTypeRegistry -
				Adding type registration yes_no -> org.hibernate.type.YesNoType@1f536481
2022-03-25 15:53:14 [main] DEBUG org.hibernate.type.BasicTypeRegistry -
				Adding type registration byte -> org.hibernate.type.ByteType@ab4aa5e
2022-03-25 15:53:14 [main] DEBUG org.hibernate.type.BasicTypeRegistry -
				Adding type registration byte -> org.hibernate.type.ByteType@ab4aa5e
2022-03-25 15:53:14 [main] DEBUG org.hibernate.type.BasicTypeRegistry -
				Adding type registration java.lang.Byte -> org.hibernate.type.ByteType@ab4aa5e
2022-03-25 15:53:14 [main] DEBUG org.hibernate.type.BasicTypeRegistry -
				Adding type registration character -> org.hibernate.type.CharacterType@35cec305
2022-03-25 15:53:14 [main] DEBUG org.hibernate.type.BasicTypeRegistry -
				Adding type registration char -> org.hibernate.type.CharacterType@35cec305
2022-03-25 15:53:14 [main] DEBUG org.hibernate.type.BasicTypeRegistry -
				Adding type registration java.lang.Character -> org.hibernate.type.CharacterType@35cec305
2022-03-25 15:53:14 [main] DEBUG org.hibernate.type.BasicTypeRegistry -
				Adding type registration short -> org.hibernate.type.ShortType@1e545821
2022-03-25 15:53:14 [main] DEBUG org.hibernate.type.BasicTypeRegistry -
				Adding type registration short -> org.hibernate.type.ShortType@1e545821
2022-03-25 15:53:14 [main] DEBUG org.hibernate.type.BasicTypeRegistry -
				Adding type registration java.lang.Short -> org.hibernate.type.ShortType@1e545821
2022-03-25 15:53:14 [main] DEBUG org.hibernate.type.BasicTypeRegistry -
				Adding type registration integer -> org.hibernate.type.IntegerType@3b78c683
2022-03-25 15:53:14 [main] DEBUG org.hibernate.type.BasicTypeRegistry -
				Adding type registration int -> org.hibernate.type.IntegerType@3b78c683
2022-03-25 15:53:14 [main] DEBUG org.hibernate.type.BasicTypeRegistry -
				Adding type registration java.lang.Integer -> org.hibernate.type.IntegerType@3b78c683
2022-03-25 15:53:14 [main] DEBUG org.hibernate.type.BasicTypeRegistry -
				Adding type registration long -> org.hibernate.type.LongType@67f9cb52
2022-03-25 15:53:14 [main] DEBUG org.hibernate.type.BasicTypeRegistry -
				Adding type registration long -> org.hibernate.type.LongType@67f9cb52
2022-03-25 15:53:14 [main] DEBUG org.hibernate.type.BasicTypeRegistry -
				Adding type registration java.lang.Long -> org.hibernate.type.LongType@67f9cb52
2022-03-25 15:53:14 [main] DEBUG org.hibernate.type.BasicTypeRegistry -
				Adding type registration float -> org.hibernate.type.FloatType@1625789b
2022-03-25 15:53:14 [main] DEBUG org.hibernate.type.BasicTypeRegistry -
				Adding type registration float -> org.hibernate.type.FloatType@1625789b
2022-03-25 15:53:14 [main] DEBUG org.hibernate.type.BasicTypeRegistry -
				Adding type registration java.lang.Float -> org.hibernate.type.FloatType@1625789b
2022-03-25 15:53:14 [main] DEBUG org.hibernate.type.BasicTypeRegistry -
				Adding type registration double -> org.hibernate.type.DoubleType@5f6b53ed
2022-03-25 15:53:14 [main] DEBUG org.hibernate.type.BasicTypeRegistry -
				Adding type registration double -> org.hibernate.type.DoubleType@5f6b53ed
2022-03-25 15:53:14 [main] DEBUG org.hibernate.type.BasicTypeRegistry -
				Adding type registration java.lang.Double -> org.hibernate.type.DoubleType@5f6b53ed
2022-03-25 15:53:14 [main] DEBUG org.hibernate.type.BasicTypeRegistry -
				Adding type registration big_decimal -> org.hibernate.type.BigDecimalType@62d40e31
2022-03-25 15:53:14 [main] DEBUG org.hibernate.type.BasicTypeRegistry -
				Adding type registration java.math.BigDecimal -> org.hibernate.type.BigDecimalType@62d40e31
2022-03-25 15:53:14 [main] DEBUG org.hibernate.type.BasicTypeRegistry -
				Adding type registration big_integer -> org.hibernate.type.BigIntegerType@48cb2d73
2022-03-25 15:53:14 [main] DEBUG org.hibernate.type.BasicTypeRegistry -
				Adding type registration java.math.BigInteger -> org.hibernate.type.BigIntegerType@48cb2d73
2022-03-25 15:53:14 [main] DEBUG org.hibernate.type.BasicTypeRegistry -
				Adding type registration string -> org.hibernate.type.StringType@11c78080
2022-03-25 15:53:14 [main] DEBUG org.hibernate.type.BasicTypeRegistry -
				Adding type registration java.lang.String -> org.hibernate.type.StringType@11c78080
2022-03-25 15:53:14 [main] DEBUG org.hibernate.type.BasicTypeRegistry -
				Adding type registration nstring -> org.hibernate.type.StringNVarcharType@6282b9f5
2022-03-25 15:53:14 [main] DEBUG org.hibernate.type.BasicTypeRegistry -
				Adding type registration ncharacter -> org.hibernate.type.CharacterNCharType@58278366
2022-03-25 15:53:14 [main] DEBUG org.hibernate.type.BasicTypeRegistry -
				Adding type registration url -> org.hibernate.type.UrlType@6d293993
2022-03-25 15:53:14 [main] DEBUG org.hibernate.type.BasicTypeRegistry -
				Adding type registration java.net.URL -> org.hibernate.type.UrlType@6d293993
2022-03-25 15:53:14 [main] DEBUG org.hibernate.type.BasicTypeRegistry -
				Adding type registration Duration -> org.hibernate.type.DurationType@632b305d
2022-03-25 15:53:14 [main] DEBUG org.hibernate.type.BasicTypeRegistry -
				Adding type registration java.time.Duration -> org.hibernate.type.DurationType@632b305d
2022-03-25 15:53:14 [main] DEBUG org.hibernate.type.BasicTypeRegistry -
				Adding type registration Instant -> org.hibernate.type.InstantType@195113de
2022-03-25 15:53:14 [main] DEBUG org.hibernate.type.BasicTypeRegistry -
				Adding type registration java.time.Instant -> org.hibernate.type.InstantType@195113de
2022-03-25 15:53:14 [main] DEBUG org.hibernate.type.BasicTypeRegistry -
				Adding type registration LocalDateTime -> org.hibernate.type.LocalDateTimeType@66d25ba9
2022-03-25 15:53:14 [main] DEBUG org.hibernate.type.BasicTypeRegistry -
				Adding type registration java.time.LocalDateTime -> org.hibernate.type.LocalDateTimeType@66d25ba9
2022-03-25 15:53:14 [main] DEBUG org.hibernate.type.BasicTypeRegistry -
				Adding type registration LocalDate -> org.hibernate.type.LocalDateType@266e9dda
2022-03-25 15:53:14 [main] DEBUG org.hibernate.type.BasicTypeRegistry -
				Adding type registration java.time.LocalDate -> org.hibernate.type.LocalDateType@266e9dda
2022-03-25 15:53:14 [main] DEBUG org.hibernate.type.BasicTypeRegistry -
				Adding type registration LocalTime -> org.hibernate.type.LocalTimeType@7db40fd5
2022-03-25 15:53:14 [main] DEBUG org.hibernate.type.BasicTypeRegistry -
				Adding type registration java.time.LocalTime -> org.hibernate.type.LocalTimeType@7db40fd5
2022-03-25 15:53:14 [main] DEBUG org.hibernate.type.BasicTypeRegistry -
				Adding type registration OffsetDateTime -> org.hibernate.type.OffsetDateTimeType@74c9e11
2022-03-25 15:53:14 [main] DEBUG org.hibernate.type.BasicTypeRegistry -
				Adding type registration java.time.OffsetDateTime -> org.hibernate.type.OffsetDateTimeType@74c9e11
2022-03-25 15:53:14 [main] DEBUG org.hibernate.type.BasicTypeRegistry -
				Adding type registration OffsetTime -> org.hibernate.type.OffsetTimeType@4844930a
2022-03-25 15:53:14 [main] DEBUG org.hibernate.type.BasicTypeRegistry -
				Adding type registration java.time.OffsetTime -> org.hibernate.type.OffsetTimeType@4844930a
2022-03-25 15:53:14 [main] DEBUG org.hibernate.type.BasicTypeRegistry -
				Adding type registration ZonedDateTime -> org.hibernate.type.ZonedDateTimeType@7d9c45ee
2022-03-25 15:53:14 [main] DEBUG org.hibernate.type.BasicTypeRegistry -
				Adding type registration java.time.ZonedDateTime -> org.hibernate.type.ZonedDateTimeType@7d9c45ee
2022-03-25 15:53:14 [main] DEBUG org.hibernate.type.BasicTypeRegistry -
				Adding type registration date -> org.hibernate.type.DateType@7926352f
2022-03-25 15:53:14 [main] DEBUG org.hibernate.type.BasicTypeRegistry -
				Adding type registration java.sql.Date -> org.hibernate.type.DateType@7926352f
2022-03-25 15:53:14 [main] DEBUG org.hibernate.type.BasicTypeRegistry -
				Adding type registration time -> org.hibernate.type.TimeType@14fc9bd
2022-03-25 15:53:14 [main] DEBUG org.hibernate.type.BasicTypeRegistry -
				Adding type registration java.sql.Time -> org.hibernate.type.TimeType@14fc9bd
2022-03-25 15:53:14 [main] DEBUG org.hibernate.type.BasicTypeRegistry -
				Adding type registration timestamp -> org.hibernate.type.TimestampType@5e5ddfbc
2022-03-25 15:53:14 [main] DEBUG org.hibernate.type.BasicTypeRegistry -
				Adding type registration java.sql.Timestamp -> org.hibernate.type.TimestampType@5e5ddfbc
2022-03-25 15:53:14 [main] DEBUG org.hibernate.type.BasicTypeRegistry -
				Adding type registration java.util.Date -> org.hibernate.type.TimestampType@5e5ddfbc
2022-03-25 15:53:14 [main] DEBUG org.hibernate.type.BasicTypeRegistry -
				Adding type registration dbtimestamp -> org.hibernate.type.DbTimestampType@1129829c
2022-03-25 15:53:14 [main] DEBUG org.hibernate.type.BasicTypeRegistry -
				Adding type registration calendar -> org.hibernate.type.CalendarType@2d28fb02
2022-03-25 15:53:14 [main] DEBUG org.hibernate.type.BasicTypeRegistry -
				Adding type registration java.util.Calendar -> org.hibernate.type.CalendarType@2d28fb02
2022-03-25 15:53:14 [main] DEBUG org.hibernate.type.BasicTypeRegistry -
				Adding type registration java.util.GregorianCalendar -> org.hibernate.type.CalendarType@2d28fb02
2022-03-25 15:53:14 [main] DEBUG org.hibernate.type.BasicTypeRegistry -
				Adding type registration calendar_date -> org.hibernate.type.CalendarDateType@7f2c57fe
2022-03-25 15:53:14 [main] DEBUG org.hibernate.type.BasicTypeRegistry -
				Adding type registration calendar_time -> org.hibernate.type.CalendarTimeType@5f8a02cf
2022-03-25 15:53:14 [main] DEBUG org.hibernate.type.BasicTypeRegistry -
				Adding type registration locale -> org.hibernate.type.LocaleType@a90e2c1
2022-03-25 15:53:14 [main] DEBUG org.hibernate.type.BasicTypeRegistry -
				Adding type registration java.util.Locale -> org.hibernate.type.LocaleType@a90e2c1
2022-03-25 15:53:14 [main] DEBUG org.hibernate.type.BasicTypeRegistry -
				Adding type registration currency -> org.hibernate.type.CurrencyType@1b24ea2a
2022-03-25 15:53:14 [main] DEBUG org.hibernate.type.BasicTypeRegistry -
				Adding type registration java.util.Currency -> org.hibernate.type.CurrencyType@1b24ea2a
2022-03-25 15:53:14 [main] DEBUG org.hibernate.type.BasicTypeRegistry -
				Adding type registration timezone -> org.hibernate.type.TimeZoneType@47df5041
2022-03-25 15:53:14 [main] DEBUG org.hibernate.type.BasicTypeRegistry -
				Adding type registration java.util.TimeZone -> org.hibernate.type.TimeZoneType@47df5041
2022-03-25 15:53:14 [main] DEBUG org.hibernate.type.BasicTypeRegistry -
				Adding type registration class -> org.hibernate.type.ClassType@224c7de4
2022-03-25 15:53:14 [main] DEBUG org.hibernate.type.BasicTypeRegistry -
				Adding type registration java.lang.Class -> org.hibernate.type.ClassType@224c7de4
2022-03-25 15:53:14 [main] DEBUG org.hibernate.type.BasicTypeRegistry -
				Adding type registration uuid-binary -> org.hibernate.type.UUIDBinaryType@47a4eee2
2022-03-25 15:53:14 [main] DEBUG org.hibernate.type.BasicTypeRegistry -
				Adding type registration java.util.UUID -> org.hibernate.type.UUIDBinaryType@47a4eee2
2022-03-25 15:53:14 [main] DEBUG org.hibernate.type.BasicTypeRegistry -
				Adding type registration uuid-char -> org.hibernate.type.UUIDCharType@50211483
2022-03-25 15:53:14 [main] DEBUG org.hibernate.type.BasicTypeRegistry -
				Adding type registration binary -> org.hibernate.type.BinaryType@7436364d
2022-03-25 15:53:14 [main] DEBUG org.hibernate.type.BasicTypeRegistry -
				Adding type registration byte[] -> org.hibernate.type.BinaryType@7436364d
2022-03-25 15:53:14 [main] DEBUG org.hibernate.type.BasicTypeRegistry -
				Adding type registration [B -> org.hibernate.type.BinaryType@7436364d
2022-03-25 15:53:14 [main] DEBUG org.hibernate.type.BasicTypeRegistry -
				Adding type registration wrapper-binary -> org.hibernate.type.WrapperBinaryType@77cca767
2022-03-25 15:53:14 [main] DEBUG org.hibernate.type.BasicTypeRegistry -
				Adding type registration Byte[] -> org.hibernate.type.WrapperBinaryType@77cca767
2022-03-25 15:53:14 [main] DEBUG org.hibernate.type.BasicTypeRegistry -
				Adding type registration [Ljava.lang.Byte; -> org.hibernate.type.WrapperBinaryType@77cca767
2022-03-25 15:53:14 [main] DEBUG org.hibernate.type.BasicTypeRegistry -
				Adding type registration row_version -> org.hibernate.type.RowVersionType@2e0fdbe9
2022-03-25 15:53:14 [main] DEBUG org.hibernate.type.BasicTypeRegistry -
				Adding type registration image -> org.hibernate.type.ImageType@4f081b5d
2022-03-25 15:53:14 [main] DEBUG org.hibernate.type.BasicTypeRegistry -
				Adding type registration characters -> org.hibernate.type.CharArrayType@5f395ce1
2022-03-25 15:53:14 [main] DEBUG org.hibernate.type.BasicTypeRegistry -
				Adding type registration char[] -> org.hibernate.type.CharArrayType@5f395ce1
2022-03-25 15:53:14 [main] DEBUG org.hibernate.type.BasicTypeRegistry -
				Adding type registration [C -> org.hibernate.type.CharArrayType@5f395ce1
2022-03-25 15:53:14 [main] DEBUG org.hibernate.type.BasicTypeRegistry -
				Adding type registration wrapper-characters -> org.hibernate.type.CharacterArrayType@6f930e0
2022-03-25 15:53:14 [main] DEBUG org.hibernate.type.BasicTypeRegistry -
				Adding type registration [Ljava.lang.Character; -> org.hibernate.type.CharacterArrayType@6f930e0
2022-03-25 15:53:14 [main] DEBUG org.hibernate.type.BasicTypeRegistry -
				Adding type registration Character[] -> org.hibernate.type.CharacterArrayType@6f930e0
2022-03-25 15:53:14 [main] DEBUG org.hibernate.type.BasicTypeRegistry -
				Adding type registration text -> org.hibernate.type.TextType@329dc214
2022-03-25 15:53:14 [main] DEBUG org.hibernate.type.BasicTypeRegistry -
				Adding type registration ntext -> org.hibernate.type.NTextType@217dc48e
2022-03-25 15:53:14 [main] DEBUG org.hibernate.type.BasicTypeRegistry -
				Adding type registration blob -> org.hibernate.type.BlobType@2dd63e3
2022-03-25 15:53:14 [main] DEBUG org.hibernate.type.BasicTypeRegistry -
				Adding type registration java.sql.Blob -> org.hibernate.type.BlobType@2dd63e3
2022-03-25 15:53:14 [main] DEBUG org.hibernate.type.BasicTypeRegistry -
				Adding type registration materialized_blob -> org.hibernate.type.MaterializedBlobType@3b35798
2022-03-25 15:53:14 [main] DEBUG org.hibernate.type.BasicTypeRegistry -
				Adding type registration clob -> org.hibernate.type.ClobType@3a0aaaf0
2022-03-25 15:53:14 [main] DEBUG org.hibernate.type.BasicTypeRegistry -
				Adding type registration java.sql.Clob -> org.hibernate.type.ClobType@3a0aaaf0
2022-03-25 15:53:14 [main] DEBUG org.hibernate.type.BasicTypeRegistry -
				Adding type registration nclob -> org.hibernate.type.NClobType@42fc4ac4
2022-03-25 15:53:14 [main] DEBUG org.hibernate.type.BasicTypeRegistry -
				Adding type registration java.sql.NClob -> org.hibernate.type.NClobType@42fc4ac4
2022-03-25 15:53:14 [main] DEBUG org.hibernate.type.BasicTypeRegistry -
				Adding type registration materialized_clob -> org.hibernate.type.MaterializedClobType@691541bc
2022-03-25 15:53:14 [main] DEBUG org.hibernate.type.BasicTypeRegistry -
				Adding type registration materialized_nclob -> org.hibernate.type.MaterializedNClobType@35145874
2022-03-25 15:53:14 [main] DEBUG org.hibernate.type.BasicTypeRegistry -
				Adding type registration serializable -> org.hibernate.type.SerializableType@4b03cbad
2022-03-25 15:53:14 [main] DEBUG org.hibernate.type.BasicTypeRegistry -
				Adding type registration object -> org.hibernate.type.ObjectType@47044f7d
2022-03-25 15:53:14 [main] DEBUG org.hibernate.type.BasicTypeRegistry -
				Adding type registration java.lang.Object -> org.hibernate.type.ObjectType@47044f7d
2022-03-25 15:53:14 [main] DEBUG org.hibernate.type.BasicTypeRegistry -
				Adding type registration imm_date -> org.hibernate.type.AdaptedImmutableType@3b435211
2022-03-25 15:53:14 [main] DEBUG org.hibernate.type.BasicTypeRegistry -
				Adding type registration imm_time -> org.hibernate.type.AdaptedImmutableType@361cd35c
2022-03-25 15:53:14 [main] DEBUG org.hibernate.type.BasicTypeRegistry -
				Adding type registration imm_timestamp -> org.hibernate.type.AdaptedImmutableType@58a765ce
2022-03-25 15:53:14 [main] DEBUG org.hibernate.type.BasicTypeRegistry -
				Adding type registration imm_dbtimestamp -> org.hibernate.type.AdaptedImmutableType@4a642e4b
2022-03-25 15:53:14 [main] DEBUG org.hibernate.type.BasicTypeRegistry -
				Adding type registration imm_calendar -> org.hibernate.type.AdaptedImmutableType@6b162ecc
2022-03-25 15:53:14 [main] DEBUG org.hibernate.type.BasicTypeRegistry -
				Adding type registration imm_calendar_date -> org.hibernate.type.AdaptedImmutableType@3b4086c1
2022-03-25 15:53:14 [main] DEBUG org.hibernate.type.BasicTypeRegistry -
				Adding type registration imm_binary -> org.hibernate.type.AdaptedImmutableType@58aa1d72
2022-03-25 15:53:14 [main] DEBUG org.hibernate.type.BasicTypeRegistry -
				Adding type registration imm_serializable -> org.hibernate.type.AdaptedImmutableType@33d7765a
2022-03-25 15:53:15 [main] DEBUG o.h.type.spi.TypeConfiguration$Scope -
				Scoping TypeConfiguration [org.hibernate.type.spi.TypeConfiguration@7308c820] to MetadataBuildingContext [org.hibernate.boot.internal.MetadataBuildingContextRootImpl@5d601832]
2022-03-25 15:53:17 [main] DEBUG o.h.type.spi.TypeConfiguration$Scope -
				Scoping TypeConfiguration [org.hibernate.type.spi.TypeConfiguration@7308c820] to SessionFactoryImpl [org.hibernate.internal.SessionFactoryImpl@6dd20ec9]
2022-03-25 15:53:18 [main] TRACE o.h.type.spi.TypeConfiguration$Scope -
				Handling #sessionFactoryCreated from [org.hibernate.internal.SessionFactoryImpl@6dd20ec9] for TypeConfiguration
2022-03-25 15:53:20 [main] DEBUG org.hibernate.SQL -
				select csr0_.csr_id as csr_id1_0_0_, csr0_.is_admin as is_admin2_0_0_, csr0_.is_enabled as is_enabl3_0_0_, csr0_.name as name4_0_0_, csr0_.password as password5_0_0_, csr0_.user_name as user_nam6_0_0_ from csr csr0_ where csr0_.csr_id=?
2022-03-25 15:53:20 [main] TRACE o.h.type.descriptor.sql.BasicBinder -
				binding parameter [1] as [INTEGER] - [1]
2022-03-25 15:53:20 [main] TRACE o.h.t.descriptor.sql.BasicExtractor -
				extracted value ([is_admin2_0_0_] : [BOOLEAN]) - [false]
2022-03-25 15:53:20 [main] TRACE o.h.t.descriptor.sql.BasicExtractor -
				extracted value ([is_enabl3_0_0_] : [BOOLEAN]) - [false]
2022-03-25 15:53:20 [main] TRACE o.h.t.descriptor.sql.BasicExtractor -
				extracted value ([name4_0_0_] : [VARCHAR]) - [ainz]
2022-03-25 15:53:20 [main] TRACE o.h.t.descriptor.sql.BasicExtractor -
				extracted value ([password5_0_0_] : [VARCHAR]) - [ainz]
2022-03-25 15:53:20 [main] TRACE o.h.t.descriptor.sql.BasicExtractor -
				extracted value ([user_nam6_0_0_] : [VARCHAR]) - [ainz]
2022-03-25 15:53:20 [main] DEBUG org.hibernate.SQL -
				update csr set is_admin=?, is_enabled=?, name=?, password=?, user_name=? where csr_id=?
2022-03-25 15:53:20 [main] TRACE o.h.type.descriptor.sql.BasicBinder -
				binding parameter [1] as [BOOLEAN] - [false]
2022-03-25 15:53:20 [main] TRACE o.h.type.descriptor.sql.BasicBinder -
				binding parameter [2] as [BOOLEAN] - [true]
2022-03-25 15:53:20 [main] TRACE o.h.type.descriptor.sql.BasicBinder -
				binding parameter [3] as [VARCHAR] - [Ainz]
2022-03-25 15:53:20 [main] TRACE o.h.type.descriptor.sql.BasicBinder -
				binding parameter [4] as [VARCHAR] - [pass]
2022-03-25 15:53:20 [main] TRACE o.h.type.descriptor.sql.BasicBinder -
				binding parameter [5] as [VARCHAR] - [Dan]
2022-03-25 15:53:20 [main] TRACE o.h.type.descriptor.sql.BasicBinder -
				binding parameter [6] as [INTEGER] - [1]
2022-03-25 15:53:20 [main] DEBUG org.hibernate.SQL -
				select csr0_.csr_id as csr_id1_0_, csr0_.is_admin as is_admin2_0_, csr0_.is_enabled as is_enabl3_0_, csr0_.name as name4_0_, csr0_.password as password5_0_, csr0_.user_name as user_nam6_0_ from csr csr0_
2022-03-25 15:53:20 [main] TRACE o.h.t.descriptor.sql.BasicExtractor -
				extracted value ([csr_id1_0_] : [INTEGER]) - [1]
2022-03-25 15:53:20 [main] DEBUG org.hibernate.SQL -
				select csr0_.csr_id as csr_id1_0_0_, csr0_.is_admin as is_admin2_0_0_, csr0_.is_enabled as is_enabl3_0_0_, csr0_.name as name4_0_0_, csr0_.password as password5_0_0_, csr0_.user_name as user_nam6_0_0_ from csr csr0_ where csr0_.csr_id=?
2022-03-25 15:53:20 [main] TRACE o.h.type.descriptor.sql.BasicBinder -
				binding parameter [1] as [INTEGER] - [1]
2022-03-25 15:53:20 [main] TRACE o.h.t.descriptor.sql.BasicExtractor -
				extracted value ([is_admin2_0_0_] : [BOOLEAN]) - [false]
2022-03-25 15:53:20 [main] TRACE o.h.t.descriptor.sql.BasicExtractor -
				extracted value ([is_enabl3_0_0_] : [BOOLEAN]) - [false]
2022-03-25 15:53:20 [main] TRACE o.h.t.descriptor.sql.BasicExtractor -
				extracted value ([name4_0_0_] : [VARCHAR]) - [ainz]
2022-03-25 15:53:20 [main] TRACE o.h.t.descriptor.sql.BasicExtractor -
				extracted value ([password5_0_0_] : [VARCHAR]) - [ainz]
2022-03-25 15:53:20 [main] TRACE o.h.t.descriptor.sql.BasicExtractor -
				extracted value ([user_nam6_0_0_] : [VARCHAR]) - [ainz]
2022-03-25 15:53:20 [main] DEBUG org.hibernate.SQL -
				update csr set is_admin=?, is_enabled=?, name=?, password=?, user_name=? where csr_id=?
2022-03-25 15:53:20 [main] TRACE o.h.type.descriptor.sql.BasicBinder -
				binding parameter [1] as [BOOLEAN] - [false]
2022-03-25 15:53:20 [main] TRACE o.h.type.descriptor.sql.BasicBinder -
				binding parameter [2] as [BOOLEAN] - [true]
2022-03-25 15:53:20 [main] TRACE o.h.type.descriptor.sql.BasicBinder -
				binding parameter [3] as [VARCHAR] - [Ainz]
2022-03-25 15:53:20 [main] TRACE o.h.type.descriptor.sql.BasicBinder -
				binding parameter [4] as [VARCHAR] - [pass]
2022-03-25 15:53:20 [main] TRACE o.h.type.descriptor.sql.BasicBinder -
				binding parameter [5] as [VARCHAR] - [Dan]
2022-03-25 15:53:20 [main] TRACE o.h.type.descriptor.sql.BasicBinder -
				binding parameter [6] as [INTEGER] - [1]
2022-03-25 15:53:20 [main] DEBUG org.hibernate.SQL -
				select csr0_.csr_id as csr_id1_0_, csr0_.is_admin as is_admin2_0_, csr0_.is_enabled as is_enabl3_0_, csr0_.name as name4_0_, csr0_.password as password5_0_, csr0_.user_name as user_nam6_0_ from csr csr0_
2022-03-25 15:53:20 [main] TRACE o.h.t.descriptor.sql.BasicExtractor -
				extracted value ([csr_id1_0_] : [INTEGER]) - [1]
2022-03-25 15:53:20 [SpringApplicationShutdownHook] TRACE o.h.type.spi.TypeConfiguration$Scope -
				Handling #sessionFactoryClosed from [org.hibernate.internal.SessionFactoryImpl@6dd20ec9] for TypeConfiguration
2022-03-25 15:53:20 [SpringApplicationShutdownHook] DEBUG o.h.type.spi.TypeConfiguration$Scope -
				Un-scoping TypeConfiguration [org.hibernate.type.spi.TypeConfiguration$Scope@5d3e98a7] from SessionFactory [org.hibernate.internal.SessionFactoryImpl@6dd20ec9]
