2022-03-25 16:50:09 [main] DEBUG org.hibernate.type.BasicTypeRegistry -
				Adding type registration boolean -> org.hibernate.type.BooleanType@9cfc77
2022-03-25 16:50:09 [main] DEBUG org.hibernate.type.BasicTypeRegistry -
				Adding type registration boolean -> org.hibernate.type.BooleanType@9cfc77
2022-03-25 16:50:09 [main] DEBUG org.hibernate.type.BasicTypeRegistry -
				Adding type registration java.lang.Boolean -> org.hibernate.type.BooleanType@9cfc77
2022-03-25 16:50:09 [main] DEBUG org.hibernate.type.BasicTypeRegistry -
				Adding type registration numeric_boolean -> org.hibernate.type.NumericBooleanType@1f536481
2022-03-25 16:50:09 [main] DEBUG org.hibernate.type.BasicTypeRegistry -
				Adding type registration true_false -> org.hibernate.type.TrueFalseType@50b734c4
2022-03-25 16:50:09 [main] DEBUG org.hibernate.type.BasicTypeRegistry -
				Adding type registration yes_no -> org.hibernate.type.YesNoType@ab4aa5e
2022-03-25 16:50:09 [main] DEBUG org.hibernate.type.BasicTypeRegistry -
				Adding type registration byte -> org.hibernate.type.ByteType@237add
2022-03-25 16:50:09 [main] DEBUG org.hibernate.type.BasicTypeRegistry -
				Adding type registration byte -> org.hibernate.type.ByteType@237add
2022-03-25 16:50:09 [main] DEBUG org.hibernate.type.BasicTypeRegistry -
				Adding type registration java.lang.Byte -> org.hibernate.type.ByteType@237add
2022-03-25 16:50:09 [main] DEBUG org.hibernate.type.BasicTypeRegistry -
				Adding type registration character -> org.hibernate.type.CharacterType@12952aff
2022-03-25 16:50:09 [main] DEBUG org.hibernate.type.BasicTypeRegistry -
				Adding type registration char -> org.hibernate.type.CharacterType@12952aff
2022-03-25 16:50:09 [main] DEBUG org.hibernate.type.BasicTypeRegistry -
				Adding type registration java.lang.Character -> org.hibernate.type.CharacterType@12952aff
2022-03-25 16:50:09 [main] DEBUG org.hibernate.type.BasicTypeRegistry -
				Adding type registration short -> org.hibernate.type.ShortType@7f5614f9
2022-03-25 16:50:09 [main] DEBUG org.hibernate.type.BasicTypeRegistry -
				Adding type registration short -> org.hibernate.type.ShortType@7f5614f9
2022-03-25 16:50:09 [main] DEBUG org.hibernate.type.BasicTypeRegistry -
				Adding type registration java.lang.Short -> org.hibernate.type.ShortType@7f5614f9
2022-03-25 16:50:09 [main] DEBUG org.hibernate.type.BasicTypeRegistry -
				Adding type registration integer -> org.hibernate.type.IntegerType@2de9ca6
2022-03-25 16:50:09 [main] DEBUG org.hibernate.type.BasicTypeRegistry -
				Adding type registration int -> org.hibernate.type.IntegerType@2de9ca6
2022-03-25 16:50:09 [main] DEBUG org.hibernate.type.BasicTypeRegistry -
				Adding type registration java.lang.Integer -> org.hibernate.type.IntegerType@2de9ca6
2022-03-25 16:50:09 [main] DEBUG org.hibernate.type.BasicTypeRegistry -
				Adding type registration long -> org.hibernate.type.LongType@5a1dddba
2022-03-25 16:50:09 [main] DEBUG org.hibernate.type.BasicTypeRegistry -
				Adding type registration long -> org.hibernate.type.LongType@5a1dddba
2022-03-25 16:50:09 [main] DEBUG org.hibernate.type.BasicTypeRegistry -
				Adding type registration java.lang.Long -> org.hibernate.type.LongType@5a1dddba
2022-03-25 16:50:09 [main] DEBUG org.hibernate.type.BasicTypeRegistry -
				Adding type registration float -> org.hibernate.type.FloatType@20cdb152
2022-03-25 16:50:09 [main] DEBUG org.hibernate.type.BasicTypeRegistry -
				Adding type registration float -> org.hibernate.type.FloatType@20cdb152
2022-03-25 16:50:09 [main] DEBUG org.hibernate.type.BasicTypeRegistry -
				Adding type registration java.lang.Float -> org.hibernate.type.FloatType@20cdb152
2022-03-25 16:50:09 [main] DEBUG org.hibernate.type.BasicTypeRegistry -
				Adding type registration double -> org.hibernate.type.DoubleType@650aa077
2022-03-25 16:50:09 [main] DEBUG org.hibernate.type.BasicTypeRegistry -
				Adding type registration double -> org.hibernate.type.DoubleType@650aa077
2022-03-25 16:50:09 [main] DEBUG org.hibernate.type.BasicTypeRegistry -
				Adding type registration java.lang.Double -> org.hibernate.type.DoubleType@650aa077
2022-03-25 16:50:09 [main] DEBUG org.hibernate.type.BasicTypeRegistry -
				Adding type registration big_decimal -> org.hibernate.type.BigDecimalType@243bf087
2022-03-25 16:50:09 [main] DEBUG org.hibernate.type.BasicTypeRegistry -
				Adding type registration java.math.BigDecimal -> org.hibernate.type.BigDecimalType@243bf087
2022-03-25 16:50:09 [main] DEBUG org.hibernate.type.BasicTypeRegistry -
				Adding type registration big_integer -> org.hibernate.type.BigIntegerType@662be9f7
2022-03-25 16:50:09 [main] DEBUG org.hibernate.type.BasicTypeRegistry -
				Adding type registration java.math.BigInteger -> org.hibernate.type.BigIntegerType@662be9f7
2022-03-25 16:50:09 [main] DEBUG org.hibernate.type.BasicTypeRegistry -
				Adding type registration string -> org.hibernate.type.StringType@58278366
2022-03-25 16:50:09 [main] DEBUG org.hibernate.type.BasicTypeRegistry -
				Adding type registration java.lang.String -> org.hibernate.type.StringType@58278366
2022-03-25 16:50:09 [main] DEBUG org.hibernate.type.BasicTypeRegistry -
				Adding type registration nstring -> org.hibernate.type.StringNVarcharType@552fee7a
2022-03-25 16:50:09 [main] DEBUG org.hibernate.type.BasicTypeRegistry -
				Adding type registration ncharacter -> org.hibernate.type.CharacterNCharType@475f5672
2022-03-25 16:50:09 [main] DEBUG org.hibernate.type.BasicTypeRegistry -
				Adding type registration url -> org.hibernate.type.UrlType@44598ef7
2022-03-25 16:50:09 [main] DEBUG org.hibernate.type.BasicTypeRegistry -
				Adding type registration java.net.URL -> org.hibernate.type.UrlType@44598ef7
2022-03-25 16:50:09 [main] DEBUG org.hibernate.type.BasicTypeRegistry -
				Adding type registration Duration -> org.hibernate.type.DurationType@3ebc955b
2022-03-25 16:50:09 [main] DEBUG org.hibernate.type.BasicTypeRegistry -
				Adding type registration java.time.Duration -> org.hibernate.type.DurationType@3ebc955b
2022-03-25 16:50:09 [main] DEBUG org.hibernate.type.BasicTypeRegistry -
				Adding type registration Instant -> org.hibernate.type.InstantType@3830f918
2022-03-25 16:50:09 [main] DEBUG org.hibernate.type.BasicTypeRegistry -
				Adding type registration java.time.Instant -> org.hibernate.type.InstantType@3830f918
2022-03-25 16:50:09 [main] DEBUG org.hibernate.type.BasicTypeRegistry -
				Adding type registration LocalDateTime -> org.hibernate.type.LocalDateTimeType@38883a31
2022-03-25 16:50:09 [main] DEBUG org.hibernate.type.BasicTypeRegistry -
				Adding type registration java.time.LocalDateTime -> org.hibernate.type.LocalDateTimeType@38883a31
2022-03-25 16:50:09 [main] DEBUG org.hibernate.type.BasicTypeRegistry -
				Adding type registration LocalDate -> org.hibernate.type.LocalDateType@5e1a5f
2022-03-25 16:50:09 [main] DEBUG org.hibernate.type.BasicTypeRegistry -
				Adding type registration java.time.LocalDate -> org.hibernate.type.LocalDateType@5e1a5f
2022-03-25 16:50:09 [main] DEBUG org.hibernate.type.BasicTypeRegistry -
				Adding type registration LocalTime -> org.hibernate.type.LocalTimeType@9fe720a
2022-03-25 16:50:09 [main] DEBUG org.hibernate.type.BasicTypeRegistry -
				Adding type registration java.time.LocalTime -> org.hibernate.type.LocalTimeType@9fe720a
2022-03-25 16:50:09 [main] DEBUG org.hibernate.type.BasicTypeRegistry -
				Adding type registration OffsetDateTime -> org.hibernate.type.OffsetDateTimeType@11f23203
2022-03-25 16:50:09 [main] DEBUG org.hibernate.type.BasicTypeRegistry -
				Adding type registration java.time.OffsetDateTime -> org.hibernate.type.OffsetDateTimeType@11f23203
2022-03-25 16:50:09 [main] DEBUG org.hibernate.type.BasicTypeRegistry -
				Adding type registration OffsetTime -> org.hibernate.type.OffsetTimeType@4052b19f
2022-03-25 16:50:09 [main] DEBUG org.hibernate.type.BasicTypeRegistry -
				Adding type registration java.time.OffsetTime -> org.hibernate.type.OffsetTimeType@4052b19f
2022-03-25 16:50:09 [main] DEBUG org.hibernate.type.BasicTypeRegistry -
				Adding type registration ZonedDateTime -> org.hibernate.type.ZonedDateTimeType@fb5aeed
2022-03-25 16:50:09 [main] DEBUG org.hibernate.type.BasicTypeRegistry -
				Adding type registration java.time.ZonedDateTime -> org.hibernate.type.ZonedDateTimeType@fb5aeed
2022-03-25 16:50:09 [main] DEBUG org.hibernate.type.BasicTypeRegistry -
				Adding type registration date -> org.hibernate.type.DateType@14fc9bd
2022-03-25 16:50:09 [main] DEBUG org.hibernate.type.BasicTypeRegistry -
				Adding type registration java.sql.Date -> org.hibernate.type.DateType@14fc9bd
2022-03-25 16:50:09 [main] DEBUG org.hibernate.type.BasicTypeRegistry -
				Adding type registration time -> org.hibernate.type.TimeType@5e5ddfbc
2022-03-25 16:50:09 [main] DEBUG org.hibernate.type.BasicTypeRegistry -
				Adding type registration java.sql.Time -> org.hibernate.type.TimeType@5e5ddfbc
2022-03-25 16:50:09 [main] DEBUG org.hibernate.type.BasicTypeRegistry -
				Adding type registration timestamp -> org.hibernate.type.TimestampType@4e4162bc
2022-03-25 16:50:09 [main] DEBUG org.hibernate.type.BasicTypeRegistry -
				Adding type registration java.sql.Timestamp -> org.hibernate.type.TimestampType@4e4162bc
2022-03-25 16:50:09 [main] DEBUG org.hibernate.type.BasicTypeRegistry -
				Adding type registration java.util.Date -> org.hibernate.type.TimestampType@4e4162bc
2022-03-25 16:50:09 [main] DEBUG org.hibernate.type.BasicTypeRegistry -
				Adding type registration dbtimestamp -> org.hibernate.type.DbTimestampType@2d28fb02
2022-03-25 16:50:09 [main] DEBUG org.hibernate.type.BasicTypeRegistry -
				Adding type registration calendar -> org.hibernate.type.CalendarType@790d8fdd
2022-03-25 16:50:09 [main] DEBUG org.hibernate.type.BasicTypeRegistry -
				Adding type registration java.util.Calendar -> org.hibernate.type.CalendarType@790d8fdd
2022-03-25 16:50:09 [main] DEBUG org.hibernate.type.BasicTypeRegistry -
				Adding type registration java.util.GregorianCalendar -> org.hibernate.type.CalendarType@790d8fdd
2022-03-25 16:50:09 [main] DEBUG org.hibernate.type.BasicTypeRegistry -
				Adding type registration calendar_date -> org.hibernate.type.CalendarDateType@26d5a317
2022-03-25 16:50:09 [main] DEBUG org.hibernate.type.BasicTypeRegistry -
				Adding type registration calendar_time -> org.hibernate.type.CalendarTimeType@89caf47
2022-03-25 16:50:09 [main] DEBUG org.hibernate.type.BasicTypeRegistry -
				Adding type registration locale -> org.hibernate.type.LocaleType@5df6163a
2022-03-25 16:50:09 [main] DEBUG org.hibernate.type.BasicTypeRegistry -
				Adding type registration java.util.Locale -> org.hibernate.type.LocaleType@5df6163a
2022-03-25 16:50:09 [main] DEBUG org.hibernate.type.BasicTypeRegistry -
				Adding type registration currency -> org.hibernate.type.CurrencyType@2a0ea492
2022-03-25 16:50:09 [main] DEBUG org.hibernate.type.BasicTypeRegistry -
				Adding type registration java.util.Currency -> org.hibernate.type.CurrencyType@2a0ea492
2022-03-25 16:50:09 [main] DEBUG org.hibernate.type.BasicTypeRegistry -
				Adding type registration timezone -> org.hibernate.type.TimeZoneType@36ad229b
2022-03-25 16:50:09 [main] DEBUG org.hibernate.type.BasicTypeRegistry -
				Adding type registration java.util.TimeZone -> org.hibernate.type.TimeZoneType@36ad229b
2022-03-25 16:50:09 [main] DEBUG org.hibernate.type.BasicTypeRegistry -
				Adding type registration class -> org.hibernate.type.ClassType@36f6e521
2022-03-25 16:50:09 [main] DEBUG org.hibernate.type.BasicTypeRegistry -
				Adding type registration java.lang.Class -> org.hibernate.type.ClassType@36f6e521
2022-03-25 16:50:09 [main] DEBUG org.hibernate.type.BasicTypeRegistry -
				Adding type registration uuid-binary -> org.hibernate.type.UUIDBinaryType@6de004f1
2022-03-25 16:50:09 [main] DEBUG org.hibernate.type.BasicTypeRegistry -
				Adding type registration java.util.UUID -> org.hibernate.type.UUIDBinaryType@6de004f1
2022-03-25 16:50:09 [main] DEBUG org.hibernate.type.BasicTypeRegistry -
				Adding type registration uuid-char -> org.hibernate.type.UUIDCharType@7436364d
2022-03-25 16:50:09 [main] DEBUG org.hibernate.type.BasicTypeRegistry -
				Adding type registration binary -> org.hibernate.type.BinaryType@4b195203
2022-03-25 16:50:09 [main] DEBUG org.hibernate.type.BasicTypeRegistry -
				Adding type registration byte[] -> org.hibernate.type.BinaryType@4b195203
2022-03-25 16:50:09 [main] DEBUG org.hibernate.type.BasicTypeRegistry -
				Adding type registration [B -> org.hibernate.type.BinaryType@4b195203
2022-03-25 16:50:09 [main] DEBUG org.hibernate.type.BasicTypeRegistry -
				Adding type registration wrapper-binary -> org.hibernate.type.WrapperBinaryType@16a3cc88
2022-03-25 16:50:09 [main] DEBUG org.hibernate.type.BasicTypeRegistry -
				Adding type registration Byte[] -> org.hibernate.type.WrapperBinaryType@16a3cc88
2022-03-25 16:50:09 [main] DEBUG org.hibernate.type.BasicTypeRegistry -
				Adding type registration [Ljava.lang.Byte; -> org.hibernate.type.WrapperBinaryType@16a3cc88
2022-03-25 16:50:09 [main] DEBUG org.hibernate.type.BasicTypeRegistry -
				Adding type registration row_version -> org.hibernate.type.RowVersionType@265c1a7c
2022-03-25 16:50:09 [main] DEBUG org.hibernate.type.BasicTypeRegistry -
				Adding type registration image -> org.hibernate.type.ImageType@19f02280
2022-03-25 16:50:09 [main] DEBUG org.hibernate.type.BasicTypeRegistry -
				Adding type registration characters -> org.hibernate.type.CharArrayType@450f0235
2022-03-25 16:50:09 [main] DEBUG org.hibernate.type.BasicTypeRegistry -
				Adding type registration char[] -> org.hibernate.type.CharArrayType@450f0235
2022-03-25 16:50:09 [main] DEBUG org.hibernate.type.BasicTypeRegistry -
				Adding type registration [C -> org.hibernate.type.CharArrayType@450f0235
2022-03-25 16:50:09 [main] DEBUG org.hibernate.type.BasicTypeRegistry -
				Adding type registration wrapper-characters -> org.hibernate.type.CharacterArrayType@217dc48e
2022-03-25 16:50:09 [main] DEBUG org.hibernate.type.BasicTypeRegistry -
				Adding type registration [Ljava.lang.Character; -> org.hibernate.type.CharacterArrayType@217dc48e
2022-03-25 16:50:09 [main] DEBUG org.hibernate.type.BasicTypeRegistry -
				Adding type registration Character[] -> org.hibernate.type.CharacterArrayType@217dc48e
2022-03-25 16:50:09 [main] DEBUG org.hibernate.type.BasicTypeRegistry -
				Adding type registration text -> org.hibernate.type.TextType@7aea704c
2022-03-25 16:50:09 [main] DEBUG org.hibernate.type.BasicTypeRegistry -
				Adding type registration ntext -> org.hibernate.type.NTextType@4ae2e781
2022-03-25 16:50:09 [main] DEBUG org.hibernate.type.BasicTypeRegistry -
				Adding type registration blob -> org.hibernate.type.BlobType@73bb1337
2022-03-25 16:50:09 [main] DEBUG org.hibernate.type.BasicTypeRegistry -
				Adding type registration java.sql.Blob -> org.hibernate.type.BlobType@73bb1337
2022-03-25 16:50:09 [main] DEBUG org.hibernate.type.BasicTypeRegistry -
				Adding type registration materialized_blob -> org.hibernate.type.MaterializedBlobType@15214920
2022-03-25 16:50:09 [main] DEBUG org.hibernate.type.BasicTypeRegistry -
				Adding type registration clob -> org.hibernate.type.ClobType@49580ca8
2022-03-25 16:50:09 [main] DEBUG org.hibernate.type.BasicTypeRegistry -
				Adding type registration java.sql.Clob -> org.hibernate.type.ClobType@49580ca8
2022-03-25 16:50:09 [main] DEBUG org.hibernate.type.BasicTypeRegistry -
				Adding type registration nclob -> org.hibernate.type.NClobType@35145874
2022-03-25 16:50:09 [main] DEBUG org.hibernate.type.BasicTypeRegistry -
				Adding type registration java.sql.NClob -> org.hibernate.type.NClobType@35145874
2022-03-25 16:50:09 [main] DEBUG org.hibernate.type.BasicTypeRegistry -
				Adding type registration materialized_clob -> org.hibernate.type.MaterializedClobType@f245bdd
2022-03-25 16:50:09 [main] DEBUG org.hibernate.type.BasicTypeRegistry -
				Adding type registration materialized_nclob -> org.hibernate.type.MaterializedNClobType@14b275bd
2022-03-25 16:50:09 [main] DEBUG org.hibernate.type.BasicTypeRegistry -
				Adding type registration serializable -> org.hibernate.type.SerializableType@273fa9e
2022-03-25 16:50:09 [main] DEBUG org.hibernate.type.BasicTypeRegistry -
				Adding type registration object -> org.hibernate.type.ObjectType@6b162ecc
2022-03-25 16:50:09 [main] DEBUG org.hibernate.type.BasicTypeRegistry -
				Adding type registration java.lang.Object -> org.hibernate.type.ObjectType@6b162ecc
2022-03-25 16:50:09 [main] DEBUG org.hibernate.type.BasicTypeRegistry -
				Adding type registration imm_date -> org.hibernate.type.AdaptedImmutableType@69ed5ea2
2022-03-25 16:50:09 [main] DEBUG org.hibernate.type.BasicTypeRegistry -
				Adding type registration imm_time -> org.hibernate.type.AdaptedImmutableType@56a4abd0
2022-03-25 16:50:09 [main] DEBUG org.hibernate.type.BasicTypeRegistry -
				Adding type registration imm_timestamp -> org.hibernate.type.AdaptedImmutableType@5eed6dfb
2022-03-25 16:50:09 [main] DEBUG org.hibernate.type.BasicTypeRegistry -
				Adding type registration imm_dbtimestamp -> org.hibernate.type.AdaptedImmutableType@5600a5da
2022-03-25 16:50:09 [main] DEBUG org.hibernate.type.BasicTypeRegistry -
				Adding type registration imm_calendar -> org.hibernate.type.AdaptedImmutableType@551be9f6
2022-03-25 16:50:09 [main] DEBUG org.hibernate.type.BasicTypeRegistry -
				Adding type registration imm_calendar_date -> org.hibernate.type.AdaptedImmutableType@269222ae
2022-03-25 16:50:09 [main] DEBUG org.hibernate.type.BasicTypeRegistry -
				Adding type registration imm_binary -> org.hibernate.type.AdaptedImmutableType@13250132
2022-03-25 16:50:09 [main] DEBUG org.hibernate.type.BasicTypeRegistry -
				Adding type registration imm_serializable -> org.hibernate.type.AdaptedImmutableType@40d848f9
2022-03-25 16:50:09 [main] DEBUG o.h.type.spi.TypeConfiguration$Scope -
				Scoping TypeConfiguration [org.hibernate.type.spi.TypeConfiguration@6bd92538] to MetadataBuildingContext [org.hibernate.boot.internal.MetadataBuildingContextRootImpl@69a373fd]
2022-03-25 16:50:10 [main] DEBUG o.h.type.spi.TypeConfiguration$Scope -
				Scoping TypeConfiguration [org.hibernate.type.spi.TypeConfiguration@6bd92538] to SessionFactoryImpl [org.hibernate.internal.SessionFactoryImpl@249b54af]
2022-03-25 16:50:10 [main] TRACE o.h.type.spi.TypeConfiguration$Scope -
				Handling #sessionFactoryCreated from [org.hibernate.internal.SessionFactoryImpl@249b54af] for TypeConfiguration
2022-03-25 16:50:11 [main] DEBUG org.hibernate.SQL -
				select csr0_.csr_id as csr_id1_0_0_, csr0_.is_admin as is_admin2_0_0_, csr0_.is_enabled as is_enabl3_0_0_, csr0_.name as name4_0_0_, csr0_.password as password5_0_0_, csr0_.user_name as user_nam6_0_0_ from csr csr0_ where csr0_.csr_id=?
2022-03-25 16:50:11 [main] TRACE o.h.type.descriptor.sql.BasicBinder -
				binding parameter [1] as [INTEGER] - [1]
2022-03-25 16:50:11 [main] TRACE o.h.t.descriptor.sql.BasicExtractor -
				extracted value ([is_admin2_0_0_] : [BOOLEAN]) - [false]
2022-03-25 16:50:11 [main] TRACE o.h.t.descriptor.sql.BasicExtractor -
				extracted value ([is_enabl3_0_0_] : [BOOLEAN]) - [false]
2022-03-25 16:50:11 [main] TRACE o.h.t.descriptor.sql.BasicExtractor -
				extracted value ([name4_0_0_] : [VARCHAR]) - [ainz]
2022-03-25 16:50:11 [main] TRACE o.h.t.descriptor.sql.BasicExtractor -
				extracted value ([password5_0_0_] : [VARCHAR]) - [ainz]
2022-03-25 16:50:11 [main] TRACE o.h.t.descriptor.sql.BasicExtractor -
				extracted value ([user_nam6_0_0_] : [VARCHAR]) - [ainz]
2022-03-25 16:50:11 [main] DEBUG org.hibernate.SQL -
				update csr set is_admin=?, is_enabled=?, name=?, password=?, user_name=? where csr_id=?
2022-03-25 16:50:11 [main] TRACE o.h.type.descriptor.sql.BasicBinder -
				binding parameter [1] as [BOOLEAN] - [false]
2022-03-25 16:50:11 [main] TRACE o.h.type.descriptor.sql.BasicBinder -
				binding parameter [2] as [BOOLEAN] - [true]
2022-03-25 16:50:11 [main] TRACE o.h.type.descriptor.sql.BasicBinder -
				binding parameter [3] as [VARCHAR] - [Ainz]
2022-03-25 16:50:11 [main] TRACE o.h.type.descriptor.sql.BasicBinder -
				binding parameter [4] as [VARCHAR] - [pass]
2022-03-25 16:50:11 [main] TRACE o.h.type.descriptor.sql.BasicBinder -
				binding parameter [5] as [VARCHAR] - [Dan]
2022-03-25 16:50:11 [main] TRACE o.h.type.descriptor.sql.BasicBinder -
				binding parameter [6] as [INTEGER] - [1]
2022-03-25 16:50:11 [main] DEBUG org.hibernate.SQL -
				select csr0_.csr_id as csr_id1_0_, csr0_.is_admin as is_admin2_0_, csr0_.is_enabled as is_enabl3_0_, csr0_.name as name4_0_, csr0_.password as password5_0_, csr0_.user_name as user_nam6_0_ from csr csr0_
2022-03-25 16:50:11 [main] TRACE o.h.t.descriptor.sql.BasicExtractor -
				extracted value ([csr_id1_0_] : [INTEGER]) - [1]
2022-03-25 16:50:11 [main] DEBUG org.hibernate.SQL -
				select csr0_.csr_id as csr_id1_0_0_, csr0_.is_admin as is_admin2_0_0_, csr0_.is_enabled as is_enabl3_0_0_, csr0_.name as name4_0_0_, csr0_.password as password5_0_0_, csr0_.user_name as user_nam6_0_0_ from csr csr0_ where csr0_.csr_id=?
2022-03-25 16:50:11 [main] TRACE o.h.type.descriptor.sql.BasicBinder -
				binding parameter [1] as [INTEGER] - [1]
2022-03-25 16:50:11 [main] TRACE o.h.t.descriptor.sql.BasicExtractor -
				extracted value ([is_admin2_0_0_] : [BOOLEAN]) - [false]
2022-03-25 16:50:11 [main] TRACE o.h.t.descriptor.sql.BasicExtractor -
				extracted value ([is_enabl3_0_0_] : [BOOLEAN]) - [false]
2022-03-25 16:50:11 [main] TRACE o.h.t.descriptor.sql.BasicExtractor -
				extracted value ([name4_0_0_] : [VARCHAR]) - [ainz]
2022-03-25 16:50:11 [main] TRACE o.h.t.descriptor.sql.BasicExtractor -
				extracted value ([password5_0_0_] : [VARCHAR]) - [ainz]
2022-03-25 16:50:11 [main] TRACE o.h.t.descriptor.sql.BasicExtractor -
				extracted value ([user_nam6_0_0_] : [VARCHAR]) - [ainz]
2022-03-25 16:50:11 [main] DEBUG org.hibernate.SQL -
				update csr set is_admin=?, is_enabled=?, name=?, password=?, user_name=? where csr_id=?
2022-03-25 16:50:11 [main] TRACE o.h.type.descriptor.sql.BasicBinder -
				binding parameter [1] as [BOOLEAN] - [false]
2022-03-25 16:50:11 [main] TRACE o.h.type.descriptor.sql.BasicBinder -
				binding parameter [2] as [BOOLEAN] - [true]
2022-03-25 16:50:11 [main] TRACE o.h.type.descriptor.sql.BasicBinder -
				binding parameter [3] as [VARCHAR] - [Ainz]
2022-03-25 16:50:11 [main] TRACE o.h.type.descriptor.sql.BasicBinder -
				binding parameter [4] as [VARCHAR] - [pass]
2022-03-25 16:50:11 [main] TRACE o.h.type.descriptor.sql.BasicBinder -
				binding parameter [5] as [VARCHAR] - [Dan]
2022-03-25 16:50:11 [main] TRACE o.h.type.descriptor.sql.BasicBinder -
				binding parameter [6] as [INTEGER] - [1]
2022-03-25 16:50:11 [main] DEBUG org.hibernate.SQL -
				select csr0_.csr_id as csr_id1_0_, csr0_.is_admin as is_admin2_0_, csr0_.is_enabled as is_enabl3_0_, csr0_.name as name4_0_, csr0_.password as password5_0_, csr0_.user_name as user_nam6_0_ from csr csr0_
2022-03-25 16:50:11 [main] TRACE o.h.t.descriptor.sql.BasicExtractor -
				extracted value ([csr_id1_0_] : [INTEGER]) - [1]
2022-03-25 16:50:11 [main] DEBUG org.hibernate.SQL -
				select csr0_.csr_id as csr_id1_0_, csr0_.is_admin as is_admin2_0_, csr0_.is_enabled as is_enabl3_0_, csr0_.name as name4_0_, csr0_.password as password5_0_, csr0_.user_name as user_nam6_0_ from csr csr0_
2022-03-25 16:50:11 [main] TRACE o.h.t.descriptor.sql.BasicExtractor -
				extracted value ([csr_id1_0_] : [INTEGER]) - [1]
2022-03-25 16:50:11 [main] DEBUG org.hibernate.SQL -
				select csr0_.csr_id as csr_id1_0_, csr0_.is_admin as is_admin2_0_, csr0_.is_enabled as is_enabl3_0_, csr0_.name as name4_0_, csr0_.password as password5_0_, csr0_.user_name as user_nam6_0_ from csr csr0_
2022-03-25 16:50:11 [main] TRACE o.h.t.descriptor.sql.BasicExtractor -
				extracted value ([csr_id1_0_] : [INTEGER]) - [1]
2022-03-25 16:50:11 [main] DEBUG org.hibernate.SQL -
				select csr0_.csr_id as csr_id1_0_0_, csr0_.is_admin as is_admin2_0_0_, csr0_.is_enabled as is_enabl3_0_0_, csr0_.name as name4_0_0_, csr0_.password as password5_0_0_, csr0_.user_name as user_nam6_0_0_ from csr csr0_ where csr0_.csr_id=?
2022-03-25 16:50:11 [main] TRACE o.h.type.descriptor.sql.BasicBinder -
				binding parameter [1] as [INTEGER] - [1]
2022-03-25 16:50:11 [main] TRACE o.h.t.descriptor.sql.BasicExtractor -
				extracted value ([is_admin2_0_0_] : [BOOLEAN]) - [false]
2022-03-25 16:50:11 [main] TRACE o.h.t.descriptor.sql.BasicExtractor -
				extracted value ([is_enabl3_0_0_] : [BOOLEAN]) - [false]
2022-03-25 16:50:11 [main] TRACE o.h.t.descriptor.sql.BasicExtractor -
				extracted value ([name4_0_0_] : [VARCHAR]) - [ainz]
2022-03-25 16:50:11 [main] TRACE o.h.t.descriptor.sql.BasicExtractor -
				extracted value ([password5_0_0_] : [VARCHAR]) - [ainz]
2022-03-25 16:50:11 [main] TRACE o.h.t.descriptor.sql.BasicExtractor -
				extracted value ([user_nam6_0_0_] : [VARCHAR]) - [ainz]
2022-03-25 16:50:11 [main] DEBUG org.hibernate.SQL -
				delete from csr where csr_id=?
2022-03-25 16:50:11 [main] TRACE o.h.type.descriptor.sql.BasicBinder -
				binding parameter [1] as [INTEGER] - [1]
2022-03-25 16:50:11 [main] DEBUG org.hibernate.SQL -
				select csr0_.csr_id as csr_id1_0_, csr0_.is_admin as is_admin2_0_, csr0_.is_enabled as is_enabl3_0_, csr0_.name as name4_0_, csr0_.password as password5_0_, csr0_.user_name as user_nam6_0_ from csr csr0_
2022-03-25 16:50:11 [main] DEBUG org.hibernate.SQL -
				select csr0_.csr_id as csr_id1_0_0_, csr0_.is_admin as is_admin2_0_0_, csr0_.is_enabled as is_enabl3_0_0_, csr0_.name as name4_0_0_, csr0_.password as password5_0_0_, csr0_.user_name as user_nam6_0_0_ from csr csr0_ where csr0_.csr_id=?
2022-03-25 16:50:11 [main] TRACE o.h.type.descriptor.sql.BasicBinder -
				binding parameter [1] as [INTEGER] - [1]
2022-03-25 16:50:11 [main] TRACE o.h.t.descriptor.sql.BasicExtractor -
				extracted value ([is_admin2_0_0_] : [BOOLEAN]) - [false]
2022-03-25 16:50:11 [main] TRACE o.h.t.descriptor.sql.BasicExtractor -
				extracted value ([is_enabl3_0_0_] : [BOOLEAN]) - [false]
2022-03-25 16:50:11 [main] TRACE o.h.t.descriptor.sql.BasicExtractor -
				extracted value ([name4_0_0_] : [VARCHAR]) - [ainz]
2022-03-25 16:50:11 [main] TRACE o.h.t.descriptor.sql.BasicExtractor -
				extracted value ([password5_0_0_] : [VARCHAR]) - [ainz]
2022-03-25 16:50:11 [main] TRACE o.h.t.descriptor.sql.BasicExtractor -
				extracted value ([user_nam6_0_0_] : [VARCHAR]) - [ainz]
2022-03-25 16:50:11 [main] DEBUG org.hibernate.SQL -
				update csr set is_admin=?, is_enabled=?, name=?, password=?, user_name=? where csr_id=?
2022-03-25 16:50:11 [main] TRACE o.h.type.descriptor.sql.BasicBinder -
				binding parameter [1] as [BOOLEAN] - [false]
2022-03-25 16:50:11 [main] TRACE o.h.type.descriptor.sql.BasicBinder -
				binding parameter [2] as [BOOLEAN] - [true]
2022-03-25 16:50:11 [main] TRACE o.h.type.descriptor.sql.BasicBinder -
				binding parameter [3] as [VARCHAR] - [Banana]
2022-03-25 16:50:11 [main] TRACE o.h.type.descriptor.sql.BasicBinder -
				binding parameter [4] as [VARCHAR] - [pass]
2022-03-25 16:50:11 [main] TRACE o.h.type.descriptor.sql.BasicBinder -
				binding parameter [5] as [VARCHAR] - [Dan]
2022-03-25 16:50:11 [main] TRACE o.h.type.descriptor.sql.BasicBinder -
				binding parameter [6] as [INTEGER] - [1]
2022-03-25 16:50:11 [main] DEBUG org.hibernate.SQL -
				select csr0_.csr_id as csr_id1_0_, csr0_.is_admin as is_admin2_0_, csr0_.is_enabled as is_enabl3_0_, csr0_.name as name4_0_, csr0_.password as password5_0_, csr0_.user_name as user_nam6_0_ from csr csr0_
2022-03-25 16:50:11 [main] TRACE o.h.t.descriptor.sql.BasicExtractor -
				extracted value ([csr_id1_0_] : [INTEGER]) - [1]
2022-03-25 16:50:11 [main] DEBUG org.hibernate.SQL -
				select csr0_.csr_id as csr_id1_0_0_, csr0_.is_admin as is_admin2_0_0_, csr0_.is_enabled as is_enabl3_0_0_, csr0_.name as name4_0_0_, csr0_.password as password5_0_0_, csr0_.user_name as user_nam6_0_0_ from csr csr0_ where csr0_.csr_id=?
2022-03-25 16:50:11 [main] TRACE o.h.type.descriptor.sql.BasicBinder -
				binding parameter [1] as [INTEGER] - [1]
2022-03-25 16:50:11 [main] TRACE o.h.t.descriptor.sql.BasicExtractor -
				extracted value ([is_admin2_0_0_] : [BOOLEAN]) - [false]
2022-03-25 16:50:11 [main] TRACE o.h.t.descriptor.sql.BasicExtractor -
				extracted value ([is_enabl3_0_0_] : [BOOLEAN]) - [false]
2022-03-25 16:50:11 [main] TRACE o.h.t.descriptor.sql.BasicExtractor -
				extracted value ([name4_0_0_] : [VARCHAR]) - [ainz]
2022-03-25 16:50:11 [main] TRACE o.h.t.descriptor.sql.BasicExtractor -
				extracted value ([password5_0_0_] : [VARCHAR]) - [ainz]
2022-03-25 16:50:11 [main] TRACE o.h.t.descriptor.sql.BasicExtractor -
				extracted value ([user_nam6_0_0_] : [VARCHAR]) - [ainz]
2022-03-25 16:50:11 [main] DEBUG org.hibernate.SQL -
				update csr set is_admin=?, is_enabled=?, name=?, password=?, user_name=? where csr_id=?
2022-03-25 16:50:11 [main] TRACE o.h.type.descriptor.sql.BasicBinder -
				binding parameter [1] as [BOOLEAN] - [false]
2022-03-25 16:50:11 [main] TRACE o.h.type.descriptor.sql.BasicBinder -
				binding parameter [2] as [BOOLEAN] - [true]
2022-03-25 16:50:11 [main] TRACE o.h.type.descriptor.sql.BasicBinder -
				binding parameter [3] as [VARCHAR] - [Ainz]
2022-03-25 16:50:11 [main] TRACE o.h.type.descriptor.sql.BasicBinder -
				binding parameter [4] as [VARCHAR] - [pass]
2022-03-25 16:50:11 [main] TRACE o.h.type.descriptor.sql.BasicBinder -
				binding parameter [5] as [VARCHAR] - [Dan]
2022-03-25 16:50:11 [main] TRACE o.h.type.descriptor.sql.BasicBinder -
				binding parameter [6] as [INTEGER] - [1]
2022-03-25 16:50:11 [main] DEBUG org.hibernate.SQL -
				select csr0_.csr_id as csr_id1_0_, csr0_.is_admin as is_admin2_0_, csr0_.is_enabled as is_enabl3_0_, csr0_.name as name4_0_, csr0_.password as password5_0_, csr0_.user_name as user_nam6_0_ from csr csr0_
2022-03-25 16:50:11 [main] TRACE o.h.t.descriptor.sql.BasicExtractor -
				extracted value ([csr_id1_0_] : [INTEGER]) - [1]
2022-03-25 16:50:11 [main] DEBUG org.hibernate.SQL -
				select csr0_.csr_id as csr_id1_0_0_, csr0_.is_admin as is_admin2_0_0_, csr0_.is_enabled as is_enabl3_0_0_, csr0_.name as name4_0_0_, csr0_.password as password5_0_0_, csr0_.user_name as user_nam6_0_0_ from csr csr0_ where csr0_.csr_id=?
2022-03-25 16:50:11 [main] TRACE o.h.type.descriptor.sql.BasicBinder -
				binding parameter [1] as [INTEGER] - [1]
2022-03-25 16:50:11 [main] TRACE o.h.t.descriptor.sql.BasicExtractor -
				extracted value ([is_admin2_0_0_] : [BOOLEAN]) - [false]
2022-03-25 16:50:11 [main] TRACE o.h.t.descriptor.sql.BasicExtractor -
				extracted value ([is_enabl3_0_0_] : [BOOLEAN]) - [false]
2022-03-25 16:50:11 [main] TRACE o.h.t.descriptor.sql.BasicExtractor -
				extracted value ([name4_0_0_] : [VARCHAR]) - [ainz]
2022-03-25 16:50:11 [main] TRACE o.h.t.descriptor.sql.BasicExtractor -
				extracted value ([password5_0_0_] : [VARCHAR]) - [ainz]
2022-03-25 16:50:11 [main] TRACE o.h.t.descriptor.sql.BasicExtractor -
				extracted value ([user_nam6_0_0_] : [VARCHAR]) - [ainz]
2022-03-25 16:50:11 [main] DEBUG org.hibernate.SQL -
				update csr set is_admin=?, is_enabled=?, name=?, password=?, user_name=? where csr_id=?
2022-03-25 16:50:11 [main] TRACE o.h.type.descriptor.sql.BasicBinder -
				binding parameter [1] as [BOOLEAN] - [false]
2022-03-25 16:50:11 [main] TRACE o.h.type.descriptor.sql.BasicBinder -
				binding parameter [2] as [BOOLEAN] - [true]
2022-03-25 16:50:11 [main] TRACE o.h.type.descriptor.sql.BasicBinder -
				binding parameter [3] as [VARCHAR] - [Ainz]
2022-03-25 16:50:11 [main] TRACE o.h.type.descriptor.sql.BasicBinder -
				binding parameter [4] as [VARCHAR] - [pass]
2022-03-25 16:50:11 [main] TRACE o.h.type.descriptor.sql.BasicBinder -
				binding parameter [5] as [VARCHAR] - [Dan]
2022-03-25 16:50:11 [main] TRACE o.h.type.descriptor.sql.BasicBinder -
				binding parameter [6] as [INTEGER] - [1]
2022-03-25 16:50:11 [main] DEBUG org.hibernate.SQL -
				select csr0_.csr_id as csr_id1_0_, csr0_.is_admin as is_admin2_0_, csr0_.is_enabled as is_enabl3_0_, csr0_.name as name4_0_, csr0_.password as password5_0_, csr0_.user_name as user_nam6_0_ from csr csr0_
2022-03-25 16:50:11 [main] TRACE o.h.t.descriptor.sql.BasicExtractor -
				extracted value ([csr_id1_0_] : [INTEGER]) - [1]
2022-03-25 16:50:11 [SpringApplicationShutdownHook] TRACE o.h.type.spi.TypeConfiguration$Scope -
				Handling #sessionFactoryClosed from [org.hibernate.internal.SessionFactoryImpl@249b54af] for TypeConfiguration
2022-03-25 16:50:11 [SpringApplicationShutdownHook] DEBUG o.h.type.spi.TypeConfiguration$Scope -
				Un-scoping TypeConfiguration [org.hibernate.type.spi.TypeConfiguration$Scope@39342d84] from SessionFactory [org.hibernate.internal.SessionFactoryImpl@249b54af]
