2022-03-29 19:16:58 [main] DEBUG org.hibernate.type.BasicTypeRegistry -
				Adding type registration boolean -> org.hibernate.type.BooleanType@18d30e7
2022-03-29 19:16:58 [main] DEBUG org.hibernate.type.BasicTypeRegistry -
				Adding type registration boolean -> org.hibernate.type.BooleanType@18d30e7
2022-03-29 19:16:58 [main] DEBUG org.hibernate.type.BasicTypeRegistry -
				Adding type registration java.lang.Boolean -> org.hibernate.type.BooleanType@18d30e7
2022-03-29 19:16:58 [main] DEBUG org.hibernate.type.BasicTypeRegistry -
				Adding type registration numeric_boolean -> org.hibernate.type.NumericBooleanType@6ef037e4
2022-03-29 19:16:58 [main] DEBUG org.hibernate.type.BasicTypeRegistry -
				Adding type registration true_false -> org.hibernate.type.TrueFalseType@1b3bec6c
2022-03-29 19:16:58 [main] DEBUG org.hibernate.type.BasicTypeRegistry -
				Adding type registration yes_no -> org.hibernate.type.YesNoType@4c2ab536
2022-03-29 19:16:58 [main] DEBUG org.hibernate.type.BasicTypeRegistry -
				Adding type registration byte -> org.hibernate.type.ByteType@360d41d0
2022-03-29 19:16:58 [main] DEBUG org.hibernate.type.BasicTypeRegistry -
				Adding type registration byte -> org.hibernate.type.ByteType@360d41d0
2022-03-29 19:16:58 [main] DEBUG org.hibernate.type.BasicTypeRegistry -
				Adding type registration java.lang.Byte -> org.hibernate.type.ByteType@360d41d0
2022-03-29 19:16:58 [main] DEBUG org.hibernate.type.BasicTypeRegistry -
				Adding type registration character -> org.hibernate.type.CharacterType@61d2f267
2022-03-29 19:16:58 [main] DEBUG org.hibernate.type.BasicTypeRegistry -
				Adding type registration char -> org.hibernate.type.CharacterType@61d2f267
2022-03-29 19:16:58 [main] DEBUG org.hibernate.type.BasicTypeRegistry -
				Adding type registration java.lang.Character -> org.hibernate.type.CharacterType@61d2f267
2022-03-29 19:16:58 [main] DEBUG org.hibernate.type.BasicTypeRegistry -
				Adding type registration short -> org.hibernate.type.ShortType@23c7cb18
2022-03-29 19:16:58 [main] DEBUG org.hibernate.type.BasicTypeRegistry -
				Adding type registration short -> org.hibernate.type.ShortType@23c7cb18
2022-03-29 19:16:58 [main] DEBUG org.hibernate.type.BasicTypeRegistry -
				Adding type registration java.lang.Short -> org.hibernate.type.ShortType@23c7cb18
2022-03-29 19:16:58 [main] DEBUG org.hibernate.type.BasicTypeRegistry -
				Adding type registration integer -> org.hibernate.type.IntegerType@2c34402
2022-03-29 19:16:58 [main] DEBUG org.hibernate.type.BasicTypeRegistry -
				Adding type registration int -> org.hibernate.type.IntegerType@2c34402
2022-03-29 19:16:58 [main] DEBUG org.hibernate.type.BasicTypeRegistry -
				Adding type registration java.lang.Integer -> org.hibernate.type.IntegerType@2c34402
2022-03-29 19:16:58 [main] DEBUG org.hibernate.type.BasicTypeRegistry -
				Adding type registration long -> org.hibernate.type.LongType@7d88fa9c
2022-03-29 19:16:58 [main] DEBUG org.hibernate.type.BasicTypeRegistry -
				Adding type registration long -> org.hibernate.type.LongType@7d88fa9c
2022-03-29 19:16:58 [main] DEBUG org.hibernate.type.BasicTypeRegistry -
				Adding type registration java.lang.Long -> org.hibernate.type.LongType@7d88fa9c
2022-03-29 19:16:58 [main] DEBUG org.hibernate.type.BasicTypeRegistry -
				Adding type registration float -> org.hibernate.type.FloatType@64fdcf99
2022-03-29 19:16:58 [main] DEBUG org.hibernate.type.BasicTypeRegistry -
				Adding type registration float -> org.hibernate.type.FloatType@64fdcf99
2022-03-29 19:16:58 [main] DEBUG org.hibernate.type.BasicTypeRegistry -
				Adding type registration java.lang.Float -> org.hibernate.type.FloatType@64fdcf99
2022-03-29 19:16:58 [main] DEBUG org.hibernate.type.BasicTypeRegistry -
				Adding type registration double -> org.hibernate.type.DoubleType@786a3477
2022-03-29 19:16:58 [main] DEBUG org.hibernate.type.BasicTypeRegistry -
				Adding type registration double -> org.hibernate.type.DoubleType@786a3477
2022-03-29 19:16:58 [main] DEBUG org.hibernate.type.BasicTypeRegistry -
				Adding type registration java.lang.Double -> org.hibernate.type.DoubleType@786a3477
2022-03-29 19:16:58 [main] DEBUG org.hibernate.type.BasicTypeRegistry -
				Adding type registration big_decimal -> org.hibernate.type.BigDecimalType@667797f
2022-03-29 19:16:58 [main] DEBUG org.hibernate.type.BasicTypeRegistry -
				Adding type registration java.math.BigDecimal -> org.hibernate.type.BigDecimalType@667797f
2022-03-29 19:16:58 [main] DEBUG org.hibernate.type.BasicTypeRegistry -
				Adding type registration big_integer -> org.hibernate.type.BigIntegerType@4536a715
2022-03-29 19:16:58 [main] DEBUG org.hibernate.type.BasicTypeRegistry -
				Adding type registration java.math.BigInteger -> org.hibernate.type.BigIntegerType@4536a715
2022-03-29 19:16:58 [main] DEBUG org.hibernate.type.BasicTypeRegistry -
				Adding type registration string -> org.hibernate.type.StringType@17b6ad97
2022-03-29 19:16:58 [main] DEBUG org.hibernate.type.BasicTypeRegistry -
				Adding type registration java.lang.String -> org.hibernate.type.StringType@17b6ad97
2022-03-29 19:16:58 [main] DEBUG org.hibernate.type.BasicTypeRegistry -
				Adding type registration nstring -> org.hibernate.type.StringNVarcharType@7e27f603
2022-03-29 19:16:58 [main] DEBUG org.hibernate.type.BasicTypeRegistry -
				Adding type registration ncharacter -> org.hibernate.type.CharacterNCharType@738a815c
2022-03-29 19:16:58 [main] DEBUG org.hibernate.type.BasicTypeRegistry -
				Adding type registration url -> org.hibernate.type.UrlType@5f0677f3
2022-03-29 19:16:58 [main] DEBUG org.hibernate.type.BasicTypeRegistry -
				Adding type registration java.net.URL -> org.hibernate.type.UrlType@5f0677f3
2022-03-29 19:16:58 [main] DEBUG org.hibernate.type.BasicTypeRegistry -
				Adding type registration Duration -> org.hibernate.type.DurationType@4228f269
2022-03-29 19:16:58 [main] DEBUG org.hibernate.type.BasicTypeRegistry -
				Adding type registration java.time.Duration -> org.hibernate.type.DurationType@4228f269
2022-03-29 19:16:58 [main] DEBUG org.hibernate.type.BasicTypeRegistry -
				Adding type registration Instant -> org.hibernate.type.InstantType@11abd6c
2022-03-29 19:16:58 [main] DEBUG org.hibernate.type.BasicTypeRegistry -
				Adding type registration java.time.Instant -> org.hibernate.type.InstantType@11abd6c
2022-03-29 19:16:58 [main] DEBUG org.hibernate.type.BasicTypeRegistry -
				Adding type registration LocalDateTime -> org.hibernate.type.LocalDateTimeType@236861da
2022-03-29 19:16:58 [main] DEBUG org.hibernate.type.BasicTypeRegistry -
				Adding type registration java.time.LocalDateTime -> org.hibernate.type.LocalDateTimeType@236861da
2022-03-29 19:16:58 [main] DEBUG org.hibernate.type.BasicTypeRegistry -
				Adding type registration LocalDate -> org.hibernate.type.LocalDateType@3ba3f40d
2022-03-29 19:16:58 [main] DEBUG org.hibernate.type.BasicTypeRegistry -
				Adding type registration java.time.LocalDate -> org.hibernate.type.LocalDateType@3ba3f40d
2022-03-29 19:16:58 [main] DEBUG org.hibernate.type.BasicTypeRegistry -
				Adding type registration LocalTime -> org.hibernate.type.LocalTimeType@547aaa32
2022-03-29 19:16:58 [main] DEBUG org.hibernate.type.BasicTypeRegistry -
				Adding type registration java.time.LocalTime -> org.hibernate.type.LocalTimeType@547aaa32
2022-03-29 19:16:58 [main] DEBUG org.hibernate.type.BasicTypeRegistry -
				Adding type registration OffsetDateTime -> org.hibernate.type.OffsetDateTimeType@65e4cb84
2022-03-29 19:16:58 [main] DEBUG org.hibernate.type.BasicTypeRegistry -
				Adding type registration java.time.OffsetDateTime -> org.hibernate.type.OffsetDateTimeType@65e4cb84
2022-03-29 19:16:58 [main] DEBUG org.hibernate.type.BasicTypeRegistry -
				Adding type registration OffsetTime -> org.hibernate.type.OffsetTimeType@b55f5b7
2022-03-29 19:16:58 [main] DEBUG org.hibernate.type.BasicTypeRegistry -
				Adding type registration java.time.OffsetTime -> org.hibernate.type.OffsetTimeType@b55f5b7
2022-03-29 19:16:58 [main] DEBUG org.hibernate.type.BasicTypeRegistry -
				Adding type registration ZonedDateTime -> org.hibernate.type.ZonedDateTimeType@76596288
2022-03-29 19:16:58 [main] DEBUG org.hibernate.type.BasicTypeRegistry -
				Adding type registration java.time.ZonedDateTime -> org.hibernate.type.ZonedDateTimeType@76596288
2022-03-29 19:16:58 [main] DEBUG org.hibernate.type.BasicTypeRegistry -
				Adding type registration date -> org.hibernate.type.DateType@4b6b5352
2022-03-29 19:16:58 [main] DEBUG org.hibernate.type.BasicTypeRegistry -
				Adding type registration java.sql.Date -> org.hibernate.type.DateType@4b6b5352
2022-03-29 19:16:58 [main] DEBUG org.hibernate.type.BasicTypeRegistry -
				Adding type registration time -> org.hibernate.type.TimeType@6ef1c3f7
2022-03-29 19:16:58 [main] DEBUG org.hibernate.type.BasicTypeRegistry -
				Adding type registration java.sql.Time -> org.hibernate.type.TimeType@6ef1c3f7
2022-03-29 19:16:58 [main] DEBUG org.hibernate.type.BasicTypeRegistry -
				Adding type registration timestamp -> org.hibernate.type.TimestampType@1a17dd6f
2022-03-29 19:16:58 [main] DEBUG org.hibernate.type.BasicTypeRegistry -
				Adding type registration java.sql.Timestamp -> org.hibernate.type.TimestampType@1a17dd6f
2022-03-29 19:16:58 [main] DEBUG org.hibernate.type.BasicTypeRegistry -
				Adding type registration java.util.Date -> org.hibernate.type.TimestampType@1a17dd6f
2022-03-29 19:16:58 [main] DEBUG org.hibernate.type.BasicTypeRegistry -
				Adding type registration dbtimestamp -> org.hibernate.type.DbTimestampType@5ab63a04
2022-03-29 19:16:58 [main] DEBUG org.hibernate.type.BasicTypeRegistry -
				Adding type registration calendar -> org.hibernate.type.CalendarType@3a3ad8e7
2022-03-29 19:16:58 [main] DEBUG org.hibernate.type.BasicTypeRegistry -
				Adding type registration java.util.Calendar -> org.hibernate.type.CalendarType@3a3ad8e7
2022-03-29 19:16:58 [main] DEBUG org.hibernate.type.BasicTypeRegistry -
				Adding type registration java.util.GregorianCalendar -> org.hibernate.type.CalendarType@3a3ad8e7
2022-03-29 19:16:58 [main] DEBUG org.hibernate.type.BasicTypeRegistry -
				Adding type registration calendar_date -> org.hibernate.type.CalendarDateType@39c7fb0b
2022-03-29 19:16:58 [main] DEBUG org.hibernate.type.BasicTypeRegistry -
				Adding type registration calendar_time -> org.hibernate.type.CalendarTimeType@56c42964
2022-03-29 19:16:58 [main] DEBUG org.hibernate.type.BasicTypeRegistry -
				Adding type registration locale -> org.hibernate.type.LocaleType@c262f2f
2022-03-29 19:16:58 [main] DEBUG org.hibernate.type.BasicTypeRegistry -
				Adding type registration java.util.Locale -> org.hibernate.type.LocaleType@c262f2f
2022-03-29 19:16:58 [main] DEBUG org.hibernate.type.BasicTypeRegistry -
				Adding type registration currency -> org.hibernate.type.CurrencyType@5112b7
2022-03-29 19:16:58 [main] DEBUG org.hibernate.type.BasicTypeRegistry -
				Adding type registration java.util.Currency -> org.hibernate.type.CurrencyType@5112b7
2022-03-29 19:16:58 [main] DEBUG org.hibernate.type.BasicTypeRegistry -
				Adding type registration timezone -> org.hibernate.type.TimeZoneType@19dac2d6
2022-03-29 19:16:58 [main] DEBUG org.hibernate.type.BasicTypeRegistry -
				Adding type registration java.util.TimeZone -> org.hibernate.type.TimeZoneType@19dac2d6
2022-03-29 19:16:58 [main] DEBUG org.hibernate.type.BasicTypeRegistry -
				Adding type registration class -> org.hibernate.type.ClassType@7f93f4c
2022-03-29 19:16:58 [main] DEBUG org.hibernate.type.BasicTypeRegistry -
				Adding type registration java.lang.Class -> org.hibernate.type.ClassType@7f93f4c
2022-03-29 19:16:58 [main] DEBUG org.hibernate.type.BasicTypeRegistry -
				Adding type registration uuid-binary -> org.hibernate.type.UUIDBinaryType@22c8ee48
2022-03-29 19:16:58 [main] DEBUG org.hibernate.type.BasicTypeRegistry -
				Adding type registration java.util.UUID -> org.hibernate.type.UUIDBinaryType@22c8ee48
2022-03-29 19:16:58 [main] DEBUG org.hibernate.type.BasicTypeRegistry -
				Adding type registration uuid-char -> org.hibernate.type.UUIDCharType@467ef400
2022-03-29 19:16:58 [main] DEBUG org.hibernate.type.BasicTypeRegistry -
				Adding type registration binary -> org.hibernate.type.BinaryType@18715bb
2022-03-29 19:16:58 [main] DEBUG org.hibernate.type.BasicTypeRegistry -
				Adding type registration byte[] -> org.hibernate.type.BinaryType@18715bb
2022-03-29 19:16:58 [main] DEBUG org.hibernate.type.BasicTypeRegistry -
				Adding type registration [B -> org.hibernate.type.BinaryType@18715bb
2022-03-29 19:16:58 [main] DEBUG org.hibernate.type.BasicTypeRegistry -
				Adding type registration wrapper-binary -> org.hibernate.type.WrapperBinaryType@cec590c
2022-03-29 19:16:58 [main] DEBUG org.hibernate.type.BasicTypeRegistry -
				Adding type registration Byte[] -> org.hibernate.type.WrapperBinaryType@cec590c
2022-03-29 19:16:58 [main] DEBUG org.hibernate.type.BasicTypeRegistry -
				Adding type registration [Ljava.lang.Byte; -> org.hibernate.type.WrapperBinaryType@cec590c
2022-03-29 19:16:58 [main] DEBUG org.hibernate.type.BasicTypeRegistry -
				Adding type registration row_version -> org.hibernate.type.RowVersionType@65d73bd
2022-03-29 19:16:58 [main] DEBUG org.hibernate.type.BasicTypeRegistry -
				Adding type registration image -> org.hibernate.type.ImageType@2964511
2022-03-29 19:16:58 [main] DEBUG org.hibernate.type.BasicTypeRegistry -
				Adding type registration characters -> org.hibernate.type.CharArrayType@71f0806b
2022-03-29 19:16:58 [main] DEBUG org.hibernate.type.BasicTypeRegistry -
				Adding type registration char[] -> org.hibernate.type.CharArrayType@71f0806b
2022-03-29 19:16:58 [main] DEBUG org.hibernate.type.BasicTypeRegistry -
				Adding type registration [C -> org.hibernate.type.CharArrayType@71f0806b
2022-03-29 19:16:58 [main] DEBUG org.hibernate.type.BasicTypeRegistry -
				Adding type registration wrapper-characters -> org.hibernate.type.CharacterArrayType@64f3ca6
2022-03-29 19:16:58 [main] DEBUG org.hibernate.type.BasicTypeRegistry -
				Adding type registration [Ljava.lang.Character; -> org.hibernate.type.CharacterArrayType@64f3ca6
2022-03-29 19:16:58 [main] DEBUG org.hibernate.type.BasicTypeRegistry -
				Adding type registration Character[] -> org.hibernate.type.CharacterArrayType@64f3ca6
2022-03-29 19:16:58 [main] DEBUG org.hibernate.type.BasicTypeRegistry -
				Adding type registration text -> org.hibernate.type.TextType@1ccdc7aa
2022-03-29 19:16:58 [main] DEBUG org.hibernate.type.BasicTypeRegistry -
				Adding type registration ntext -> org.hibernate.type.NTextType@44864536
2022-03-29 19:16:58 [main] DEBUG org.hibernate.type.BasicTypeRegistry -
				Adding type registration blob -> org.hibernate.type.BlobType@48cf8414
2022-03-29 19:16:58 [main] DEBUG org.hibernate.type.BasicTypeRegistry -
				Adding type registration java.sql.Blob -> org.hibernate.type.BlobType@48cf8414
2022-03-29 19:16:58 [main] DEBUG org.hibernate.type.BasicTypeRegistry -
				Adding type registration materialized_blob -> org.hibernate.type.MaterializedBlobType@f59da34
2022-03-29 19:16:58 [main] DEBUG org.hibernate.type.BasicTypeRegistry -
				Adding type registration clob -> org.hibernate.type.ClobType@16ea0f22
2022-03-29 19:16:58 [main] DEBUG org.hibernate.type.BasicTypeRegistry -
				Adding type registration java.sql.Clob -> org.hibernate.type.ClobType@16ea0f22
2022-03-29 19:16:58 [main] DEBUG org.hibernate.type.BasicTypeRegistry -
				Adding type registration nclob -> org.hibernate.type.NClobType@30ffb2a6
2022-03-29 19:16:58 [main] DEBUG org.hibernate.type.BasicTypeRegistry -
				Adding type registration java.sql.NClob -> org.hibernate.type.NClobType@30ffb2a6
2022-03-29 19:16:58 [main] DEBUG org.hibernate.type.BasicTypeRegistry -
				Adding type registration materialized_clob -> org.hibernate.type.MaterializedClobType@e795a1d
2022-03-29 19:16:58 [main] DEBUG org.hibernate.type.BasicTypeRegistry -
				Adding type registration materialized_nclob -> org.hibernate.type.MaterializedNClobType@6e93b0e7
2022-03-29 19:16:58 [main] DEBUG org.hibernate.type.BasicTypeRegistry -
				Adding type registration serializable -> org.hibernate.type.SerializableType@a9e8da1
2022-03-29 19:16:58 [main] DEBUG org.hibernate.type.BasicTypeRegistry -
				Adding type registration object -> org.hibernate.type.ObjectType@d28c214
2022-03-29 19:16:58 [main] DEBUG org.hibernate.type.BasicTypeRegistry -
				Adding type registration java.lang.Object -> org.hibernate.type.ObjectType@d28c214
2022-03-29 19:16:58 [main] DEBUG org.hibernate.type.BasicTypeRegistry -
				Adding type registration imm_date -> org.hibernate.type.AdaptedImmutableType@6cceb281
2022-03-29 19:16:58 [main] DEBUG org.hibernate.type.BasicTypeRegistry -
				Adding type registration imm_time -> org.hibernate.type.AdaptedImmutableType@7cca31fc
2022-03-29 19:16:58 [main] DEBUG org.hibernate.type.BasicTypeRegistry -
				Adding type registration imm_timestamp -> org.hibernate.type.AdaptedImmutableType@619c3546
2022-03-29 19:16:58 [main] DEBUG org.hibernate.type.BasicTypeRegistry -
				Adding type registration imm_dbtimestamp -> org.hibernate.type.AdaptedImmutableType@29090809
2022-03-29 19:16:58 [main] DEBUG org.hibernate.type.BasicTypeRegistry -
				Adding type registration imm_calendar -> org.hibernate.type.AdaptedImmutableType@30cafd13
2022-03-29 19:16:58 [main] DEBUG org.hibernate.type.BasicTypeRegistry -
				Adding type registration imm_calendar_date -> org.hibernate.type.AdaptedImmutableType@1d226f27
2022-03-29 19:16:58 [main] DEBUG org.hibernate.type.BasicTypeRegistry -
				Adding type registration imm_binary -> org.hibernate.type.AdaptedImmutableType@1d944fc0
2022-03-29 19:16:58 [main] DEBUG org.hibernate.type.BasicTypeRegistry -
				Adding type registration imm_serializable -> org.hibernate.type.AdaptedImmutableType@7c3c453b
2022-03-29 19:16:59 [main] DEBUG o.h.type.spi.TypeConfiguration$Scope -
				Scoping TypeConfiguration [org.hibernate.type.spi.TypeConfiguration@6e090aaa] to MetadataBuildingContext [org.hibernate.boot.internal.MetadataBuildingContextRootImpl@15d79b70]
2022-03-29 19:16:59 [main] DEBUG o.h.type.spi.TypeConfiguration$Scope -
				Scoping TypeConfiguration [org.hibernate.type.spi.TypeConfiguration@6e090aaa] to SessionFactoryImpl [org.hibernate.internal.SessionFactoryImpl@31e22365]
2022-03-29 19:17:00 [main] TRACE o.h.type.spi.TypeConfiguration$Scope -
				Handling #sessionFactoryCreated from [org.hibernate.internal.SessionFactoryImpl@31e22365] for TypeConfiguration
2022-03-29 19:17:02 [main] WARN  o.s.b.a.o.j.JpaBaseConfiguration$JpaWebConfiguration -
				spring.jpa.open-in-view is enabled by default. Therefore, database queries may be performed during view rendering. Explicitly configure spring.jpa.open-in-view to disable this warning
2022-03-29 19:17:04 [main] WARN  o.s.c.l.c.LoadBalancerCacheAutoConfiguration$LoadBalancerCaffeineWarnLogger -
				Spring Cloud LoadBalancer is currently working with the default cache. While this cache implementation is useful for development and tests, it's recommended to use Caffeine cache in production.You can switch to using Caffeine cache, by adding it and org.springframework.cache.caffeine.CaffeineCacheManager to the classpath.
2022-03-29 19:17:12 [http-nio-9092-exec-1] DEBUG org.hibernate.SQL -
				select csr0_.csr_id as csr_id1_0_, csr0_.is_admin as is_admin2_0_, csr0_.is_enabled as is_enabl3_0_, csr0_.name as name4_0_, csr0_.password as password5_0_, csr0_.user_name as user_nam6_0_ from csr csr0_
2022-03-29 19:17:16 [http-nio-9092-exec-4] DEBUG org.hibernate.SQL -
				select count(*) as col_0_0_ from csr csr0_ where csr0_.csr_id=?
2022-03-29 19:17:16 [http-nio-9092-exec-4] TRACE o.h.type.descriptor.sql.BasicBinder -
				binding parameter [1] as [INTEGER] - [1]
2022-03-29 19:17:16 [http-nio-9092-exec-4] TRACE o.h.t.descriptor.sql.BasicExtractor -
				extracted value ([col_0_0_] : [BIGINT]) - [0]
2022-03-29 19:17:16 [http-nio-9092-exec-4] DEBUG org.hibernate.SQL -
				select csr0_.csr_id as csr_id1_0_0_, csr0_.is_admin as is_admin2_0_0_, csr0_.is_enabled as is_enabl3_0_0_, csr0_.name as name4_0_0_, csr0_.password as password5_0_0_, csr0_.user_name as user_nam6_0_0_ from csr csr0_ where csr0_.csr_id=?
2022-03-29 19:17:16 [http-nio-9092-exec-4] TRACE o.h.type.descriptor.sql.BasicBinder -
				binding parameter [1] as [INTEGER] - [1]
2022-03-29 19:17:16 [http-nio-9092-exec-4] DEBUG org.hibernate.SQL -
				insert into csr (is_admin, is_enabled, name, password, user_name, csr_id) values (?, ?, ?, ?, ?, ?)
2022-03-29 19:17:16 [http-nio-9092-exec-4] TRACE o.h.type.descriptor.sql.BasicBinder -
				binding parameter [1] as [BOOLEAN] - [false]
2022-03-29 19:17:16 [http-nio-9092-exec-4] TRACE o.h.type.descriptor.sql.BasicBinder -
				binding parameter [2] as [BOOLEAN] - [false]
2022-03-29 19:17:16 [http-nio-9092-exec-4] TRACE o.h.type.descriptor.sql.BasicBinder -
				binding parameter [3] as [VARCHAR] - [ainz]
2022-03-29 19:17:16 [http-nio-9092-exec-4] TRACE o.h.type.descriptor.sql.BasicBinder -
				binding parameter [4] as [VARCHAR] - [ainz]
2022-03-29 19:17:16 [http-nio-9092-exec-4] TRACE o.h.type.descriptor.sql.BasicBinder -
				binding parameter [5] as [VARCHAR] - [ainz]
2022-03-29 19:17:16 [http-nio-9092-exec-4] TRACE o.h.type.descriptor.sql.BasicBinder -
				binding parameter [6] as [INTEGER] - [1]
2022-03-29 19:17:20 [http-nio-9092-exec-5] DEBUG org.hibernate.SQL -
				select csr0_.csr_id as csr_id1_0_, csr0_.is_admin as is_admin2_0_, csr0_.is_enabled as is_enabl3_0_, csr0_.name as name4_0_, csr0_.password as password5_0_, csr0_.user_name as user_nam6_0_ from csr csr0_
2022-03-29 19:17:20 [http-nio-9092-exec-5] TRACE o.h.t.descriptor.sql.BasicExtractor -
				extracted value ([csr_id1_0_] : [INTEGER]) - [1]
2022-03-29 19:17:20 [http-nio-9092-exec-5] TRACE o.h.t.descriptor.sql.BasicExtractor -
				extracted value ([is_admin2_0_] : [BOOLEAN]) - [false]
2022-03-29 19:17:20 [http-nio-9092-exec-5] TRACE o.h.t.descriptor.sql.BasicExtractor -
				extracted value ([is_enabl3_0_] : [BOOLEAN]) - [false]
2022-03-29 19:17:20 [http-nio-9092-exec-5] TRACE o.h.t.descriptor.sql.BasicExtractor -
				extracted value ([name4_0_] : [VARCHAR]) - [ainz]
2022-03-29 19:17:20 [http-nio-9092-exec-5] TRACE o.h.t.descriptor.sql.BasicExtractor -
				extracted value ([password5_0_] : [VARCHAR]) - [ainz]
2022-03-29 19:17:20 [http-nio-9092-exec-5] TRACE o.h.t.descriptor.sql.BasicExtractor -
				extracted value ([user_nam6_0_] : [VARCHAR]) - [ainz]
2022-03-29 19:19:11 [http-nio-9092-exec-2] DEBUG org.hibernate.SQL -
				select csr0_.csr_id as csr_id1_0_, csr0_.is_admin as is_admin2_0_, csr0_.is_enabled as is_enabl3_0_, csr0_.name as name4_0_, csr0_.password as password5_0_, csr0_.user_name as user_nam6_0_ from csr csr0_
2022-03-29 19:19:11 [http-nio-9092-exec-2] TRACE o.h.t.descriptor.sql.BasicExtractor -
				extracted value ([csr_id1_0_] : [INTEGER]) - [1]
2022-03-29 19:19:11 [http-nio-9092-exec-2] TRACE o.h.t.descriptor.sql.BasicExtractor -
				extracted value ([is_admin2_0_] : [BOOLEAN]) - [false]
2022-03-29 19:19:11 [http-nio-9092-exec-2] TRACE o.h.t.descriptor.sql.BasicExtractor -
				extracted value ([is_enabl3_0_] : [BOOLEAN]) - [false]
2022-03-29 19:19:11 [http-nio-9092-exec-2] TRACE o.h.t.descriptor.sql.BasicExtractor -
				extracted value ([name4_0_] : [VARCHAR]) - [ainz]
2022-03-29 19:19:11 [http-nio-9092-exec-2] TRACE o.h.t.descriptor.sql.BasicExtractor -
				extracted value ([password5_0_] : [VARCHAR]) - [ainz]
2022-03-29 19:19:11 [http-nio-9092-exec-2] TRACE o.h.t.descriptor.sql.BasicExtractor -
				extracted value ([user_nam6_0_] : [VARCHAR]) - [ainz]
