2022-03-25 16:20:50 [main] DEBUG org.hibernate.type.BasicTypeRegistry -
				Adding type registration boolean -> org.hibernate.type.BooleanType@715fa8c5
2022-03-25 16:20:50 [main] DEBUG org.hibernate.type.BasicTypeRegistry -
				Adding type registration boolean -> org.hibernate.type.BooleanType@715fa8c5
2022-03-25 16:20:50 [main] DEBUG org.hibernate.type.BasicTypeRegistry -
				Adding type registration java.lang.Boolean -> org.hibernate.type.BooleanType@715fa8c5
2022-03-25 16:20:50 [main] DEBUG org.hibernate.type.BasicTypeRegistry -
				Adding type registration numeric_boolean -> org.hibernate.type.NumericBooleanType@5e50df2e
2022-03-25 16:20:50 [main] DEBUG org.hibernate.type.BasicTypeRegistry -
				Adding type registration true_false -> org.hibernate.type.TrueFalseType@2abafa97
2022-03-25 16:20:50 [main] DEBUG org.hibernate.type.BasicTypeRegistry -
				Adding type registration yes_no -> org.hibernate.type.YesNoType@5460edd3
2022-03-25 16:20:50 [main] DEBUG org.hibernate.type.BasicTypeRegistry -
				Adding type registration byte -> org.hibernate.type.ByteType@27960b1e
2022-03-25 16:20:50 [main] DEBUG org.hibernate.type.BasicTypeRegistry -
				Adding type registration byte -> org.hibernate.type.ByteType@27960b1e
2022-03-25 16:20:50 [main] DEBUG org.hibernate.type.BasicTypeRegistry -
				Adding type registration java.lang.Byte -> org.hibernate.type.ByteType@27960b1e
2022-03-25 16:20:50 [main] DEBUG org.hibernate.type.BasicTypeRegistry -
				Adding type registration character -> org.hibernate.type.CharacterType@6f731759
2022-03-25 16:20:50 [main] DEBUG org.hibernate.type.BasicTypeRegistry -
				Adding type registration char -> org.hibernate.type.CharacterType@6f731759
2022-03-25 16:20:50 [main] DEBUG org.hibernate.type.BasicTypeRegistry -
				Adding type registration java.lang.Character -> org.hibernate.type.CharacterType@6f731759
2022-03-25 16:20:50 [main] DEBUG org.hibernate.type.BasicTypeRegistry -
				Adding type registration short -> org.hibernate.type.ShortType@3a1b36a1
2022-03-25 16:20:50 [main] DEBUG org.hibernate.type.BasicTypeRegistry -
				Adding type registration short -> org.hibernate.type.ShortType@3a1b36a1
2022-03-25 16:20:50 [main] DEBUG org.hibernate.type.BasicTypeRegistry -
				Adding type registration java.lang.Short -> org.hibernate.type.ShortType@3a1b36a1
2022-03-25 16:20:50 [main] DEBUG org.hibernate.type.BasicTypeRegistry -
				Adding type registration integer -> org.hibernate.type.IntegerType@31834a2b
2022-03-25 16:20:50 [main] DEBUG org.hibernate.type.BasicTypeRegistry -
				Adding type registration int -> org.hibernate.type.IntegerType@31834a2b
2022-03-25 16:20:50 [main] DEBUG org.hibernate.type.BasicTypeRegistry -
				Adding type registration java.lang.Integer -> org.hibernate.type.IntegerType@31834a2b
2022-03-25 16:20:50 [main] DEBUG org.hibernate.type.BasicTypeRegistry -
				Adding type registration long -> org.hibernate.type.LongType@601eb4af
2022-03-25 16:20:50 [main] DEBUG org.hibernate.type.BasicTypeRegistry -
				Adding type registration long -> org.hibernate.type.LongType@601eb4af
2022-03-25 16:20:50 [main] DEBUG org.hibernate.type.BasicTypeRegistry -
				Adding type registration java.lang.Long -> org.hibernate.type.LongType@601eb4af
2022-03-25 16:20:50 [main] DEBUG org.hibernate.type.BasicTypeRegistry -
				Adding type registration float -> org.hibernate.type.FloatType@15e1f8fe
2022-03-25 16:20:50 [main] DEBUG org.hibernate.type.BasicTypeRegistry -
				Adding type registration float -> org.hibernate.type.FloatType@15e1f8fe
2022-03-25 16:20:50 [main] DEBUG org.hibernate.type.BasicTypeRegistry -
				Adding type registration java.lang.Float -> org.hibernate.type.FloatType@15e1f8fe
2022-03-25 16:20:50 [main] DEBUG org.hibernate.type.BasicTypeRegistry -
				Adding type registration double -> org.hibernate.type.DoubleType@6b8d54da
2022-03-25 16:20:50 [main] DEBUG org.hibernate.type.BasicTypeRegistry -
				Adding type registration double -> org.hibernate.type.DoubleType@6b8d54da
2022-03-25 16:20:50 [main] DEBUG org.hibernate.type.BasicTypeRegistry -
				Adding type registration java.lang.Double -> org.hibernate.type.DoubleType@6b8d54da
2022-03-25 16:20:50 [main] DEBUG org.hibernate.type.BasicTypeRegistry -
				Adding type registration big_decimal -> org.hibernate.type.BigDecimalType@697a0948
2022-03-25 16:20:50 [main] DEBUG org.hibernate.type.BasicTypeRegistry -
				Adding type registration java.math.BigDecimal -> org.hibernate.type.BigDecimalType@697a0948
2022-03-25 16:20:50 [main] DEBUG org.hibernate.type.BasicTypeRegistry -
				Adding type registration big_integer -> org.hibernate.type.BigIntegerType@54c425b1
2022-03-25 16:20:50 [main] DEBUG org.hibernate.type.BasicTypeRegistry -
				Adding type registration java.math.BigInteger -> org.hibernate.type.BigIntegerType@54c425b1
2022-03-25 16:20:50 [main] DEBUG org.hibernate.type.BasicTypeRegistry -
				Adding type registration string -> org.hibernate.type.StringType@1a7cb3a4
2022-03-25 16:20:50 [main] DEBUG org.hibernate.type.BasicTypeRegistry -
				Adding type registration java.lang.String -> org.hibernate.type.StringType@1a7cb3a4
2022-03-25 16:20:50 [main] DEBUG org.hibernate.type.BasicTypeRegistry -
				Adding type registration nstring -> org.hibernate.type.StringNVarcharType@6274f21c
2022-03-25 16:20:50 [main] DEBUG org.hibernate.type.BasicTypeRegistry -
				Adding type registration ncharacter -> org.hibernate.type.CharacterNCharType@cbd40c1
2022-03-25 16:20:50 [main] DEBUG org.hibernate.type.BasicTypeRegistry -
				Adding type registration url -> org.hibernate.type.UrlType@433ea2ac
2022-03-25 16:20:50 [main] DEBUG org.hibernate.type.BasicTypeRegistry -
				Adding type registration java.net.URL -> org.hibernate.type.UrlType@433ea2ac
2022-03-25 16:20:50 [main] DEBUG org.hibernate.type.BasicTypeRegistry -
				Adding type registration Duration -> org.hibernate.type.DurationType@6c3f1658
2022-03-25 16:20:50 [main] DEBUG org.hibernate.type.BasicTypeRegistry -
				Adding type registration java.time.Duration -> org.hibernate.type.DurationType@6c3f1658
2022-03-25 16:20:50 [main] DEBUG org.hibernate.type.BasicTypeRegistry -
				Adding type registration Instant -> org.hibernate.type.InstantType@2ee39e73
2022-03-25 16:20:50 [main] DEBUG org.hibernate.type.BasicTypeRegistry -
				Adding type registration java.time.Instant -> org.hibernate.type.InstantType@2ee39e73
2022-03-25 16:20:50 [main] DEBUG org.hibernate.type.BasicTypeRegistry -
				Adding type registration LocalDateTime -> org.hibernate.type.LocalDateTimeType@13866329
2022-03-25 16:20:50 [main] DEBUG org.hibernate.type.BasicTypeRegistry -
				Adding type registration java.time.LocalDateTime -> org.hibernate.type.LocalDateTimeType@13866329
2022-03-25 16:20:50 [main] DEBUG org.hibernate.type.BasicTypeRegistry -
				Adding type registration LocalDate -> org.hibernate.type.LocalDateType@14b31e37
2022-03-25 16:20:50 [main] DEBUG org.hibernate.type.BasicTypeRegistry -
				Adding type registration java.time.LocalDate -> org.hibernate.type.LocalDateType@14b31e37
2022-03-25 16:20:50 [main] DEBUG org.hibernate.type.BasicTypeRegistry -
				Adding type registration LocalTime -> org.hibernate.type.LocalTimeType@457a5b2d
2022-03-25 16:20:50 [main] DEBUG org.hibernate.type.BasicTypeRegistry -
				Adding type registration java.time.LocalTime -> org.hibernate.type.LocalTimeType@457a5b2d
2022-03-25 16:20:50 [main] DEBUG org.hibernate.type.BasicTypeRegistry -
				Adding type registration OffsetDateTime -> org.hibernate.type.OffsetDateTimeType@126f8f24
2022-03-25 16:20:50 [main] DEBUG org.hibernate.type.BasicTypeRegistry -
				Adding type registration java.time.OffsetDateTime -> org.hibernate.type.OffsetDateTimeType@126f8f24
2022-03-25 16:20:50 [main] DEBUG org.hibernate.type.BasicTypeRegistry -
				Adding type registration OffsetTime -> org.hibernate.type.OffsetTimeType@4fecf308
2022-03-25 16:20:50 [main] DEBUG org.hibernate.type.BasicTypeRegistry -
				Adding type registration java.time.OffsetTime -> org.hibernate.type.OffsetTimeType@4fecf308
2022-03-25 16:20:50 [main] DEBUG org.hibernate.type.BasicTypeRegistry -
				Adding type registration ZonedDateTime -> org.hibernate.type.ZonedDateTimeType@42297bdf
2022-03-25 16:20:50 [main] DEBUG org.hibernate.type.BasicTypeRegistry -
				Adding type registration java.time.ZonedDateTime -> org.hibernate.type.ZonedDateTimeType@42297bdf
2022-03-25 16:20:50 [main] DEBUG org.hibernate.type.BasicTypeRegistry -
				Adding type registration date -> org.hibernate.type.DateType@195113de
2022-03-25 16:20:50 [main] DEBUG org.hibernate.type.BasicTypeRegistry -
				Adding type registration java.sql.Date -> org.hibernate.type.DateType@195113de
2022-03-25 16:20:50 [main] DEBUG org.hibernate.type.BasicTypeRegistry -
				Adding type registration time -> org.hibernate.type.TimeType@3830f918
2022-03-25 16:20:50 [main] DEBUG org.hibernate.type.BasicTypeRegistry -
				Adding type registration java.sql.Time -> org.hibernate.type.TimeType@3830f918
2022-03-25 16:20:50 [main] DEBUG org.hibernate.type.BasicTypeRegistry -
				Adding type registration timestamp -> org.hibernate.type.TimestampType@27a6fef2
2022-03-25 16:20:50 [main] DEBUG org.hibernate.type.BasicTypeRegistry -
				Adding type registration java.sql.Timestamp -> org.hibernate.type.TimestampType@27a6fef2
2022-03-25 16:20:50 [main] DEBUG org.hibernate.type.BasicTypeRegistry -
				Adding type registration java.util.Date -> org.hibernate.type.TimestampType@27a6fef2
2022-03-25 16:20:50 [main] DEBUG org.hibernate.type.BasicTypeRegistry -
				Adding type registration dbtimestamp -> org.hibernate.type.DbTimestampType@445bce9a
2022-03-25 16:20:50 [main] DEBUG org.hibernate.type.BasicTypeRegistry -
				Adding type registration calendar -> org.hibernate.type.CalendarType@74c9e11
2022-03-25 16:20:50 [main] DEBUG org.hibernate.type.BasicTypeRegistry -
				Adding type registration java.util.Calendar -> org.hibernate.type.CalendarType@74c9e11
2022-03-25 16:20:50 [main] DEBUG org.hibernate.type.BasicTypeRegistry -
				Adding type registration java.util.GregorianCalendar -> org.hibernate.type.CalendarType@74c9e11
2022-03-25 16:20:50 [main] DEBUG org.hibernate.type.BasicTypeRegistry -
				Adding type registration calendar_date -> org.hibernate.type.CalendarDateType@8c12524
2022-03-25 16:20:50 [main] DEBUG org.hibernate.type.BasicTypeRegistry -
				Adding type registration calendar_time -> org.hibernate.type.CalendarTimeType@62c3f556
2022-03-25 16:20:50 [main] DEBUG org.hibernate.type.BasicTypeRegistry -
				Adding type registration locale -> org.hibernate.type.LocaleType@31efacad
2022-03-25 16:20:50 [main] DEBUG org.hibernate.type.BasicTypeRegistry -
				Adding type registration java.util.Locale -> org.hibernate.type.LocaleType@31efacad
2022-03-25 16:20:50 [main] DEBUG org.hibernate.type.BasicTypeRegistry -
				Adding type registration currency -> org.hibernate.type.CurrencyType@5d124d29
2022-03-25 16:20:50 [main] DEBUG org.hibernate.type.BasicTypeRegistry -
				Adding type registration java.util.Currency -> org.hibernate.type.CurrencyType@5d124d29
2022-03-25 16:20:50 [main] DEBUG org.hibernate.type.BasicTypeRegistry -
				Adding type registration timezone -> org.hibernate.type.TimeZoneType@7926352f
2022-03-25 16:20:50 [main] DEBUG org.hibernate.type.BasicTypeRegistry -
				Adding type registration java.util.TimeZone -> org.hibernate.type.TimeZoneType@7926352f
2022-03-25 16:20:50 [main] DEBUG org.hibernate.type.BasicTypeRegistry -
				Adding type registration class -> org.hibernate.type.ClassType@7ca492d9
2022-03-25 16:20:50 [main] DEBUG org.hibernate.type.BasicTypeRegistry -
				Adding type registration java.lang.Class -> org.hibernate.type.ClassType@7ca492d9
2022-03-25 16:20:50 [main] DEBUG org.hibernate.type.BasicTypeRegistry -
				Adding type registration uuid-binary -> org.hibernate.type.UUIDBinaryType@486e9d1d
2022-03-25 16:20:50 [main] DEBUG org.hibernate.type.BasicTypeRegistry -
				Adding type registration java.util.UUID -> org.hibernate.type.UUIDBinaryType@486e9d1d
2022-03-25 16:20:50 [main] DEBUG org.hibernate.type.BasicTypeRegistry -
				Adding type registration uuid-char -> org.hibernate.type.UUIDCharType@67e0fd6d
2022-03-25 16:20:50 [main] DEBUG org.hibernate.type.BasicTypeRegistry -
				Adding type registration binary -> org.hibernate.type.BinaryType@72fbf94d
2022-03-25 16:20:50 [main] DEBUG org.hibernate.type.BasicTypeRegistry -
				Adding type registration byte[] -> org.hibernate.type.BinaryType@72fbf94d
2022-03-25 16:20:50 [main] DEBUG org.hibernate.type.BasicTypeRegistry -
				Adding type registration [B -> org.hibernate.type.BinaryType@72fbf94d
2022-03-25 16:20:50 [main] DEBUG org.hibernate.type.BasicTypeRegistry -
				Adding type registration wrapper-binary -> org.hibernate.type.WrapperBinaryType@7f2c57fe
2022-03-25 16:20:50 [main] DEBUG org.hibernate.type.BasicTypeRegistry -
				Adding type registration Byte[] -> org.hibernate.type.WrapperBinaryType@7f2c57fe
2022-03-25 16:20:50 [main] DEBUG org.hibernate.type.BasicTypeRegistry -
				Adding type registration [Ljava.lang.Byte; -> org.hibernate.type.WrapperBinaryType@7f2c57fe
2022-03-25 16:20:50 [main] DEBUG org.hibernate.type.BasicTypeRegistry -
				Adding type registration row_version -> org.hibernate.type.RowVersionType@5f8a02cf
2022-03-25 16:20:50 [main] DEBUG org.hibernate.type.BasicTypeRegistry -
				Adding type registration image -> org.hibernate.type.ImageType@559af296
2022-03-25 16:20:50 [main] DEBUG org.hibernate.type.BasicTypeRegistry -
				Adding type registration characters -> org.hibernate.type.CharArrayType@268c030f
2022-03-25 16:20:50 [main] DEBUG org.hibernate.type.BasicTypeRegistry -
				Adding type registration char[] -> org.hibernate.type.CharArrayType@268c030f
2022-03-25 16:20:50 [main] DEBUG org.hibernate.type.BasicTypeRegistry -
				Adding type registration [C -> org.hibernate.type.CharArrayType@268c030f
2022-03-25 16:20:50 [main] DEBUG org.hibernate.type.BasicTypeRegistry -
				Adding type registration wrapper-characters -> org.hibernate.type.CharacterArrayType@113f9078
2022-03-25 16:20:50 [main] DEBUG org.hibernate.type.BasicTypeRegistry -
				Adding type registration [Ljava.lang.Character; -> org.hibernate.type.CharacterArrayType@113f9078
2022-03-25 16:20:50 [main] DEBUG org.hibernate.type.BasicTypeRegistry -
				Adding type registration Character[] -> org.hibernate.type.CharacterArrayType@113f9078
2022-03-25 16:20:50 [main] DEBUG org.hibernate.type.BasicTypeRegistry -
				Adding type registration text -> org.hibernate.type.TextType@2a0ea492
2022-03-25 16:20:50 [main] DEBUG org.hibernate.type.BasicTypeRegistry -
				Adding type registration ntext -> org.hibernate.type.NTextType@6070775e
2022-03-25 16:20:50 [main] DEBUG org.hibernate.type.BasicTypeRegistry -
				Adding type registration blob -> org.hibernate.type.BlobType@36f6e521
2022-03-25 16:20:50 [main] DEBUG org.hibernate.type.BasicTypeRegistry -
				Adding type registration java.sql.Blob -> org.hibernate.type.BlobType@36f6e521
2022-03-25 16:20:50 [main] DEBUG org.hibernate.type.BasicTypeRegistry -
				Adding type registration materialized_blob -> org.hibernate.type.MaterializedBlobType@51ff3c4b
2022-03-25 16:20:50 [main] DEBUG org.hibernate.type.BasicTypeRegistry -
				Adding type registration clob -> org.hibernate.type.ClobType@12fcb2c3
2022-03-25 16:20:50 [main] DEBUG org.hibernate.type.BasicTypeRegistry -
				Adding type registration java.sql.Clob -> org.hibernate.type.ClobType@12fcb2c3
2022-03-25 16:20:50 [main] DEBUG org.hibernate.type.BasicTypeRegistry -
				Adding type registration nclob -> org.hibernate.type.NClobType@2f9b21d6
2022-03-25 16:20:50 [main] DEBUG org.hibernate.type.BasicTypeRegistry -
				Adding type registration java.sql.NClob -> org.hibernate.type.NClobType@2f9b21d6
2022-03-25 16:20:50 [main] DEBUG org.hibernate.type.BasicTypeRegistry -
				Adding type registration materialized_clob -> org.hibernate.type.MaterializedClobType@1f884bd6
2022-03-25 16:20:50 [main] DEBUG org.hibernate.type.BasicTypeRegistry -
				Adding type registration materialized_nclob -> org.hibernate.type.MaterializedNClobType@29013ef2
2022-03-25 16:20:50 [main] DEBUG org.hibernate.type.BasicTypeRegistry -
				Adding type registration serializable -> org.hibernate.type.SerializableType@c412556
2022-03-25 16:20:50 [main] DEBUG org.hibernate.type.BasicTypeRegistry -
				Adding type registration object -> org.hibernate.type.ObjectType@7d1c164a
2022-03-25 16:20:50 [main] DEBUG org.hibernate.type.BasicTypeRegistry -
				Adding type registration java.lang.Object -> org.hibernate.type.ObjectType@7d1c164a
2022-03-25 16:20:50 [main] DEBUG org.hibernate.type.BasicTypeRegistry -
				Adding type registration imm_date -> org.hibernate.type.AdaptedImmutableType@1e00bfe2
2022-03-25 16:20:50 [main] DEBUG org.hibernate.type.BasicTypeRegistry -
				Adding type registration imm_time -> org.hibernate.type.AdaptedImmutableType@4702e7a5
2022-03-25 16:20:50 [main] DEBUG org.hibernate.type.BasicTypeRegistry -
				Adding type registration imm_timestamp -> org.hibernate.type.AdaptedImmutableType@6a2d867d
2022-03-25 16:20:50 [main] DEBUG org.hibernate.type.BasicTypeRegistry -
				Adding type registration imm_dbtimestamp -> org.hibernate.type.AdaptedImmutableType@73bb1337
2022-03-25 16:20:50 [main] DEBUG org.hibernate.type.BasicTypeRegistry -
				Adding type registration imm_calendar -> org.hibernate.type.AdaptedImmutableType@685f5d0d
2022-03-25 16:20:50 [main] DEBUG org.hibernate.type.BasicTypeRegistry -
				Adding type registration imm_calendar_date -> org.hibernate.type.AdaptedImmutableType@3830b06c
2022-03-25 16:20:50 [main] DEBUG org.hibernate.type.BasicTypeRegistry -
				Adding type registration imm_binary -> org.hibernate.type.AdaptedImmutableType@3e28d779
2022-03-25 16:20:50 [main] DEBUG org.hibernate.type.BasicTypeRegistry -
				Adding type registration imm_serializable -> org.hibernate.type.AdaptedImmutableType@15214920
2022-03-25 16:20:51 [main] DEBUG o.h.type.spi.TypeConfiguration$Scope -
				Scoping TypeConfiguration [org.hibernate.type.spi.TypeConfiguration@4f64d9cb] to MetadataBuildingContext [org.hibernate.boot.internal.MetadataBuildingContextRootImpl@639c7f9c]
2022-03-25 16:20:51 [main] DEBUG o.h.type.spi.TypeConfiguration$Scope -
				Scoping TypeConfiguration [org.hibernate.type.spi.TypeConfiguration@4f64d9cb] to SessionFactoryImpl [org.hibernate.internal.SessionFactoryImpl@42cc420b]
2022-03-25 16:20:51 [main] TRACE o.h.type.spi.TypeConfiguration$Scope -
				Handling #sessionFactoryCreated from [org.hibernate.internal.SessionFactoryImpl@42cc420b] for TypeConfiguration
2022-03-25 16:20:52 [main] DEBUG org.hibernate.SQL -
				select csr0_.csr_id as csr_id1_0_0_, csr0_.is_admin as is_admin2_0_0_, csr0_.is_enabled as is_enabl3_0_0_, csr0_.name as name4_0_0_, csr0_.password as password5_0_0_, csr0_.user_name as user_nam6_0_0_ from csr csr0_ where csr0_.csr_id=?
2022-03-25 16:20:52 [main] TRACE o.h.type.descriptor.sql.BasicBinder -
				binding parameter [1] as [INTEGER] - [1]
2022-03-25 16:20:52 [main] TRACE o.h.t.descriptor.sql.BasicExtractor -
				extracted value ([is_admin2_0_0_] : [BOOLEAN]) - [false]
2022-03-25 16:20:52 [main] TRACE o.h.t.descriptor.sql.BasicExtractor -
				extracted value ([is_enabl3_0_0_] : [BOOLEAN]) - [false]
2022-03-25 16:20:52 [main] TRACE o.h.t.descriptor.sql.BasicExtractor -
				extracted value ([name4_0_0_] : [VARCHAR]) - [ainz]
2022-03-25 16:20:52 [main] TRACE o.h.t.descriptor.sql.BasicExtractor -
				extracted value ([password5_0_0_] : [VARCHAR]) - [ainz]
2022-03-25 16:20:52 [main] TRACE o.h.t.descriptor.sql.BasicExtractor -
				extracted value ([user_nam6_0_0_] : [VARCHAR]) - [ainz]
2022-03-25 16:20:52 [main] DEBUG org.hibernate.SQL -
				update csr set is_admin=?, is_enabled=?, name=?, password=?, user_name=? where csr_id=?
2022-03-25 16:20:52 [main] TRACE o.h.type.descriptor.sql.BasicBinder -
				binding parameter [1] as [BOOLEAN] - [false]
2022-03-25 16:20:52 [main] TRACE o.h.type.descriptor.sql.BasicBinder -
				binding parameter [2] as [BOOLEAN] - [true]
2022-03-25 16:20:52 [main] TRACE o.h.type.descriptor.sql.BasicBinder -
				binding parameter [3] as [VARCHAR] - [Ainz]
2022-03-25 16:20:52 [main] TRACE o.h.type.descriptor.sql.BasicBinder -
				binding parameter [4] as [VARCHAR] - [pass]
2022-03-25 16:20:52 [main] TRACE o.h.type.descriptor.sql.BasicBinder -
				binding parameter [5] as [VARCHAR] - [Dan]
2022-03-25 16:20:52 [main] TRACE o.h.type.descriptor.sql.BasicBinder -
				binding parameter [6] as [INTEGER] - [1]
2022-03-25 16:20:52 [main] DEBUG org.hibernate.SQL -
				select csr0_.csr_id as csr_id1_0_, csr0_.is_admin as is_admin2_0_, csr0_.is_enabled as is_enabl3_0_, csr0_.name as name4_0_, csr0_.password as password5_0_, csr0_.user_name as user_nam6_0_ from csr csr0_
2022-03-25 16:20:52 [main] TRACE o.h.t.descriptor.sql.BasicExtractor -
				extracted value ([csr_id1_0_] : [INTEGER]) - [1]
2022-03-25 16:20:52 [main] DEBUG org.hibernate.SQL -
				select csr0_.csr_id as csr_id1_0_0_, csr0_.is_admin as is_admin2_0_0_, csr0_.is_enabled as is_enabl3_0_0_, csr0_.name as name4_0_0_, csr0_.password as password5_0_0_, csr0_.user_name as user_nam6_0_0_ from csr csr0_ where csr0_.csr_id=?
2022-03-25 16:20:52 [main] TRACE o.h.type.descriptor.sql.BasicBinder -
				binding parameter [1] as [INTEGER] - [1]
2022-03-25 16:20:52 [main] TRACE o.h.t.descriptor.sql.BasicExtractor -
				extracted value ([is_admin2_0_0_] : [BOOLEAN]) - [false]
2022-03-25 16:20:52 [main] TRACE o.h.t.descriptor.sql.BasicExtractor -
				extracted value ([is_enabl3_0_0_] : [BOOLEAN]) - [false]
2022-03-25 16:20:52 [main] TRACE o.h.t.descriptor.sql.BasicExtractor -
				extracted value ([name4_0_0_] : [VARCHAR]) - [ainz]
2022-03-25 16:20:52 [main] TRACE o.h.t.descriptor.sql.BasicExtractor -
				extracted value ([password5_0_0_] : [VARCHAR]) - [ainz]
2022-03-25 16:20:52 [main] TRACE o.h.t.descriptor.sql.BasicExtractor -
				extracted value ([user_nam6_0_0_] : [VARCHAR]) - [ainz]
2022-03-25 16:20:52 [main] DEBUG org.hibernate.SQL -
				update csr set is_admin=?, is_enabled=?, name=?, password=?, user_name=? where csr_id=?
2022-03-25 16:20:52 [main] TRACE o.h.type.descriptor.sql.BasicBinder -
				binding parameter [1] as [BOOLEAN] - [false]
2022-03-25 16:20:52 [main] TRACE o.h.type.descriptor.sql.BasicBinder -
				binding parameter [2] as [BOOLEAN] - [true]
2022-03-25 16:20:52 [main] TRACE o.h.type.descriptor.sql.BasicBinder -
				binding parameter [3] as [VARCHAR] - [Ainz]
2022-03-25 16:20:52 [main] TRACE o.h.type.descriptor.sql.BasicBinder -
				binding parameter [4] as [VARCHAR] - [pass]
2022-03-25 16:20:52 [main] TRACE o.h.type.descriptor.sql.BasicBinder -
				binding parameter [5] as [VARCHAR] - [Dan]
2022-03-25 16:20:52 [main] TRACE o.h.type.descriptor.sql.BasicBinder -
				binding parameter [6] as [INTEGER] - [1]
2022-03-25 16:20:52 [main] DEBUG org.hibernate.SQL -
				select csr0_.csr_id as csr_id1_0_, csr0_.is_admin as is_admin2_0_, csr0_.is_enabled as is_enabl3_0_, csr0_.name as name4_0_, csr0_.password as password5_0_, csr0_.user_name as user_nam6_0_ from csr csr0_
2022-03-25 16:20:52 [main] TRACE o.h.t.descriptor.sql.BasicExtractor -
				extracted value ([csr_id1_0_] : [INTEGER]) - [1]
2022-03-25 16:20:52 [main] DEBUG org.hibernate.SQL -
				select csr0_.csr_id as csr_id1_0_, csr0_.is_admin as is_admin2_0_, csr0_.is_enabled as is_enabl3_0_, csr0_.name as name4_0_, csr0_.password as password5_0_, csr0_.user_name as user_nam6_0_ from csr csr0_
2022-03-25 16:20:52 [main] TRACE o.h.t.descriptor.sql.BasicExtractor -
				extracted value ([csr_id1_0_] : [INTEGER]) - [1]
2022-03-25 16:20:52 [main] DEBUG org.hibernate.SQL -
				select csr0_.csr_id as csr_id1_0_0_, csr0_.is_admin as is_admin2_0_0_, csr0_.is_enabled as is_enabl3_0_0_, csr0_.name as name4_0_0_, csr0_.password as password5_0_0_, csr0_.user_name as user_nam6_0_0_ from csr csr0_ where csr0_.csr_id=?
2022-03-25 16:20:52 [main] TRACE o.h.type.descriptor.sql.BasicBinder -
				binding parameter [1] as [INTEGER] - [1]
2022-03-25 16:20:52 [main] TRACE o.h.t.descriptor.sql.BasicExtractor -
				extracted value ([is_admin2_0_0_] : [BOOLEAN]) - [false]
2022-03-25 16:20:52 [main] TRACE o.h.t.descriptor.sql.BasicExtractor -
				extracted value ([is_enabl3_0_0_] : [BOOLEAN]) - [false]
2022-03-25 16:20:52 [main] TRACE o.h.t.descriptor.sql.BasicExtractor -
				extracted value ([name4_0_0_] : [VARCHAR]) - [ainz]
2022-03-25 16:20:52 [main] TRACE o.h.t.descriptor.sql.BasicExtractor -
				extracted value ([password5_0_0_] : [VARCHAR]) - [ainz]
2022-03-25 16:20:52 [main] TRACE o.h.t.descriptor.sql.BasicExtractor -
				extracted value ([user_nam6_0_0_] : [VARCHAR]) - [ainz]
2022-03-25 16:20:52 [main] DEBUG org.hibernate.SQL -
				update csr set is_admin=?, is_enabled=?, name=?, password=?, user_name=? where csr_id=?
2022-03-25 16:20:52 [main] TRACE o.h.type.descriptor.sql.BasicBinder -
				binding parameter [1] as [BOOLEAN] - [false]
2022-03-25 16:20:52 [main] TRACE o.h.type.descriptor.sql.BasicBinder -
				binding parameter [2] as [BOOLEAN] - [true]
2022-03-25 16:20:52 [main] TRACE o.h.type.descriptor.sql.BasicBinder -
				binding parameter [3] as [VARCHAR] - [Ainz]
2022-03-25 16:20:52 [main] TRACE o.h.type.descriptor.sql.BasicBinder -
				binding parameter [4] as [VARCHAR] - [pass]
2022-03-25 16:20:52 [main] TRACE o.h.type.descriptor.sql.BasicBinder -
				binding parameter [5] as [VARCHAR] - [Dan]
2022-03-25 16:20:52 [main] TRACE o.h.type.descriptor.sql.BasicBinder -
				binding parameter [6] as [INTEGER] - [1]
2022-03-25 16:20:52 [main] DEBUG org.hibernate.SQL -
				select csr0_.csr_id as csr_id1_0_, csr0_.is_admin as is_admin2_0_, csr0_.is_enabled as is_enabl3_0_, csr0_.name as name4_0_, csr0_.password as password5_0_, csr0_.user_name as user_nam6_0_ from csr csr0_
2022-03-25 16:20:52 [main] TRACE o.h.t.descriptor.sql.BasicExtractor -
				extracted value ([csr_id1_0_] : [INTEGER]) - [1]
2022-03-25 16:20:52 [SpringApplicationShutdownHook] TRACE o.h.type.spi.TypeConfiguration$Scope -
				Handling #sessionFactoryClosed from [org.hibernate.internal.SessionFactoryImpl@42cc420b] for TypeConfiguration
2022-03-25 16:20:52 [SpringApplicationShutdownHook] DEBUG o.h.type.spi.TypeConfiguration$Scope -
				Un-scoping TypeConfiguration [org.hibernate.type.spi.TypeConfiguration$Scope@328b681a] from SessionFactory [org.hibernate.internal.SessionFactoryImpl@42cc420b]
