2022-03-29 22:09:30 [main] DEBUG org.hibernate.type.BasicTypeRegistry -
				Adding type registration boolean -> org.hibernate.type.BooleanType@4b07cad0
2022-03-29 22:09:30 [main] DEBUG org.hibernate.type.BasicTypeRegistry -
				Adding type registration boolean -> org.hibernate.type.BooleanType@4b07cad0
2022-03-29 22:09:30 [main] DEBUG org.hibernate.type.BasicTypeRegistry -
				Adding type registration java.lang.Boolean -> org.hibernate.type.BooleanType@4b07cad0
2022-03-29 22:09:30 [main] DEBUG org.hibernate.type.BasicTypeRegistry -
				Adding type registration numeric_boolean -> org.hibernate.type.NumericBooleanType@8b670c0
2022-03-29 22:09:30 [main] DEBUG org.hibernate.type.BasicTypeRegistry -
				Adding type registration true_false -> org.hibernate.type.TrueFalseType@1b8fa2fa
2022-03-29 22:09:30 [main] DEBUG org.hibernate.type.BasicTypeRegistry -
				Adding type registration yes_no -> org.hibernate.type.YesNoType@1d8e9d3e
2022-03-29 22:09:30 [main] DEBUG org.hibernate.type.BasicTypeRegistry -
				Adding type registration byte -> org.hibernate.type.ByteType@61d2f267
2022-03-29 22:09:30 [main] DEBUG org.hibernate.type.BasicTypeRegistry -
				Adding type registration byte -> org.hibernate.type.ByteType@61d2f267
2022-03-29 22:09:30 [main] DEBUG org.hibernate.type.BasicTypeRegistry -
				Adding type registration java.lang.Byte -> org.hibernate.type.ByteType@61d2f267
2022-03-29 22:09:30 [main] DEBUG org.hibernate.type.BasicTypeRegistry -
				Adding type registration character -> org.hibernate.type.CharacterType@23c7cb18
2022-03-29 22:09:30 [main] DEBUG org.hibernate.type.BasicTypeRegistry -
				Adding type registration char -> org.hibernate.type.CharacterType@23c7cb18
2022-03-29 22:09:30 [main] DEBUG org.hibernate.type.BasicTypeRegistry -
				Adding type registration java.lang.Character -> org.hibernate.type.CharacterType@23c7cb18
2022-03-29 22:09:30 [main] DEBUG org.hibernate.type.BasicTypeRegistry -
				Adding type registration short -> org.hibernate.type.ShortType@2c34402
2022-03-29 22:09:30 [main] DEBUG org.hibernate.type.BasicTypeRegistry -
				Adding type registration short -> org.hibernate.type.ShortType@2c34402
2022-03-29 22:09:30 [main] DEBUG org.hibernate.type.BasicTypeRegistry -
				Adding type registration java.lang.Short -> org.hibernate.type.ShortType@2c34402
2022-03-29 22:09:30 [main] DEBUG org.hibernate.type.BasicTypeRegistry -
				Adding type registration integer -> org.hibernate.type.IntegerType@7d88fa9c
2022-03-29 22:09:30 [main] DEBUG org.hibernate.type.BasicTypeRegistry -
				Adding type registration int -> org.hibernate.type.IntegerType@7d88fa9c
2022-03-29 22:09:30 [main] DEBUG org.hibernate.type.BasicTypeRegistry -
				Adding type registration java.lang.Integer -> org.hibernate.type.IntegerType@7d88fa9c
2022-03-29 22:09:30 [main] DEBUG org.hibernate.type.BasicTypeRegistry -
				Adding type registration long -> org.hibernate.type.LongType@64fdcf99
2022-03-29 22:09:30 [main] DEBUG org.hibernate.type.BasicTypeRegistry -
				Adding type registration long -> org.hibernate.type.LongType@64fdcf99
2022-03-29 22:09:30 [main] DEBUG org.hibernate.type.BasicTypeRegistry -
				Adding type registration java.lang.Long -> org.hibernate.type.LongType@64fdcf99
2022-03-29 22:09:30 [main] DEBUG org.hibernate.type.BasicTypeRegistry -
				Adding type registration float -> org.hibernate.type.FloatType@786a3477
2022-03-29 22:09:30 [main] DEBUG org.hibernate.type.BasicTypeRegistry -
				Adding type registration float -> org.hibernate.type.FloatType@786a3477
2022-03-29 22:09:30 [main] DEBUG org.hibernate.type.BasicTypeRegistry -
				Adding type registration java.lang.Float -> org.hibernate.type.FloatType@786a3477
2022-03-29 22:09:30 [main] DEBUG org.hibernate.type.BasicTypeRegistry -
				Adding type registration double -> org.hibernate.type.DoubleType@667797f
2022-03-29 22:09:30 [main] DEBUG org.hibernate.type.BasicTypeRegistry -
				Adding type registration double -> org.hibernate.type.DoubleType@667797f
2022-03-29 22:09:30 [main] DEBUG org.hibernate.type.BasicTypeRegistry -
				Adding type registration java.lang.Double -> org.hibernate.type.DoubleType@667797f
2022-03-29 22:09:30 [main] DEBUG org.hibernate.type.BasicTypeRegistry -
				Adding type registration big_decimal -> org.hibernate.type.BigDecimalType@4536a715
2022-03-29 22:09:30 [main] DEBUG org.hibernate.type.BasicTypeRegistry -
				Adding type registration java.math.BigDecimal -> org.hibernate.type.BigDecimalType@4536a715
2022-03-29 22:09:30 [main] DEBUG org.hibernate.type.BasicTypeRegistry -
				Adding type registration big_integer -> org.hibernate.type.BigIntegerType@17b6ad97
2022-03-29 22:09:30 [main] DEBUG org.hibernate.type.BasicTypeRegistry -
				Adding type registration java.math.BigInteger -> org.hibernate.type.BigIntegerType@17b6ad97
2022-03-29 22:09:30 [main] DEBUG org.hibernate.type.BasicTypeRegistry -
				Adding type registration string -> org.hibernate.type.StringType@32dcfeea
2022-03-29 22:09:30 [main] DEBUG org.hibernate.type.BasicTypeRegistry -
				Adding type registration java.lang.String -> org.hibernate.type.StringType@32dcfeea
2022-03-29 22:09:30 [main] DEBUG org.hibernate.type.BasicTypeRegistry -
				Adding type registration nstring -> org.hibernate.type.StringNVarcharType@5103eea2
2022-03-29 22:09:30 [main] DEBUG org.hibernate.type.BasicTypeRegistry -
				Adding type registration ncharacter -> org.hibernate.type.CharacterNCharType@5f0677f3
2022-03-29 22:09:30 [main] DEBUG org.hibernate.type.BasicTypeRegistry -
				Adding type registration url -> org.hibernate.type.UrlType@4228f269
2022-03-29 22:09:30 [main] DEBUG org.hibernate.type.BasicTypeRegistry -
				Adding type registration java.net.URL -> org.hibernate.type.UrlType@4228f269
2022-03-29 22:09:30 [main] DEBUG org.hibernate.type.BasicTypeRegistry -
				Adding type registration Duration -> org.hibernate.type.DurationType@11abd6c
2022-03-29 22:09:30 [main] DEBUG org.hibernate.type.BasicTypeRegistry -
				Adding type registration java.time.Duration -> org.hibernate.type.DurationType@11abd6c
2022-03-29 22:09:30 [main] DEBUG org.hibernate.type.BasicTypeRegistry -
				Adding type registration Instant -> org.hibernate.type.InstantType@236861da
2022-03-29 22:09:30 [main] DEBUG org.hibernate.type.BasicTypeRegistry -
				Adding type registration java.time.Instant -> org.hibernate.type.InstantType@236861da
2022-03-29 22:09:30 [main] DEBUG org.hibernate.type.BasicTypeRegistry -
				Adding type registration LocalDateTime -> org.hibernate.type.LocalDateTimeType@3ba3f40d
2022-03-29 22:09:30 [main] DEBUG org.hibernate.type.BasicTypeRegistry -
				Adding type registration java.time.LocalDateTime -> org.hibernate.type.LocalDateTimeType@3ba3f40d
2022-03-29 22:09:30 [main] DEBUG org.hibernate.type.BasicTypeRegistry -
				Adding type registration LocalDate -> org.hibernate.type.LocalDateType@547aaa32
2022-03-29 22:09:30 [main] DEBUG org.hibernate.type.BasicTypeRegistry -
				Adding type registration java.time.LocalDate -> org.hibernate.type.LocalDateType@547aaa32
2022-03-29 22:09:30 [main] DEBUG org.hibernate.type.BasicTypeRegistry -
				Adding type registration LocalTime -> org.hibernate.type.LocalTimeType@65e4cb84
2022-03-29 22:09:30 [main] DEBUG org.hibernate.type.BasicTypeRegistry -
				Adding type registration java.time.LocalTime -> org.hibernate.type.LocalTimeType@65e4cb84
2022-03-29 22:09:30 [main] DEBUG org.hibernate.type.BasicTypeRegistry -
				Adding type registration OffsetDateTime -> org.hibernate.type.OffsetDateTimeType@b55f5b7
2022-03-29 22:09:30 [main] DEBUG org.hibernate.type.BasicTypeRegistry -
				Adding type registration java.time.OffsetDateTime -> org.hibernate.type.OffsetDateTimeType@b55f5b7
2022-03-29 22:09:30 [main] DEBUG org.hibernate.type.BasicTypeRegistry -
				Adding type registration OffsetTime -> org.hibernate.type.OffsetTimeType@1426370c
2022-03-29 22:09:30 [main] DEBUG org.hibernate.type.BasicTypeRegistry -
				Adding type registration java.time.OffsetTime -> org.hibernate.type.OffsetTimeType@1426370c
2022-03-29 22:09:30 [main] DEBUG org.hibernate.type.BasicTypeRegistry -
				Adding type registration ZonedDateTime -> org.hibernate.type.ZonedDateTimeType@203765b2
2022-03-29 22:09:30 [main] DEBUG org.hibernate.type.BasicTypeRegistry -
				Adding type registration java.time.ZonedDateTime -> org.hibernate.type.ZonedDateTimeType@203765b2
2022-03-29 22:09:30 [main] DEBUG org.hibernate.type.BasicTypeRegistry -
				Adding type registration date -> org.hibernate.type.DateType@76a1146d
2022-03-29 22:09:30 [main] DEBUG org.hibernate.type.BasicTypeRegistry -
				Adding type registration java.sql.Date -> org.hibernate.type.DateType@76a1146d
2022-03-29 22:09:30 [main] DEBUG org.hibernate.type.BasicTypeRegistry -
				Adding type registration time -> org.hibernate.type.TimeType@15c16f19
2022-03-29 22:09:30 [main] DEBUG org.hibernate.type.BasicTypeRegistry -
				Adding type registration java.sql.Time -> org.hibernate.type.TimeType@15c16f19
2022-03-29 22:09:30 [main] DEBUG org.hibernate.type.BasicTypeRegistry -
				Adding type registration timestamp -> org.hibernate.type.TimestampType@41e8d917
2022-03-29 22:09:30 [main] DEBUG org.hibernate.type.BasicTypeRegistry -
				Adding type registration java.sql.Timestamp -> org.hibernate.type.TimestampType@41e8d917
2022-03-29 22:09:30 [main] DEBUG org.hibernate.type.BasicTypeRegistry -
				Adding type registration java.util.Date -> org.hibernate.type.TimestampType@41e8d917
2022-03-29 22:09:30 [main] DEBUG org.hibernate.type.BasicTypeRegistry -
				Adding type registration dbtimestamp -> org.hibernate.type.DbTimestampType@3db1ce78
2022-03-29 22:09:30 [main] DEBUG org.hibernate.type.BasicTypeRegistry -
				Adding type registration calendar -> org.hibernate.type.CalendarType@48c5698
2022-03-29 22:09:30 [main] DEBUG org.hibernate.type.BasicTypeRegistry -
				Adding type registration java.util.Calendar -> org.hibernate.type.CalendarType@48c5698
2022-03-29 22:09:30 [main] DEBUG org.hibernate.type.BasicTypeRegistry -
				Adding type registration java.util.GregorianCalendar -> org.hibernate.type.CalendarType@48c5698
2022-03-29 22:09:30 [main] DEBUG org.hibernate.type.BasicTypeRegistry -
				Adding type registration calendar_date -> org.hibernate.type.CalendarDateType@56c42964
2022-03-29 22:09:30 [main] DEBUG org.hibernate.type.BasicTypeRegistry -
				Adding type registration calendar_time -> org.hibernate.type.CalendarTimeType@c262f2f
2022-03-29 22:09:30 [main] DEBUG org.hibernate.type.BasicTypeRegistry -
				Adding type registration locale -> org.hibernate.type.LocaleType@5112b7
2022-03-29 22:09:30 [main] DEBUG org.hibernate.type.BasicTypeRegistry -
				Adding type registration java.util.Locale -> org.hibernate.type.LocaleType@5112b7
2022-03-29 22:09:30 [main] DEBUG org.hibernate.type.BasicTypeRegistry -
				Adding type registration currency -> org.hibernate.type.CurrencyType@19dac2d6
2022-03-29 22:09:30 [main] DEBUG org.hibernate.type.BasicTypeRegistry -
				Adding type registration java.util.Currency -> org.hibernate.type.CurrencyType@19dac2d6
2022-03-29 22:09:30 [main] DEBUG org.hibernate.type.BasicTypeRegistry -
				Adding type registration timezone -> org.hibernate.type.TimeZoneType@7f93f4c
2022-03-29 22:09:30 [main] DEBUG org.hibernate.type.BasicTypeRegistry -
				Adding type registration java.util.TimeZone -> org.hibernate.type.TimeZoneType@7f93f4c
2022-03-29 22:09:30 [main] DEBUG org.hibernate.type.BasicTypeRegistry -
				Adding type registration class -> org.hibernate.type.ClassType@22c8ee48
2022-03-29 22:09:30 [main] DEBUG org.hibernate.type.BasicTypeRegistry -
				Adding type registration java.lang.Class -> org.hibernate.type.ClassType@22c8ee48
2022-03-29 22:09:30 [main] DEBUG org.hibernate.type.BasicTypeRegistry -
				Adding type registration uuid-binary -> org.hibernate.type.UUIDBinaryType@6e5f5478
2022-03-29 22:09:30 [main] DEBUG org.hibernate.type.BasicTypeRegistry -
				Adding type registration java.util.UUID -> org.hibernate.type.UUIDBinaryType@6e5f5478
2022-03-29 22:09:30 [main] DEBUG org.hibernate.type.BasicTypeRegistry -
				Adding type registration uuid-char -> org.hibernate.type.UUIDCharType@5d717f19
2022-03-29 22:09:30 [main] DEBUG org.hibernate.type.BasicTypeRegistry -
				Adding type registration binary -> org.hibernate.type.BinaryType@cec590c
2022-03-29 22:09:30 [main] DEBUG org.hibernate.type.BasicTypeRegistry -
				Adding type registration byte[] -> org.hibernate.type.BinaryType@cec590c
2022-03-29 22:09:30 [main] DEBUG org.hibernate.type.BasicTypeRegistry -
				Adding type registration [B -> org.hibernate.type.BinaryType@cec590c
2022-03-29 22:09:30 [main] DEBUG org.hibernate.type.BasicTypeRegistry -
				Adding type registration wrapper-binary -> org.hibernate.type.WrapperBinaryType@65d73bd
2022-03-29 22:09:30 [main] DEBUG org.hibernate.type.BasicTypeRegistry -
				Adding type registration Byte[] -> org.hibernate.type.WrapperBinaryType@65d73bd
2022-03-29 22:09:30 [main] DEBUG org.hibernate.type.BasicTypeRegistry -
				Adding type registration [Ljava.lang.Byte; -> org.hibernate.type.WrapperBinaryType@65d73bd
2022-03-29 22:09:30 [main] DEBUG org.hibernate.type.BasicTypeRegistry -
				Adding type registration row_version -> org.hibernate.type.RowVersionType@59b447a4
2022-03-29 22:09:30 [main] DEBUG org.hibernate.type.BasicTypeRegistry -
				Adding type registration image -> org.hibernate.type.ImageType@71f0806b
2022-03-29 22:09:30 [main] DEBUG org.hibernate.type.BasicTypeRegistry -
				Adding type registration characters -> org.hibernate.type.CharArrayType@64f3ca6
2022-03-29 22:09:30 [main] DEBUG org.hibernate.type.BasicTypeRegistry -
				Adding type registration char[] -> org.hibernate.type.CharArrayType@64f3ca6
2022-03-29 22:09:30 [main] DEBUG org.hibernate.type.BasicTypeRegistry -
				Adding type registration [C -> org.hibernate.type.CharArrayType@64f3ca6
2022-03-29 22:09:30 [main] DEBUG org.hibernate.type.BasicTypeRegistry -
				Adding type registration wrapper-characters -> org.hibernate.type.CharacterArrayType@368424db
2022-03-29 22:09:30 [main] DEBUG org.hibernate.type.BasicTypeRegistry -
				Adding type registration [Ljava.lang.Character; -> org.hibernate.type.CharacterArrayType@368424db
2022-03-29 22:09:30 [main] DEBUG org.hibernate.type.BasicTypeRegistry -
				Adding type registration Character[] -> org.hibernate.type.CharacterArrayType@368424db
2022-03-29 22:09:30 [main] DEBUG org.hibernate.type.BasicTypeRegistry -
				Adding type registration text -> org.hibernate.type.TextType@7996d0d4
2022-03-29 22:09:30 [main] DEBUG org.hibernate.type.BasicTypeRegistry -
				Adding type registration ntext -> org.hibernate.type.NTextType@d1c5cf2
2022-03-29 22:09:30 [main] DEBUG org.hibernate.type.BasicTypeRegistry -
				Adding type registration blob -> org.hibernate.type.BlobType@793cef95
2022-03-29 22:09:30 [main] DEBUG org.hibernate.type.BasicTypeRegistry -
				Adding type registration java.sql.Blob -> org.hibernate.type.BlobType@793cef95
2022-03-29 22:09:30 [main] DEBUG org.hibernate.type.BasicTypeRegistry -
				Adding type registration materialized_blob -> org.hibernate.type.MaterializedBlobType@79f1e22e
2022-03-29 22:09:30 [main] DEBUG org.hibernate.type.BasicTypeRegistry -
				Adding type registration clob -> org.hibernate.type.ClobType@49631cfb
2022-03-29 22:09:30 [main] DEBUG org.hibernate.type.BasicTypeRegistry -
				Adding type registration java.sql.Clob -> org.hibernate.type.ClobType@49631cfb
2022-03-29 22:09:30 [main] DEBUG org.hibernate.type.BasicTypeRegistry -
				Adding type registration nclob -> org.hibernate.type.NClobType@2a7ebe07
2022-03-29 22:09:30 [main] DEBUG org.hibernate.type.BasicTypeRegistry -
				Adding type registration java.sql.NClob -> org.hibernate.type.NClobType@2a7ebe07
2022-03-29 22:09:30 [main] DEBUG org.hibernate.type.BasicTypeRegistry -
				Adding type registration materialized_clob -> org.hibernate.type.MaterializedClobType@3d1c52f5
2022-03-29 22:09:30 [main] DEBUG org.hibernate.type.BasicTypeRegistry -
				Adding type registration materialized_nclob -> org.hibernate.type.MaterializedNClobType@3095d401
2022-03-29 22:09:30 [main] DEBUG org.hibernate.type.BasicTypeRegistry -
				Adding type registration serializable -> org.hibernate.type.SerializableType@4abbe41c
2022-03-29 22:09:30 [main] DEBUG org.hibernate.type.BasicTypeRegistry -
				Adding type registration object -> org.hibernate.type.ObjectType@29090809
2022-03-29 22:09:30 [main] DEBUG org.hibernate.type.BasicTypeRegistry -
				Adding type registration java.lang.Object -> org.hibernate.type.ObjectType@29090809
2022-03-29 22:09:30 [main] DEBUG org.hibernate.type.BasicTypeRegistry -
				Adding type registration imm_date -> org.hibernate.type.AdaptedImmutableType@7c3c453b
2022-03-29 22:09:30 [main] DEBUG org.hibernate.type.BasicTypeRegistry -
				Adding type registration imm_time -> org.hibernate.type.AdaptedImmutableType@1b791dca
2022-03-29 22:09:30 [main] DEBUG org.hibernate.type.BasicTypeRegistry -
				Adding type registration imm_timestamp -> org.hibernate.type.AdaptedImmutableType@15ac02d5
2022-03-29 22:09:30 [main] DEBUG org.hibernate.type.BasicTypeRegistry -
				Adding type registration imm_dbtimestamp -> org.hibernate.type.AdaptedImmutableType@2af9a5ef
2022-03-29 22:09:30 [main] DEBUG org.hibernate.type.BasicTypeRegistry -
				Adding type registration imm_calendar -> org.hibernate.type.AdaptedImmutableType@34f23816
2022-03-29 22:09:30 [main] DEBUG org.hibernate.type.BasicTypeRegistry -
				Adding type registration imm_calendar_date -> org.hibernate.type.AdaptedImmutableType@6736f40f
2022-03-29 22:09:30 [main] DEBUG org.hibernate.type.BasicTypeRegistry -
				Adding type registration imm_binary -> org.hibernate.type.AdaptedImmutableType@12f9f896
2022-03-29 22:09:30 [main] DEBUG org.hibernate.type.BasicTypeRegistry -
				Adding type registration imm_serializable -> org.hibernate.type.AdaptedImmutableType@7548e1fb
2022-03-29 22:09:30 [main] DEBUG o.h.type.spi.TypeConfiguration$Scope -
				Scoping TypeConfiguration [org.hibernate.type.spi.TypeConfiguration@3a4f8e8a] to MetadataBuildingContext [org.hibernate.boot.internal.MetadataBuildingContextRootImpl@4468fda8]
2022-03-29 22:09:30 [main] DEBUG o.h.type.spi.TypeConfiguration$Scope -
				Scoping TypeConfiguration [org.hibernate.type.spi.TypeConfiguration@3a4f8e8a] to SessionFactoryImpl [org.hibernate.internal.SessionFactoryImpl@adc3344]
2022-03-29 22:09:31 [main] TRACE o.h.type.spi.TypeConfiguration$Scope -
				Handling #sessionFactoryCreated from [org.hibernate.internal.SessionFactoryImpl@adc3344] for TypeConfiguration
2022-03-29 22:09:31 [main] WARN  o.s.b.a.o.j.JpaBaseConfiguration$JpaWebConfiguration -
				spring.jpa.open-in-view is enabled by default. Therefore, database queries may be performed during view rendering. Explicitly configure spring.jpa.open-in-view to disable this warning
2022-03-29 22:09:32 [main] WARN  o.s.c.l.c.LoadBalancerCacheAutoConfiguration$LoadBalancerCaffeineWarnLogger -
				Spring Cloud LoadBalancer is currently working with the default cache. While this cache implementation is useful for development and tests, it's recommended to use Caffeine cache in production.You can switch to using Caffeine cache, by adding it and org.springframework.cache.caffeine.CaffeineCacheManager to the classpath.
2022-03-29 22:10:52 [http-nio-9092-exec-3] DEBUG org.hibernate.SQL -
				select csr0_.csr_id as csr_id1_0_, csr0_.is_admin as is_admin2_0_, csr0_.is_enabled as is_enabl3_0_, csr0_.name as name4_0_, csr0_.password as password5_0_, csr0_.user_name as user_nam6_0_ from csr csr0_
2022-03-29 22:10:52 [http-nio-9092-exec-3] TRACE o.h.t.descriptor.sql.BasicExtractor -
				extracted value ([csr_id1_0_] : [INTEGER]) - [1]
2022-03-29 22:10:52 [http-nio-9092-exec-3] TRACE o.h.t.descriptor.sql.BasicExtractor -
				extracted value ([is_admin2_0_] : [BOOLEAN]) - [false]
2022-03-29 22:10:52 [http-nio-9092-exec-3] TRACE o.h.t.descriptor.sql.BasicExtractor -
				extracted value ([is_enabl3_0_] : [BOOLEAN]) - [false]
2022-03-29 22:10:52 [http-nio-9092-exec-3] TRACE o.h.t.descriptor.sql.BasicExtractor -
				extracted value ([name4_0_] : [VARCHAR]) - [ainz]
2022-03-29 22:10:52 [http-nio-9092-exec-3] TRACE o.h.t.descriptor.sql.BasicExtractor -
				extracted value ([password5_0_] : [VARCHAR]) - [ainz]
2022-03-29 22:10:52 [http-nio-9092-exec-3] TRACE o.h.t.descriptor.sql.BasicExtractor -
				extracted value ([user_nam6_0_] : [VARCHAR]) - [ainz]
2022-03-29 22:10:52 [http-nio-9092-exec-3] TRACE o.h.t.descriptor.sql.BasicExtractor -
				extracted value ([csr_id1_0_] : [INTEGER]) - [2]
2022-03-29 22:10:52 [http-nio-9092-exec-3] TRACE o.h.t.descriptor.sql.BasicExtractor -
				extracted value ([is_admin2_0_] : [BOOLEAN]) - [true]
2022-03-29 22:10:52 [http-nio-9092-exec-3] TRACE o.h.t.descriptor.sql.BasicExtractor -
				extracted value ([is_enabl3_0_] : [BOOLEAN]) - [true]
2022-03-29 22:10:52 [http-nio-9092-exec-3] TRACE o.h.t.descriptor.sql.BasicExtractor -
				extracted value ([name4_0_] : [VARCHAR]) - [nono]
2022-03-29 22:10:52 [http-nio-9092-exec-3] TRACE o.h.t.descriptor.sql.BasicExtractor -
				extracted value ([password5_0_] : [VARCHAR]) - [jojo]
2022-03-29 22:10:52 [http-nio-9092-exec-3] TRACE o.h.t.descriptor.sql.BasicExtractor -
				extracted value ([user_nam6_0_] : [VARCHAR]) - [haha]
2022-03-29 22:10:52 [http-nio-9092-exec-3] TRACE o.h.t.descriptor.sql.BasicExtractor -
				extracted value ([csr_id1_0_] : [INTEGER]) - [3]
2022-03-29 22:10:52 [http-nio-9092-exec-3] TRACE o.h.t.descriptor.sql.BasicExtractor -
				extracted value ([is_admin2_0_] : [BOOLEAN]) - [false]
2022-03-29 22:10:52 [http-nio-9092-exec-3] TRACE o.h.t.descriptor.sql.BasicExtractor -
				extracted value ([is_enabl3_0_] : [BOOLEAN]) - [false]
2022-03-29 22:10:52 [http-nio-9092-exec-3] TRACE o.h.t.descriptor.sql.BasicExtractor -
				extracted value ([name4_0_] : [VARCHAR]) - [vno]
2022-03-29 22:10:52 [http-nio-9092-exec-3] TRACE o.h.t.descriptor.sql.BasicExtractor -
				extracted value ([password5_0_] : [VARCHAR]) - [ifp]
2022-03-29 22:10:52 [http-nio-9092-exec-3] TRACE o.h.t.descriptor.sql.BasicExtractor -
				extracted value ([user_nam6_0_] : [VARCHAR]) - [epf]
2022-03-29 22:10:52 [http-nio-9092-exec-3] TRACE o.h.t.descriptor.sql.BasicExtractor -
				extracted value ([csr_id1_0_] : [INTEGER]) - [4]
2022-03-29 22:10:52 [http-nio-9092-exec-3] TRACE o.h.t.descriptor.sql.BasicExtractor -
				extracted value ([is_admin2_0_] : [BOOLEAN]) - [false]
2022-03-29 22:10:52 [http-nio-9092-exec-3] TRACE o.h.t.descriptor.sql.BasicExtractor -
				extracted value ([is_enabl3_0_] : [BOOLEAN]) - [false]
2022-03-29 22:10:52 [http-nio-9092-exec-3] TRACE o.h.t.descriptor.sql.BasicExtractor -
				extracted value ([name4_0_] : [VARCHAR]) - [nfn]
2022-03-29 22:10:52 [http-nio-9092-exec-3] TRACE o.h.t.descriptor.sql.BasicExtractor -
				extracted value ([password5_0_] : [VARCHAR]) - [okjp]
2022-03-29 22:10:52 [http-nio-9092-exec-3] TRACE o.h.t.descriptor.sql.BasicExtractor -
				extracted value ([user_nam6_0_] : [VARCHAR]) - [kon]
2022-03-29 22:10:52 [http-nio-9092-exec-3] TRACE o.h.t.descriptor.sql.BasicExtractor -
				extracted value ([csr_id1_0_] : [INTEGER]) - [5]
2022-03-29 22:10:52 [http-nio-9092-exec-3] TRACE o.h.t.descriptor.sql.BasicExtractor -
				extracted value ([is_admin2_0_] : [BOOLEAN]) - [true]
2022-03-29 22:10:52 [http-nio-9092-exec-3] TRACE o.h.t.descriptor.sql.BasicExtractor -
				extracted value ([is_enabl3_0_] : [BOOLEAN]) - [true]
2022-03-29 22:10:52 [http-nio-9092-exec-3] TRACE o.h.t.descriptor.sql.BasicExtractor -
				extracted value ([name4_0_] : [VARCHAR]) - [grbs]
2022-03-29 22:10:52 [http-nio-9092-exec-3] TRACE o.h.t.descriptor.sql.BasicExtractor -
				extracted value ([password5_0_] : [VARCHAR]) - [ndhnf]
2022-03-29 22:10:52 [http-nio-9092-exec-3] TRACE o.h.t.descriptor.sql.BasicExtractor -
				extracted value ([user_nam6_0_] : [VARCHAR]) - [aetb]
2022-03-29 22:11:04 [http-nio-9092-exec-5] DEBUG org.hibernate.SQL -
				select csr0_.csr_id as csr_id1_0_, csr0_.is_admin as is_admin2_0_, csr0_.is_enabled as is_enabl3_0_, csr0_.name as name4_0_, csr0_.password as password5_0_, csr0_.user_name as user_nam6_0_ from csr csr0_
2022-03-29 22:11:04 [http-nio-9092-exec-5] TRACE o.h.t.descriptor.sql.BasicExtractor -
				extracted value ([csr_id1_0_] : [INTEGER]) - [1]
2022-03-29 22:11:04 [http-nio-9092-exec-5] TRACE o.h.t.descriptor.sql.BasicExtractor -
				extracted value ([is_admin2_0_] : [BOOLEAN]) - [false]
2022-03-29 22:11:04 [http-nio-9092-exec-5] TRACE o.h.t.descriptor.sql.BasicExtractor -
				extracted value ([is_enabl3_0_] : [BOOLEAN]) - [false]
2022-03-29 22:11:04 [http-nio-9092-exec-5] TRACE o.h.t.descriptor.sql.BasicExtractor -
				extracted value ([name4_0_] : [VARCHAR]) - [ainz]
2022-03-29 22:11:04 [http-nio-9092-exec-5] TRACE o.h.t.descriptor.sql.BasicExtractor -
				extracted value ([password5_0_] : [VARCHAR]) - [ainz]
2022-03-29 22:11:04 [http-nio-9092-exec-5] TRACE o.h.t.descriptor.sql.BasicExtractor -
				extracted value ([user_nam6_0_] : [VARCHAR]) - [ainz]
2022-03-29 22:11:04 [http-nio-9092-exec-5] TRACE o.h.t.descriptor.sql.BasicExtractor -
				extracted value ([csr_id1_0_] : [INTEGER]) - [2]
2022-03-29 22:11:04 [http-nio-9092-exec-5] TRACE o.h.t.descriptor.sql.BasicExtractor -
				extracted value ([is_admin2_0_] : [BOOLEAN]) - [true]
2022-03-29 22:11:04 [http-nio-9092-exec-5] TRACE o.h.t.descriptor.sql.BasicExtractor -
				extracted value ([is_enabl3_0_] : [BOOLEAN]) - [true]
2022-03-29 22:11:04 [http-nio-9092-exec-5] TRACE o.h.t.descriptor.sql.BasicExtractor -
				extracted value ([name4_0_] : [VARCHAR]) - [nono]
2022-03-29 22:11:04 [http-nio-9092-exec-5] TRACE o.h.t.descriptor.sql.BasicExtractor -
				extracted value ([password5_0_] : [VARCHAR]) - [jojo]
2022-03-29 22:11:04 [http-nio-9092-exec-5] TRACE o.h.t.descriptor.sql.BasicExtractor -
				extracted value ([user_nam6_0_] : [VARCHAR]) - [haha]
2022-03-29 22:11:04 [http-nio-9092-exec-5] TRACE o.h.t.descriptor.sql.BasicExtractor -
				extracted value ([csr_id1_0_] : [INTEGER]) - [3]
2022-03-29 22:11:04 [http-nio-9092-exec-5] TRACE o.h.t.descriptor.sql.BasicExtractor -
				extracted value ([is_admin2_0_] : [BOOLEAN]) - [false]
2022-03-29 22:11:04 [http-nio-9092-exec-5] TRACE o.h.t.descriptor.sql.BasicExtractor -
				extracted value ([is_enabl3_0_] : [BOOLEAN]) - [false]
2022-03-29 22:11:04 [http-nio-9092-exec-5] TRACE o.h.t.descriptor.sql.BasicExtractor -
				extracted value ([name4_0_] : [VARCHAR]) - [vno]
2022-03-29 22:11:04 [http-nio-9092-exec-5] TRACE o.h.t.descriptor.sql.BasicExtractor -
				extracted value ([password5_0_] : [VARCHAR]) - [ifp]
2022-03-29 22:11:04 [http-nio-9092-exec-5] TRACE o.h.t.descriptor.sql.BasicExtractor -
				extracted value ([user_nam6_0_] : [VARCHAR]) - [epf]
2022-03-29 22:11:04 [http-nio-9092-exec-5] TRACE o.h.t.descriptor.sql.BasicExtractor -
				extracted value ([csr_id1_0_] : [INTEGER]) - [4]
2022-03-29 22:11:04 [http-nio-9092-exec-5] TRACE o.h.t.descriptor.sql.BasicExtractor -
				extracted value ([is_admin2_0_] : [BOOLEAN]) - [false]
2022-03-29 22:11:04 [http-nio-9092-exec-5] TRACE o.h.t.descriptor.sql.BasicExtractor -
				extracted value ([is_enabl3_0_] : [BOOLEAN]) - [false]
2022-03-29 22:11:04 [http-nio-9092-exec-5] TRACE o.h.t.descriptor.sql.BasicExtractor -
				extracted value ([name4_0_] : [VARCHAR]) - [nfn]
2022-03-29 22:11:04 [http-nio-9092-exec-5] TRACE o.h.t.descriptor.sql.BasicExtractor -
				extracted value ([password5_0_] : [VARCHAR]) - [okjp]
2022-03-29 22:11:04 [http-nio-9092-exec-5] TRACE o.h.t.descriptor.sql.BasicExtractor -
				extracted value ([user_nam6_0_] : [VARCHAR]) - [kon]
2022-03-29 22:11:04 [http-nio-9092-exec-5] TRACE o.h.t.descriptor.sql.BasicExtractor -
				extracted value ([csr_id1_0_] : [INTEGER]) - [5]
2022-03-29 22:11:04 [http-nio-9092-exec-5] TRACE o.h.t.descriptor.sql.BasicExtractor -
				extracted value ([is_admin2_0_] : [BOOLEAN]) - [true]
2022-03-29 22:11:04 [http-nio-9092-exec-5] TRACE o.h.t.descriptor.sql.BasicExtractor -
				extracted value ([is_enabl3_0_] : [BOOLEAN]) - [true]
2022-03-29 22:11:04 [http-nio-9092-exec-5] TRACE o.h.t.descriptor.sql.BasicExtractor -
				extracted value ([name4_0_] : [VARCHAR]) - [grbs]
2022-03-29 22:11:04 [http-nio-9092-exec-5] TRACE o.h.t.descriptor.sql.BasicExtractor -
				extracted value ([password5_0_] : [VARCHAR]) - [ndhnf]
2022-03-29 22:11:04 [http-nio-9092-exec-5] TRACE o.h.t.descriptor.sql.BasicExtractor -
				extracted value ([user_nam6_0_] : [VARCHAR]) - [aetb]
2022-03-29 22:11:43 [http-nio-9092-exec-6] DEBUG org.hibernate.SQL -
				select csr0_.csr_id as csr_id1_0_, csr0_.is_admin as is_admin2_0_, csr0_.is_enabled as is_enabl3_0_, csr0_.name as name4_0_, csr0_.password as password5_0_, csr0_.user_name as user_nam6_0_ from csr csr0_
2022-03-29 22:11:43 [http-nio-9092-exec-6] TRACE o.h.t.descriptor.sql.BasicExtractor -
				extracted value ([csr_id1_0_] : [INTEGER]) - [1]
2022-03-29 22:11:43 [http-nio-9092-exec-6] TRACE o.h.t.descriptor.sql.BasicExtractor -
				extracted value ([is_admin2_0_] : [BOOLEAN]) - [false]
2022-03-29 22:11:43 [http-nio-9092-exec-6] TRACE o.h.t.descriptor.sql.BasicExtractor -
				extracted value ([is_enabl3_0_] : [BOOLEAN]) - [false]
2022-03-29 22:11:43 [http-nio-9092-exec-6] TRACE o.h.t.descriptor.sql.BasicExtractor -
				extracted value ([name4_0_] : [VARCHAR]) - [ainz]
2022-03-29 22:11:43 [http-nio-9092-exec-6] TRACE o.h.t.descriptor.sql.BasicExtractor -
				extracted value ([password5_0_] : [VARCHAR]) - [ainz]
2022-03-29 22:11:43 [http-nio-9092-exec-6] TRACE o.h.t.descriptor.sql.BasicExtractor -
				extracted value ([user_nam6_0_] : [VARCHAR]) - [ainz]
2022-03-29 22:11:43 [http-nio-9092-exec-6] TRACE o.h.t.descriptor.sql.BasicExtractor -
				extracted value ([csr_id1_0_] : [INTEGER]) - [2]
2022-03-29 22:11:43 [http-nio-9092-exec-6] TRACE o.h.t.descriptor.sql.BasicExtractor -
				extracted value ([is_admin2_0_] : [BOOLEAN]) - [true]
2022-03-29 22:11:43 [http-nio-9092-exec-6] TRACE o.h.t.descriptor.sql.BasicExtractor -
				extracted value ([is_enabl3_0_] : [BOOLEAN]) - [true]
2022-03-29 22:11:43 [http-nio-9092-exec-6] TRACE o.h.t.descriptor.sql.BasicExtractor -
				extracted value ([name4_0_] : [VARCHAR]) - [nono]
2022-03-29 22:11:43 [http-nio-9092-exec-6] TRACE o.h.t.descriptor.sql.BasicExtractor -
				extracted value ([password5_0_] : [VARCHAR]) - [jojo]
2022-03-29 22:11:43 [http-nio-9092-exec-6] TRACE o.h.t.descriptor.sql.BasicExtractor -
				extracted value ([user_nam6_0_] : [VARCHAR]) - [haha]
2022-03-29 22:11:43 [http-nio-9092-exec-6] TRACE o.h.t.descriptor.sql.BasicExtractor -
				extracted value ([csr_id1_0_] : [INTEGER]) - [3]
2022-03-29 22:11:43 [http-nio-9092-exec-6] TRACE o.h.t.descriptor.sql.BasicExtractor -
				extracted value ([is_admin2_0_] : [BOOLEAN]) - [false]
2022-03-29 22:11:43 [http-nio-9092-exec-6] TRACE o.h.t.descriptor.sql.BasicExtractor -
				extracted value ([is_enabl3_0_] : [BOOLEAN]) - [false]
2022-03-29 22:11:43 [http-nio-9092-exec-6] TRACE o.h.t.descriptor.sql.BasicExtractor -
				extracted value ([name4_0_] : [VARCHAR]) - [vno]
2022-03-29 22:11:43 [http-nio-9092-exec-6] TRACE o.h.t.descriptor.sql.BasicExtractor -
				extracted value ([password5_0_] : [VARCHAR]) - [ifp]
2022-03-29 22:11:43 [http-nio-9092-exec-6] TRACE o.h.t.descriptor.sql.BasicExtractor -
				extracted value ([user_nam6_0_] : [VARCHAR]) - [epf]
2022-03-29 22:11:43 [http-nio-9092-exec-6] TRACE o.h.t.descriptor.sql.BasicExtractor -
				extracted value ([csr_id1_0_] : [INTEGER]) - [4]
2022-03-29 22:11:43 [http-nio-9092-exec-6] TRACE o.h.t.descriptor.sql.BasicExtractor -
				extracted value ([is_admin2_0_] : [BOOLEAN]) - [false]
2022-03-29 22:11:43 [http-nio-9092-exec-6] TRACE o.h.t.descriptor.sql.BasicExtractor -
				extracted value ([is_enabl3_0_] : [BOOLEAN]) - [false]
2022-03-29 22:11:43 [http-nio-9092-exec-6] TRACE o.h.t.descriptor.sql.BasicExtractor -
				extracted value ([name4_0_] : [VARCHAR]) - [nfn]
2022-03-29 22:11:43 [http-nio-9092-exec-6] TRACE o.h.t.descriptor.sql.BasicExtractor -
				extracted value ([password5_0_] : [VARCHAR]) - [okjp]
2022-03-29 22:11:43 [http-nio-9092-exec-6] TRACE o.h.t.descriptor.sql.BasicExtractor -
				extracted value ([user_nam6_0_] : [VARCHAR]) - [kon]
2022-03-29 22:11:43 [http-nio-9092-exec-6] TRACE o.h.t.descriptor.sql.BasicExtractor -
				extracted value ([csr_id1_0_] : [INTEGER]) - [5]
2022-03-29 22:11:43 [http-nio-9092-exec-6] TRACE o.h.t.descriptor.sql.BasicExtractor -
				extracted value ([is_admin2_0_] : [BOOLEAN]) - [true]
2022-03-29 22:11:43 [http-nio-9092-exec-6] TRACE o.h.t.descriptor.sql.BasicExtractor -
				extracted value ([is_enabl3_0_] : [BOOLEAN]) - [true]
2022-03-29 22:11:43 [http-nio-9092-exec-6] TRACE o.h.t.descriptor.sql.BasicExtractor -
				extracted value ([name4_0_] : [VARCHAR]) - [grbs]
2022-03-29 22:11:43 [http-nio-9092-exec-6] TRACE o.h.t.descriptor.sql.BasicExtractor -
				extracted value ([password5_0_] : [VARCHAR]) - [ndhnf]
2022-03-29 22:11:43 [http-nio-9092-exec-6] TRACE o.h.t.descriptor.sql.BasicExtractor -
				extracted value ([user_nam6_0_] : [VARCHAR]) - [aetb]
2022-03-29 22:12:20 [http-nio-9092-exec-8] DEBUG org.hibernate.SQL -
				select csr0_.csr_id as csr_id1_0_, csr0_.is_admin as is_admin2_0_, csr0_.is_enabled as is_enabl3_0_, csr0_.name as name4_0_, csr0_.password as password5_0_, csr0_.user_name as user_nam6_0_ from csr csr0_
2022-03-29 22:12:20 [http-nio-9092-exec-8] TRACE o.h.t.descriptor.sql.BasicExtractor -
				extracted value ([csr_id1_0_] : [INTEGER]) - [1]
2022-03-29 22:12:20 [http-nio-9092-exec-8] TRACE o.h.t.descriptor.sql.BasicExtractor -
				extracted value ([is_admin2_0_] : [BOOLEAN]) - [false]
2022-03-29 22:12:20 [http-nio-9092-exec-8] TRACE o.h.t.descriptor.sql.BasicExtractor -
				extracted value ([is_enabl3_0_] : [BOOLEAN]) - [false]
2022-03-29 22:12:20 [http-nio-9092-exec-8] TRACE o.h.t.descriptor.sql.BasicExtractor -
				extracted value ([name4_0_] : [VARCHAR]) - [ainz]
2022-03-29 22:12:20 [http-nio-9092-exec-8] TRACE o.h.t.descriptor.sql.BasicExtractor -
				extracted value ([password5_0_] : [VARCHAR]) - [ainz]
2022-03-29 22:12:20 [http-nio-9092-exec-8] TRACE o.h.t.descriptor.sql.BasicExtractor -
				extracted value ([user_nam6_0_] : [VARCHAR]) - [ainz]
2022-03-29 22:12:20 [http-nio-9092-exec-8] TRACE o.h.t.descriptor.sql.BasicExtractor -
				extracted value ([csr_id1_0_] : [INTEGER]) - [2]
2022-03-29 22:12:20 [http-nio-9092-exec-8] TRACE o.h.t.descriptor.sql.BasicExtractor -
				extracted value ([is_admin2_0_] : [BOOLEAN]) - [true]
2022-03-29 22:12:20 [http-nio-9092-exec-8] TRACE o.h.t.descriptor.sql.BasicExtractor -
				extracted value ([is_enabl3_0_] : [BOOLEAN]) - [true]
2022-03-29 22:12:20 [http-nio-9092-exec-8] TRACE o.h.t.descriptor.sql.BasicExtractor -
				extracted value ([name4_0_] : [VARCHAR]) - [nono]
2022-03-29 22:12:20 [http-nio-9092-exec-8] TRACE o.h.t.descriptor.sql.BasicExtractor -
				extracted value ([password5_0_] : [VARCHAR]) - [jojo]
2022-03-29 22:12:20 [http-nio-9092-exec-8] TRACE o.h.t.descriptor.sql.BasicExtractor -
				extracted value ([user_nam6_0_] : [VARCHAR]) - [haha]
2022-03-29 22:12:20 [http-nio-9092-exec-8] TRACE o.h.t.descriptor.sql.BasicExtractor -
				extracted value ([csr_id1_0_] : [INTEGER]) - [3]
2022-03-29 22:12:20 [http-nio-9092-exec-8] TRACE o.h.t.descriptor.sql.BasicExtractor -
				extracted value ([is_admin2_0_] : [BOOLEAN]) - [false]
2022-03-29 22:12:20 [http-nio-9092-exec-8] TRACE o.h.t.descriptor.sql.BasicExtractor -
				extracted value ([is_enabl3_0_] : [BOOLEAN]) - [false]
2022-03-29 22:12:20 [http-nio-9092-exec-8] TRACE o.h.t.descriptor.sql.BasicExtractor -
				extracted value ([name4_0_] : [VARCHAR]) - [vno]
2022-03-29 22:12:20 [http-nio-9092-exec-8] TRACE o.h.t.descriptor.sql.BasicExtractor -
				extracted value ([password5_0_] : [VARCHAR]) - [ifp]
2022-03-29 22:12:20 [http-nio-9092-exec-8] TRACE o.h.t.descriptor.sql.BasicExtractor -
				extracted value ([user_nam6_0_] : [VARCHAR]) - [epf]
2022-03-29 22:12:20 [http-nio-9092-exec-8] TRACE o.h.t.descriptor.sql.BasicExtractor -
				extracted value ([csr_id1_0_] : [INTEGER]) - [4]
2022-03-29 22:12:20 [http-nio-9092-exec-8] TRACE o.h.t.descriptor.sql.BasicExtractor -
				extracted value ([is_admin2_0_] : [BOOLEAN]) - [false]
2022-03-29 22:12:20 [http-nio-9092-exec-8] TRACE o.h.t.descriptor.sql.BasicExtractor -
				extracted value ([is_enabl3_0_] : [BOOLEAN]) - [false]
2022-03-29 22:12:20 [http-nio-9092-exec-8] TRACE o.h.t.descriptor.sql.BasicExtractor -
				extracted value ([name4_0_] : [VARCHAR]) - [nfn]
2022-03-29 22:12:20 [http-nio-9092-exec-8] TRACE o.h.t.descriptor.sql.BasicExtractor -
				extracted value ([password5_0_] : [VARCHAR]) - [okjp]
2022-03-29 22:12:20 [http-nio-9092-exec-8] TRACE o.h.t.descriptor.sql.BasicExtractor -
				extracted value ([user_nam6_0_] : [VARCHAR]) - [kon]
2022-03-29 22:12:20 [http-nio-9092-exec-8] TRACE o.h.t.descriptor.sql.BasicExtractor -
				extracted value ([csr_id1_0_] : [INTEGER]) - [5]
2022-03-29 22:12:20 [http-nio-9092-exec-8] TRACE o.h.t.descriptor.sql.BasicExtractor -
				extracted value ([is_admin2_0_] : [BOOLEAN]) - [true]
2022-03-29 22:12:20 [http-nio-9092-exec-8] TRACE o.h.t.descriptor.sql.BasicExtractor -
				extracted value ([is_enabl3_0_] : [BOOLEAN]) - [true]
2022-03-29 22:12:20 [http-nio-9092-exec-8] TRACE o.h.t.descriptor.sql.BasicExtractor -
				extracted value ([name4_0_] : [VARCHAR]) - [grbs]
2022-03-29 22:12:20 [http-nio-9092-exec-8] TRACE o.h.t.descriptor.sql.BasicExtractor -
				extracted value ([password5_0_] : [VARCHAR]) - [ndhnf]
2022-03-29 22:12:20 [http-nio-9092-exec-8] TRACE o.h.t.descriptor.sql.BasicExtractor -
				extracted value ([user_nam6_0_] : [VARCHAR]) - [aetb]
2022-03-29 22:12:28 [http-nio-9092-exec-10] DEBUG org.hibernate.SQL -
				select csr0_.csr_id as csr_id1_0_, csr0_.is_admin as is_admin2_0_, csr0_.is_enabled as is_enabl3_0_, csr0_.name as name4_0_, csr0_.password as password5_0_, csr0_.user_name as user_nam6_0_ from csr csr0_
2022-03-29 22:12:28 [http-nio-9092-exec-10] TRACE o.h.t.descriptor.sql.BasicExtractor -
				extracted value ([csr_id1_0_] : [INTEGER]) - [1]
2022-03-29 22:12:28 [http-nio-9092-exec-10] TRACE o.h.t.descriptor.sql.BasicExtractor -
				extracted value ([is_admin2_0_] : [BOOLEAN]) - [false]
2022-03-29 22:12:28 [http-nio-9092-exec-10] TRACE o.h.t.descriptor.sql.BasicExtractor -
				extracted value ([is_enabl3_0_] : [BOOLEAN]) - [false]
2022-03-29 22:12:28 [http-nio-9092-exec-10] TRACE o.h.t.descriptor.sql.BasicExtractor -
				extracted value ([name4_0_] : [VARCHAR]) - [ainz]
2022-03-29 22:12:28 [http-nio-9092-exec-10] TRACE o.h.t.descriptor.sql.BasicExtractor -
				extracted value ([password5_0_] : [VARCHAR]) - [ainz]
2022-03-29 22:12:28 [http-nio-9092-exec-10] TRACE o.h.t.descriptor.sql.BasicExtractor -
				extracted value ([user_nam6_0_] : [VARCHAR]) - [ainz]
2022-03-29 22:12:28 [http-nio-9092-exec-10] TRACE o.h.t.descriptor.sql.BasicExtractor -
				extracted value ([csr_id1_0_] : [INTEGER]) - [2]
2022-03-29 22:12:28 [http-nio-9092-exec-10] TRACE o.h.t.descriptor.sql.BasicExtractor -
				extracted value ([is_admin2_0_] : [BOOLEAN]) - [true]
2022-03-29 22:12:28 [http-nio-9092-exec-10] TRACE o.h.t.descriptor.sql.BasicExtractor -
				extracted value ([is_enabl3_0_] : [BOOLEAN]) - [true]
2022-03-29 22:12:28 [http-nio-9092-exec-10] TRACE o.h.t.descriptor.sql.BasicExtractor -
				extracted value ([name4_0_] : [VARCHAR]) - [nono]
2022-03-29 22:12:28 [http-nio-9092-exec-10] TRACE o.h.t.descriptor.sql.BasicExtractor -
				extracted value ([password5_0_] : [VARCHAR]) - [jojo]
2022-03-29 22:12:28 [http-nio-9092-exec-10] TRACE o.h.t.descriptor.sql.BasicExtractor -
				extracted value ([user_nam6_0_] : [VARCHAR]) - [haha]
2022-03-29 22:12:28 [http-nio-9092-exec-10] TRACE o.h.t.descriptor.sql.BasicExtractor -
				extracted value ([csr_id1_0_] : [INTEGER]) - [3]
2022-03-29 22:12:28 [http-nio-9092-exec-10] TRACE o.h.t.descriptor.sql.BasicExtractor -
				extracted value ([is_admin2_0_] : [BOOLEAN]) - [false]
2022-03-29 22:12:28 [http-nio-9092-exec-10] TRACE o.h.t.descriptor.sql.BasicExtractor -
				extracted value ([is_enabl3_0_] : [BOOLEAN]) - [false]
2022-03-29 22:12:28 [http-nio-9092-exec-10] TRACE o.h.t.descriptor.sql.BasicExtractor -
				extracted value ([name4_0_] : [VARCHAR]) - [vno]
2022-03-29 22:12:28 [http-nio-9092-exec-10] TRACE o.h.t.descriptor.sql.BasicExtractor -
				extracted value ([password5_0_] : [VARCHAR]) - [ifp]
2022-03-29 22:12:28 [http-nio-9092-exec-10] TRACE o.h.t.descriptor.sql.BasicExtractor -
				extracted value ([user_nam6_0_] : [VARCHAR]) - [epf]
2022-03-29 22:12:28 [http-nio-9092-exec-10] TRACE o.h.t.descriptor.sql.BasicExtractor -
				extracted value ([csr_id1_0_] : [INTEGER]) - [4]
2022-03-29 22:12:28 [http-nio-9092-exec-10] TRACE o.h.t.descriptor.sql.BasicExtractor -
				extracted value ([is_admin2_0_] : [BOOLEAN]) - [false]
2022-03-29 22:12:28 [http-nio-9092-exec-10] TRACE o.h.t.descriptor.sql.BasicExtractor -
				extracted value ([is_enabl3_0_] : [BOOLEAN]) - [false]
2022-03-29 22:12:28 [http-nio-9092-exec-10] TRACE o.h.t.descriptor.sql.BasicExtractor -
				extracted value ([name4_0_] : [VARCHAR]) - [nfn]
2022-03-29 22:12:28 [http-nio-9092-exec-10] TRACE o.h.t.descriptor.sql.BasicExtractor -
				extracted value ([password5_0_] : [VARCHAR]) - [okjp]
2022-03-29 22:12:28 [http-nio-9092-exec-10] TRACE o.h.t.descriptor.sql.BasicExtractor -
				extracted value ([user_nam6_0_] : [VARCHAR]) - [kon]
2022-03-29 22:12:28 [http-nio-9092-exec-10] TRACE o.h.t.descriptor.sql.BasicExtractor -
				extracted value ([csr_id1_0_] : [INTEGER]) - [5]
2022-03-29 22:12:28 [http-nio-9092-exec-10] TRACE o.h.t.descriptor.sql.BasicExtractor -
				extracted value ([is_admin2_0_] : [BOOLEAN]) - [true]
2022-03-29 22:12:28 [http-nio-9092-exec-10] TRACE o.h.t.descriptor.sql.BasicExtractor -
				extracted value ([is_enabl3_0_] : [BOOLEAN]) - [true]
2022-03-29 22:12:28 [http-nio-9092-exec-10] TRACE o.h.t.descriptor.sql.BasicExtractor -
				extracted value ([name4_0_] : [VARCHAR]) - [grbs]
2022-03-29 22:12:28 [http-nio-9092-exec-10] TRACE o.h.t.descriptor.sql.BasicExtractor -
				extracted value ([password5_0_] : [VARCHAR]) - [ndhnf]
2022-03-29 22:12:28 [http-nio-9092-exec-10] TRACE o.h.t.descriptor.sql.BasicExtractor -
				extracted value ([user_nam6_0_] : [VARCHAR]) - [aetb]
2022-03-29 22:13:42 [http-nio-9092-exec-1] DEBUG org.hibernate.SQL -
				select csr0_.csr_id as csr_id1_0_, csr0_.is_admin as is_admin2_0_, csr0_.is_enabled as is_enabl3_0_, csr0_.name as name4_0_, csr0_.password as password5_0_, csr0_.user_name as user_nam6_0_ from csr csr0_
2022-03-29 22:13:42 [http-nio-9092-exec-1] TRACE o.h.t.descriptor.sql.BasicExtractor -
				extracted value ([csr_id1_0_] : [INTEGER]) - [1]
2022-03-29 22:13:42 [http-nio-9092-exec-1] TRACE o.h.t.descriptor.sql.BasicExtractor -
				extracted value ([is_admin2_0_] : [BOOLEAN]) - [false]
2022-03-29 22:13:42 [http-nio-9092-exec-1] TRACE o.h.t.descriptor.sql.BasicExtractor -
				extracted value ([is_enabl3_0_] : [BOOLEAN]) - [false]
2022-03-29 22:13:42 [http-nio-9092-exec-1] TRACE o.h.t.descriptor.sql.BasicExtractor -
				extracted value ([name4_0_] : [VARCHAR]) - [ainz]
2022-03-29 22:13:42 [http-nio-9092-exec-1] TRACE o.h.t.descriptor.sql.BasicExtractor -
				extracted value ([password5_0_] : [VARCHAR]) - [ainz]
2022-03-29 22:13:42 [http-nio-9092-exec-1] TRACE o.h.t.descriptor.sql.BasicExtractor -
				extracted value ([user_nam6_0_] : [VARCHAR]) - [ainz]
2022-03-29 22:13:42 [http-nio-9092-exec-1] TRACE o.h.t.descriptor.sql.BasicExtractor -
				extracted value ([csr_id1_0_] : [INTEGER]) - [2]
2022-03-29 22:13:42 [http-nio-9092-exec-1] TRACE o.h.t.descriptor.sql.BasicExtractor -
				extracted value ([is_admin2_0_] : [BOOLEAN]) - [true]
2022-03-29 22:13:42 [http-nio-9092-exec-1] TRACE o.h.t.descriptor.sql.BasicExtractor -
				extracted value ([is_enabl3_0_] : [BOOLEAN]) - [true]
2022-03-29 22:13:42 [http-nio-9092-exec-1] TRACE o.h.t.descriptor.sql.BasicExtractor -
				extracted value ([name4_0_] : [VARCHAR]) - [nono]
2022-03-29 22:13:42 [http-nio-9092-exec-1] TRACE o.h.t.descriptor.sql.BasicExtractor -
				extracted value ([password5_0_] : [VARCHAR]) - [jojo]
2022-03-29 22:13:42 [http-nio-9092-exec-1] TRACE o.h.t.descriptor.sql.BasicExtractor -
				extracted value ([user_nam6_0_] : [VARCHAR]) - [haha]
2022-03-29 22:13:42 [http-nio-9092-exec-1] TRACE o.h.t.descriptor.sql.BasicExtractor -
				extracted value ([csr_id1_0_] : [INTEGER]) - [3]
2022-03-29 22:13:42 [http-nio-9092-exec-1] TRACE o.h.t.descriptor.sql.BasicExtractor -
				extracted value ([is_admin2_0_] : [BOOLEAN]) - [false]
2022-03-29 22:13:42 [http-nio-9092-exec-1] TRACE o.h.t.descriptor.sql.BasicExtractor -
				extracted value ([is_enabl3_0_] : [BOOLEAN]) - [false]
2022-03-29 22:13:42 [http-nio-9092-exec-1] TRACE o.h.t.descriptor.sql.BasicExtractor -
				extracted value ([name4_0_] : [VARCHAR]) - [vno]
2022-03-29 22:13:42 [http-nio-9092-exec-1] TRACE o.h.t.descriptor.sql.BasicExtractor -
				extracted value ([password5_0_] : [VARCHAR]) - [ifp]
2022-03-29 22:13:42 [http-nio-9092-exec-1] TRACE o.h.t.descriptor.sql.BasicExtractor -
				extracted value ([user_nam6_0_] : [VARCHAR]) - [epf]
2022-03-29 22:13:42 [http-nio-9092-exec-1] TRACE o.h.t.descriptor.sql.BasicExtractor -
				extracted value ([csr_id1_0_] : [INTEGER]) - [4]
2022-03-29 22:13:42 [http-nio-9092-exec-1] TRACE o.h.t.descriptor.sql.BasicExtractor -
				extracted value ([is_admin2_0_] : [BOOLEAN]) - [false]
2022-03-29 22:13:42 [http-nio-9092-exec-1] TRACE o.h.t.descriptor.sql.BasicExtractor -
				extracted value ([is_enabl3_0_] : [BOOLEAN]) - [false]
2022-03-29 22:13:42 [http-nio-9092-exec-1] TRACE o.h.t.descriptor.sql.BasicExtractor -
				extracted value ([name4_0_] : [VARCHAR]) - [nfn]
2022-03-29 22:13:42 [http-nio-9092-exec-1] TRACE o.h.t.descriptor.sql.BasicExtractor -
				extracted value ([password5_0_] : [VARCHAR]) - [okjp]
2022-03-29 22:13:42 [http-nio-9092-exec-1] TRACE o.h.t.descriptor.sql.BasicExtractor -
				extracted value ([user_nam6_0_] : [VARCHAR]) - [kon]
2022-03-29 22:13:42 [http-nio-9092-exec-1] TRACE o.h.t.descriptor.sql.BasicExtractor -
				extracted value ([csr_id1_0_] : [INTEGER]) - [5]
2022-03-29 22:13:42 [http-nio-9092-exec-1] TRACE o.h.t.descriptor.sql.BasicExtractor -
				extracted value ([is_admin2_0_] : [BOOLEAN]) - [true]
2022-03-29 22:13:42 [http-nio-9092-exec-1] TRACE o.h.t.descriptor.sql.BasicExtractor -
				extracted value ([is_enabl3_0_] : [BOOLEAN]) - [true]
2022-03-29 22:13:42 [http-nio-9092-exec-1] TRACE o.h.t.descriptor.sql.BasicExtractor -
				extracted value ([name4_0_] : [VARCHAR]) - [grbs]
2022-03-29 22:13:42 [http-nio-9092-exec-1] TRACE o.h.t.descriptor.sql.BasicExtractor -
				extracted value ([password5_0_] : [VARCHAR]) - [ndhnf]
2022-03-29 22:13:42 [http-nio-9092-exec-1] TRACE o.h.t.descriptor.sql.BasicExtractor -
				extracted value ([user_nam6_0_] : [VARCHAR]) - [aetb]
2022-03-29 22:13:58 [http-nio-9092-exec-2] DEBUG org.hibernate.SQL -
				select csr0_.csr_id as csr_id1_0_, csr0_.is_admin as is_admin2_0_, csr0_.is_enabled as is_enabl3_0_, csr0_.name as name4_0_, csr0_.password as password5_0_, csr0_.user_name as user_nam6_0_ from csr csr0_
2022-03-29 22:13:58 [http-nio-9092-exec-2] TRACE o.h.t.descriptor.sql.BasicExtractor -
				extracted value ([csr_id1_0_] : [INTEGER]) - [1]
2022-03-29 22:13:58 [http-nio-9092-exec-2] TRACE o.h.t.descriptor.sql.BasicExtractor -
				extracted value ([is_admin2_0_] : [BOOLEAN]) - [false]
2022-03-29 22:13:58 [http-nio-9092-exec-2] TRACE o.h.t.descriptor.sql.BasicExtractor -
				extracted value ([is_enabl3_0_] : [BOOLEAN]) - [false]
2022-03-29 22:13:58 [http-nio-9092-exec-2] TRACE o.h.t.descriptor.sql.BasicExtractor -
				extracted value ([name4_0_] : [VARCHAR]) - [ainz]
2022-03-29 22:13:58 [http-nio-9092-exec-2] TRACE o.h.t.descriptor.sql.BasicExtractor -
				extracted value ([password5_0_] : [VARCHAR]) - [ainz]
2022-03-29 22:13:58 [http-nio-9092-exec-2] TRACE o.h.t.descriptor.sql.BasicExtractor -
				extracted value ([user_nam6_0_] : [VARCHAR]) - [ainz]
2022-03-29 22:13:58 [http-nio-9092-exec-2] TRACE o.h.t.descriptor.sql.BasicExtractor -
				extracted value ([csr_id1_0_] : [INTEGER]) - [2]
2022-03-29 22:13:58 [http-nio-9092-exec-2] TRACE o.h.t.descriptor.sql.BasicExtractor -
				extracted value ([is_admin2_0_] : [BOOLEAN]) - [true]
2022-03-29 22:13:58 [http-nio-9092-exec-2] TRACE o.h.t.descriptor.sql.BasicExtractor -
				extracted value ([is_enabl3_0_] : [BOOLEAN]) - [true]
2022-03-29 22:13:58 [http-nio-9092-exec-2] TRACE o.h.t.descriptor.sql.BasicExtractor -
				extracted value ([name4_0_] : [VARCHAR]) - [nono]
2022-03-29 22:13:58 [http-nio-9092-exec-2] TRACE o.h.t.descriptor.sql.BasicExtractor -
				extracted value ([password5_0_] : [VARCHAR]) - [jojo]
2022-03-29 22:13:58 [http-nio-9092-exec-2] TRACE o.h.t.descriptor.sql.BasicExtractor -
				extracted value ([user_nam6_0_] : [VARCHAR]) - [haha]
2022-03-29 22:13:58 [http-nio-9092-exec-2] TRACE o.h.t.descriptor.sql.BasicExtractor -
				extracted value ([csr_id1_0_] : [INTEGER]) - [3]
2022-03-29 22:13:58 [http-nio-9092-exec-2] TRACE o.h.t.descriptor.sql.BasicExtractor -
				extracted value ([is_admin2_0_] : [BOOLEAN]) - [false]
2022-03-29 22:13:58 [http-nio-9092-exec-2] TRACE o.h.t.descriptor.sql.BasicExtractor -
				extracted value ([is_enabl3_0_] : [BOOLEAN]) - [false]
2022-03-29 22:13:58 [http-nio-9092-exec-2] TRACE o.h.t.descriptor.sql.BasicExtractor -
				extracted value ([name4_0_] : [VARCHAR]) - [vno]
2022-03-29 22:13:58 [http-nio-9092-exec-2] TRACE o.h.t.descriptor.sql.BasicExtractor -
				extracted value ([password5_0_] : [VARCHAR]) - [ifp]
2022-03-29 22:13:58 [http-nio-9092-exec-2] TRACE o.h.t.descriptor.sql.BasicExtractor -
				extracted value ([user_nam6_0_] : [VARCHAR]) - [epf]
2022-03-29 22:13:58 [http-nio-9092-exec-2] TRACE o.h.t.descriptor.sql.BasicExtractor -
				extracted value ([csr_id1_0_] : [INTEGER]) - [4]
2022-03-29 22:13:58 [http-nio-9092-exec-2] TRACE o.h.t.descriptor.sql.BasicExtractor -
				extracted value ([is_admin2_0_] : [BOOLEAN]) - [false]
2022-03-29 22:13:58 [http-nio-9092-exec-2] TRACE o.h.t.descriptor.sql.BasicExtractor -
				extracted value ([is_enabl3_0_] : [BOOLEAN]) - [false]
2022-03-29 22:13:58 [http-nio-9092-exec-2] TRACE o.h.t.descriptor.sql.BasicExtractor -
				extracted value ([name4_0_] : [VARCHAR]) - [nfn]
2022-03-29 22:13:58 [http-nio-9092-exec-2] TRACE o.h.t.descriptor.sql.BasicExtractor -
				extracted value ([password5_0_] : [VARCHAR]) - [okjp]
2022-03-29 22:13:58 [http-nio-9092-exec-2] TRACE o.h.t.descriptor.sql.BasicExtractor -
				extracted value ([user_nam6_0_] : [VARCHAR]) - [kon]
2022-03-29 22:13:58 [http-nio-9092-exec-2] TRACE o.h.t.descriptor.sql.BasicExtractor -
				extracted value ([csr_id1_0_] : [INTEGER]) - [5]
2022-03-29 22:13:58 [http-nio-9092-exec-2] TRACE o.h.t.descriptor.sql.BasicExtractor -
				extracted value ([is_admin2_0_] : [BOOLEAN]) - [true]
2022-03-29 22:13:58 [http-nio-9092-exec-2] TRACE o.h.t.descriptor.sql.BasicExtractor -
				extracted value ([is_enabl3_0_] : [BOOLEAN]) - [true]
2022-03-29 22:13:58 [http-nio-9092-exec-2] TRACE o.h.t.descriptor.sql.BasicExtractor -
				extracted value ([name4_0_] : [VARCHAR]) - [grbs]
2022-03-29 22:13:58 [http-nio-9092-exec-2] TRACE o.h.t.descriptor.sql.BasicExtractor -
				extracted value ([password5_0_] : [VARCHAR]) - [ndhnf]
2022-03-29 22:13:58 [http-nio-9092-exec-2] TRACE o.h.t.descriptor.sql.BasicExtractor -
				extracted value ([user_nam6_0_] : [VARCHAR]) - [aetb]
2022-03-29 22:14:22 [http-nio-9092-exec-3] DEBUG org.hibernate.SQL -
				select csr0_.csr_id as csr_id1_0_, csr0_.is_admin as is_admin2_0_, csr0_.is_enabled as is_enabl3_0_, csr0_.name as name4_0_, csr0_.password as password5_0_, csr0_.user_name as user_nam6_0_ from csr csr0_
2022-03-29 22:14:22 [http-nio-9092-exec-3] TRACE o.h.t.descriptor.sql.BasicExtractor -
				extracted value ([csr_id1_0_] : [INTEGER]) - [1]
2022-03-29 22:14:22 [http-nio-9092-exec-3] TRACE o.h.t.descriptor.sql.BasicExtractor -
				extracted value ([is_admin2_0_] : [BOOLEAN]) - [false]
2022-03-29 22:14:22 [http-nio-9092-exec-3] TRACE o.h.t.descriptor.sql.BasicExtractor -
				extracted value ([is_enabl3_0_] : [BOOLEAN]) - [false]
2022-03-29 22:14:22 [http-nio-9092-exec-3] TRACE o.h.t.descriptor.sql.BasicExtractor -
				extracted value ([name4_0_] : [VARCHAR]) - [ainz]
2022-03-29 22:14:22 [http-nio-9092-exec-3] TRACE o.h.t.descriptor.sql.BasicExtractor -
				extracted value ([password5_0_] : [VARCHAR]) - [ainz]
2022-03-29 22:14:22 [http-nio-9092-exec-3] TRACE o.h.t.descriptor.sql.BasicExtractor -
				extracted value ([user_nam6_0_] : [VARCHAR]) - [ainz]
2022-03-29 22:14:22 [http-nio-9092-exec-3] TRACE o.h.t.descriptor.sql.BasicExtractor -
				extracted value ([csr_id1_0_] : [INTEGER]) - [2]
2022-03-29 22:14:22 [http-nio-9092-exec-3] TRACE o.h.t.descriptor.sql.BasicExtractor -
				extracted value ([is_admin2_0_] : [BOOLEAN]) - [true]
2022-03-29 22:14:22 [http-nio-9092-exec-3] TRACE o.h.t.descriptor.sql.BasicExtractor -
				extracted value ([is_enabl3_0_] : [BOOLEAN]) - [true]
2022-03-29 22:14:22 [http-nio-9092-exec-3] TRACE o.h.t.descriptor.sql.BasicExtractor -
				extracted value ([name4_0_] : [VARCHAR]) - [nono]
2022-03-29 22:14:22 [http-nio-9092-exec-3] TRACE o.h.t.descriptor.sql.BasicExtractor -
				extracted value ([password5_0_] : [VARCHAR]) - [jojo]
2022-03-29 22:14:22 [http-nio-9092-exec-3] TRACE o.h.t.descriptor.sql.BasicExtractor -
				extracted value ([user_nam6_0_] : [VARCHAR]) - [haha]
2022-03-29 22:14:22 [http-nio-9092-exec-3] TRACE o.h.t.descriptor.sql.BasicExtractor -
				extracted value ([csr_id1_0_] : [INTEGER]) - [3]
2022-03-29 22:14:22 [http-nio-9092-exec-3] TRACE o.h.t.descriptor.sql.BasicExtractor -
				extracted value ([is_admin2_0_] : [BOOLEAN]) - [false]
2022-03-29 22:14:22 [http-nio-9092-exec-3] TRACE o.h.t.descriptor.sql.BasicExtractor -
				extracted value ([is_enabl3_0_] : [BOOLEAN]) - [false]
2022-03-29 22:14:22 [http-nio-9092-exec-3] TRACE o.h.t.descriptor.sql.BasicExtractor -
				extracted value ([name4_0_] : [VARCHAR]) - [vno]
2022-03-29 22:14:22 [http-nio-9092-exec-3] TRACE o.h.t.descriptor.sql.BasicExtractor -
				extracted value ([password5_0_] : [VARCHAR]) - [ifp]
2022-03-29 22:14:22 [http-nio-9092-exec-3] TRACE o.h.t.descriptor.sql.BasicExtractor -
				extracted value ([user_nam6_0_] : [VARCHAR]) - [epf]
2022-03-29 22:14:22 [http-nio-9092-exec-3] TRACE o.h.t.descriptor.sql.BasicExtractor -
				extracted value ([csr_id1_0_] : [INTEGER]) - [4]
2022-03-29 22:14:22 [http-nio-9092-exec-3] TRACE o.h.t.descriptor.sql.BasicExtractor -
				extracted value ([is_admin2_0_] : [BOOLEAN]) - [false]
2022-03-29 22:14:22 [http-nio-9092-exec-3] TRACE o.h.t.descriptor.sql.BasicExtractor -
				extracted value ([is_enabl3_0_] : [BOOLEAN]) - [false]
2022-03-29 22:14:22 [http-nio-9092-exec-3] TRACE o.h.t.descriptor.sql.BasicExtractor -
				extracted value ([name4_0_] : [VARCHAR]) - [nfn]
2022-03-29 22:14:22 [http-nio-9092-exec-3] TRACE o.h.t.descriptor.sql.BasicExtractor -
				extracted value ([password5_0_] : [VARCHAR]) - [okjp]
2022-03-29 22:14:22 [http-nio-9092-exec-3] TRACE o.h.t.descriptor.sql.BasicExtractor -
				extracted value ([user_nam6_0_] : [VARCHAR]) - [kon]
2022-03-29 22:14:22 [http-nio-9092-exec-3] TRACE o.h.t.descriptor.sql.BasicExtractor -
				extracted value ([csr_id1_0_] : [INTEGER]) - [5]
2022-03-29 22:14:22 [http-nio-9092-exec-3] TRACE o.h.t.descriptor.sql.BasicExtractor -
				extracted value ([is_admin2_0_] : [BOOLEAN]) - [true]
2022-03-29 22:14:22 [http-nio-9092-exec-3] TRACE o.h.t.descriptor.sql.BasicExtractor -
				extracted value ([is_enabl3_0_] : [BOOLEAN]) - [true]
2022-03-29 22:14:22 [http-nio-9092-exec-3] TRACE o.h.t.descriptor.sql.BasicExtractor -
				extracted value ([name4_0_] : [VARCHAR]) - [grbs]
2022-03-29 22:14:22 [http-nio-9092-exec-3] TRACE o.h.t.descriptor.sql.BasicExtractor -
				extracted value ([password5_0_] : [VARCHAR]) - [ndhnf]
2022-03-29 22:14:22 [http-nio-9092-exec-3] TRACE o.h.t.descriptor.sql.BasicExtractor -
				extracted value ([user_nam6_0_] : [VARCHAR]) - [aetb]
2022-03-29 22:14:54 [http-nio-9092-exec-4] DEBUG org.hibernate.SQL -
				select csr0_.csr_id as csr_id1_0_, csr0_.is_admin as is_admin2_0_, csr0_.is_enabled as is_enabl3_0_, csr0_.name as name4_0_, csr0_.password as password5_0_, csr0_.user_name as user_nam6_0_ from csr csr0_
2022-03-29 22:14:54 [http-nio-9092-exec-4] TRACE o.h.t.descriptor.sql.BasicExtractor -
				extracted value ([csr_id1_0_] : [INTEGER]) - [1]
2022-03-29 22:14:54 [http-nio-9092-exec-4] TRACE o.h.t.descriptor.sql.BasicExtractor -
				extracted value ([is_admin2_0_] : [BOOLEAN]) - [false]
2022-03-29 22:14:54 [http-nio-9092-exec-4] TRACE o.h.t.descriptor.sql.BasicExtractor -
				extracted value ([is_enabl3_0_] : [BOOLEAN]) - [false]
2022-03-29 22:14:54 [http-nio-9092-exec-4] TRACE o.h.t.descriptor.sql.BasicExtractor -
				extracted value ([name4_0_] : [VARCHAR]) - [ainz]
2022-03-29 22:14:54 [http-nio-9092-exec-4] TRACE o.h.t.descriptor.sql.BasicExtractor -
				extracted value ([password5_0_] : [VARCHAR]) - [ainz]
2022-03-29 22:14:54 [http-nio-9092-exec-4] TRACE o.h.t.descriptor.sql.BasicExtractor -
				extracted value ([user_nam6_0_] : [VARCHAR]) - [ainz]
2022-03-29 22:14:54 [http-nio-9092-exec-4] TRACE o.h.t.descriptor.sql.BasicExtractor -
				extracted value ([csr_id1_0_] : [INTEGER]) - [2]
2022-03-29 22:14:54 [http-nio-9092-exec-4] TRACE o.h.t.descriptor.sql.BasicExtractor -
				extracted value ([is_admin2_0_] : [BOOLEAN]) - [true]
2022-03-29 22:14:54 [http-nio-9092-exec-4] TRACE o.h.t.descriptor.sql.BasicExtractor -
				extracted value ([is_enabl3_0_] : [BOOLEAN]) - [true]
2022-03-29 22:14:54 [http-nio-9092-exec-4] TRACE o.h.t.descriptor.sql.BasicExtractor -
				extracted value ([name4_0_] : [VARCHAR]) - [nono]
2022-03-29 22:14:54 [http-nio-9092-exec-4] TRACE o.h.t.descriptor.sql.BasicExtractor -
				extracted value ([password5_0_] : [VARCHAR]) - [jojo]
2022-03-29 22:14:54 [http-nio-9092-exec-4] TRACE o.h.t.descriptor.sql.BasicExtractor -
				extracted value ([user_nam6_0_] : [VARCHAR]) - [haha]
2022-03-29 22:14:54 [http-nio-9092-exec-4] TRACE o.h.t.descriptor.sql.BasicExtractor -
				extracted value ([csr_id1_0_] : [INTEGER]) - [3]
2022-03-29 22:14:54 [http-nio-9092-exec-4] TRACE o.h.t.descriptor.sql.BasicExtractor -
				extracted value ([is_admin2_0_] : [BOOLEAN]) - [false]
2022-03-29 22:14:54 [http-nio-9092-exec-4] TRACE o.h.t.descriptor.sql.BasicExtractor -
				extracted value ([is_enabl3_0_] : [BOOLEAN]) - [false]
2022-03-29 22:14:54 [http-nio-9092-exec-4] TRACE o.h.t.descriptor.sql.BasicExtractor -
				extracted value ([name4_0_] : [VARCHAR]) - [vno]
2022-03-29 22:14:54 [http-nio-9092-exec-4] TRACE o.h.t.descriptor.sql.BasicExtractor -
				extracted value ([password5_0_] : [VARCHAR]) - [ifp]
2022-03-29 22:14:54 [http-nio-9092-exec-4] TRACE o.h.t.descriptor.sql.BasicExtractor -
				extracted value ([user_nam6_0_] : [VARCHAR]) - [epf]
2022-03-29 22:14:54 [http-nio-9092-exec-4] TRACE o.h.t.descriptor.sql.BasicExtractor -
				extracted value ([csr_id1_0_] : [INTEGER]) - [4]
2022-03-29 22:14:54 [http-nio-9092-exec-4] TRACE o.h.t.descriptor.sql.BasicExtractor -
				extracted value ([is_admin2_0_] : [BOOLEAN]) - [false]
2022-03-29 22:14:54 [http-nio-9092-exec-4] TRACE o.h.t.descriptor.sql.BasicExtractor -
				extracted value ([is_enabl3_0_] : [BOOLEAN]) - [false]
2022-03-29 22:14:54 [http-nio-9092-exec-4] TRACE o.h.t.descriptor.sql.BasicExtractor -
				extracted value ([name4_0_] : [VARCHAR]) - [nfn]
2022-03-29 22:14:54 [http-nio-9092-exec-4] TRACE o.h.t.descriptor.sql.BasicExtractor -
				extracted value ([password5_0_] : [VARCHAR]) - [okjp]
2022-03-29 22:14:54 [http-nio-9092-exec-4] TRACE o.h.t.descriptor.sql.BasicExtractor -
				extracted value ([user_nam6_0_] : [VARCHAR]) - [kon]
2022-03-29 22:14:54 [http-nio-9092-exec-4] TRACE o.h.t.descriptor.sql.BasicExtractor -
				extracted value ([csr_id1_0_] : [INTEGER]) - [5]
2022-03-29 22:14:54 [http-nio-9092-exec-4] TRACE o.h.t.descriptor.sql.BasicExtractor -
				extracted value ([is_admin2_0_] : [BOOLEAN]) - [true]
2022-03-29 22:14:54 [http-nio-9092-exec-4] TRACE o.h.t.descriptor.sql.BasicExtractor -
				extracted value ([is_enabl3_0_] : [BOOLEAN]) - [true]
2022-03-29 22:14:54 [http-nio-9092-exec-4] TRACE o.h.t.descriptor.sql.BasicExtractor -
				extracted value ([name4_0_] : [VARCHAR]) - [grbs]
2022-03-29 22:14:54 [http-nio-9092-exec-4] TRACE o.h.t.descriptor.sql.BasicExtractor -
				extracted value ([password5_0_] : [VARCHAR]) - [ndhnf]
2022-03-29 22:14:54 [http-nio-9092-exec-4] TRACE o.h.t.descriptor.sql.BasicExtractor -
				extracted value ([user_nam6_0_] : [VARCHAR]) - [aetb]
2022-03-29 22:15:25 [http-nio-9092-exec-5] DEBUG org.hibernate.SQL -
				select csr0_.csr_id as csr_id1_0_, csr0_.is_admin as is_admin2_0_, csr0_.is_enabled as is_enabl3_0_, csr0_.name as name4_0_, csr0_.password as password5_0_, csr0_.user_name as user_nam6_0_ from csr csr0_
2022-03-29 22:15:25 [http-nio-9092-exec-5] TRACE o.h.t.descriptor.sql.BasicExtractor -
				extracted value ([csr_id1_0_] : [INTEGER]) - [1]
2022-03-29 22:15:25 [http-nio-9092-exec-5] TRACE o.h.t.descriptor.sql.BasicExtractor -
				extracted value ([is_admin2_0_] : [BOOLEAN]) - [false]
2022-03-29 22:15:25 [http-nio-9092-exec-5] TRACE o.h.t.descriptor.sql.BasicExtractor -
				extracted value ([is_enabl3_0_] : [BOOLEAN]) - [false]
2022-03-29 22:15:25 [http-nio-9092-exec-5] TRACE o.h.t.descriptor.sql.BasicExtractor -
				extracted value ([name4_0_] : [VARCHAR]) - [ainz]
2022-03-29 22:15:25 [http-nio-9092-exec-5] TRACE o.h.t.descriptor.sql.BasicExtractor -
				extracted value ([password5_0_] : [VARCHAR]) - [ainz]
2022-03-29 22:15:25 [http-nio-9092-exec-5] TRACE o.h.t.descriptor.sql.BasicExtractor -
				extracted value ([user_nam6_0_] : [VARCHAR]) - [ainz]
2022-03-29 22:15:25 [http-nio-9092-exec-5] TRACE o.h.t.descriptor.sql.BasicExtractor -
				extracted value ([csr_id1_0_] : [INTEGER]) - [2]
2022-03-29 22:15:25 [http-nio-9092-exec-5] TRACE o.h.t.descriptor.sql.BasicExtractor -
				extracted value ([is_admin2_0_] : [BOOLEAN]) - [true]
2022-03-29 22:15:25 [http-nio-9092-exec-5] TRACE o.h.t.descriptor.sql.BasicExtractor -
				extracted value ([is_enabl3_0_] : [BOOLEAN]) - [true]
2022-03-29 22:15:25 [http-nio-9092-exec-5] TRACE o.h.t.descriptor.sql.BasicExtractor -
				extracted value ([name4_0_] : [VARCHAR]) - [nono]
2022-03-29 22:15:25 [http-nio-9092-exec-5] TRACE o.h.t.descriptor.sql.BasicExtractor -
				extracted value ([password5_0_] : [VARCHAR]) - [jojo]
2022-03-29 22:15:25 [http-nio-9092-exec-5] TRACE o.h.t.descriptor.sql.BasicExtractor -
				extracted value ([user_nam6_0_] : [VARCHAR]) - [haha]
2022-03-29 22:15:25 [http-nio-9092-exec-5] TRACE o.h.t.descriptor.sql.BasicExtractor -
				extracted value ([csr_id1_0_] : [INTEGER]) - [3]
2022-03-29 22:15:25 [http-nio-9092-exec-5] TRACE o.h.t.descriptor.sql.BasicExtractor -
				extracted value ([is_admin2_0_] : [BOOLEAN]) - [false]
2022-03-29 22:15:25 [http-nio-9092-exec-5] TRACE o.h.t.descriptor.sql.BasicExtractor -
				extracted value ([is_enabl3_0_] : [BOOLEAN]) - [false]
2022-03-29 22:15:25 [http-nio-9092-exec-5] TRACE o.h.t.descriptor.sql.BasicExtractor -
				extracted value ([name4_0_] : [VARCHAR]) - [vno]
2022-03-29 22:15:25 [http-nio-9092-exec-5] TRACE o.h.t.descriptor.sql.BasicExtractor -
				extracted value ([password5_0_] : [VARCHAR]) - [ifp]
2022-03-29 22:15:25 [http-nio-9092-exec-5] TRACE o.h.t.descriptor.sql.BasicExtractor -
				extracted value ([user_nam6_0_] : [VARCHAR]) - [epf]
2022-03-29 22:15:25 [http-nio-9092-exec-5] TRACE o.h.t.descriptor.sql.BasicExtractor -
				extracted value ([csr_id1_0_] : [INTEGER]) - [4]
2022-03-29 22:15:25 [http-nio-9092-exec-5] TRACE o.h.t.descriptor.sql.BasicExtractor -
				extracted value ([is_admin2_0_] : [BOOLEAN]) - [false]
2022-03-29 22:15:25 [http-nio-9092-exec-5] TRACE o.h.t.descriptor.sql.BasicExtractor -
				extracted value ([is_enabl3_0_] : [BOOLEAN]) - [false]
2022-03-29 22:15:25 [http-nio-9092-exec-5] TRACE o.h.t.descriptor.sql.BasicExtractor -
				extracted value ([name4_0_] : [VARCHAR]) - [nfn]
2022-03-29 22:15:25 [http-nio-9092-exec-5] TRACE o.h.t.descriptor.sql.BasicExtractor -
				extracted value ([password5_0_] : [VARCHAR]) - [okjp]
2022-03-29 22:15:25 [http-nio-9092-exec-5] TRACE o.h.t.descriptor.sql.BasicExtractor -
				extracted value ([user_nam6_0_] : [VARCHAR]) - [kon]
2022-03-29 22:15:25 [http-nio-9092-exec-5] TRACE o.h.t.descriptor.sql.BasicExtractor -
				extracted value ([csr_id1_0_] : [INTEGER]) - [5]
2022-03-29 22:15:25 [http-nio-9092-exec-5] TRACE o.h.t.descriptor.sql.BasicExtractor -
				extracted value ([is_admin2_0_] : [BOOLEAN]) - [true]
2022-03-29 22:15:25 [http-nio-9092-exec-5] TRACE o.h.t.descriptor.sql.BasicExtractor -
				extracted value ([is_enabl3_0_] : [BOOLEAN]) - [true]
2022-03-29 22:15:25 [http-nio-9092-exec-5] TRACE o.h.t.descriptor.sql.BasicExtractor -
				extracted value ([name4_0_] : [VARCHAR]) - [grbs]
2022-03-29 22:15:25 [http-nio-9092-exec-5] TRACE o.h.t.descriptor.sql.BasicExtractor -
				extracted value ([password5_0_] : [VARCHAR]) - [ndhnf]
2022-03-29 22:15:25 [http-nio-9092-exec-5] TRACE o.h.t.descriptor.sql.BasicExtractor -
				extracted value ([user_nam6_0_] : [VARCHAR]) - [aetb]
2022-03-29 22:15:51 [http-nio-9092-exec-6] DEBUG org.hibernate.SQL -
				select csr0_.csr_id as csr_id1_0_, csr0_.is_admin as is_admin2_0_, csr0_.is_enabled as is_enabl3_0_, csr0_.name as name4_0_, csr0_.password as password5_0_, csr0_.user_name as user_nam6_0_ from csr csr0_
2022-03-29 22:15:51 [http-nio-9092-exec-6] TRACE o.h.t.descriptor.sql.BasicExtractor -
				extracted value ([csr_id1_0_] : [INTEGER]) - [1]
2022-03-29 22:15:51 [http-nio-9092-exec-6] TRACE o.h.t.descriptor.sql.BasicExtractor -
				extracted value ([is_admin2_0_] : [BOOLEAN]) - [false]
2022-03-29 22:15:51 [http-nio-9092-exec-6] TRACE o.h.t.descriptor.sql.BasicExtractor -
				extracted value ([is_enabl3_0_] : [BOOLEAN]) - [false]
2022-03-29 22:15:51 [http-nio-9092-exec-6] TRACE o.h.t.descriptor.sql.BasicExtractor -
				extracted value ([name4_0_] : [VARCHAR]) - [ainz]
2022-03-29 22:15:51 [http-nio-9092-exec-6] TRACE o.h.t.descriptor.sql.BasicExtractor -
				extracted value ([password5_0_] : [VARCHAR]) - [ainz]
2022-03-29 22:15:51 [http-nio-9092-exec-6] TRACE o.h.t.descriptor.sql.BasicExtractor -
				extracted value ([user_nam6_0_] : [VARCHAR]) - [ainz]
2022-03-29 22:15:51 [http-nio-9092-exec-6] TRACE o.h.t.descriptor.sql.BasicExtractor -
				extracted value ([csr_id1_0_] : [INTEGER]) - [2]
2022-03-29 22:15:51 [http-nio-9092-exec-6] TRACE o.h.t.descriptor.sql.BasicExtractor -
				extracted value ([is_admin2_0_] : [BOOLEAN]) - [true]
2022-03-29 22:15:51 [http-nio-9092-exec-6] TRACE o.h.t.descriptor.sql.BasicExtractor -
				extracted value ([is_enabl3_0_] : [BOOLEAN]) - [true]
2022-03-29 22:15:51 [http-nio-9092-exec-6] TRACE o.h.t.descriptor.sql.BasicExtractor -
				extracted value ([name4_0_] : [VARCHAR]) - [nono]
2022-03-29 22:15:51 [http-nio-9092-exec-6] TRACE o.h.t.descriptor.sql.BasicExtractor -
				extracted value ([password5_0_] : [VARCHAR]) - [jojo]
2022-03-29 22:15:51 [http-nio-9092-exec-6] TRACE o.h.t.descriptor.sql.BasicExtractor -
				extracted value ([user_nam6_0_] : [VARCHAR]) - [haha]
2022-03-29 22:15:51 [http-nio-9092-exec-6] TRACE o.h.t.descriptor.sql.BasicExtractor -
				extracted value ([csr_id1_0_] : [INTEGER]) - [3]
2022-03-29 22:15:51 [http-nio-9092-exec-6] TRACE o.h.t.descriptor.sql.BasicExtractor -
				extracted value ([is_admin2_0_] : [BOOLEAN]) - [false]
2022-03-29 22:15:51 [http-nio-9092-exec-6] TRACE o.h.t.descriptor.sql.BasicExtractor -
				extracted value ([is_enabl3_0_] : [BOOLEAN]) - [false]
2022-03-29 22:15:51 [http-nio-9092-exec-6] TRACE o.h.t.descriptor.sql.BasicExtractor -
				extracted value ([name4_0_] : [VARCHAR]) - [vno]
2022-03-29 22:15:51 [http-nio-9092-exec-6] TRACE o.h.t.descriptor.sql.BasicExtractor -
				extracted value ([password5_0_] : [VARCHAR]) - [ifp]
2022-03-29 22:15:51 [http-nio-9092-exec-6] TRACE o.h.t.descriptor.sql.BasicExtractor -
				extracted value ([user_nam6_0_] : [VARCHAR]) - [epf]
2022-03-29 22:15:51 [http-nio-9092-exec-6] TRACE o.h.t.descriptor.sql.BasicExtractor -
				extracted value ([csr_id1_0_] : [INTEGER]) - [4]
2022-03-29 22:15:51 [http-nio-9092-exec-6] TRACE o.h.t.descriptor.sql.BasicExtractor -
				extracted value ([is_admin2_0_] : [BOOLEAN]) - [false]
2022-03-29 22:15:51 [http-nio-9092-exec-6] TRACE o.h.t.descriptor.sql.BasicExtractor -
				extracted value ([is_enabl3_0_] : [BOOLEAN]) - [false]
2022-03-29 22:15:51 [http-nio-9092-exec-6] TRACE o.h.t.descriptor.sql.BasicExtractor -
				extracted value ([name4_0_] : [VARCHAR]) - [nfn]
2022-03-29 22:15:51 [http-nio-9092-exec-6] TRACE o.h.t.descriptor.sql.BasicExtractor -
				extracted value ([password5_0_] : [VARCHAR]) - [okjp]
2022-03-29 22:15:51 [http-nio-9092-exec-6] TRACE o.h.t.descriptor.sql.BasicExtractor -
				extracted value ([user_nam6_0_] : [VARCHAR]) - [kon]
2022-03-29 22:15:51 [http-nio-9092-exec-6] TRACE o.h.t.descriptor.sql.BasicExtractor -
				extracted value ([csr_id1_0_] : [INTEGER]) - [5]
2022-03-29 22:15:51 [http-nio-9092-exec-6] TRACE o.h.t.descriptor.sql.BasicExtractor -
				extracted value ([is_admin2_0_] : [BOOLEAN]) - [true]
2022-03-29 22:15:51 [http-nio-9092-exec-6] TRACE o.h.t.descriptor.sql.BasicExtractor -
				extracted value ([is_enabl3_0_] : [BOOLEAN]) - [true]
2022-03-29 22:15:51 [http-nio-9092-exec-6] TRACE o.h.t.descriptor.sql.BasicExtractor -
				extracted value ([name4_0_] : [VARCHAR]) - [grbs]
2022-03-29 22:15:51 [http-nio-9092-exec-6] TRACE o.h.t.descriptor.sql.BasicExtractor -
				extracted value ([password5_0_] : [VARCHAR]) - [ndhnf]
2022-03-29 22:15:51 [http-nio-9092-exec-6] TRACE o.h.t.descriptor.sql.BasicExtractor -
				extracted value ([user_nam6_0_] : [VARCHAR]) - [aetb]
2022-03-29 22:16:20 [http-nio-9092-exec-7] DEBUG org.hibernate.SQL -
				select csr0_.csr_id as csr_id1_0_, csr0_.is_admin as is_admin2_0_, csr0_.is_enabled as is_enabl3_0_, csr0_.name as name4_0_, csr0_.password as password5_0_, csr0_.user_name as user_nam6_0_ from csr csr0_
2022-03-29 22:16:20 [http-nio-9092-exec-7] TRACE o.h.t.descriptor.sql.BasicExtractor -
				extracted value ([csr_id1_0_] : [INTEGER]) - [1]
2022-03-29 22:16:20 [http-nio-9092-exec-7] TRACE o.h.t.descriptor.sql.BasicExtractor -
				extracted value ([is_admin2_0_] : [BOOLEAN]) - [false]
2022-03-29 22:16:20 [http-nio-9092-exec-7] TRACE o.h.t.descriptor.sql.BasicExtractor -
				extracted value ([is_enabl3_0_] : [BOOLEAN]) - [false]
2022-03-29 22:16:20 [http-nio-9092-exec-7] TRACE o.h.t.descriptor.sql.BasicExtractor -
				extracted value ([name4_0_] : [VARCHAR]) - [ainz]
2022-03-29 22:16:20 [http-nio-9092-exec-7] TRACE o.h.t.descriptor.sql.BasicExtractor -
				extracted value ([password5_0_] : [VARCHAR]) - [ainz]
2022-03-29 22:16:20 [http-nio-9092-exec-7] TRACE o.h.t.descriptor.sql.BasicExtractor -
				extracted value ([user_nam6_0_] : [VARCHAR]) - [ainz]
2022-03-29 22:16:20 [http-nio-9092-exec-7] TRACE o.h.t.descriptor.sql.BasicExtractor -
				extracted value ([csr_id1_0_] : [INTEGER]) - [2]
2022-03-29 22:16:20 [http-nio-9092-exec-7] TRACE o.h.t.descriptor.sql.BasicExtractor -
				extracted value ([is_admin2_0_] : [BOOLEAN]) - [true]
2022-03-29 22:16:20 [http-nio-9092-exec-7] TRACE o.h.t.descriptor.sql.BasicExtractor -
				extracted value ([is_enabl3_0_] : [BOOLEAN]) - [true]
2022-03-29 22:16:20 [http-nio-9092-exec-7] TRACE o.h.t.descriptor.sql.BasicExtractor -
				extracted value ([name4_0_] : [VARCHAR]) - [nono]
2022-03-29 22:16:20 [http-nio-9092-exec-7] TRACE o.h.t.descriptor.sql.BasicExtractor -
				extracted value ([password5_0_] : [VARCHAR]) - [jojo]
2022-03-29 22:16:20 [http-nio-9092-exec-7] TRACE o.h.t.descriptor.sql.BasicExtractor -
				extracted value ([user_nam6_0_] : [VARCHAR]) - [haha]
2022-03-29 22:16:20 [http-nio-9092-exec-7] TRACE o.h.t.descriptor.sql.BasicExtractor -
				extracted value ([csr_id1_0_] : [INTEGER]) - [3]
2022-03-29 22:16:20 [http-nio-9092-exec-7] TRACE o.h.t.descriptor.sql.BasicExtractor -
				extracted value ([is_admin2_0_] : [BOOLEAN]) - [false]
2022-03-29 22:16:20 [http-nio-9092-exec-7] TRACE o.h.t.descriptor.sql.BasicExtractor -
				extracted value ([is_enabl3_0_] : [BOOLEAN]) - [false]
2022-03-29 22:16:20 [http-nio-9092-exec-7] TRACE o.h.t.descriptor.sql.BasicExtractor -
				extracted value ([name4_0_] : [VARCHAR]) - [vno]
2022-03-29 22:16:20 [http-nio-9092-exec-7] TRACE o.h.t.descriptor.sql.BasicExtractor -
				extracted value ([password5_0_] : [VARCHAR]) - [ifp]
2022-03-29 22:16:20 [http-nio-9092-exec-7] TRACE o.h.t.descriptor.sql.BasicExtractor -
				extracted value ([user_nam6_0_] : [VARCHAR]) - [epf]
2022-03-29 22:16:20 [http-nio-9092-exec-7] TRACE o.h.t.descriptor.sql.BasicExtractor -
				extracted value ([csr_id1_0_] : [INTEGER]) - [4]
2022-03-29 22:16:20 [http-nio-9092-exec-7] TRACE o.h.t.descriptor.sql.BasicExtractor -
				extracted value ([is_admin2_0_] : [BOOLEAN]) - [false]
2022-03-29 22:16:20 [http-nio-9092-exec-7] TRACE o.h.t.descriptor.sql.BasicExtractor -
				extracted value ([is_enabl3_0_] : [BOOLEAN]) - [false]
2022-03-29 22:16:20 [http-nio-9092-exec-7] TRACE o.h.t.descriptor.sql.BasicExtractor -
				extracted value ([name4_0_] : [VARCHAR]) - [nfn]
2022-03-29 22:16:20 [http-nio-9092-exec-7] TRACE o.h.t.descriptor.sql.BasicExtractor -
				extracted value ([password5_0_] : [VARCHAR]) - [okjp]
2022-03-29 22:16:20 [http-nio-9092-exec-7] TRACE o.h.t.descriptor.sql.BasicExtractor -
				extracted value ([user_nam6_0_] : [VARCHAR]) - [kon]
2022-03-29 22:16:20 [http-nio-9092-exec-7] TRACE o.h.t.descriptor.sql.BasicExtractor -
				extracted value ([csr_id1_0_] : [INTEGER]) - [5]
2022-03-29 22:16:20 [http-nio-9092-exec-7] TRACE o.h.t.descriptor.sql.BasicExtractor -
				extracted value ([is_admin2_0_] : [BOOLEAN]) - [true]
2022-03-29 22:16:20 [http-nio-9092-exec-7] TRACE o.h.t.descriptor.sql.BasicExtractor -
				extracted value ([is_enabl3_0_] : [BOOLEAN]) - [true]
2022-03-29 22:16:20 [http-nio-9092-exec-7] TRACE o.h.t.descriptor.sql.BasicExtractor -
				extracted value ([name4_0_] : [VARCHAR]) - [grbs]
2022-03-29 22:16:20 [http-nio-9092-exec-7] TRACE o.h.t.descriptor.sql.BasicExtractor -
				extracted value ([password5_0_] : [VARCHAR]) - [ndhnf]
2022-03-29 22:16:20 [http-nio-9092-exec-7] TRACE o.h.t.descriptor.sql.BasicExtractor -
				extracted value ([user_nam6_0_] : [VARCHAR]) - [aetb]
