2022-03-28 11:16:24 [main] DEBUG org.hibernate.type.BasicTypeRegistry -
				Adding type registration boolean -> org.hibernate.type.BooleanType@1129829c
2022-03-28 11:16:24 [main] DEBUG org.hibernate.type.BasicTypeRegistry -
				Adding type registration boolean -> org.hibernate.type.BooleanType@1129829c
2022-03-28 11:16:24 [main] DEBUG org.hibernate.type.BasicTypeRegistry -
				Adding type registration java.lang.Boolean -> org.hibernate.type.BooleanType@1129829c
2022-03-28 11:16:24 [main] DEBUG org.hibernate.type.BasicTypeRegistry -
				Adding type registration numeric_boolean -> org.hibernate.type.NumericBooleanType@a90e2c1
2022-03-28 11:16:24 [main] DEBUG org.hibernate.type.BasicTypeRegistry -
				Adding type registration true_false -> org.hibernate.type.TrueFalseType@268c030f
2022-03-28 11:16:24 [main] DEBUG org.hibernate.type.BasicTypeRegistry -
				Adding type registration yes_no -> org.hibernate.type.YesNoType@5df6163a
2022-03-28 11:16:24 [main] DEBUG org.hibernate.type.BasicTypeRegistry -
				Adding type registration byte -> org.hibernate.type.ByteType@7e52a26b
2022-03-28 11:16:24 [main] DEBUG org.hibernate.type.BasicTypeRegistry -
				Adding type registration byte -> org.hibernate.type.ByteType@7e52a26b
2022-03-28 11:16:24 [main] DEBUG org.hibernate.type.BasicTypeRegistry -
				Adding type registration java.lang.Byte -> org.hibernate.type.ByteType@7e52a26b
2022-03-28 11:16:24 [main] DEBUG org.hibernate.type.BasicTypeRegistry -
				Adding type registration character -> org.hibernate.type.CharacterType@55846997
2022-03-28 11:16:24 [main] DEBUG org.hibernate.type.BasicTypeRegistry -
				Adding type registration char -> org.hibernate.type.CharacterType@55846997
2022-03-28 11:16:24 [main] DEBUG org.hibernate.type.BasicTypeRegistry -
				Adding type registration java.lang.Character -> org.hibernate.type.CharacterType@55846997
2022-03-28 11:16:24 [main] DEBUG org.hibernate.type.BasicTypeRegistry -
				Adding type registration short -> org.hibernate.type.ShortType@2afdf6b7
2022-03-28 11:16:24 [main] DEBUG org.hibernate.type.BasicTypeRegistry -
				Adding type registration short -> org.hibernate.type.ShortType@2afdf6b7
2022-03-28 11:16:24 [main] DEBUG org.hibernate.type.BasicTypeRegistry -
				Adding type registration java.lang.Short -> org.hibernate.type.ShortType@2afdf6b7
2022-03-28 11:16:24 [main] DEBUG org.hibernate.type.BasicTypeRegistry -
				Adding type registration integer -> org.hibernate.type.IntegerType@45d56062
2022-03-28 11:16:24 [main] DEBUG org.hibernate.type.BasicTypeRegistry -
				Adding type registration int -> org.hibernate.type.IntegerType@45d56062
2022-03-28 11:16:24 [main] DEBUG org.hibernate.type.BasicTypeRegistry -
				Adding type registration java.lang.Integer -> org.hibernate.type.IntegerType@45d56062
2022-03-28 11:16:24 [main] DEBUG org.hibernate.type.BasicTypeRegistry -
				Adding type registration long -> org.hibernate.type.LongType@57bd6a8f
2022-03-28 11:16:24 [main] DEBUG org.hibernate.type.BasicTypeRegistry -
				Adding type registration long -> org.hibernate.type.LongType@57bd6a8f
2022-03-28 11:16:24 [main] DEBUG org.hibernate.type.BasicTypeRegistry -
				Adding type registration java.lang.Long -> org.hibernate.type.LongType@57bd6a8f
2022-03-28 11:16:24 [main] DEBUG org.hibernate.type.BasicTypeRegistry -
				Adding type registration float -> org.hibernate.type.FloatType@31a136a6
2022-03-28 11:16:24 [main] DEBUG org.hibernate.type.BasicTypeRegistry -
				Adding type registration float -> org.hibernate.type.FloatType@31a136a6
2022-03-28 11:16:24 [main] DEBUG org.hibernate.type.BasicTypeRegistry -
				Adding type registration java.lang.Float -> org.hibernate.type.FloatType@31a136a6
2022-03-28 11:16:24 [main] DEBUG org.hibernate.type.BasicTypeRegistry -
				Adding type registration double -> org.hibernate.type.DoubleType@4f081b5d
2022-03-28 11:16:24 [main] DEBUG org.hibernate.type.BasicTypeRegistry -
				Adding type registration double -> org.hibernate.type.DoubleType@4f081b5d
2022-03-28 11:16:24 [main] DEBUG org.hibernate.type.BasicTypeRegistry -
				Adding type registration java.lang.Double -> org.hibernate.type.DoubleType@4f081b5d
2022-03-28 11:16:24 [main] DEBUG org.hibernate.type.BasicTypeRegistry -
				Adding type registration big_decimal -> org.hibernate.type.BigDecimalType@5f395ce1
2022-03-28 11:16:24 [main] DEBUG org.hibernate.type.BasicTypeRegistry -
				Adding type registration java.math.BigDecimal -> org.hibernate.type.BigDecimalType@5f395ce1
2022-03-28 11:16:24 [main] DEBUG org.hibernate.type.BasicTypeRegistry -
				Adding type registration big_integer -> org.hibernate.type.BigIntegerType@6f930e0
2022-03-28 11:16:24 [main] DEBUG org.hibernate.type.BasicTypeRegistry -
				Adding type registration java.math.BigInteger -> org.hibernate.type.BigIntegerType@6f930e0
2022-03-28 11:16:24 [main] DEBUG org.hibernate.type.BasicTypeRegistry -
				Adding type registration string -> org.hibernate.type.StringType@7d2c345d
2022-03-28 11:16:24 [main] DEBUG org.hibernate.type.BasicTypeRegistry -
				Adding type registration java.lang.String -> org.hibernate.type.StringType@7d2c345d
2022-03-28 11:16:24 [main] DEBUG org.hibernate.type.BasicTypeRegistry -
				Adding type registration nstring -> org.hibernate.type.StringNVarcharType@357c9bd9
2022-03-28 11:16:24 [main] DEBUG org.hibernate.type.BasicTypeRegistry -
				Adding type registration ncharacter -> org.hibernate.type.CharacterNCharType@632383b9
2022-03-28 11:16:24 [main] DEBUG org.hibernate.type.BasicTypeRegistry -
				Adding type registration url -> org.hibernate.type.UrlType@3b35798
2022-03-28 11:16:24 [main] DEBUG org.hibernate.type.BasicTypeRegistry -
				Adding type registration java.net.URL -> org.hibernate.type.UrlType@3b35798
2022-03-28 11:16:24 [main] DEBUG org.hibernate.type.BasicTypeRegistry -
				Adding type registration Duration -> org.hibernate.type.DurationType@3e28d779
2022-03-28 11:16:24 [main] DEBUG org.hibernate.type.BasicTypeRegistry -
				Adding type registration java.time.Duration -> org.hibernate.type.DurationType@3e28d779
2022-03-28 11:16:24 [main] DEBUG org.hibernate.type.BasicTypeRegistry -
				Adding type registration Instant -> org.hibernate.type.InstantType@13cc0b90
2022-03-28 11:16:24 [main] DEBUG org.hibernate.type.BasicTypeRegistry -
				Adding type registration java.time.Instant -> org.hibernate.type.InstantType@13cc0b90
2022-03-28 11:16:24 [main] DEBUG org.hibernate.type.BasicTypeRegistry -
				Adding type registration LocalDateTime -> org.hibernate.type.LocalDateTimeType@20a24edf
2022-03-28 11:16:24 [main] DEBUG org.hibernate.type.BasicTypeRegistry -
				Adding type registration java.time.LocalDateTime -> org.hibernate.type.LocalDateTimeType@20a24edf
2022-03-28 11:16:24 [main] DEBUG org.hibernate.type.BasicTypeRegistry -
				Adding type registration LocalDate -> org.hibernate.type.LocalDateType@35145874
2022-03-28 11:16:24 [main] DEBUG org.hibernate.type.BasicTypeRegistry -
				Adding type registration java.time.LocalDate -> org.hibernate.type.LocalDateType@35145874
2022-03-28 11:16:24 [main] DEBUG org.hibernate.type.BasicTypeRegistry -
				Adding type registration LocalTime -> org.hibernate.type.LocalTimeType@39e53bef
2022-03-28 11:16:24 [main] DEBUG org.hibernate.type.BasicTypeRegistry -
				Adding type registration java.time.LocalTime -> org.hibernate.type.LocalTimeType@39e53bef
2022-03-28 11:16:24 [main] DEBUG org.hibernate.type.BasicTypeRegistry -
				Adding type registration OffsetDateTime -> org.hibernate.type.OffsetDateTimeType@4b957db0
2022-03-28 11:16:24 [main] DEBUG org.hibernate.type.BasicTypeRegistry -
				Adding type registration java.time.OffsetDateTime -> org.hibernate.type.OffsetDateTimeType@4b957db0
2022-03-28 11:16:24 [main] DEBUG org.hibernate.type.BasicTypeRegistry -
				Adding type registration OffsetTime -> org.hibernate.type.OffsetTimeType@437c4b25
2022-03-28 11:16:24 [main] DEBUG org.hibernate.type.BasicTypeRegistry -
				Adding type registration java.time.OffsetTime -> org.hibernate.type.OffsetTimeType@437c4b25
2022-03-28 11:16:24 [main] DEBUG org.hibernate.type.BasicTypeRegistry -
				Adding type registration ZonedDateTime -> org.hibernate.type.ZonedDateTimeType@58a765ce
2022-03-28 11:16:24 [main] DEBUG org.hibernate.type.BasicTypeRegistry -
				Adding type registration java.time.ZonedDateTime -> org.hibernate.type.ZonedDateTimeType@58a765ce
2022-03-28 11:16:24 [main] DEBUG org.hibernate.type.BasicTypeRegistry -
				Adding type registration date -> org.hibernate.type.DateType@269222ae
2022-03-28 11:16:24 [main] DEBUG org.hibernate.type.BasicTypeRegistry -
				Adding type registration java.sql.Date -> org.hibernate.type.DateType@269222ae
2022-03-28 11:16:24 [main] DEBUG org.hibernate.type.BasicTypeRegistry -
				Adding type registration time -> org.hibernate.type.TimeType@7558c24b
2022-03-28 11:16:24 [main] DEBUG org.hibernate.type.BasicTypeRegistry -
				Adding type registration java.sql.Time -> org.hibernate.type.TimeType@7558c24b
2022-03-28 11:16:24 [main] DEBUG org.hibernate.type.BasicTypeRegistry -
				Adding type registration timestamp -> org.hibernate.type.TimestampType@501957bf
2022-03-28 11:16:24 [main] DEBUG org.hibernate.type.BasicTypeRegistry -
				Adding type registration java.sql.Timestamp -> org.hibernate.type.TimestampType@501957bf
2022-03-28 11:16:24 [main] DEBUG org.hibernate.type.BasicTypeRegistry -
				Adding type registration java.util.Date -> org.hibernate.type.TimestampType@501957bf
2022-03-28 11:16:24 [main] DEBUG org.hibernate.type.BasicTypeRegistry -
				Adding type registration dbtimestamp -> org.hibernate.type.DbTimestampType@6c742b84
2022-03-28 11:16:24 [main] DEBUG org.hibernate.type.BasicTypeRegistry -
				Adding type registration calendar -> org.hibernate.type.CalendarType@65eb3597
2022-03-28 11:16:24 [main] DEBUG org.hibernate.type.BasicTypeRegistry -
				Adding type registration java.util.Calendar -> org.hibernate.type.CalendarType@65eb3597
2022-03-28 11:16:24 [main] DEBUG org.hibernate.type.BasicTypeRegistry -
				Adding type registration java.util.GregorianCalendar -> org.hibernate.type.CalendarType@65eb3597
2022-03-28 11:16:24 [main] DEBUG org.hibernate.type.BasicTypeRegistry -
				Adding type registration calendar_date -> org.hibernate.type.CalendarDateType@18dcb8a7
2022-03-28 11:16:24 [main] DEBUG org.hibernate.type.BasicTypeRegistry -
				Adding type registration calendar_time -> org.hibernate.type.CalendarTimeType@79ecc507
2022-03-28 11:16:24 [main] DEBUG org.hibernate.type.BasicTypeRegistry -
				Adding type registration locale -> org.hibernate.type.LocaleType@4966bab1
2022-03-28 11:16:24 [main] DEBUG org.hibernate.type.BasicTypeRegistry -
				Adding type registration java.util.Locale -> org.hibernate.type.LocaleType@4966bab1
2022-03-28 11:16:24 [main] DEBUG org.hibernate.type.BasicTypeRegistry -
				Adding type registration currency -> org.hibernate.type.CurrencyType@448c92fc
2022-03-28 11:16:24 [main] DEBUG org.hibernate.type.BasicTypeRegistry -
				Adding type registration java.util.Currency -> org.hibernate.type.CurrencyType@448c92fc
2022-03-28 11:16:24 [main] DEBUG org.hibernate.type.BasicTypeRegistry -
				Adding type registration timezone -> org.hibernate.type.TimeZoneType@250d440
2022-03-28 11:16:24 [main] DEBUG org.hibernate.type.BasicTypeRegistry -
				Adding type registration java.util.TimeZone -> org.hibernate.type.TimeZoneType@250d440
2022-03-28 11:16:24 [main] DEBUG org.hibernate.type.BasicTypeRegistry -
				Adding type registration class -> org.hibernate.type.ClassType@1edccfd4
2022-03-28 11:16:24 [main] DEBUG org.hibernate.type.BasicTypeRegistry -
				Adding type registration java.lang.Class -> org.hibernate.type.ClassType@1edccfd4
2022-03-28 11:16:24 [main] DEBUG org.hibernate.type.BasicTypeRegistry -
				Adding type registration uuid-binary -> org.hibernate.type.UUIDBinaryType@44d7e24
2022-03-28 11:16:24 [main] DEBUG org.hibernate.type.BasicTypeRegistry -
				Adding type registration java.util.UUID -> org.hibernate.type.UUIDBinaryType@44d7e24
2022-03-28 11:16:24 [main] DEBUG org.hibernate.type.BasicTypeRegistry -
				Adding type registration uuid-char -> org.hibernate.type.UUIDCharType@7f27f59b
2022-03-28 11:16:24 [main] DEBUG org.hibernate.type.BasicTypeRegistry -
				Adding type registration binary -> org.hibernate.type.BinaryType@340cb97f
2022-03-28 11:16:24 [main] DEBUG org.hibernate.type.BasicTypeRegistry -
				Adding type registration byte[] -> org.hibernate.type.BinaryType@340cb97f
2022-03-28 11:16:24 [main] DEBUG org.hibernate.type.BasicTypeRegistry -
				Adding type registration [B -> org.hibernate.type.BinaryType@340cb97f
2022-03-28 11:16:24 [main] DEBUG org.hibernate.type.BasicTypeRegistry -
				Adding type registration wrapper-binary -> org.hibernate.type.WrapperBinaryType@7a04f730
2022-03-28 11:16:24 [main] DEBUG org.hibernate.type.BasicTypeRegistry -
				Adding type registration Byte[] -> org.hibernate.type.WrapperBinaryType@7a04f730
2022-03-28 11:16:24 [main] DEBUG org.hibernate.type.BasicTypeRegistry -
				Adding type registration [Ljava.lang.Byte; -> org.hibernate.type.WrapperBinaryType@7a04f730
2022-03-28 11:16:24 [main] DEBUG org.hibernate.type.BasicTypeRegistry -
				Adding type registration row_version -> org.hibernate.type.RowVersionType@349c4d1c
2022-03-28 11:16:24 [main] DEBUG org.hibernate.type.BasicTypeRegistry -
				Adding type registration image -> org.hibernate.type.ImageType@2fd39436
2022-03-28 11:16:24 [main] DEBUG org.hibernate.type.BasicTypeRegistry -
				Adding type registration characters -> org.hibernate.type.CharArrayType@251d7fdd
2022-03-28 11:16:24 [main] DEBUG org.hibernate.type.BasicTypeRegistry -
				Adding type registration char[] -> org.hibernate.type.CharArrayType@251d7fdd
2022-03-28 11:16:24 [main] DEBUG org.hibernate.type.BasicTypeRegistry -
				Adding type registration [C -> org.hibernate.type.CharArrayType@251d7fdd
2022-03-28 11:16:24 [main] DEBUG org.hibernate.type.BasicTypeRegistry -
				Adding type registration wrapper-characters -> org.hibernate.type.CharacterArrayType@15d114ce
2022-03-28 11:16:24 [main] DEBUG org.hibernate.type.BasicTypeRegistry -
				Adding type registration [Ljava.lang.Character; -> org.hibernate.type.CharacterArrayType@15d114ce
2022-03-28 11:16:24 [main] DEBUG org.hibernate.type.BasicTypeRegistry -
				Adding type registration Character[] -> org.hibernate.type.CharacterArrayType@15d114ce
2022-03-28 11:16:24 [main] DEBUG org.hibernate.type.BasicTypeRegistry -
				Adding type registration text -> org.hibernate.type.TextType@6b27b2d0
2022-03-28 11:16:24 [main] DEBUG org.hibernate.type.BasicTypeRegistry -
				Adding type registration ntext -> org.hibernate.type.NTextType@5c4cc644
2022-03-28 11:16:24 [main] DEBUG org.hibernate.type.BasicTypeRegistry -
				Adding type registration blob -> org.hibernate.type.BlobType@370c9018
2022-03-28 11:16:24 [main] DEBUG org.hibernate.type.BasicTypeRegistry -
				Adding type registration java.sql.Blob -> org.hibernate.type.BlobType@370c9018
2022-03-28 11:16:24 [main] DEBUG org.hibernate.type.BasicTypeRegistry -
				Adding type registration materialized_blob -> org.hibernate.type.MaterializedBlobType@1a14fdf0
2022-03-28 11:16:24 [main] DEBUG org.hibernate.type.BasicTypeRegistry -
				Adding type registration clob -> org.hibernate.type.ClobType@7ddcb0dc
2022-03-28 11:16:24 [main] DEBUG org.hibernate.type.BasicTypeRegistry -
				Adding type registration java.sql.Clob -> org.hibernate.type.ClobType@7ddcb0dc
2022-03-28 11:16:24 [main] DEBUG org.hibernate.type.BasicTypeRegistry -
				Adding type registration nclob -> org.hibernate.type.NClobType@560271a1
2022-03-28 11:16:24 [main] DEBUG org.hibernate.type.BasicTypeRegistry -
				Adding type registration java.sql.NClob -> org.hibernate.type.NClobType@560271a1
2022-03-28 11:16:24 [main] DEBUG org.hibernate.type.BasicTypeRegistry -
				Adding type registration materialized_clob -> org.hibernate.type.MaterializedClobType@233f52f8
2022-03-28 11:16:24 [main] DEBUG org.hibernate.type.BasicTypeRegistry -
				Adding type registration materialized_nclob -> org.hibernate.type.MaterializedNClobType@b768a65
2022-03-28 11:16:24 [main] DEBUG org.hibernate.type.BasicTypeRegistry -
				Adding type registration serializable -> org.hibernate.type.SerializableType@15e8f9b2
2022-03-28 11:16:24 [main] DEBUG org.hibernate.type.BasicTypeRegistry -
				Adding type registration object -> org.hibernate.type.ObjectType@2c2c3947
2022-03-28 11:16:24 [main] DEBUG org.hibernate.type.BasicTypeRegistry -
				Adding type registration java.lang.Object -> org.hibernate.type.ObjectType@2c2c3947
2022-03-28 11:16:24 [main] DEBUG org.hibernate.type.BasicTypeRegistry -
				Adding type registration imm_date -> org.hibernate.type.AdaptedImmutableType@1e76afeb
2022-03-28 11:16:24 [main] DEBUG org.hibernate.type.BasicTypeRegistry -
				Adding type registration imm_time -> org.hibernate.type.AdaptedImmutableType@447fa959
2022-03-28 11:16:24 [main] DEBUG org.hibernate.type.BasicTypeRegistry -
				Adding type registration imm_timestamp -> org.hibernate.type.AdaptedImmutableType@3e4d40ea
2022-03-28 11:16:24 [main] DEBUG org.hibernate.type.BasicTypeRegistry -
				Adding type registration imm_dbtimestamp -> org.hibernate.type.AdaptedImmutableType@73f6e07
2022-03-28 11:16:24 [main] DEBUG org.hibernate.type.BasicTypeRegistry -
				Adding type registration imm_calendar -> org.hibernate.type.AdaptedImmutableType@2c9d90fc
2022-03-28 11:16:24 [main] DEBUG org.hibernate.type.BasicTypeRegistry -
				Adding type registration imm_calendar_date -> org.hibernate.type.AdaptedImmutableType@1511d157
2022-03-28 11:16:24 [main] DEBUG org.hibernate.type.BasicTypeRegistry -
				Adding type registration imm_binary -> org.hibernate.type.AdaptedImmutableType@418f890f
2022-03-28 11:16:24 [main] DEBUG org.hibernate.type.BasicTypeRegistry -
				Adding type registration imm_serializable -> org.hibernate.type.AdaptedImmutableType@3d3c886f
2022-03-28 11:16:24 [main] DEBUG o.h.type.spi.TypeConfiguration$Scope -
				Scoping TypeConfiguration [org.hibernate.type.spi.TypeConfiguration@7871d261] to MetadataBuildingContext [org.hibernate.boot.internal.MetadataBuildingContextRootImpl@58164e9a]
2022-03-28 11:16:25 [main] DEBUG o.h.type.spi.TypeConfiguration$Scope -
				Scoping TypeConfiguration [org.hibernate.type.spi.TypeConfiguration@7871d261] to SessionFactoryImpl [org.hibernate.internal.SessionFactoryImpl@3d6778d5]
2022-03-28 11:16:25 [main] TRACE o.h.type.spi.TypeConfiguration$Scope -
				Handling #sessionFactoryCreated from [org.hibernate.internal.SessionFactoryImpl@3d6778d5] for TypeConfiguration
2022-03-28 11:16:26 [main] DEBUG org.hibernate.SQL -
				select customer0_.id as id1_0_0_, customer0_.email_id as email_id2_0_0_, customer0_.name as name3_0_0_, customer0_.password as password4_0_0_, customer0_.phone_number as phone_nu5_0_0_, customer0_.user_name as user_nam6_0_0_ from customer customer0_ where customer0_.id=?
2022-03-28 11:16:26 [main] TRACE o.h.type.descriptor.sql.BasicBinder -
				binding parameter [1] as [INTEGER] - [1]
2022-03-28 11:16:26 [main] DEBUG org.hibernate.SQL -
				select next_val as id_val from hibernate_sequence for update
2022-03-28 11:16:26 [main] DEBUG org.hibernate.SQL -
				update hibernate_sequence set next_val= ? where next_val=?
2022-03-28 11:16:26 [main] DEBUG org.hibernate.SQL -
				select customer0_.id as id1_0_0_, customer0_.email_id as email_id2_0_0_, customer0_.name as name3_0_0_, customer0_.password as password4_0_0_, customer0_.phone_number as phone_nu5_0_0_, customer0_.user_name as user_nam6_0_0_ from customer customer0_ where customer0_.id=?
2022-03-28 11:16:26 [main] TRACE o.h.type.descriptor.sql.BasicBinder -
				binding parameter [1] as [INTEGER] - [1]
2022-03-28 11:16:26 [main] DEBUG org.hibernate.SQL -
				insert into customer (email_id, name, password, phone_number, user_name, id) values (?, ?, ?, ?, ?, ?)
2022-03-28 11:16:26 [main] TRACE o.h.type.descriptor.sql.BasicBinder -
				binding parameter [1] as [VARCHAR] - [abc@cgi.com]
2022-03-28 11:16:26 [main] TRACE o.h.type.descriptor.sql.BasicBinder -
				binding parameter [2] as [VARCHAR] - [User]
2022-03-28 11:16:26 [main] TRACE o.h.type.descriptor.sql.BasicBinder -
				binding parameter [3] as [VARCHAR] - [passWord]
2022-03-28 11:16:26 [main] TRACE o.h.type.descriptor.sql.BasicBinder -
				binding parameter [4] as [INTEGER] - [456599523]
2022-03-28 11:16:26 [main] TRACE o.h.type.descriptor.sql.BasicBinder -
				binding parameter [5] as [VARCHAR] - [csragent]
2022-03-28 11:16:26 [main] TRACE o.h.type.descriptor.sql.BasicBinder -
				binding parameter [6] as [INTEGER] - [21]
2022-03-28 11:16:26 [main] DEBUG org.hibernate.SQL -
				select customer0_.id as id1_0_, customer0_.email_id as email_id2_0_, customer0_.name as name3_0_, customer0_.password as password4_0_, customer0_.phone_number as phone_nu5_0_, customer0_.user_name as user_nam6_0_ from customer customer0_
2022-03-28 11:16:26 [main] TRACE o.h.t.descriptor.sql.BasicExtractor -
				extracted value ([id1_0_] : [INTEGER]) - [21]
2022-03-28 11:16:26 [main] DEBUG org.hibernate.SQL -
				select customer0_.id as id1_0_0_, customer0_.email_id as email_id2_0_0_, customer0_.name as name3_0_0_, customer0_.password as password4_0_0_, customer0_.phone_number as phone_nu5_0_0_, customer0_.user_name as user_nam6_0_0_ from customer customer0_ where customer0_.id=?
2022-03-28 11:16:26 [main] TRACE o.h.type.descriptor.sql.BasicBinder -
				binding parameter [1] as [INTEGER] - [1]
2022-03-28 11:16:26 [main] DEBUG org.hibernate.SQL -
				select next_val as id_val from hibernate_sequence for update
2022-03-28 11:16:26 [main] DEBUG org.hibernate.SQL -
				update hibernate_sequence set next_val= ? where next_val=?
2022-03-28 11:16:26 [main] DEBUG org.hibernate.SQL -
				select customer0_.id as id1_0_0_, customer0_.email_id as email_id2_0_0_, customer0_.name as name3_0_0_, customer0_.password as password4_0_0_, customer0_.phone_number as phone_nu5_0_0_, customer0_.user_name as user_nam6_0_0_ from customer customer0_ where customer0_.id=?
2022-03-28 11:16:26 [main] TRACE o.h.type.descriptor.sql.BasicBinder -
				binding parameter [1] as [INTEGER] - [1]
2022-03-28 11:16:26 [main] DEBUG org.hibernate.SQL -
				insert into customer (email_id, name, password, phone_number, user_name, id) values (?, ?, ?, ?, ?, ?)
2022-03-28 11:16:26 [main] TRACE o.h.type.descriptor.sql.BasicBinder -
				binding parameter [1] as [VARCHAR] - [abc@cgi.com]
2022-03-28 11:16:26 [main] TRACE o.h.type.descriptor.sql.BasicBinder -
				binding parameter [2] as [VARCHAR] - [User]
2022-03-28 11:16:26 [main] TRACE o.h.type.descriptor.sql.BasicBinder -
				binding parameter [3] as [VARCHAR] - [passWord]
2022-03-28 11:16:26 [main] TRACE o.h.type.descriptor.sql.BasicBinder -
				binding parameter [4] as [INTEGER] - [456599523]
2022-03-28 11:16:26 [main] TRACE o.h.type.descriptor.sql.BasicBinder -
				binding parameter [5] as [VARCHAR] - [csragent]
2022-03-28 11:16:26 [main] TRACE o.h.type.descriptor.sql.BasicBinder -
				binding parameter [6] as [INTEGER] - [22]
2022-03-28 11:16:26 [main] DEBUG org.hibernate.SQL -
				select customer0_.id as id1_0_, customer0_.email_id as email_id2_0_, customer0_.name as name3_0_, customer0_.password as password4_0_, customer0_.phone_number as phone_nu5_0_, customer0_.user_name as user_nam6_0_ from customer customer0_
2022-03-28 11:16:26 [main] TRACE o.h.t.descriptor.sql.BasicExtractor -
				extracted value ([id1_0_] : [INTEGER]) - [22]
2022-03-28 11:16:26 [main] DEBUG org.hibernate.SQL -
				select customer0_.id as id1_0_0_, customer0_.email_id as email_id2_0_0_, customer0_.name as name3_0_0_, customer0_.password as password4_0_0_, customer0_.phone_number as phone_nu5_0_0_, customer0_.user_name as user_nam6_0_0_ from customer customer0_ where customer0_.id=?
2022-03-28 11:16:26 [main] TRACE o.h.type.descriptor.sql.BasicBinder -
				binding parameter [1] as [INTEGER] - [1]
2022-03-28 11:16:26 [main] DEBUG org.hibernate.SQL -
				select next_val as id_val from hibernate_sequence for update
2022-03-28 11:16:26 [main] DEBUG org.hibernate.SQL -
				update hibernate_sequence set next_val= ? where next_val=?
2022-03-28 11:16:26 [main] DEBUG org.hibernate.SQL -
				select customer0_.id as id1_0_0_, customer0_.email_id as email_id2_0_0_, customer0_.name as name3_0_0_, customer0_.password as password4_0_0_, customer0_.phone_number as phone_nu5_0_0_, customer0_.user_name as user_nam6_0_0_ from customer customer0_ where customer0_.id=?
2022-03-28 11:16:26 [main] TRACE o.h.type.descriptor.sql.BasicBinder -
				binding parameter [1] as [INTEGER] - [1]
2022-03-28 11:16:26 [main] DEBUG org.hibernate.SQL -
				insert into customer (email_id, name, password, phone_number, user_name, id) values (?, ?, ?, ?, ?, ?)
2022-03-28 11:16:26 [main] TRACE o.h.type.descriptor.sql.BasicBinder -
				binding parameter [1] as [VARCHAR] - [abc@cgi.com]
2022-03-28 11:16:26 [main] TRACE o.h.type.descriptor.sql.BasicBinder -
				binding parameter [2] as [VARCHAR] - [User]
2022-03-28 11:16:26 [main] TRACE o.h.type.descriptor.sql.BasicBinder -
				binding parameter [3] as [VARCHAR] - [passWord]
2022-03-28 11:16:26 [main] TRACE o.h.type.descriptor.sql.BasicBinder -
				binding parameter [4] as [INTEGER] - [456599523]
2022-03-28 11:16:26 [main] TRACE o.h.type.descriptor.sql.BasicBinder -
				binding parameter [5] as [VARCHAR] - [csragent]
2022-03-28 11:16:26 [main] TRACE o.h.type.descriptor.sql.BasicBinder -
				binding parameter [6] as [INTEGER] - [23]
2022-03-28 11:16:26 [main] DEBUG org.hibernate.SQL -
				select customer0_.id as id1_0_, customer0_.email_id as email_id2_0_, customer0_.name as name3_0_, customer0_.password as password4_0_, customer0_.phone_number as phone_nu5_0_, customer0_.user_name as user_nam6_0_ from customer customer0_
2022-03-28 11:16:26 [main] TRACE o.h.t.descriptor.sql.BasicExtractor -
				extracted value ([id1_0_] : [INTEGER]) - [23]
2022-03-28 11:16:26 [main] DEBUG org.hibernate.SQL -
				select customer0_.id as id1_0_0_, customer0_.email_id as email_id2_0_0_, customer0_.name as name3_0_0_, customer0_.password as password4_0_0_, customer0_.phone_number as phone_nu5_0_0_, customer0_.user_name as user_nam6_0_0_ from customer customer0_ where customer0_.id=?
2022-03-28 11:16:26 [main] TRACE o.h.type.descriptor.sql.BasicBinder -
				binding parameter [1] as [INTEGER] - [1]
2022-03-28 11:16:26 [main] DEBUG org.hibernate.SQL -
				select next_val as id_val from hibernate_sequence for update
2022-03-28 11:16:26 [main] DEBUG org.hibernate.SQL -
				update hibernate_sequence set next_val= ? where next_val=?
2022-03-28 11:16:26 [main] DEBUG org.hibernate.SQL -
				select customer0_.id as id1_0_0_, customer0_.email_id as email_id2_0_0_, customer0_.name as name3_0_0_, customer0_.password as password4_0_0_, customer0_.phone_number as phone_nu5_0_0_, customer0_.user_name as user_nam6_0_0_ from customer customer0_ where customer0_.id=?
2022-03-28 11:16:26 [main] TRACE o.h.type.descriptor.sql.BasicBinder -
				binding parameter [1] as [INTEGER] - [1]
2022-03-28 11:16:26 [main] DEBUG org.hibernate.SQL -
				insert into customer (email_id, name, password, phone_number, user_name, id) values (?, ?, ?, ?, ?, ?)
2022-03-28 11:16:26 [main] TRACE o.h.type.descriptor.sql.BasicBinder -
				binding parameter [1] as [VARCHAR] - [abc@cgi.com]
2022-03-28 11:16:26 [main] TRACE o.h.type.descriptor.sql.BasicBinder -
				binding parameter [2] as [VARCHAR] - [User]
2022-03-28 11:16:26 [main] TRACE o.h.type.descriptor.sql.BasicBinder -
				binding parameter [3] as [VARCHAR] - [passWord]
2022-03-28 11:16:26 [main] TRACE o.h.type.descriptor.sql.BasicBinder -
				binding parameter [4] as [INTEGER] - [456599523]
2022-03-28 11:16:26 [main] TRACE o.h.type.descriptor.sql.BasicBinder -
				binding parameter [5] as [VARCHAR] - [csragent]
2022-03-28 11:16:26 [main] TRACE o.h.type.descriptor.sql.BasicBinder -
				binding parameter [6] as [INTEGER] - [24]
2022-03-28 11:16:26 [main] DEBUG org.hibernate.SQL -
				select customer0_.id as id1_0_, customer0_.email_id as email_id2_0_, customer0_.name as name3_0_, customer0_.password as password4_0_, customer0_.phone_number as phone_nu5_0_, customer0_.user_name as user_nam6_0_ from customer customer0_
2022-03-28 11:16:26 [main] TRACE o.h.t.descriptor.sql.BasicExtractor -
				extracted value ([id1_0_] : [INTEGER]) - [24]
2022-03-28 11:16:26 [SpringApplicationShutdownHook] TRACE o.h.type.spi.TypeConfiguration$Scope -
				Handling #sessionFactoryClosed from [org.hibernate.internal.SessionFactoryImpl@3d6778d5] for TypeConfiguration
2022-03-28 11:16:26 [SpringApplicationShutdownHook] DEBUG o.h.type.spi.TypeConfiguration$Scope -
				Un-scoping TypeConfiguration [org.hibernate.type.spi.TypeConfiguration$Scope@48096bdb] from SessionFactory [org.hibernate.internal.SessionFactoryImpl@3d6778d5]
