2022-03-28 10:56:09 [main] DEBUG org.hibernate.type.BasicTypeRegistry -
				Adding type registration boolean -> org.hibernate.type.BooleanType@39ab5ef7
2022-03-28 10:56:09 [main] DEBUG org.hibernate.type.BasicTypeRegistry -
				Adding type registration boolean -> org.hibernate.type.BooleanType@39ab5ef7
2022-03-28 10:56:09 [main] DEBUG org.hibernate.type.BasicTypeRegistry -
				Adding type registration java.lang.Boolean -> org.hibernate.type.BooleanType@39ab5ef7
2022-03-28 10:56:09 [main] DEBUG org.hibernate.type.BasicTypeRegistry -
				Adding type registration numeric_boolean -> org.hibernate.type.NumericBooleanType@6f930e0
2022-03-28 10:56:09 [main] DEBUG org.hibernate.type.BasicTypeRegistry -
				Adding type registration true_false -> org.hibernate.type.TrueFalseType@329dc214
2022-03-28 10:56:09 [main] DEBUG org.hibernate.type.BasicTypeRegistry -
				Adding type registration yes_no -> org.hibernate.type.YesNoType@217dc48e
2022-03-28 10:56:09 [main] DEBUG org.hibernate.type.BasicTypeRegistry -
				Adding type registration byte -> org.hibernate.type.ByteType@4ae2e781
2022-03-28 10:56:09 [main] DEBUG org.hibernate.type.BasicTypeRegistry -
				Adding type registration byte -> org.hibernate.type.ByteType@4ae2e781
2022-03-28 10:56:09 [main] DEBUG org.hibernate.type.BasicTypeRegistry -
				Adding type registration java.lang.Byte -> org.hibernate.type.ByteType@4ae2e781
2022-03-28 10:56:09 [main] DEBUG org.hibernate.type.BasicTypeRegistry -
				Adding type registration character -> org.hibernate.type.CharacterType@1e00bfe2
2022-03-28 10:56:09 [main] DEBUG org.hibernate.type.BasicTypeRegistry -
				Adding type registration char -> org.hibernate.type.CharacterType@1e00bfe2
2022-03-28 10:56:09 [main] DEBUG org.hibernate.type.BasicTypeRegistry -
				Adding type registration java.lang.Character -> org.hibernate.type.CharacterType@1e00bfe2
2022-03-28 10:56:09 [main] DEBUG org.hibernate.type.BasicTypeRegistry -
				Adding type registration short -> org.hibernate.type.ShortType@15214920
2022-03-28 10:56:09 [main] DEBUG org.hibernate.type.BasicTypeRegistry -
				Adding type registration short -> org.hibernate.type.ShortType@15214920
2022-03-28 10:56:09 [main] DEBUG org.hibernate.type.BasicTypeRegistry -
				Adding type registration java.lang.Short -> org.hibernate.type.ShortType@15214920
2022-03-28 10:56:09 [main] DEBUG org.hibernate.type.BasicTypeRegistry -
				Adding type registration integer -> org.hibernate.type.IntegerType@58687fb7
2022-03-28 10:56:09 [main] DEBUG org.hibernate.type.BasicTypeRegistry -
				Adding type registration int -> org.hibernate.type.IntegerType@58687fb7
2022-03-28 10:56:09 [main] DEBUG org.hibernate.type.BasicTypeRegistry -
				Adding type registration java.lang.Integer -> org.hibernate.type.IntegerType@58687fb7
2022-03-28 10:56:09 [main] DEBUG org.hibernate.type.BasicTypeRegistry -
				Adding type registration long -> org.hibernate.type.LongType@29962b2f
2022-03-28 10:56:09 [main] DEBUG org.hibernate.type.BasicTypeRegistry -
				Adding type registration long -> org.hibernate.type.LongType@29962b2f
2022-03-28 10:56:09 [main] DEBUG org.hibernate.type.BasicTypeRegistry -
				Adding type registration java.lang.Long -> org.hibernate.type.LongType@29962b2f
2022-03-28 10:56:09 [main] DEBUG org.hibernate.type.BasicTypeRegistry -
				Adding type registration float -> org.hibernate.type.FloatType@77524ca7
2022-03-28 10:56:09 [main] DEBUG org.hibernate.type.BasicTypeRegistry -
				Adding type registration float -> org.hibernate.type.FloatType@77524ca7
2022-03-28 10:56:09 [main] DEBUG org.hibernate.type.BasicTypeRegistry -
				Adding type registration java.lang.Float -> org.hibernate.type.FloatType@77524ca7
2022-03-28 10:56:09 [main] DEBUG org.hibernate.type.BasicTypeRegistry -
				Adding type registration double -> org.hibernate.type.DoubleType@14b275bd
2022-03-28 10:56:09 [main] DEBUG org.hibernate.type.BasicTypeRegistry -
				Adding type registration double -> org.hibernate.type.DoubleType@14b275bd
2022-03-28 10:56:09 [main] DEBUG org.hibernate.type.BasicTypeRegistry -
				Adding type registration java.lang.Double -> org.hibernate.type.DoubleType@14b275bd
2022-03-28 10:56:09 [main] DEBUG org.hibernate.type.BasicTypeRegistry -
				Adding type registration big_decimal -> org.hibernate.type.BigDecimalType@5d71b500
2022-03-28 10:56:09 [main] DEBUG org.hibernate.type.BasicTypeRegistry -
				Adding type registration java.math.BigDecimal -> org.hibernate.type.BigDecimalType@5d71b500
2022-03-28 10:56:09 [main] DEBUG org.hibernate.type.BasicTypeRegistry -
				Adding type registration big_integer -> org.hibernate.type.BigIntegerType@5ec6fede
2022-03-28 10:56:09 [main] DEBUG org.hibernate.type.BasicTypeRegistry -
				Adding type registration java.math.BigInteger -> org.hibernate.type.BigIntegerType@5ec6fede
2022-03-28 10:56:09 [main] DEBUG org.hibernate.type.BasicTypeRegistry -
				Adding type registration string -> org.hibernate.type.StringType@6c075e9d
2022-03-28 10:56:09 [main] DEBUG org.hibernate.type.BasicTypeRegistry -
				Adding type registration java.lang.String -> org.hibernate.type.StringType@6c075e9d
2022-03-28 10:56:09 [main] DEBUG org.hibernate.type.BasicTypeRegistry -
				Adding type registration nstring -> org.hibernate.type.StringNVarcharType@5e599100
2022-03-28 10:56:09 [main] DEBUG org.hibernate.type.BasicTypeRegistry -
				Adding type registration ncharacter -> org.hibernate.type.CharacterNCharType@4a642e4b
2022-03-28 10:56:09 [main] DEBUG org.hibernate.type.BasicTypeRegistry -
				Adding type registration url -> org.hibernate.type.UrlType@5eed6dfb
2022-03-28 10:56:09 [main] DEBUG org.hibernate.type.BasicTypeRegistry -
				Adding type registration java.net.URL -> org.hibernate.type.UrlType@5eed6dfb
2022-03-28 10:56:09 [main] DEBUG org.hibernate.type.BasicTypeRegistry -
				Adding type registration Duration -> org.hibernate.type.DurationType@7d3691e1
2022-03-28 10:56:09 [main] DEBUG org.hibernate.type.BasicTypeRegistry -
				Adding type registration java.time.Duration -> org.hibernate.type.DurationType@7d3691e1
2022-03-28 10:56:09 [main] DEBUG org.hibernate.type.BasicTypeRegistry -
				Adding type registration Instant -> org.hibernate.type.InstantType@646cd766
2022-03-28 10:56:09 [main] DEBUG org.hibernate.type.BasicTypeRegistry -
				Adding type registration java.time.Instant -> org.hibernate.type.InstantType@646cd766
2022-03-28 10:56:09 [main] DEBUG org.hibernate.type.BasicTypeRegistry -
				Adding type registration LocalDateTime -> org.hibernate.type.LocalDateTimeType@b30a50d
2022-03-28 10:56:09 [main] DEBUG org.hibernate.type.BasicTypeRegistry -
				Adding type registration java.time.LocalDateTime -> org.hibernate.type.LocalDateTimeType@b30a50d
2022-03-28 10:56:09 [main] DEBUG org.hibernate.type.BasicTypeRegistry -
				Adding type registration LocalDate -> org.hibernate.type.LocalDateType@7a84788f
2022-03-28 10:56:09 [main] DEBUG org.hibernate.type.BasicTypeRegistry -
				Adding type registration java.time.LocalDate -> org.hibernate.type.LocalDateType@7a84788f
2022-03-28 10:56:09 [main] DEBUG org.hibernate.type.BasicTypeRegistry -
				Adding type registration LocalTime -> org.hibernate.type.LocalTimeType@374c40ba
2022-03-28 10:56:09 [main] DEBUG org.hibernate.type.BasicTypeRegistry -
				Adding type registration java.time.LocalTime -> org.hibernate.type.LocalTimeType@374c40ba
2022-03-28 10:56:09 [main] DEBUG org.hibernate.type.BasicTypeRegistry -
				Adding type registration OffsetDateTime -> org.hibernate.type.OffsetDateTimeType@3709748f
2022-03-28 10:56:09 [main] DEBUG org.hibernate.type.BasicTypeRegistry -
				Adding type registration java.time.OffsetDateTime -> org.hibernate.type.OffsetDateTimeType@3709748f
2022-03-28 10:56:09 [main] DEBUG org.hibernate.type.BasicTypeRegistry -
				Adding type registration OffsetTime -> org.hibernate.type.OffsetTimeType@39832280
2022-03-28 10:56:09 [main] DEBUG org.hibernate.type.BasicTypeRegistry -
				Adding type registration java.time.OffsetTime -> org.hibernate.type.OffsetTimeType@39832280
2022-03-28 10:56:09 [main] DEBUG org.hibernate.type.BasicTypeRegistry -
				Adding type registration ZonedDateTime -> org.hibernate.type.ZonedDateTimeType@250d440
2022-03-28 10:56:09 [main] DEBUG org.hibernate.type.BasicTypeRegistry -
				Adding type registration java.time.ZonedDateTime -> org.hibernate.type.ZonedDateTimeType@250d440
2022-03-28 10:56:09 [main] DEBUG org.hibernate.type.BasicTypeRegistry -
				Adding type registration date -> org.hibernate.type.DateType@69796bd0
2022-03-28 10:56:09 [main] DEBUG org.hibernate.type.BasicTypeRegistry -
				Adding type registration java.sql.Date -> org.hibernate.type.DateType@69796bd0
2022-03-28 10:56:09 [main] DEBUG org.hibernate.type.BasicTypeRegistry -
				Adding type registration time -> org.hibernate.type.TimeType@1c98b4eb
2022-03-28 10:56:09 [main] DEBUG org.hibernate.type.BasicTypeRegistry -
				Adding type registration java.sql.Time -> org.hibernate.type.TimeType@1c98b4eb
2022-03-28 10:56:09 [main] DEBUG org.hibernate.type.BasicTypeRegistry -
				Adding type registration timestamp -> org.hibernate.type.TimestampType@6a1568d6
2022-03-28 10:56:09 [main] DEBUG org.hibernate.type.BasicTypeRegistry -
				Adding type registration java.sql.Timestamp -> org.hibernate.type.TimestampType@6a1568d6
2022-03-28 10:56:09 [main] DEBUG org.hibernate.type.BasicTypeRegistry -
				Adding type registration java.util.Date -> org.hibernate.type.TimestampType@6a1568d6
2022-03-28 10:56:09 [main] DEBUG org.hibernate.type.BasicTypeRegistry -
				Adding type registration dbtimestamp -> org.hibernate.type.DbTimestampType@bb3ecfe
2022-03-28 10:56:09 [main] DEBUG org.hibernate.type.BasicTypeRegistry -
				Adding type registration calendar -> org.hibernate.type.CalendarType@7a31ca20
2022-03-28 10:56:09 [main] DEBUG org.hibernate.type.BasicTypeRegistry -
				Adding type registration java.util.Calendar -> org.hibernate.type.CalendarType@7a31ca20
2022-03-28 10:56:09 [main] DEBUG org.hibernate.type.BasicTypeRegistry -
				Adding type registration java.util.GregorianCalendar -> org.hibernate.type.CalendarType@7a31ca20
2022-03-28 10:56:09 [main] DEBUG org.hibernate.type.BasicTypeRegistry -
				Adding type registration calendar_date -> org.hibernate.type.CalendarDateType@2fd39436
2022-03-28 10:56:09 [main] DEBUG org.hibernate.type.BasicTypeRegistry -
				Adding type registration calendar_time -> org.hibernate.type.CalendarTimeType@251d7fdd
2022-03-28 10:56:09 [main] DEBUG org.hibernate.type.BasicTypeRegistry -
				Adding type registration locale -> org.hibernate.type.LocaleType@15d114ce
2022-03-28 10:56:09 [main] DEBUG org.hibernate.type.BasicTypeRegistry -
				Adding type registration java.util.Locale -> org.hibernate.type.LocaleType@15d114ce
2022-03-28 10:56:09 [main] DEBUG org.hibernate.type.BasicTypeRegistry -
				Adding type registration currency -> org.hibernate.type.CurrencyType@a2b54e3
2022-03-28 10:56:09 [main] DEBUG org.hibernate.type.BasicTypeRegistry -
				Adding type registration java.util.Currency -> org.hibernate.type.CurrencyType@a2b54e3
2022-03-28 10:56:09 [main] DEBUG org.hibernate.type.BasicTypeRegistry -
				Adding type registration timezone -> org.hibernate.type.TimeZoneType@240f350a
2022-03-28 10:56:09 [main] DEBUG org.hibernate.type.BasicTypeRegistry -
				Adding type registration java.util.TimeZone -> org.hibernate.type.TimeZoneType@240f350a
2022-03-28 10:56:09 [main] DEBUG org.hibernate.type.BasicTypeRegistry -
				Adding type registration class -> org.hibernate.type.ClassType@49cb3881
2022-03-28 10:56:09 [main] DEBUG org.hibernate.type.BasicTypeRegistry -
				Adding type registration java.lang.Class -> org.hibernate.type.ClassType@49cb3881
2022-03-28 10:56:09 [main] DEBUG org.hibernate.type.BasicTypeRegistry -
				Adding type registration uuid-binary -> org.hibernate.type.UUIDBinaryType@435e416c
2022-03-28 10:56:09 [main] DEBUG org.hibernate.type.BasicTypeRegistry -
				Adding type registration java.util.UUID -> org.hibernate.type.UUIDBinaryType@435e416c
2022-03-28 10:56:09 [main] DEBUG org.hibernate.type.BasicTypeRegistry -
				Adding type registration uuid-char -> org.hibernate.type.UUIDCharType@7ddcb0dc
2022-03-28 10:56:09 [main] DEBUG org.hibernate.type.BasicTypeRegistry -
				Adding type registration binary -> org.hibernate.type.BinaryType@20440c6c
2022-03-28 10:56:09 [main] DEBUG org.hibernate.type.BasicTypeRegistry -
				Adding type registration byte[] -> org.hibernate.type.BinaryType@20440c6c
2022-03-28 10:56:09 [main] DEBUG org.hibernate.type.BasicTypeRegistry -
				Adding type registration [B -> org.hibernate.type.BinaryType@20440c6c
2022-03-28 10:56:09 [main] DEBUG org.hibernate.type.BasicTypeRegistry -
				Adding type registration wrapper-binary -> org.hibernate.type.WrapperBinaryType@69ec93c2
2022-03-28 10:56:09 [main] DEBUG org.hibernate.type.BasicTypeRegistry -
				Adding type registration Byte[] -> org.hibernate.type.WrapperBinaryType@69ec93c2
2022-03-28 10:56:09 [main] DEBUG org.hibernate.type.BasicTypeRegistry -
				Adding type registration [Ljava.lang.Byte; -> org.hibernate.type.WrapperBinaryType@69ec93c2
2022-03-28 10:56:09 [main] DEBUG org.hibernate.type.BasicTypeRegistry -
				Adding type registration row_version -> org.hibernate.type.RowVersionType@39266403
2022-03-28 10:56:09 [main] DEBUG org.hibernate.type.BasicTypeRegistry -
				Adding type registration image -> org.hibernate.type.ImageType@4168f3d9
2022-03-28 10:56:09 [main] DEBUG org.hibernate.type.BasicTypeRegistry -
				Adding type registration characters -> org.hibernate.type.CharArrayType@3c7b137a
2022-03-28 10:56:09 [main] DEBUG org.hibernate.type.BasicTypeRegistry -
				Adding type registration char[] -> org.hibernate.type.CharArrayType@3c7b137a
2022-03-28 10:56:09 [main] DEBUG org.hibernate.type.BasicTypeRegistry -
				Adding type registration [C -> org.hibernate.type.CharArrayType@3c7b137a
2022-03-28 10:56:09 [main] DEBUG org.hibernate.type.BasicTypeRegistry -
				Adding type registration wrapper-characters -> org.hibernate.type.CharacterArrayType@e62319f
2022-03-28 10:56:09 [main] DEBUG org.hibernate.type.BasicTypeRegistry -
				Adding type registration [Ljava.lang.Character; -> org.hibernate.type.CharacterArrayType@e62319f
2022-03-28 10:56:09 [main] DEBUG org.hibernate.type.BasicTypeRegistry -
				Adding type registration Character[] -> org.hibernate.type.CharacterArrayType@e62319f
2022-03-28 10:56:09 [main] DEBUG org.hibernate.type.BasicTypeRegistry -
				Adding type registration text -> org.hibernate.type.TextType@7f3c0399
2022-03-28 10:56:09 [main] DEBUG org.hibernate.type.BasicTypeRegistry -
				Adding type registration ntext -> org.hibernate.type.NTextType@2c2c3947
2022-03-28 10:56:09 [main] DEBUG org.hibernate.type.BasicTypeRegistry -
				Adding type registration blob -> org.hibernate.type.BlobType@418f890f
2022-03-28 10:56:09 [main] DEBUG org.hibernate.type.BasicTypeRegistry -
				Adding type registration java.sql.Blob -> org.hibernate.type.BlobType@418f890f
2022-03-28 10:56:09 [main] DEBUG org.hibernate.type.BasicTypeRegistry -
				Adding type registration materialized_blob -> org.hibernate.type.MaterializedBlobType@5b1c32e4
2022-03-28 10:56:09 [main] DEBUG org.hibernate.type.BasicTypeRegistry -
				Adding type registration clob -> org.hibernate.type.ClobType@191a0351
2022-03-28 10:56:09 [main] DEBUG org.hibernate.type.BasicTypeRegistry -
				Adding type registration java.sql.Clob -> org.hibernate.type.ClobType@191a0351
2022-03-28 10:56:09 [main] DEBUG org.hibernate.type.BasicTypeRegistry -
				Adding type registration nclob -> org.hibernate.type.NClobType@2c6c302f
2022-03-28 10:56:09 [main] DEBUG org.hibernate.type.BasicTypeRegistry -
				Adding type registration java.sql.NClob -> org.hibernate.type.NClobType@2c6c302f
2022-03-28 10:56:09 [main] DEBUG org.hibernate.type.BasicTypeRegistry -
				Adding type registration materialized_clob -> org.hibernate.type.MaterializedClobType@570a62a5
2022-03-28 10:56:09 [main] DEBUG org.hibernate.type.BasicTypeRegistry -
				Adding type registration materialized_nclob -> org.hibernate.type.MaterializedNClobType@563ccd31
2022-03-28 10:56:09 [main] DEBUG org.hibernate.type.BasicTypeRegistry -
				Adding type registration serializable -> org.hibernate.type.SerializableType@1a1f79ce
2022-03-28 10:56:09 [main] DEBUG org.hibernate.type.BasicTypeRegistry -
				Adding type registration object -> org.hibernate.type.ObjectType@257f30f7
2022-03-28 10:56:09 [main] DEBUG org.hibernate.type.BasicTypeRegistry -
				Adding type registration java.lang.Object -> org.hibernate.type.ObjectType@257f30f7
2022-03-28 10:56:09 [main] DEBUG org.hibernate.type.BasicTypeRegistry -
				Adding type registration imm_date -> org.hibernate.type.AdaptedImmutableType@3b088163
2022-03-28 10:56:09 [main] DEBUG org.hibernate.type.BasicTypeRegistry -
				Adding type registration imm_time -> org.hibernate.type.AdaptedImmutableType@75882261
2022-03-28 10:56:09 [main] DEBUG org.hibernate.type.BasicTypeRegistry -
				Adding type registration imm_timestamp -> org.hibernate.type.AdaptedImmutableType@611d0763
2022-03-28 10:56:09 [main] DEBUG org.hibernate.type.BasicTypeRegistry -
				Adding type registration imm_dbtimestamp -> org.hibernate.type.AdaptedImmutableType@615efd1c
2022-03-28 10:56:09 [main] DEBUG org.hibernate.type.BasicTypeRegistry -
				Adding type registration imm_calendar -> org.hibernate.type.AdaptedImmutableType@1e226bcd
2022-03-28 10:56:09 [main] DEBUG org.hibernate.type.BasicTypeRegistry -
				Adding type registration imm_calendar_date -> org.hibernate.type.AdaptedImmutableType@2a8dd942
2022-03-28 10:56:09 [main] DEBUG org.hibernate.type.BasicTypeRegistry -
				Adding type registration imm_binary -> org.hibernate.type.AdaptedImmutableType@2322e56f
2022-03-28 10:56:09 [main] DEBUG org.hibernate.type.BasicTypeRegistry -
				Adding type registration imm_serializable -> org.hibernate.type.AdaptedImmutableType@35025a0a
2022-03-28 10:56:09 [main] DEBUG o.h.type.spi.TypeConfiguration$Scope -
				Scoping TypeConfiguration [org.hibernate.type.spi.TypeConfiguration@49038f97] to MetadataBuildingContext [org.hibernate.boot.internal.MetadataBuildingContextRootImpl@36211bbc]
2022-03-28 10:56:10 [main] DEBUG o.h.type.spi.TypeConfiguration$Scope -
				Scoping TypeConfiguration [org.hibernate.type.spi.TypeConfiguration@49038f97] to SessionFactoryImpl [org.hibernate.internal.SessionFactoryImpl@3212bfd]
2022-03-28 10:56:10 [main] DEBUG org.hibernate.SQL -
				create table customer (id integer not null, email_id varchar(255), name varchar(255), password varchar(255), phone_number integer not null, user_name varchar(255), primary key (id)) engine=InnoDB
2022-03-28 10:56:10 [main] DEBUG org.hibernate.SQL -
				create table hibernate_sequence (next_val bigint) engine=InnoDB
2022-03-28 10:56:10 [main] DEBUG org.hibernate.SQL -
				insert into hibernate_sequence values ( 1 )
2022-03-28 10:56:11 [main] TRACE o.h.type.spi.TypeConfiguration$Scope -
				Handling #sessionFactoryCreated from [org.hibernate.internal.SessionFactoryImpl@3212bfd] for TypeConfiguration
2022-03-28 10:56:12 [main] DEBUG org.hibernate.SQL -
				select next_val as id_val from hibernate_sequence for update
2022-03-28 10:56:12 [main] DEBUG org.hibernate.SQL -
				update hibernate_sequence set next_val= ? where next_val=?
2022-03-28 10:56:12 [main] DEBUG org.hibernate.SQL -
				insert into customer (email_id, name, password, phone_number, user_name, id) values (?, ?, ?, ?, ?, ?)
2022-03-28 10:56:12 [main] TRACE o.h.type.descriptor.sql.BasicBinder -
				binding parameter [1] as [VARCHAR] - [abc@cgi.com]
2022-03-28 10:56:12 [main] TRACE o.h.type.descriptor.sql.BasicBinder -
				binding parameter [2] as [VARCHAR] - [abc]
2022-03-28 10:56:12 [main] TRACE o.h.type.descriptor.sql.BasicBinder -
				binding parameter [3] as [VARCHAR] - [passWord]
2022-03-28 10:56:12 [main] TRACE o.h.type.descriptor.sql.BasicBinder -
				binding parameter [4] as [INTEGER] - [456599523]
2022-03-28 10:56:12 [main] TRACE o.h.type.descriptor.sql.BasicBinder -
				binding parameter [5] as [VARCHAR] - [csragent]
2022-03-28 10:56:12 [main] TRACE o.h.type.descriptor.sql.BasicBinder -
				binding parameter [6] as [INTEGER] - [1]
2022-03-28 10:56:12 [main] DEBUG org.hibernate.SQL -
				select customer0_.id as id1_0_, customer0_.email_id as email_id2_0_, customer0_.name as name3_0_, customer0_.password as password4_0_, customer0_.phone_number as phone_nu5_0_, customer0_.user_name as user_nam6_0_ from customer customer0_
2022-03-28 10:56:12 [main] TRACE o.h.t.descriptor.sql.BasicExtractor -
				extracted value ([id1_0_] : [INTEGER]) - [1]
2022-03-28 10:56:12 [main] DEBUG org.hibernate.SQL -
				select customer0_.id as id1_0_0_, customer0_.email_id as email_id2_0_0_, customer0_.name as name3_0_0_, customer0_.password as password4_0_0_, customer0_.phone_number as phone_nu5_0_0_, customer0_.user_name as user_nam6_0_0_ from customer customer0_ where customer0_.id=?
2022-03-28 10:56:12 [main] TRACE o.h.type.descriptor.sql.BasicBinder -
				binding parameter [1] as [INTEGER] - [0]
2022-03-28 10:56:12 [main] DEBUG org.hibernate.SQL -
				select customer0_.id as id1_0_, customer0_.email_id as email_id2_0_, customer0_.name as name3_0_, customer0_.password as password4_0_, customer0_.phone_number as phone_nu5_0_, customer0_.user_name as user_nam6_0_ from customer customer0_
2022-03-28 10:56:12 [main] DEBUG org.hibernate.SQL -
				select next_val as id_val from hibernate_sequence for update
2022-03-28 10:56:12 [main] DEBUG org.hibernate.SQL -
				update hibernate_sequence set next_val= ? where next_val=?
2022-03-28 10:56:12 [main] DEBUG org.hibernate.SQL -
				insert into customer (email_id, name, password, phone_number, user_name, id) values (?, ?, ?, ?, ?, ?)
2022-03-28 10:56:12 [main] TRACE o.h.type.descriptor.sql.BasicBinder -
				binding parameter [1] as [VARCHAR] - [abc@cgi.com]
2022-03-28 10:56:12 [main] TRACE o.h.type.descriptor.sql.BasicBinder -
				binding parameter [2] as [VARCHAR] - [abc]
2022-03-28 10:56:12 [main] TRACE o.h.type.descriptor.sql.BasicBinder -
				binding parameter [3] as [VARCHAR] - [passWord]
2022-03-28 10:56:12 [main] TRACE o.h.type.descriptor.sql.BasicBinder -
				binding parameter [4] as [INTEGER] - [456599523]
2022-03-28 10:56:12 [main] TRACE o.h.type.descriptor.sql.BasicBinder -
				binding parameter [5] as [VARCHAR] - [csragent]
2022-03-28 10:56:12 [main] TRACE o.h.type.descriptor.sql.BasicBinder -
				binding parameter [6] as [INTEGER] - [2]
2022-03-28 10:56:12 [main] DEBUG org.hibernate.SQL -
				select customer0_.id as id1_0_, customer0_.email_id as email_id2_0_, customer0_.name as name3_0_, customer0_.password as password4_0_, customer0_.phone_number as phone_nu5_0_, customer0_.user_name as user_nam6_0_ from customer customer0_
2022-03-28 10:56:12 [main] TRACE o.h.t.descriptor.sql.BasicExtractor -
				extracted value ([id1_0_] : [INTEGER]) - [2]
2022-03-28 10:56:12 [main] DEBUG org.hibernate.SQL -
				select next_val as id_val from hibernate_sequence for update
2022-03-28 10:56:12 [main] DEBUG org.hibernate.SQL -
				update hibernate_sequence set next_val= ? where next_val=?
2022-03-28 10:56:12 [main] DEBUG org.hibernate.SQL -
				select customer0_.id as id1_0_0_, customer0_.email_id as email_id2_0_0_, customer0_.name as name3_0_0_, customer0_.password as password4_0_0_, customer0_.phone_number as phone_nu5_0_0_, customer0_.user_name as user_nam6_0_0_ from customer customer0_ where customer0_.id=?
2022-03-28 10:56:12 [main] TRACE o.h.type.descriptor.sql.BasicBinder -
				binding parameter [1] as [INTEGER] - [1]
2022-03-28 10:56:12 [main] DEBUG org.hibernate.SQL -
				insert into customer (email_id, name, password, phone_number, user_name, id) values (?, ?, ?, ?, ?, ?)
2022-03-28 10:56:12 [main] TRACE o.h.type.descriptor.sql.BasicBinder -
				binding parameter [1] as [VARCHAR] - [abc@cgi.com]
2022-03-28 10:56:12 [main] TRACE o.h.type.descriptor.sql.BasicBinder -
				binding parameter [2] as [VARCHAR] - [abc]
2022-03-28 10:56:12 [main] TRACE o.h.type.descriptor.sql.BasicBinder -
				binding parameter [3] as [VARCHAR] - [passWord]
2022-03-28 10:56:12 [main] TRACE o.h.type.descriptor.sql.BasicBinder -
				binding parameter [4] as [INTEGER] - [456599523]
2022-03-28 10:56:12 [main] TRACE o.h.type.descriptor.sql.BasicBinder -
				binding parameter [5] as [VARCHAR] - [csragent]
2022-03-28 10:56:12 [main] TRACE o.h.type.descriptor.sql.BasicBinder -
				binding parameter [6] as [INTEGER] - [3]
2022-03-28 10:56:12 [main] DEBUG org.hibernate.SQL -
				delete from customer where id=?
2022-03-28 10:56:12 [main] TRACE o.h.type.descriptor.sql.BasicBinder -
				binding parameter [1] as [INTEGER] - [3]
2022-03-28 10:56:12 [main] DEBUG org.hibernate.SQL -
				select customer0_.id as id1_0_, customer0_.email_id as email_id2_0_, customer0_.name as name3_0_, customer0_.password as password4_0_, customer0_.phone_number as phone_nu5_0_, customer0_.user_name as user_nam6_0_ from customer customer0_
2022-03-28 10:56:12 [SpringApplicationShutdownHook] TRACE o.h.type.spi.TypeConfiguration$Scope -
				Handling #sessionFactoryClosed from [org.hibernate.internal.SessionFactoryImpl@3212bfd] for TypeConfiguration
2022-03-28 10:56:12 [SpringApplicationShutdownHook] DEBUG o.h.type.spi.TypeConfiguration$Scope -
				Un-scoping TypeConfiguration [org.hibernate.type.spi.TypeConfiguration$Scope@492e01d4] from SessionFactory [org.hibernate.internal.SessionFactoryImpl@3212bfd]
