2022-03-28 15:08:26 [main] DEBUG org.hibernate.type.BasicTypeRegistry -
				Adding type registration boolean -> org.hibernate.type.BooleanType@58b311ba
2022-03-28 15:08:26 [main] DEBUG org.hibernate.type.BasicTypeRegistry -
				Adding type registration boolean -> org.hibernate.type.BooleanType@58b311ba
2022-03-28 15:08:26 [main] DEBUG org.hibernate.type.BasicTypeRegistry -
				Adding type registration java.lang.Boolean -> org.hibernate.type.BooleanType@58b311ba
2022-03-28 15:08:26 [main] DEBUG org.hibernate.type.BasicTypeRegistry -
				Adding type registration numeric_boolean -> org.hibernate.type.NumericBooleanType@6897a4a
2022-03-28 15:08:26 [main] DEBUG org.hibernate.type.BasicTypeRegistry -
				Adding type registration true_false -> org.hibernate.type.TrueFalseType@74b00247
2022-03-28 15:08:26 [main] DEBUG org.hibernate.type.BasicTypeRegistry -
				Adding type registration yes_no -> org.hibernate.type.YesNoType@353e6389
2022-03-28 15:08:26 [main] DEBUG org.hibernate.type.BasicTypeRegistry -
				Adding type registration byte -> org.hibernate.type.ByteType@5a48da4f
2022-03-28 15:08:26 [main] DEBUG org.hibernate.type.BasicTypeRegistry -
				Adding type registration byte -> org.hibernate.type.ByteType@5a48da4f
2022-03-28 15:08:26 [main] DEBUG org.hibernate.type.BasicTypeRegistry -
				Adding type registration java.lang.Byte -> org.hibernate.type.ByteType@5a48da4f
2022-03-28 15:08:26 [main] DEBUG org.hibernate.type.BasicTypeRegistry -
				Adding type registration character -> org.hibernate.type.CharacterType@24a0c58b
2022-03-28 15:08:26 [main] DEBUG org.hibernate.type.BasicTypeRegistry -
				Adding type registration char -> org.hibernate.type.CharacterType@24a0c58b
2022-03-28 15:08:26 [main] DEBUG org.hibernate.type.BasicTypeRegistry -
				Adding type registration java.lang.Character -> org.hibernate.type.CharacterType@24a0c58b
2022-03-28 15:08:26 [main] DEBUG org.hibernate.type.BasicTypeRegistry -
				Adding type registration short -> org.hibernate.type.ShortType@4a62062a
2022-03-28 15:08:26 [main] DEBUG org.hibernate.type.BasicTypeRegistry -
				Adding type registration short -> org.hibernate.type.ShortType@4a62062a
2022-03-28 15:08:26 [main] DEBUG org.hibernate.type.BasicTypeRegistry -
				Adding type registration java.lang.Short -> org.hibernate.type.ShortType@4a62062a
2022-03-28 15:08:26 [main] DEBUG org.hibernate.type.BasicTypeRegistry -
				Adding type registration integer -> org.hibernate.type.IntegerType@2c9d90fc
2022-03-28 15:08:26 [main] DEBUG org.hibernate.type.BasicTypeRegistry -
				Adding type registration int -> org.hibernate.type.IntegerType@2c9d90fc
2022-03-28 15:08:26 [main] DEBUG org.hibernate.type.BasicTypeRegistry -
				Adding type registration java.lang.Integer -> org.hibernate.type.IntegerType@2c9d90fc
2022-03-28 15:08:26 [main] DEBUG org.hibernate.type.BasicTypeRegistry -
				Adding type registration long -> org.hibernate.type.LongType@2bab618
2022-03-28 15:08:26 [main] DEBUG org.hibernate.type.BasicTypeRegistry -
				Adding type registration long -> org.hibernate.type.LongType@2bab618
2022-03-28 15:08:26 [main] DEBUG org.hibernate.type.BasicTypeRegistry -
				Adding type registration java.lang.Long -> org.hibernate.type.LongType@2bab618
2022-03-28 15:08:26 [main] DEBUG org.hibernate.type.BasicTypeRegistry -
				Adding type registration float -> org.hibernate.type.FloatType@6c9b44bf
2022-03-28 15:08:26 [main] DEBUG org.hibernate.type.BasicTypeRegistry -
				Adding type registration float -> org.hibernate.type.FloatType@6c9b44bf
2022-03-28 15:08:26 [main] DEBUG org.hibernate.type.BasicTypeRegistry -
				Adding type registration java.lang.Float -> org.hibernate.type.FloatType@6c9b44bf
2022-03-28 15:08:26 [main] DEBUG org.hibernate.type.BasicTypeRegistry -
				Adding type registration double -> org.hibernate.type.DoubleType@1e40fbb3
2022-03-28 15:08:26 [main] DEBUG org.hibernate.type.BasicTypeRegistry -
				Adding type registration double -> org.hibernate.type.DoubleType@1e40fbb3
2022-03-28 15:08:26 [main] DEBUG org.hibernate.type.BasicTypeRegistry -
				Adding type registration java.lang.Double -> org.hibernate.type.DoubleType@1e40fbb3
2022-03-28 15:08:26 [main] DEBUG org.hibernate.type.BasicTypeRegistry -
				Adding type registration big_decimal -> org.hibernate.type.BigDecimalType@39023dbf
2022-03-28 15:08:26 [main] DEBUG org.hibernate.type.BasicTypeRegistry -
				Adding type registration java.math.BigDecimal -> org.hibernate.type.BigDecimalType@39023dbf
2022-03-28 15:08:26 [main] DEBUG org.hibernate.type.BasicTypeRegistry -
				Adding type registration big_integer -> org.hibernate.type.BigIntegerType@72465eb2
2022-03-28 15:08:26 [main] DEBUG org.hibernate.type.BasicTypeRegistry -
				Adding type registration java.math.BigInteger -> org.hibernate.type.BigIntegerType@72465eb2
2022-03-28 15:08:26 [main] DEBUG org.hibernate.type.BasicTypeRegistry -
				Adding type registration string -> org.hibernate.type.StringType@7b18658a
2022-03-28 15:08:26 [main] DEBUG org.hibernate.type.BasicTypeRegistry -
				Adding type registration java.lang.String -> org.hibernate.type.StringType@7b18658a
2022-03-28 15:08:26 [main] DEBUG org.hibernate.type.BasicTypeRegistry -
				Adding type registration nstring -> org.hibernate.type.StringNVarcharType@52abed9d
2022-03-28 15:08:26 [main] DEBUG org.hibernate.type.BasicTypeRegistry -
				Adding type registration ncharacter -> org.hibernate.type.CharacterNCharType@1118d539
2022-03-28 15:08:26 [main] DEBUG org.hibernate.type.BasicTypeRegistry -
				Adding type registration url -> org.hibernate.type.UrlType@57186526
2022-03-28 15:08:26 [main] DEBUG org.hibernate.type.BasicTypeRegistry -
				Adding type registration java.net.URL -> org.hibernate.type.UrlType@57186526
2022-03-28 15:08:26 [main] DEBUG org.hibernate.type.BasicTypeRegistry -
				Adding type registration Duration -> org.hibernate.type.DurationType@257f30f7
2022-03-28 15:08:26 [main] DEBUG org.hibernate.type.BasicTypeRegistry -
				Adding type registration java.time.Duration -> org.hibernate.type.DurationType@257f30f7
2022-03-28 15:08:26 [main] DEBUG org.hibernate.type.BasicTypeRegistry -
				Adding type registration Instant -> org.hibernate.type.InstantType@615efd1c
2022-03-28 15:08:26 [main] DEBUG org.hibernate.type.BasicTypeRegistry -
				Adding type registration java.time.Instant -> org.hibernate.type.InstantType@615efd1c
2022-03-28 15:08:26 [main] DEBUG org.hibernate.type.BasicTypeRegistry -
				Adding type registration LocalDateTime -> org.hibernate.type.LocalDateTimeType@48cd319d
2022-03-28 15:08:26 [main] DEBUG org.hibernate.type.BasicTypeRegistry -
				Adding type registration java.time.LocalDateTime -> org.hibernate.type.LocalDateTimeType@48cd319d
2022-03-28 15:08:26 [main] DEBUG org.hibernate.type.BasicTypeRegistry -
				Adding type registration LocalDate -> org.hibernate.type.LocalDateType@33ec2c0c
2022-03-28 15:08:26 [main] DEBUG org.hibernate.type.BasicTypeRegistry -
				Adding type registration java.time.LocalDate -> org.hibernate.type.LocalDateType@33ec2c0c
2022-03-28 15:08:26 [main] DEBUG org.hibernate.type.BasicTypeRegistry -
				Adding type registration LocalTime -> org.hibernate.type.LocalTimeType@443a06ad
2022-03-28 15:08:26 [main] DEBUG org.hibernate.type.BasicTypeRegistry -
				Adding type registration java.time.LocalTime -> org.hibernate.type.LocalTimeType@443a06ad
2022-03-28 15:08:26 [main] DEBUG org.hibernate.type.BasicTypeRegistry -
				Adding type registration OffsetDateTime -> org.hibernate.type.OffsetDateTimeType@3d104c9b
2022-03-28 15:08:26 [main] DEBUG org.hibernate.type.BasicTypeRegistry -
				Adding type registration java.time.OffsetDateTime -> org.hibernate.type.OffsetDateTimeType@3d104c9b
2022-03-28 15:08:26 [main] DEBUG org.hibernate.type.BasicTypeRegistry -
				Adding type registration OffsetTime -> org.hibernate.type.OffsetTimeType@7c8874ef
2022-03-28 15:08:26 [main] DEBUG org.hibernate.type.BasicTypeRegistry -
				Adding type registration java.time.OffsetTime -> org.hibernate.type.OffsetTimeType@7c8874ef
2022-03-28 15:08:26 [main] DEBUG org.hibernate.type.BasicTypeRegistry -
				Adding type registration ZonedDateTime -> org.hibernate.type.ZonedDateTimeType@119290b9
2022-03-28 15:08:26 [main] DEBUG org.hibernate.type.BasicTypeRegistry -
				Adding type registration java.time.ZonedDateTime -> org.hibernate.type.ZonedDateTimeType@119290b9
2022-03-28 15:08:26 [main] DEBUG org.hibernate.type.BasicTypeRegistry -
				Adding type registration date -> org.hibernate.type.DateType@256bb5be
2022-03-28 15:08:26 [main] DEBUG org.hibernate.type.BasicTypeRegistry -
				Adding type registration java.sql.Date -> org.hibernate.type.DateType@256bb5be
2022-03-28 15:08:26 [main] DEBUG org.hibernate.type.BasicTypeRegistry -
				Adding type registration time -> org.hibernate.type.TimeType@34a20f16
2022-03-28 15:08:26 [main] DEBUG org.hibernate.type.BasicTypeRegistry -
				Adding type registration java.sql.Time -> org.hibernate.type.TimeType@34a20f16
2022-03-28 15:08:26 [main] DEBUG org.hibernate.type.BasicTypeRegistry -
				Adding type registration timestamp -> org.hibernate.type.TimestampType@3b0d3a63
2022-03-28 15:08:26 [main] DEBUG org.hibernate.type.BasicTypeRegistry -
				Adding type registration java.sql.Timestamp -> org.hibernate.type.TimestampType@3b0d3a63
2022-03-28 15:08:26 [main] DEBUG org.hibernate.type.BasicTypeRegistry -
				Adding type registration java.util.Date -> org.hibernate.type.TimestampType@3b0d3a63
2022-03-28 15:08:26 [main] DEBUG org.hibernate.type.BasicTypeRegistry -
				Adding type registration dbtimestamp -> org.hibernate.type.DbTimestampType@11f23038
2022-03-28 15:08:26 [main] DEBUG org.hibernate.type.BasicTypeRegistry -
				Adding type registration calendar -> org.hibernate.type.CalendarType@34136bd1
2022-03-28 15:08:26 [main] DEBUG org.hibernate.type.BasicTypeRegistry -
				Adding type registration java.util.Calendar -> org.hibernate.type.CalendarType@34136bd1
2022-03-28 15:08:26 [main] DEBUG org.hibernate.type.BasicTypeRegistry -
				Adding type registration java.util.GregorianCalendar -> org.hibernate.type.CalendarType@34136bd1
2022-03-28 15:08:26 [main] DEBUG org.hibernate.type.BasicTypeRegistry -
				Adding type registration calendar_date -> org.hibernate.type.CalendarDateType@350da119
2022-03-28 15:08:26 [main] DEBUG org.hibernate.type.BasicTypeRegistry -
				Adding type registration calendar_time -> org.hibernate.type.CalendarTimeType@1788cb61
2022-03-28 15:08:26 [main] DEBUG org.hibernate.type.BasicTypeRegistry -
				Adding type registration locale -> org.hibernate.type.LocaleType@7c453c34
2022-03-28 15:08:26 [main] DEBUG org.hibernate.type.BasicTypeRegistry -
				Adding type registration java.util.Locale -> org.hibernate.type.LocaleType@7c453c34
2022-03-28 15:08:26 [main] DEBUG org.hibernate.type.BasicTypeRegistry -
				Adding type registration currency -> org.hibernate.type.CurrencyType@61359e87
2022-03-28 15:08:26 [main] DEBUG org.hibernate.type.BasicTypeRegistry -
				Adding type registration java.util.Currency -> org.hibernate.type.CurrencyType@61359e87
2022-03-28 15:08:26 [main] DEBUG org.hibernate.type.BasicTypeRegistry -
				Adding type registration timezone -> org.hibernate.type.TimeZoneType@508ad266
2022-03-28 15:08:26 [main] DEBUG org.hibernate.type.BasicTypeRegistry -
				Adding type registration java.util.TimeZone -> org.hibernate.type.TimeZoneType@508ad266
2022-03-28 15:08:26 [main] DEBUG org.hibernate.type.BasicTypeRegistry -
				Adding type registration class -> org.hibernate.type.ClassType@20349058
2022-03-28 15:08:26 [main] DEBUG org.hibernate.type.BasicTypeRegistry -
				Adding type registration java.lang.Class -> org.hibernate.type.ClassType@20349058
2022-03-28 15:08:26 [main] DEBUG org.hibernate.type.BasicTypeRegistry -
				Adding type registration uuid-binary -> org.hibernate.type.UUIDBinaryType@65cc5252
2022-03-28 15:08:26 [main] DEBUG org.hibernate.type.BasicTypeRegistry -
				Adding type registration java.util.UUID -> org.hibernate.type.UUIDBinaryType@65cc5252
2022-03-28 15:08:26 [main] DEBUG org.hibernate.type.BasicTypeRegistry -
				Adding type registration uuid-char -> org.hibernate.type.UUIDCharType@41aebbb4
2022-03-28 15:08:26 [main] DEBUG org.hibernate.type.BasicTypeRegistry -
				Adding type registration binary -> org.hibernate.type.BinaryType@687389a6
2022-03-28 15:08:26 [main] DEBUG org.hibernate.type.BasicTypeRegistry -
				Adding type registration byte[] -> org.hibernate.type.BinaryType@687389a6
2022-03-28 15:08:26 [main] DEBUG org.hibernate.type.BasicTypeRegistry -
				Adding type registration [B -> org.hibernate.type.BinaryType@687389a6
2022-03-28 15:08:26 [main] DEBUG org.hibernate.type.BasicTypeRegistry -
				Adding type registration wrapper-binary -> org.hibernate.type.WrapperBinaryType@723e3c17
2022-03-28 15:08:26 [main] DEBUG org.hibernate.type.BasicTypeRegistry -
				Adding type registration Byte[] -> org.hibernate.type.WrapperBinaryType@723e3c17
2022-03-28 15:08:26 [main] DEBUG org.hibernate.type.BasicTypeRegistry -
				Adding type registration [Ljava.lang.Byte; -> org.hibernate.type.WrapperBinaryType@723e3c17
2022-03-28 15:08:26 [main] DEBUG org.hibernate.type.BasicTypeRegistry -
				Adding type registration row_version -> org.hibernate.type.RowVersionType@30abf79c
2022-03-28 15:08:26 [main] DEBUG org.hibernate.type.BasicTypeRegistry -
				Adding type registration image -> org.hibernate.type.ImageType@3caee3a8
2022-03-28 15:08:26 [main] DEBUG org.hibernate.type.BasicTypeRegistry -
				Adding type registration characters -> org.hibernate.type.CharArrayType@45554613
2022-03-28 15:08:26 [main] DEBUG org.hibernate.type.BasicTypeRegistry -
				Adding type registration char[] -> org.hibernate.type.CharArrayType@45554613
2022-03-28 15:08:26 [main] DEBUG org.hibernate.type.BasicTypeRegistry -
				Adding type registration [C -> org.hibernate.type.CharArrayType@45554613
2022-03-28 15:08:26 [main] DEBUG org.hibernate.type.BasicTypeRegistry -
				Adding type registration wrapper-characters -> org.hibernate.type.CharacterArrayType@10b8b900
2022-03-28 15:08:26 [main] DEBUG org.hibernate.type.BasicTypeRegistry -
				Adding type registration [Ljava.lang.Character; -> org.hibernate.type.CharacterArrayType@10b8b900
2022-03-28 15:08:26 [main] DEBUG org.hibernate.type.BasicTypeRegistry -
				Adding type registration Character[] -> org.hibernate.type.CharacterArrayType@10b8b900
2022-03-28 15:08:26 [main] DEBUG org.hibernate.type.BasicTypeRegistry -
				Adding type registration text -> org.hibernate.type.TextType@599f1b7
2022-03-28 15:08:26 [main] DEBUG org.hibernate.type.BasicTypeRegistry -
				Adding type registration ntext -> org.hibernate.type.NTextType@7d0cd23c
2022-03-28 15:08:26 [main] DEBUG org.hibernate.type.BasicTypeRegistry -
				Adding type registration blob -> org.hibernate.type.BlobType@3f6cce7f
2022-03-28 15:08:26 [main] DEBUG org.hibernate.type.BasicTypeRegistry -
				Adding type registration java.sql.Blob -> org.hibernate.type.BlobType@3f6cce7f
2022-03-28 15:08:26 [main] DEBUG org.hibernate.type.BasicTypeRegistry -
				Adding type registration materialized_blob -> org.hibernate.type.MaterializedBlobType@43d76a92
2022-03-28 15:08:26 [main] DEBUG org.hibernate.type.BasicTypeRegistry -
				Adding type registration clob -> org.hibernate.type.ClobType@7ac48e10
2022-03-28 15:08:26 [main] DEBUG org.hibernate.type.BasicTypeRegistry -
				Adding type registration java.sql.Clob -> org.hibernate.type.ClobType@7ac48e10
2022-03-28 15:08:26 [main] DEBUG org.hibernate.type.BasicTypeRegistry -
				Adding type registration nclob -> org.hibernate.type.NClobType@7da1e005
2022-03-28 15:08:26 [main] DEBUG org.hibernate.type.BasicTypeRegistry -
				Adding type registration java.sql.NClob -> org.hibernate.type.NClobType@7da1e005
2022-03-28 15:08:26 [main] DEBUG org.hibernate.type.BasicTypeRegistry -
				Adding type registration materialized_clob -> org.hibernate.type.MaterializedClobType@6d4a82
2022-03-28 15:08:26 [main] DEBUG org.hibernate.type.BasicTypeRegistry -
				Adding type registration materialized_nclob -> org.hibernate.type.MaterializedNClobType@130cfc47
2022-03-28 15:08:26 [main] DEBUG org.hibernate.type.BasicTypeRegistry -
				Adding type registration serializable -> org.hibernate.type.SerializableType@212fafd1
2022-03-28 15:08:26 [main] DEBUG org.hibernate.type.BasicTypeRegistry -
				Adding type registration object -> org.hibernate.type.ObjectType@1332dec4
2022-03-28 15:08:26 [main] DEBUG org.hibernate.type.BasicTypeRegistry -
				Adding type registration java.lang.Object -> org.hibernate.type.ObjectType@1332dec4
2022-03-28 15:08:26 [main] DEBUG org.hibernate.type.BasicTypeRegistry -
				Adding type registration imm_date -> org.hibernate.type.AdaptedImmutableType@26da1ba2
2022-03-28 15:08:26 [main] DEBUG org.hibernate.type.BasicTypeRegistry -
				Adding type registration imm_time -> org.hibernate.type.AdaptedImmutableType@3820cfe
2022-03-28 15:08:26 [main] DEBUG org.hibernate.type.BasicTypeRegistry -
				Adding type registration imm_timestamp -> org.hibernate.type.AdaptedImmutableType@2407a36c
2022-03-28 15:08:26 [main] DEBUG org.hibernate.type.BasicTypeRegistry -
				Adding type registration imm_dbtimestamp -> org.hibernate.type.AdaptedImmutableType@5ec9eefa
2022-03-28 15:08:26 [main] DEBUG org.hibernate.type.BasicTypeRegistry -
				Adding type registration imm_calendar -> org.hibernate.type.AdaptedImmutableType@28b8f98a
2022-03-28 15:08:26 [main] DEBUG org.hibernate.type.BasicTypeRegistry -
				Adding type registration imm_calendar_date -> org.hibernate.type.AdaptedImmutableType@3b4ef59f
2022-03-28 15:08:26 [main] DEBUG org.hibernate.type.BasicTypeRegistry -
				Adding type registration imm_binary -> org.hibernate.type.AdaptedImmutableType@22cb3d59
2022-03-28 15:08:26 [main] DEBUG org.hibernate.type.BasicTypeRegistry -
				Adding type registration imm_serializable -> org.hibernate.type.AdaptedImmutableType@33e4b9c4
2022-03-28 15:08:27 [main] DEBUG o.h.type.spi.TypeConfiguration$Scope -
				Scoping TypeConfiguration [org.hibernate.type.spi.TypeConfiguration@6987a133] to MetadataBuildingContext [org.hibernate.boot.internal.MetadataBuildingContextRootImpl@50778bde]
2022-03-28 15:08:27 [main] DEBUG o.h.type.spi.TypeConfiguration$Scope -
				Scoping TypeConfiguration [org.hibernate.type.spi.TypeConfiguration@6987a133] to SessionFactoryImpl [org.hibernate.internal.SessionFactoryImpl@693f2c89]
2022-03-28 15:08:27 [main] TRACE o.h.type.spi.TypeConfiguration$Scope -
				Handling #sessionFactoryCreated from [org.hibernate.internal.SessionFactoryImpl@693f2c89] for TypeConfiguration
2022-03-28 15:08:29 [main] DEBUG org.hibernate.SQL -
				select customer0_.id as id1_0_0_, customer0_.email_id as email_id2_0_0_, customer0_.name as name3_0_0_, customer0_.password as password4_0_0_, customer0_.phone_number as phone_nu5_0_0_, customer0_.user_name as user_nam6_0_0_ from customer customer0_ where customer0_.id=?
2022-03-28 15:08:29 [main] TRACE o.h.type.descriptor.sql.BasicBinder -
				binding parameter [1] as [INTEGER] - [1]
2022-03-28 15:08:29 [main] DEBUG org.hibernate.SQL -
				select next_val as id_val from hibernate_sequence for update
2022-03-28 15:08:29 [main] DEBUG org.hibernate.SQL -
				update hibernate_sequence set next_val= ? where next_val=?
2022-03-28 15:08:29 [main] DEBUG org.hibernate.SQL -
				select customer0_.id as id1_0_0_, customer0_.email_id as email_id2_0_0_, customer0_.name as name3_0_0_, customer0_.password as password4_0_0_, customer0_.phone_number as phone_nu5_0_0_, customer0_.user_name as user_nam6_0_0_ from customer customer0_ where customer0_.id=?
2022-03-28 15:08:29 [main] TRACE o.h.type.descriptor.sql.BasicBinder -
				binding parameter [1] as [INTEGER] - [1]
2022-03-28 15:08:29 [main] DEBUG org.hibernate.SQL -
				insert into customer (email_id, name, password, phone_number, user_name, id) values (?, ?, ?, ?, ?, ?)
2022-03-28 15:08:29 [main] TRACE o.h.type.descriptor.sql.BasicBinder -
				binding parameter [1] as [VARCHAR] - [abc@cgi.com]
2022-03-28 15:08:29 [main] TRACE o.h.type.descriptor.sql.BasicBinder -
				binding parameter [2] as [VARCHAR] - [User]
2022-03-28 15:08:29 [main] TRACE o.h.type.descriptor.sql.BasicBinder -
				binding parameter [3] as [VARCHAR] - [passWord]
2022-03-28 15:08:29 [main] TRACE o.h.type.descriptor.sql.BasicBinder -
				binding parameter [4] as [INTEGER] - [456599523]
2022-03-28 15:08:29 [main] TRACE o.h.type.descriptor.sql.BasicBinder -
				binding parameter [5] as [VARCHAR] - [csragent]
2022-03-28 15:08:29 [main] TRACE o.h.type.descriptor.sql.BasicBinder -
				binding parameter [6] as [INTEGER] - [13]
2022-03-28 15:08:29 [main] DEBUG org.hibernate.SQL -
				select customer0_.id as id1_0_, customer0_.email_id as email_id2_0_, customer0_.name as name3_0_, customer0_.password as password4_0_, customer0_.phone_number as phone_nu5_0_, customer0_.user_name as user_nam6_0_ from customer customer0_
2022-03-28 15:08:29 [main] TRACE o.h.t.descriptor.sql.BasicExtractor -
				extracted value ([id1_0_] : [INTEGER]) - [13]
2022-03-28 15:08:29 [main] DEBUG org.hibernate.SQL -
				select customer0_.id as id1_0_0_, customer0_.email_id as email_id2_0_0_, customer0_.name as name3_0_0_, customer0_.password as password4_0_0_, customer0_.phone_number as phone_nu5_0_0_, customer0_.user_name as user_nam6_0_0_ from customer customer0_ where customer0_.id=?
2022-03-28 15:08:29 [main] TRACE o.h.type.descriptor.sql.BasicBinder -
				binding parameter [1] as [INTEGER] - [1]
2022-03-28 15:08:29 [main] DEBUG org.hibernate.SQL -
				select next_val as id_val from hibernate_sequence for update
2022-03-28 15:08:29 [main] DEBUG org.hibernate.SQL -
				update hibernate_sequence set next_val= ? where next_val=?
2022-03-28 15:08:29 [main] DEBUG org.hibernate.SQL -
				select customer0_.id as id1_0_0_, customer0_.email_id as email_id2_0_0_, customer0_.name as name3_0_0_, customer0_.password as password4_0_0_, customer0_.phone_number as phone_nu5_0_0_, customer0_.user_name as user_nam6_0_0_ from customer customer0_ where customer0_.id=?
2022-03-28 15:08:29 [main] TRACE o.h.type.descriptor.sql.BasicBinder -
				binding parameter [1] as [INTEGER] - [1]
2022-03-28 15:08:29 [main] DEBUG org.hibernate.SQL -
				insert into customer (email_id, name, password, phone_number, user_name, id) values (?, ?, ?, ?, ?, ?)
2022-03-28 15:08:29 [main] TRACE o.h.type.descriptor.sql.BasicBinder -
				binding parameter [1] as [VARCHAR] - [abc@cgi.com]
2022-03-28 15:08:29 [main] TRACE o.h.type.descriptor.sql.BasicBinder -
				binding parameter [2] as [VARCHAR] - [User]
2022-03-28 15:08:29 [main] TRACE o.h.type.descriptor.sql.BasicBinder -
				binding parameter [3] as [VARCHAR] - [passWord]
2022-03-28 15:08:29 [main] TRACE o.h.type.descriptor.sql.BasicBinder -
				binding parameter [4] as [INTEGER] - [456599523]
2022-03-28 15:08:29 [main] TRACE o.h.type.descriptor.sql.BasicBinder -
				binding parameter [5] as [VARCHAR] - [csragent]
2022-03-28 15:08:29 [main] TRACE o.h.type.descriptor.sql.BasicBinder -
				binding parameter [6] as [INTEGER] - [14]
2022-03-28 15:08:29 [main] DEBUG org.hibernate.SQL -
				select customer0_.id as id1_0_, customer0_.email_id as email_id2_0_, customer0_.name as name3_0_, customer0_.password as password4_0_, customer0_.phone_number as phone_nu5_0_, customer0_.user_name as user_nam6_0_ from customer customer0_
2022-03-28 15:08:29 [main] TRACE o.h.t.descriptor.sql.BasicExtractor -
				extracted value ([id1_0_] : [INTEGER]) - [14]
2022-03-28 15:08:29 [main] DEBUG org.hibernate.SQL -
				select customer0_.id as id1_0_0_, customer0_.email_id as email_id2_0_0_, customer0_.name as name3_0_0_, customer0_.password as password4_0_0_, customer0_.phone_number as phone_nu5_0_0_, customer0_.user_name as user_nam6_0_0_ from customer customer0_ where customer0_.id=?
2022-03-28 15:08:29 [main] TRACE o.h.type.descriptor.sql.BasicBinder -
				binding parameter [1] as [INTEGER] - [1]
2022-03-28 15:08:29 [main] DEBUG org.hibernate.SQL -
				select next_val as id_val from hibernate_sequence for update
2022-03-28 15:08:29 [main] DEBUG org.hibernate.SQL -
				update hibernate_sequence set next_val= ? where next_val=?
2022-03-28 15:08:29 [main] DEBUG org.hibernate.SQL -
				select customer0_.id as id1_0_0_, customer0_.email_id as email_id2_0_0_, customer0_.name as name3_0_0_, customer0_.password as password4_0_0_, customer0_.phone_number as phone_nu5_0_0_, customer0_.user_name as user_nam6_0_0_ from customer customer0_ where customer0_.id=?
2022-03-28 15:08:29 [main] TRACE o.h.type.descriptor.sql.BasicBinder -
				binding parameter [1] as [INTEGER] - [1]
2022-03-28 15:08:29 [main] DEBUG org.hibernate.SQL -
				insert into customer (email_id, name, password, phone_number, user_name, id) values (?, ?, ?, ?, ?, ?)
2022-03-28 15:08:29 [main] TRACE o.h.type.descriptor.sql.BasicBinder -
				binding parameter [1] as [VARCHAR] - [abc@cgi.com]
2022-03-28 15:08:29 [main] TRACE o.h.type.descriptor.sql.BasicBinder -
				binding parameter [2] as [VARCHAR] - [User]
2022-03-28 15:08:29 [main] TRACE o.h.type.descriptor.sql.BasicBinder -
				binding parameter [3] as [VARCHAR] - [passWord]
2022-03-28 15:08:29 [main] TRACE o.h.type.descriptor.sql.BasicBinder -
				binding parameter [4] as [INTEGER] - [456599523]
2022-03-28 15:08:29 [main] TRACE o.h.type.descriptor.sql.BasicBinder -
				binding parameter [5] as [VARCHAR] - [csragent]
2022-03-28 15:08:29 [main] TRACE o.h.type.descriptor.sql.BasicBinder -
				binding parameter [6] as [INTEGER] - [15]
2022-03-28 15:08:29 [main] DEBUG org.hibernate.SQL -
				select customer0_.id as id1_0_, customer0_.email_id as email_id2_0_, customer0_.name as name3_0_, customer0_.password as password4_0_, customer0_.phone_number as phone_nu5_0_, customer0_.user_name as user_nam6_0_ from customer customer0_
2022-03-28 15:08:29 [main] TRACE o.h.t.descriptor.sql.BasicExtractor -
				extracted value ([id1_0_] : [INTEGER]) - [15]
2022-03-28 15:08:29 [main] DEBUG org.hibernate.SQL -
				select customer0_.id as id1_0_0_, customer0_.email_id as email_id2_0_0_, customer0_.name as name3_0_0_, customer0_.password as password4_0_0_, customer0_.phone_number as phone_nu5_0_0_, customer0_.user_name as user_nam6_0_0_ from customer customer0_ where customer0_.id=?
2022-03-28 15:08:29 [main] TRACE o.h.type.descriptor.sql.BasicBinder -
				binding parameter [1] as [INTEGER] - [1]
2022-03-28 15:08:29 [main] DEBUG org.hibernate.SQL -
				select next_val as id_val from hibernate_sequence for update
2022-03-28 15:08:29 [main] DEBUG org.hibernate.SQL -
				update hibernate_sequence set next_val= ? where next_val=?
2022-03-28 15:08:29 [main] DEBUG org.hibernate.SQL -
				select customer0_.id as id1_0_0_, customer0_.email_id as email_id2_0_0_, customer0_.name as name3_0_0_, customer0_.password as password4_0_0_, customer0_.phone_number as phone_nu5_0_0_, customer0_.user_name as user_nam6_0_0_ from customer customer0_ where customer0_.id=?
2022-03-28 15:08:29 [main] TRACE o.h.type.descriptor.sql.BasicBinder -
				binding parameter [1] as [INTEGER] - [1]
2022-03-28 15:08:29 [main] DEBUG org.hibernate.SQL -
				insert into customer (email_id, name, password, phone_number, user_name, id) values (?, ?, ?, ?, ?, ?)
2022-03-28 15:08:29 [main] TRACE o.h.type.descriptor.sql.BasicBinder -
				binding parameter [1] as [VARCHAR] - [abc@cgi.com]
2022-03-28 15:08:29 [main] TRACE o.h.type.descriptor.sql.BasicBinder -
				binding parameter [2] as [VARCHAR] - [User]
2022-03-28 15:08:29 [main] TRACE o.h.type.descriptor.sql.BasicBinder -
				binding parameter [3] as [VARCHAR] - [passWord]
2022-03-28 15:08:29 [main] TRACE o.h.type.descriptor.sql.BasicBinder -
				binding parameter [4] as [INTEGER] - [456599523]
2022-03-28 15:08:29 [main] TRACE o.h.type.descriptor.sql.BasicBinder -
				binding parameter [5] as [VARCHAR] - [csragent]
2022-03-28 15:08:29 [main] TRACE o.h.type.descriptor.sql.BasicBinder -
				binding parameter [6] as [INTEGER] - [16]
2022-03-28 15:08:29 [main] DEBUG org.hibernate.SQL -
				select customer0_.id as id1_0_, customer0_.email_id as email_id2_0_, customer0_.name as name3_0_, customer0_.password as password4_0_, customer0_.phone_number as phone_nu5_0_, customer0_.user_name as user_nam6_0_ from customer customer0_
2022-03-28 15:08:29 [main] TRACE o.h.t.descriptor.sql.BasicExtractor -
				extracted value ([id1_0_] : [INTEGER]) - [16]
2022-03-28 15:08:29 [SpringApplicationShutdownHook] TRACE o.h.type.spi.TypeConfiguration$Scope -
				Handling #sessionFactoryClosed from [org.hibernate.internal.SessionFactoryImpl@693f2c89] for TypeConfiguration
2022-03-28 15:08:29 [SpringApplicationShutdownHook] DEBUG o.h.type.spi.TypeConfiguration$Scope -
				Un-scoping TypeConfiguration [org.hibernate.type.spi.TypeConfiguration$Scope@7933da9d] from SessionFactory [org.hibernate.internal.SessionFactoryImpl@693f2c89]
